[1.415s] Invoking command in '/src/ros2_ws/src/imu_publisher': PYTHONPATH=/src/ros2_ws/build/imu_publisher/prefix_override:/src/ros2_ws/install/imu_publisher/lib/python3.8/site-packages: /usr/bin/python3 setup.py egg_info --egg-base ../../build/imu_publisher build --build-base /src/ros2_ws/build/imu_publisher/build install --record /src/ros2_ws/build/imu_publisher/install.log --single-version-externally-managed
[1.813s] running egg_info
[1.814s] writing ../../build/imu_publisher/imu_publisher.egg-info/PKG-INFO
[1.814s] writing dependency_links to ../../build/imu_publisher/imu_publisher.egg-info/dependency_links.txt
[1.815s] writing entry points to ../../build/imu_publisher/imu_publisher.egg-info/entry_points.txt
[1.815s] writing requirements to ../../build/imu_publisher/imu_publisher.egg-info/requires.txt
[1.815s] writing top-level names to ../../build/imu_publisher/imu_publisher.egg-info/top_level.txt
[1.819s] reading manifest file '../../build/imu_publisher/imu_publisher.egg-info/SOURCES.txt'
[1.821s] writing manifest file '../../build/imu_publisher/imu_publisher.egg-info/SOURCES.txt'
[1.821s] running build
[1.821s] running build_py
[1.822s] running install
[1.823s] running install_lib
[1.826s] running install_data
[1.827s] running install_egg_info
[1.830s] removing '/src/ros2_ws/install/imu_publisher/lib/python3.8/site-packages/imu_publisher-0.0.0-py3.8.egg-info' (and everything under it)
[1.831s] Copying ../../build/imu_publisher/imu_publisher.egg-info to /src/ros2_ws/install/imu_publisher/lib/python3.8/site-packages/imu_publisher-0.0.0-py3.8.egg-info
[1.833s] running install_scripts
[1.871s] Installing publisher script to /src/ros2_ws/install/imu_publisher/lib/imu_publisher
[1.871s] writing list of installed files to '/src/ros2_ws/build/imu_publisher/install.log'
[1.926s] Invoked command in '/src/ros2_ws/src/imu_publisher' returned '0': PYTHONPATH=/src/ros2_ws/build/imu_publisher/prefix_override:/src/ros2_ws/install/imu_publisher/lib/python3.8/site-packages: /usr/bin/python3 setup.py egg_info --egg-base ../../build/imu_publisher build --build-base /src/ros2_ws/build/imu_publisher/build install --record /src/ros2_ws/build/imu_publisher/install.log --single-version-externally-managed
