[5.524s] Invoking command in '/src/ros2_ws/src/pixpubsub': PYTHONPATH=/src/ros2_ws/build/pixpubsub/prefix_override:/src/ros2_ws/install/pixpubsub/lib/python3.10/site-packages:${PYTHONPATH} /usr/bin/python3 setup.py egg_info --egg-base ../../build/pixpubsub build --build-base /src/ros2_ws/build/pixpubsub/build install --record /src/ros2_ws/build/pixpubsub/install.log --single-version-externally-managed
[7.848s] running egg_info
[7.853s] creating ../../build/pixpubsub/pixpubsub.egg-info
[7.858s] writing ../../build/pixpubsub/pixpubsub.egg-info/PKG-INFO
[7.878s] writing dependency_links to ../../build/pixpubsub/pixpubsub.egg-info/dependency_links.txt
[7.886s] writing entry points to ../../build/pixpubsub/pixpubsub.egg-info/entry_points.txt
[7.893s] writing requirements to ../../build/pixpubsub/pixpubsub.egg-info/requires.txt
[7.898s] writing top-level names to ../../build/pixpubsub/pixpubsub.egg-info/top_level.txt
[7.907s] writing manifest file '../../build/pixpubsub/pixpubsub.egg-info/SOURCES.txt'
[7.952s] reading manifest file '../../build/pixpubsub/pixpubsub.egg-info/SOURCES.txt'
[8.021s] writing manifest file '../../build/pixpubsub/pixpubsub.egg-info/SOURCES.txt'
[8.025s] running build
[8.026s] running build_py
[8.033s] creating /src/ros2_ws/build/pixpubsub/build
[8.035s] creating /src/ros2_ws/build/pixpubsub/build/lib
[8.039s] creating /src/ros2_ws/build/pixpubsub/build/lib/pixpubsub
[8.054s] copying pixpubsub/justmove_sub.py -> /src/ros2_ws/build/pixpubsub/build/lib/pixpubsub
[8.083s] copying pixpubsub/move_pub.py -> /src/ros2_ws/build/pixpubsub/build/lib/pixpubsub
[8.115s] copying pixpubsub/pix_pubsub_node.py -> /src/ros2_ws/build/pixpubsub/build/lib/pixpubsub
[8.146s] copying pixpubsub/__init__.py -> /src/ros2_ws/build/pixpubsub/build/lib/pixpubsub
[8.166s] running install
[8.167s] running install_lib
[8.198s] creating /src/ros2_ws/install/pixpubsub/lib/python3.10/site-packages/pixpubsub
[8.223s] copying /src/ros2_ws/build/pixpubsub/build/lib/pixpubsub/justmove_sub.py -> /src/ros2_ws/install/pixpubsub/lib/python3.10/site-packages/pixpubsub
[8.266s] copying /src/ros2_ws/build/pixpubsub/build/lib/pixpubsub/move_pub.py -> /src/ros2_ws/install/pixpubsub/lib/python3.10/site-packages/pixpubsub
[8.306s] copying /src/ros2_ws/build/pixpubsub/build/lib/pixpubsub/pix_pubsub_node.py -> /src/ros2_ws/install/pixpubsub/lib/python3.10/site-packages/pixpubsub
[8.342s] copying /src/ros2_ws/build/pixpubsub/build/lib/pixpubsub/__init__.py -> /src/ros2_ws/install/pixpubsub/lib/python3.10/site-packages/pixpubsub
[8.382s] byte-compiling /src/ros2_ws/install/pixpubsub/lib/python3.10/site-packages/pixpubsub/justmove_sub.py to justmove_sub.cpython-310.pyc
[8.435s] byte-compiling /src/ros2_ws/install/pixpubsub/lib/python3.10/site-packages/pixpubsub/move_pub.py to move_pub.cpython-310.pyc
[8.479s] byte-compiling /src/ros2_ws/install/pixpubsub/lib/python3.10/site-packages/pixpubsub/pix_pubsub_node.py to pix_pubsub_node.cpython-310.pyc
[8.551s] byte-compiling /src/ros2_ws/install/pixpubsub/lib/python3.10/site-packages/pixpubsub/__init__.py to __init__.cpython-310.pyc
[8.600s] running install_data
[8.613s] creating /src/ros2_ws/install/pixpubsub/share/ament_index
[8.617s] creating /src/ros2_ws/install/pixpubsub/share/ament_index/resource_index
[8.621s] creating /src/ros2_ws/install/pixpubsub/share/ament_index/resource_index/packages
[8.639s] copying resource/pixpubsub -> /src/ros2_ws/install/pixpubsub/share/ament_index/resource_index/packages
[8.670s] copying package.xml -> /src/ros2_ws/install/pixpubsub/share/pixpubsub
[8.690s] running install_egg_info
[8.725s] Copying ../../build/pixpubsub/pixpubsub.egg-info to /src/ros2_ws/install/pixpubsub/lib/python3.10/site-packages/pixpubsub-0.0.0-py3.10.egg-info
[9.110s] running install_scripts
[9.331s] Installing justmove_sub script to /src/ros2_ws/install/pixpubsub/lib/pixpubsub
[9.349s] Installing move_pub script to /src/ros2_ws/install/pixpubsub/lib/pixpubsub
[9.368s] Installing publisher script to /src/ros2_ws/install/pixpubsub/lib/pixpubsub
[9.390s] writing list of installed files to '/src/ros2_ws/build/pixpubsub/install.log'
[9.469s] Invoked command in '/src/ros2_ws/src/pixpubsub' returned '0': PYTHONPATH=/src/ros2_ws/build/pixpubsub/prefix_override:/src/ros2_ws/install/pixpubsub/lib/python3.10/site-packages:${PYTHONPATH} /usr/bin/python3 setup.py egg_info --egg-base ../../build/pixpubsub build --build-base /src/ros2_ws/build/pixpubsub/build install --record /src/ros2_ws/build/pixpubsub/install.log --single-version-externally-managed
