[3.993s] Invoking command in '/src/ros2_ws/src/pixpubsub': PYTHONPATH=/src/ros2_ws/build/pixpubsub/prefix_override:/src/ros2_ws/install/pixpubsub/lib/python3.10/site-packages:${PYTHONPATH} /usr/bin/python3 setup.py egg_info --egg-base ../../build/pixpubsub build --build-base /src/ros2_ws/build/pixpubsub/build install --record /src/ros2_ws/build/pixpubsub/install.log --single-version-externally-managed
[5.509s] running egg_info
[5.517s] writing ../../build/pixpubsub/pixpubsub.egg-info/PKG-INFO
[5.527s] writing dependency_links to ../../build/pixpubsub/pixpubsub.egg-info/dependency_links.txt
[5.534s] writing entry points to ../../build/pixpubsub/pixpubsub.egg-info/entry_points.txt
[5.565s] writing requirements to ../../build/pixpubsub/pixpubsub.egg-info/requires.txt
[5.567s] writing top-level names to ../../build/pixpubsub/pixpubsub.egg-info/top_level.txt
[5.602s] reading manifest file '../../build/pixpubsub/pixpubsub.egg-info/SOURCES.txt'
[5.692s] writing manifest file '../../build/pixpubsub/pixpubsub.egg-info/SOURCES.txt'
[5.697s] running build
[5.699s] running build_py
[5.756s] copying pixpubsub/move_pub.py -> /src/ros2_ws/build/pixpubsub/build/lib/pixpubsub
[5.805s] running install
[5.806s] running install_lib
[5.882s] copying /src/ros2_ws/build/pixpubsub/build/lib/pixpubsub/move_pub.py -> /src/ros2_ws/install/pixpubsub/lib/python3.10/site-packages/pixpubsub
[6.011s] byte-compiling /src/ros2_ws/install/pixpubsub/lib/python3.10/site-packages/pixpubsub/move_pub.py to move_pub.cpython-310.pyc
[6.093s] running install_data
[6.122s] running install_egg_info
[6.138s] removing '/src/ros2_ws/install/pixpubsub/lib/python3.10/site-packages/pixpubsub-0.0.0-py3.10.egg-info' (and everything under it)
[6.206s] Copying ../../build/pixpubsub/pixpubsub.egg-info to /src/ros2_ws/install/pixpubsub/lib/python3.10/site-packages/pixpubsub-0.0.0-py3.10.egg-info
[6.518s] running install_scripts
[6.637s] Installing justmove_sub script to /src/ros2_ws/install/pixpubsub/lib/pixpubsub
[6.648s] Installing move_pub script to /src/ros2_ws/install/pixpubsub/lib/pixpubsub
[6.659s] Installing publisher script to /src/ros2_ws/install/pixpubsub/lib/pixpubsub
[6.673s] writing list of installed files to '/src/ros2_ws/build/pixpubsub/install.log'
[6.752s] Invoked command in '/src/ros2_ws/src/pixpubsub' returned '0': PYTHONPATH=/src/ros2_ws/build/pixpubsub/prefix_override:/src/ros2_ws/install/pixpubsub/lib/python3.10/site-packages:${PYTHONPATH} /usr/bin/python3 setup.py egg_info --egg-base ../../build/pixpubsub build --build-base /src/ros2_ws/build/pixpubsub/build install --record /src/ros2_ws/build/pixpubsub/install.log --single-version-externally-managed
