[3.933s] Invoking command in '/src/ros2_ws/src/pixpubsub': PYTHONPATH=/src/ros2_ws/build/pixpubsub/prefix_override:/src/ros2_ws/install/pixpubsub/lib/python3.10/site-packages:${PYTHONPATH} /usr/bin/python3 setup.py egg_info --egg-base ../../build/pixpubsub build --build-base /src/ros2_ws/build/pixpubsub/build install --record /src/ros2_ws/build/pixpubsub/install.log --single-version-externally-managed
[5.352s] running egg_info
[5.359s] writing ../../build/pixpubsub/pixpubsub.egg-info/PKG-INFO
[5.369s] writing dependency_links to ../../build/pixpubsub/pixpubsub.egg-info/dependency_links.txt
[5.377s] writing entry points to ../../build/pixpubsub/pixpubsub.egg-info/entry_points.txt
[5.383s] writing requirements to ../../build/pixpubsub/pixpubsub.egg-info/requires.txt
[5.388s] writing top-level names to ../../build/pixpubsub/pixpubsub.egg-info/top_level.txt
[5.428s] reading manifest file '../../build/pixpubsub/pixpubsub.egg-info/SOURCES.txt'
[5.507s] writing manifest file '../../build/pixpubsub/pixpubsub.egg-info/SOURCES.txt'
[5.511s] running build
[5.512s] running build_py
[5.527s] copying pixpubsub/justmove_sub.py -> /src/ros2_ws/build/pixpubsub/build/lib/pixpubsub
[5.568s] copying pixpubsub/move_pub.py -> /src/ros2_ws/build/pixpubsub/build/lib/pixpubsub
[5.613s] running install
[5.614s] running install_lib
[5.656s] copying /src/ros2_ws/build/pixpubsub/build/lib/pixpubsub/justmove_sub.py -> /src/ros2_ws/install/pixpubsub/lib/python3.10/site-packages/pixpubsub
[5.705s] copying /src/ros2_ws/build/pixpubsub/build/lib/pixpubsub/move_pub.py -> /src/ros2_ws/install/pixpubsub/lib/python3.10/site-packages/pixpubsub
[5.796s] byte-compiling /src/ros2_ws/install/pixpubsub/lib/python3.10/site-packages/pixpubsub/justmove_sub.py to justmove_sub.cpython-310.pyc
[5.849s] byte-compiling /src/ros2_ws/install/pixpubsub/lib/python3.10/site-packages/pixpubsub/move_pub.py to move_pub.cpython-310.pyc
[5.926s] running install_data
[5.953s] running install_egg_info
[5.973s] removing '/src/ros2_ws/install/pixpubsub/lib/python3.10/site-packages/pixpubsub-0.0.0-py3.10.egg-info' (and everything under it)
[6.033s] Copying ../../build/pixpubsub/pixpubsub.egg-info to /src/ros2_ws/install/pixpubsub/lib/python3.10/site-packages/pixpubsub-0.0.0-py3.10.egg-info
[6.293s] running install_scripts
[6.443s] Installing justmove_sub script to /src/ros2_ws/install/pixpubsub/lib/pixpubsub
[6.457s] Installing move_pub script to /src/ros2_ws/install/pixpubsub/lib/pixpubsub
[6.471s] Installing publisher script to /src/ros2_ws/install/pixpubsub/lib/pixpubsub
[6.488s] writing list of installed files to '/src/ros2_ws/build/pixpubsub/install.log'
[6.529s] Invoked command in '/src/ros2_ws/src/pixpubsub' returned '0': PYTHONPATH=/src/ros2_ws/build/pixpubsub/prefix_override:/src/ros2_ws/install/pixpubsub/lib/python3.10/site-packages:${PYTHONPATH} /usr/bin/python3 setup.py egg_info --egg-base ../../build/pixpubsub build --build-base /src/ros2_ws/build/pixpubsub/build install --record /src/ros2_ws/build/pixpubsub/install.log --single-version-externally-managed
