[2.377s] Invoking command in '/src/ros2_ws/src/imu_publisher': PYTHONPATH=/src/ros2_ws/build/imu_publisher/prefix_override:/src/ros2_ws/install/imu_publisher/lib/python3.10/site-packages:${PYTHONPATH} /usr/bin/python3 setup.py egg_info --egg-base ../../build/imu_publisher build --build-base /src/ros2_ws/build/imu_publisher/build install --record /src/ros2_ws/build/imu_publisher/install.log --single-version-externally-managed
[3.148s] running egg_info
[3.150s] writing ../../build/imu_publisher/imu_publisher.egg-info/PKG-INFO
[3.151s] writing dependency_links to ../../build/imu_publisher/imu_publisher.egg-info/dependency_links.txt
[3.153s] writing entry points to ../../build/imu_publisher/imu_publisher.egg-info/entry_points.txt
[3.160s] writing requirements to ../../build/imu_publisher/imu_publisher.egg-info/requires.txt
[3.161s] writing top-level names to ../../build/imu_publisher/imu_publisher.egg-info/top_level.txt
[3.164s] reading manifest file '../../build/imu_publisher/imu_publisher.egg-info/SOURCES.txt'
[3.165s] writing manifest file '../../build/imu_publisher/imu_publisher.egg-info/SOURCES.txt'
[3.166s] running build
[3.167s] running build_py
[3.168s] running install
[3.168s] running install_lib
[3.172s] running install_data
[3.172s] running install_egg_info
[3.179s] removing '/src/ros2_ws/install/imu_publisher/lib/python3.10/site-packages/imu_publisher-0.0.0-py3.10.egg-info' (and everything under it)
[3.180s] Copying ../../build/imu_publisher/imu_publisher.egg-info to /src/ros2_ws/install/imu_publisher/lib/python3.10/site-packages/imu_publisher-0.0.0-py3.10.egg-info
[3.180s] running install_scripts
[3.224s] Installing publisher script to /src/ros2_ws/install/imu_publisher/lib/imu_publisher
[3.227s] writing list of installed files to '/src/ros2_ws/build/imu_publisher/install.log'
[3.396s] Invoked command in '/src/ros2_ws/src/imu_publisher' returned '0': PYTHONPATH=/src/ros2_ws/build/imu_publisher/prefix_override:/src/ros2_ws/install/imu_publisher/lib/python3.10/site-packages:${PYTHONPATH} /usr/bin/python3 setup.py egg_info --egg-base ../../build/imu_publisher build --build-base /src/ros2_ws/build/imu_publisher/build install --record /src/ros2_ws/build/imu_publisher/install.log --single-version-externally-managed
