[0.103s] Invoking command in '/src/ros2_ws/build/pioneer_msgs': CMAKE_PREFIX_PATH=${CMAKE_PREFIX_PATH}:/src/ros2_ws/install/test_pubsub:/src/ros2_ws/install/pixpubsub:/src/ros2_ws/install/imu_publisher:/opt/ros/humble /usr/bin/cmake --build /src/ros2_ws/build/pioneer_msgs -- -j6 -l6
[0.199s] [ 12%] Built target pioneer_msgs__cpp
[0.199s] [ 12%] Built target pioneer_msgs__rosidl_generator_c
[0.222s] [ 12%] Built target ament_cmake_python_copy_pioneer_msgs
[0.243s] [ 23%] Built target pioneer_msgs__rosidl_typesupport_introspection_c
[0.246s] [ 35%] Built target pioneer_msgs__rosidl_typesupport_cpp
[0.247s] [ 43%] Built target pioneer_msgs__rosidl_typesupport_fastrtps_cpp
[0.247s] [ 53%] Built target pioneer_msgs__rosidl_typesupport_c
[0.261s] [ 64%] Built target pioneer_msgs__rosidl_typesupport_fastrtps_c
[0.268s] [ 74%] Built target pioneer_msgs__rosidl_typesupport_introspection_cpp
[0.305s] [ 74%] Built target pioneer_msgs
[0.344s] [ 76%] Built target pioneer_msgs__py
[0.372s] gmake[2]: *** No rule to make target '/usr/lib/x86_64-linux-gnu/libpython3.10.so', needed by 'rosidl_generator_py/pioneer_msgs/libpioneer_msgs__rosidl_generator_py.so'.  Stop.
[0.372s] gmake[1]: *** [CMakeFiles/Makefile2:475: CMakeFiles/pioneer_msgs__rosidl_generator_py.dir/all] Error 2
[0.373s] gmake[1]: *** Waiting for unfinished jobs....
[0.698s] running egg_info
[0.699s] writing pioneer_msgs.egg-info/PKG-INFO
[0.700s] writing dependency_links to pioneer_msgs.egg-info/dependency_links.txt
[0.700s] writing top-level names to pioneer_msgs.egg-info/top_level.txt
[0.705s] reading manifest file 'pioneer_msgs.egg-info/SOURCES.txt'
[0.706s] writing manifest file 'pioneer_msgs.egg-info/SOURCES.txt'
[0.772s] [ 76%] Built target ament_cmake_python_build_pioneer_msgs_egg
[0.774s] gmake: *** [Makefile:146: all] Error 2
[0.778s] Invoked command in '/src/ros2_ws/build/pioneer_msgs' returned '2': CMAKE_PREFIX_PATH=${CMAKE_PREFIX_PATH}:/src/ros2_ws/install/test_pubsub:/src/ros2_ws/install/pixpubsub:/src/ros2_ws/install/imu_publisher:/opt/ros/humble /usr/bin/cmake --build /src/ros2_ws/build/pioneer_msgs -- -j6 -l6
