[5.433s] Invoking command in '/src/ros2_ws/src/pixpubsub': PYTHONPATH=/src/ros2_ws/build/pixpubsub/prefix_override:/src/ros2_ws/install/pixpubsub/lib/python3.10/site-packages:${PYTHONPATH} /usr/bin/python3 setup.py egg_info --egg-base ../../build/pixpubsub build --build-base /src/ros2_ws/build/pixpubsub/build install --record /src/ros2_ws/build/pixpubsub/install.log --single-version-externally-managed
[7.488s] running egg_info
[7.493s] writing ../../build/pixpubsub/pixpubsub.egg-info/PKG-INFO
[7.504s] writing dependency_links to ../../build/pixpubsub/pixpubsub.egg-info/dependency_links.txt
[7.513s] writing entry points to ../../build/pixpubsub/pixpubsub.egg-info/entry_points.txt
[7.519s] writing requirements to ../../build/pixpubsub/pixpubsub.egg-info/requires.txt
[7.524s] writing top-level names to ../../build/pixpubsub/pixpubsub.egg-info/top_level.txt
[7.574s] reading manifest file '../../build/pixpubsub/pixpubsub.egg-info/SOURCES.txt'
[7.665s] writing manifest file '../../build/pixpubsub/pixpubsub.egg-info/SOURCES.txt'
[7.670s] running build
[7.672s] running build_py
[7.707s] copying pixpubsub/move_pub.py -> /src/ros2_ws/build/pixpubsub/build/lib/pixpubsub
[7.760s] running install
[7.761s] running install_lib
[7.839s] copying /src/ros2_ws/build/pixpubsub/build/lib/pixpubsub/move_pub.py -> /src/ros2_ws/install/pixpubsub/lib/python3.10/site-packages/pixpubsub
[7.964s] byte-compiling /src/ros2_ws/install/pixpubsub/lib/python3.10/site-packages/pixpubsub/move_pub.py to move_pub.cpython-310.pyc
[8.037s] running install_data
[8.071s] running install_egg_info
[8.093s] removing '/src/ros2_ws/install/pixpubsub/lib/python3.10/site-packages/pixpubsub-0.0.0-py3.10.egg-info' (and everything under it)
[8.168s] Copying ../../build/pixpubsub/pixpubsub.egg-info to /src/ros2_ws/install/pixpubsub/lib/python3.10/site-packages/pixpubsub-0.0.0-py3.10.egg-info
[8.481s] running install_scripts
[8.644s] Installing justmove_sub script to /src/ros2_ws/install/pixpubsub/lib/pixpubsub
[8.660s] Installing move_pub script to /src/ros2_ws/install/pixpubsub/lib/pixpubsub
[8.673s] Installing publisher script to /src/ros2_ws/install/pixpubsub/lib/pixpubsub
[8.689s] writing list of installed files to '/src/ros2_ws/build/pixpubsub/install.log'
[8.733s] Invoked command in '/src/ros2_ws/src/pixpubsub' returned '0': PYTHONPATH=/src/ros2_ws/build/pixpubsub/prefix_override:/src/ros2_ws/install/pixpubsub/lib/python3.10/site-packages:${PYTHONPATH} /usr/bin/python3 setup.py egg_info --egg-base ../../build/pixpubsub build --build-base /src/ros2_ws/build/pixpubsub/build install --record /src/ros2_ws/build/pixpubsub/install.log --single-version-externally-managed
