[5.566s] Invoking command in '/src/ros2_ws/src/pixpubsub': PYTHONPATH=/src/ros2_ws/build/pixpubsub/prefix_override:/src/ros2_ws/install/pixpubsub/lib/python3.10/site-packages:${PYTHONPATH} /usr/bin/python3 setup.py egg_info --egg-base ../../build/pixpubsub build --build-base /src/ros2_ws/build/pixpubsub/build install --record /src/ros2_ws/build/pixpubsub/install.log --single-version-externally-managed
[7.625s] running egg_info
[7.632s] writing ../../build/pixpubsub/pixpubsub.egg-info/PKG-INFO
[7.642s] writing dependency_links to ../../build/pixpubsub/pixpubsub.egg-info/dependency_links.txt
[7.651s] writing entry points to ../../build/pixpubsub/pixpubsub.egg-info/entry_points.txt
[7.658s] writing requirements to ../../build/pixpubsub/pixpubsub.egg-info/requires.txt
[7.663s] writing top-level names to ../../build/pixpubsub/pixpubsub.egg-info/top_level.txt
[7.727s] reading manifest file '../../build/pixpubsub/pixpubsub.egg-info/SOURCES.txt'
[7.851s] writing manifest file '../../build/pixpubsub/pixpubsub.egg-info/SOURCES.txt'
[7.857s] running build
[7.858s] running build_py
[7.885s] copying pixpubsub/justmove_sub.py -> /src/ros2_ws/build/pixpubsub/build/lib/pixpubsub
[7.937s] copying pixpubsub/move_pub.py -> /src/ros2_ws/build/pixpubsub/build/lib/pixpubsub
[7.997s] running install
[7.998s] running install_lib
[8.060s] copying /src/ros2_ws/build/pixpubsub/build/lib/pixpubsub/justmove_sub.py -> /src/ros2_ws/install/pixpubsub/lib/python3.10/site-packages/pixpubsub
[8.130s] copying /src/ros2_ws/build/pixpubsub/build/lib/pixpubsub/move_pub.py -> /src/ros2_ws/install/pixpubsub/lib/python3.10/site-packages/pixpubsub
[8.254s] byte-compiling /src/ros2_ws/install/pixpubsub/lib/python3.10/site-packages/pixpubsub/justmove_sub.py to justmove_sub.cpython-310.pyc
[8.280s]   File "/src/ros2_ws/install/pixpubsub/lib/python3.10/site-packages/pixpubsub/justmove_sub.py", line 123
[8.281s]     for i in range(time)
[8.282s]                         ^
[8.283s] SyntaxError: expected ':'
[8.284s] 
[8.300s] byte-compiling /src/ros2_ws/install/pixpubsub/lib/python3.10/site-packages/pixpubsub/move_pub.py to move_pub.cpython-310.pyc
[8.385s] running install_data
[8.418s] running install_egg_info
[8.442s] removing '/src/ros2_ws/install/pixpubsub/lib/python3.10/site-packages/pixpubsub-0.0.0-py3.10.egg-info' (and everything under it)
[8.521s] Copying ../../build/pixpubsub/pixpubsub.egg-info to /src/ros2_ws/install/pixpubsub/lib/python3.10/site-packages/pixpubsub-0.0.0-py3.10.egg-info
[8.881s] running install_scripts
[9.062s] Installing justmove_sub script to /src/ros2_ws/install/pixpubsub/lib/pixpubsub
[9.080s] Installing move_pub script to /src/ros2_ws/install/pixpubsub/lib/pixpubsub
[9.096s] Installing publisher script to /src/ros2_ws/install/pixpubsub/lib/pixpubsub
[9.117s] writing list of installed files to '/src/ros2_ws/build/pixpubsub/install.log'
[9.160s] Invoked command in '/src/ros2_ws/src/pixpubsub' returned '0': PYTHONPATH=/src/ros2_ws/build/pixpubsub/prefix_override:/src/ros2_ws/install/pixpubsub/lib/python3.10/site-packages:${PYTHONPATH} /usr/bin/python3 setup.py egg_info --egg-base ../../build/pixpubsub build --build-base /src/ros2_ws/build/pixpubsub/build install --record /src/ros2_ws/build/pixpubsub/install.log --single-version-externally-managed
