[35m[1mConsolidate compiler generated dependencies of target pioneer_msgs__rosidl_generator_c[0m
[  2%] Built target pioneer_msgs__cpp
[35m[1mConsolidate compiler generated dependencies of target pioneer_msgs__rosidl_typesupport_cpp[0m
[35m[1mConsolidate compiler generated dependencies of target pioneer_msgs__rosidl_typesupport_fastrtps_cpp[0m
[35m[1mConsolidate compiler generated dependencies of target pioneer_msgs__rosidl_typesupport_introspection_cpp[0m
[ 12%] Built target pioneer_msgs__rosidl_generator_c
[35m[1mConsolidate compiler generated dependencies of target pioneer_msgs__rosidl_typesupport_c[0m
[35m[1mConsolidate compiler generated dependencies of target pioneer_msgs__rosidl_typesupport_introspection_c[0m
[ 23%] Built target pioneer_msgs__rosidl_typesupport_cpp
[35m[1mConsolidate compiler generated dependencies of target pioneer_msgs__rosidl_typesupport_fastrtps_c[0m
[ 23%] Built target ament_cmake_python_copy_pioneer_msgs
[ 34%] Built target pioneer_msgs__rosidl_typesupport_introspection_cpp
[ 44%] Built target pioneer_msgs__rosidl_typesupport_fastrtps_cpp
[ 55%] Built target pioneer_msgs__rosidl_typesupport_c
[ 65%] Built target pioneer_msgs__rosidl_typesupport_introspection_c
[ 76%] Built target pioneer_msgs__rosidl_typesupport_fastrtps_c
[ 76%] Built target pioneer_msgs
[ 78%] Built target pioneer_msgs__py
[35m[1mConsolidate compiler generated dependencies of target pioneer_msgs__rosidl_generator_py[0m
running egg_info
writing pioneer_msgs.egg-info/PKG-INFO
writing dependency_links to pioneer_msgs.egg-info/dependency_links.txt
writing top-level names to pioneer_msgs.egg-info/top_level.txt
reading manifest file 'pioneer_msgs.egg-info/SOURCES.txt'
writing manifest file 'pioneer_msgs.egg-info/SOURCES.txt'
[ 78%] Built target ament_cmake_python_build_pioneer_msgs_egg
