[0.757s] Invoking command in '/src/ros2_ws/build/pioneer_msgs': CMAKE_PREFIX_PATH=${CMAKE_PREFIX_PATH}:/src/ros2_ws/install/pixpubsub:/src/ros2_ws/install/imu_publisher:/opt/ros/humble /usr/bin/cmake --build /src/ros2_ws/build/pioneer_msgs -- -j16 -l16
[2.257s] [35m[1mConsolidate compiler generated dependencies of target pioneer_msgs__rosidl_generator_c[0m
[2.307s] [  2%] Built target pioneer_msgs__cpp
[2.665s] [35m[1mConsolidate compiler generated dependencies of target pioneer_msgs__rosidl_typesupport_cpp[0m
[2.767s] [35m[1mConsolidate compiler generated dependencies of target pioneer_msgs__rosidl_typesupport_fastrtps_cpp[0m
[2.830s] [35m[1mConsolidate compiler generated dependencies of target pioneer_msgs__rosidl_typesupport_introspection_cpp[0m
[3.230s] [ 12%] Built target pioneer_msgs__rosidl_generator_c
[3.799s] [35m[1mConsolidate compiler generated dependencies of target pioneer_msgs__rosidl_typesupport_c[0m
[3.978s] [35m[1mConsolidate compiler generated dependencies of target pioneer_msgs__rosidl_typesupport_introspection_c[0m
[4.057s] [ 23%] Built target pioneer_msgs__rosidl_typesupport_cpp
[4.077s] [35m[1mConsolidate compiler generated dependencies of target pioneer_msgs__rosidl_typesupport_fastrtps_c[0m
[4.134s] [ 23%] Built target ament_cmake_python_copy_pioneer_msgs
[4.199s] [ 34%] Built target pioneer_msgs__rosidl_typesupport_introspection_cpp
[4.289s] [ 44%] Built target pioneer_msgs__rosidl_typesupport_fastrtps_cpp
[4.445s] [ 55%] Built target pioneer_msgs__rosidl_typesupport_c
[4.717s] [ 65%] Built target pioneer_msgs__rosidl_typesupport_introspection_c
[5.080s] [ 76%] Built target pioneer_msgs__rosidl_typesupport_fastrtps_c
[5.589s] [ 76%] Built target pioneer_msgs
[6.138s] [ 78%] Built target pioneer_msgs__py
[6.469s] [35m[1mConsolidate compiler generated dependencies of target pioneer_msgs__rosidl_generator_py[0m
[6.768s] running egg_info
[6.774s] writing pioneer_msgs.egg-info/PKG-INFO
[6.782s] writing dependency_links to pioneer_msgs.egg-info/dependency_links.txt
[6.796s] writing top-level names to pioneer_msgs.egg-info/top_level.txt
[6.854s] reading manifest file 'pioneer_msgs.egg-info/SOURCES.txt'
[6.920s] writing manifest file 'pioneer_msgs.egg-info/SOURCES.txt'
[7.022s] gmake[2]: *** No rule to make target '/usr/lib/aarch64-linux-gnu/libpython3.10.so', needed by 'rosidl_generator_py/pioneer_msgs/libpioneer_msgs__rosidl_generator_py.so'.  Stop.
[7.024s] gmake[1]: *** [CMakeFiles/Makefile2:475: CMakeFiles/pioneer_msgs__rosidl_generator_py.dir/all] Error 2
[7.025s] gmake[1]: *** Waiting for unfinished jobs....
[7.148s] [ 78%] Built target ament_cmake_python_build_pioneer_msgs_egg
[7.150s] gmake: *** [Makefile:146: all] Error 2
[7.154s] Invoked command in '/src/ros2_ws/build/pioneer_msgs' returned '2': CMAKE_PREFIX_PATH=${CMAKE_PREFIX_PATH}:/src/ros2_ws/install/pixpubsub:/src/ros2_ws/install/imu_publisher:/opt/ros/humble /usr/bin/cmake --build /src/ros2_ws/build/pioneer_msgs -- -j16 -l16
