[9.602s] Invoking command in '/src/ros2_ws/src/pixpubsub': CMAKE_PREFIX_PATH=/src/ros2_ws/install/pioneer_msgs:/src/ros2_ws/install/px4_ros_com:/src/ros2_ws/install/px4_msgs:/src/ros2_ws/install/microxrcedds_agent LD_LIBRARY_PATH=/src/ros2_ws/install/pioneer_msgs/lib:/src/ros2_ws/install/px4_ros_com/lib:/src/ros2_ws/install/px4_msgs/lib:/src/ros2_ws/install/microxrcedds_agent/lib:/opt/ros/humble/lib/x86_64-linux-gnu:/opt/ros/humble/lib PYTHONPATH=/src/ros2_ws/build/pixpubsub/prefix_override:/src/ros2_ws/install/pixpubsub/lib/python3.10/site-packages:${PYTHONPATH} /usr/bin/python3 setup.py egg_info --egg-base ../../build/pixpubsub build --build-base /src/ros2_ws/build/pixpubsub/build install --record /src/ros2_ws/build/pixpubsub/install.log --single-version-externally-managed
[12.975s] running egg_info
[12.981s] writing ../../build/pixpubsub/pixpubsub.egg-info/PKG-INFO
[12.991s] writing dependency_links to ../../build/pixpubsub/pixpubsub.egg-info/dependency_links.txt
[13.000s] writing entry points to ../../build/pixpubsub/pixpubsub.egg-info/entry_points.txt
[13.007s] writing requirements to ../../build/pixpubsub/pixpubsub.egg-info/requires.txt
[13.011s] writing top-level names to ../../build/pixpubsub/pixpubsub.egg-info/top_level.txt
[13.093s] reading manifest file '../../build/pixpubsub/pixpubsub.egg-info/SOURCES.txt'
[13.185s] writing manifest file '../../build/pixpubsub/pixpubsub.egg-info/SOURCES.txt'
[13.191s] running build
[13.192s] running build_py
[13.284s] running install
[13.287s] running install_lib
[13.559s] running install_data
[13.594s] running install_egg_info
[13.621s] removing '/src/ros2_ws/install/pixpubsub/lib/python3.10/site-packages/pixpubsub-0.0.0-py3.10.egg-info' (and everything under it)
[13.701s] Copying ../../build/pixpubsub/pixpubsub.egg-info to /src/ros2_ws/install/pixpubsub/lib/python3.10/site-packages/pixpubsub-0.0.0-py3.10.egg-info
[14.136s] running install_scripts
[14.439s] Installing move_pub script to /src/ros2_ws/install/pixpubsub/lib/pixpubsub
[14.459s] Installing publisher script to /src/ros2_ws/install/pixpubsub/lib/pixpubsub
[14.479s] writing list of installed files to '/src/ros2_ws/build/pixpubsub/install.log'
[14.533s] Invoked command in '/src/ros2_ws/src/pixpubsub' returned '0': CMAKE_PREFIX_PATH=/src/ros2_ws/install/pioneer_msgs:/src/ros2_ws/install/px4_ros_com:/src/ros2_ws/install/px4_msgs:/src/ros2_ws/install/microxrcedds_agent LD_LIBRARY_PATH=/src/ros2_ws/install/pioneer_msgs/lib:/src/ros2_ws/install/px4_ros_com/lib:/src/ros2_ws/install/px4_msgs/lib:/src/ros2_ws/install/microxrcedds_agent/lib:/opt/ros/humble/lib/x86_64-linux-gnu:/opt/ros/humble/lib PYTHONPATH=/src/ros2_ws/build/pixpubsub/prefix_override:/src/ros2_ws/install/pixpubsub/lib/python3.10/site-packages:${PYTHONPATH} /usr/bin/python3 setup.py egg_info --egg-base ../../build/pixpubsub build --build-base /src/ros2_ws/build/pixpubsub/build install --record /src/ros2_ws/build/pixpubsub/install.log --single-version-externally-managed
