[2.571s] Invoking command in '/src/ros2_ws/src/pixpubsub': PYTHONPATH=/src/ros2_ws/build/pixpubsub/prefix_override:/src/ros2_ws/install/pixpubsub/lib/python3.10/site-packages:${PYTHONPATH} /usr/bin/python3 setup.py egg_info --egg-base ../../build/pixpubsub build --build-base /src/ros2_ws/build/pixpubsub/build install --record /src/ros2_ws/build/pixpubsub/install.log --single-version-externally-managed
[3.534s] running egg_info
[3.541s] writing ../../build/pixpubsub/pixpubsub.egg-info/PKG-INFO
[3.548s] writing dependency_links to ../../build/pixpubsub/pixpubsub.egg-info/dependency_links.txt
[3.554s] writing entry points to ../../build/pixpubsub/pixpubsub.egg-info/entry_points.txt
[3.560s] writing requirements to ../../build/pixpubsub/pixpubsub.egg-info/requires.txt
[3.563s] writing top-level names to ../../build/pixpubsub/pixpubsub.egg-info/top_level.txt
[3.606s] reading manifest file '../../build/pixpubsub/pixpubsub.egg-info/SOURCES.txt'
[3.673s] writing manifest file '../../build/pixpubsub/pixpubsub.egg-info/SOURCES.txt'
[3.677s] running build
[3.678s] running build_py
[3.706s] copying pixpubsub/move_pub.py -> /src/ros2_ws/build/pixpubsub/build/lib/pixpubsub
[3.754s] running install
[3.755s] running install_lib
[3.812s] copying /src/ros2_ws/build/pixpubsub/build/lib/pixpubsub/move_pub.py -> /src/ros2_ws/install/pixpubsub/lib/python3.10/site-packages/pixpubsub
[3.917s] byte-compiling /src/ros2_ws/install/pixpubsub/lib/python3.10/site-packages/pixpubsub/move_pub.py to move_pub.cpython-310.pyc
[3.994s] running install_data
[4.020s] running install_egg_info
[4.035s] removing '/src/ros2_ws/install/pixpubsub/lib/python3.10/site-packages/pixpubsub-0.0.0-py3.10.egg-info' (and everything under it)
[4.093s] Copying ../../build/pixpubsub/pixpubsub.egg-info to /src/ros2_ws/install/pixpubsub/lib/python3.10/site-packages/pixpubsub-0.0.0-py3.10.egg-info
[4.313s] running install_scripts
[4.400s] Installing justmove_sub script to /src/ros2_ws/install/pixpubsub/lib/pixpubsub
[4.410s] Installing move_pub script to /src/ros2_ws/install/pixpubsub/lib/pixpubsub
[4.420s] Installing publisher script to /src/ros2_ws/install/pixpubsub/lib/pixpubsub
[4.432s] writing list of installed files to '/src/ros2_ws/build/pixpubsub/install.log'
[4.462s] Invoked command in '/src/ros2_ws/src/pixpubsub' returned '0': PYTHONPATH=/src/ros2_ws/build/pixpubsub/prefix_override:/src/ros2_ws/install/pixpubsub/lib/python3.10/site-packages:${PYTHONPATH} /usr/bin/python3 setup.py egg_info --egg-base ../../build/pixpubsub build --build-base /src/ros2_ws/build/pixpubsub/build install --record /src/ros2_ws/build/pixpubsub/install.log --single-version-externally-managed
