[6.992s] DEBUG:colcon:Command line arguments: ['/usr/bin/colcon', 'build']
[6.992s] DEBUG:colcon:Parsed command line arguments: Namespace(log_base=None, log_level=None, verb_name='build', build_base='build', install_base='install', merge_install=False, symlink_install=False, test_result_base=None, continue_on_error=False, executor='parallel', parallel_workers=16, event_handlers=None, ignore_user_meta=False, metas=['./colcon.meta'], base_paths=['.'], packages_ignore=None, packages_ignore_regex=None, paths=None, packages_up_to=None, packages_up_to_regex=None, packages_above=None, packages_above_and_dependencies=None, packages_above_depth=None, packages_select_by_dep=None, packages_skip_by_dep=None, packages_skip_up_to=None, packages_select_build_failed=False, packages_skip_build_finished=False, packages_select_test_failures=False, packages_skip_test_passed=False, packages_select=None, packages_skip=None, packages_select_regex=None, packages_skip_regex=None, packages_start=None, packages_end=None, cmake_args=None, cmake_target=None, cmake_target_skip_unavailable=False, cmake_clean_cache=False, cmake_clean_first=False, cmake_force_configure=False, ament_cmake_args=None, catkin_cmake_args=None, catkin_skip_building_tests=False, mixin_files=None, mixin=None, verb_parser=<colcon_mixin.mixin.mixin_argument.MixinArgumentDecorator object at 0x7ffad6ad7460>, verb_extension=<colcon_core.verb.build.BuildVerb object at 0x7ffad6a82770>, main=<bound method BuildVerb.main of <colcon_core.verb.build.BuildVerb object at 0x7ffad6a82770>>, mixin_verb=('build',))
[7.419s] Level 1:colcon.colcon_core.package_discovery:discover_packages(colcon_meta) check parameters
[7.423s] INFO:colcon.colcon_metadata.package_discovery.colcon_meta:Using configuration from '/root/.colcon/metadata/default/Gazebo.meta'
[7.425s] INFO:colcon.colcon_metadata.package_discovery.colcon_meta:Using configuration from '/root/.colcon/metadata/default/fastrtps.meta'
[7.425s] Level 1:colcon.colcon_core.package_discovery:discover_packages(recursive) check parameters
[7.426s] Level 1:colcon.colcon_core.package_discovery:discover_packages(ignore) check parameters
[7.426s] Level 1:colcon.colcon_core.package_discovery:discover_packages(path) check parameters
[7.426s] Level 1:colcon.colcon_core.package_discovery:discover_packages(colcon_meta) discover
[7.427s] Level 1:colcon.colcon_core.package_discovery:discover_packages(recursive) discover
[7.427s] INFO:colcon.colcon_core.package_discovery:Crawling recursively for packages in '/src/ros2_ws'
[7.430s] Level 1:colcon.colcon_core.package_identification:_identify(.) by extensions ['ignore', 'ignore_ament_install']
[7.431s] Level 1:colcon.colcon_core.package_identification:_identify(.) by extension 'ignore'
[7.431s] Level 1:colcon.colcon_core.package_identification:_identify(.) by extension 'ignore_ament_install'
[7.432s] Level 1:colcon.colcon_core.package_identification:_identify(.) by extensions ['colcon_pkg']
[7.433s] Level 1:colcon.colcon_core.package_identification:_identify(.) by extension 'colcon_pkg'
[7.433s] Level 1:colcon.colcon_core.package_identification:_identify(.) by extensions ['colcon_meta']
[7.434s] Level 1:colcon.colcon_core.package_identification:_identify(.) by extension 'colcon_meta'
[7.434s] Level 1:colcon.colcon_core.package_identification:_identify(.) by extensions ['ros']
[7.434s] Level 1:colcon.colcon_core.package_identification:_identify(.) by extension 'ros'
[7.486s] Level 1:colcon.colcon_core.package_identification:_identify(.) by extensions ['cmake', 'python']
[7.487s] Level 1:colcon.colcon_core.package_identification:_identify(.) by extension 'cmake'
[7.487s] Level 1:colcon.colcon_core.package_identification:_identify(.) by extension 'python'
[7.488s] Level 1:colcon.colcon_core.package_identification:_identify(.) by extensions ['python_setup_py']
[7.488s] Level 1:colcon.colcon_core.package_identification:_identify(.) by extension 'python_setup_py'
[7.492s] Level 1:colcon.colcon_core.package_identification:_identify(build) by extensions ['ignore', 'ignore_ament_install']
[7.492s] Level 1:colcon.colcon_core.package_identification:_identify(build) by extension 'ignore'
[7.494s] Level 1:colcon.colcon_core.package_identification:_identify(build) ignored
[7.498s] Level 1:colcon.colcon_core.package_identification:_identify(install) by extensions ['ignore', 'ignore_ament_install']
[7.498s] Level 1:colcon.colcon_core.package_identification:_identify(install) by extension 'ignore'
[7.500s] Level 1:colcon.colcon_core.package_identification:_identify(install) ignored
[7.507s] Level 1:colcon.colcon_core.package_identification:_identify(log) by extensions ['ignore', 'ignore_ament_install']
[7.507s] Level 1:colcon.colcon_core.package_identification:_identify(log) by extension 'ignore'
[7.508s] Level 1:colcon.colcon_core.package_identification:_identify(log) ignored
[7.512s] Level 1:colcon.colcon_core.package_identification:_identify(src) by extensions ['ignore', 'ignore_ament_install']
[7.513s] Level 1:colcon.colcon_core.package_identification:_identify(src) by extension 'ignore'
[7.514s] Level 1:colcon.colcon_core.package_identification:_identify(src) by extension 'ignore_ament_install'
[7.516s] Level 1:colcon.colcon_core.package_identification:_identify(src) by extensions ['colcon_pkg']
[7.516s] Level 1:colcon.colcon_core.package_identification:_identify(src) by extension 'colcon_pkg'
[7.517s] Level 1:colcon.colcon_core.package_identification:_identify(src) by extensions ['colcon_meta']
[7.517s] Level 1:colcon.colcon_core.package_identification:_identify(src) by extension 'colcon_meta'
[7.518s] Level 1:colcon.colcon_core.package_identification:_identify(src) by extensions ['ros']
[7.519s] Level 1:colcon.colcon_core.package_identification:_identify(src) by extension 'ros'
[7.523s] Level 1:colcon.colcon_core.package_identification:_identify(src) by extensions ['cmake', 'python']
[7.523s] Level 1:colcon.colcon_core.package_identification:_identify(src) by extension 'cmake'
[7.524s] Level 1:colcon.colcon_core.package_identification:_identify(src) by extension 'python'
[7.525s] Level 1:colcon.colcon_core.package_identification:_identify(src) by extensions ['python_setup_py']
[7.525s] Level 1:colcon.colcon_core.package_identification:_identify(src) by extension 'python_setup_py'
[7.532s] Level 1:colcon.colcon_core.package_identification:_identify(src/imu_publisher) by extensions ['ignore', 'ignore_ament_install']
[7.533s] Level 1:colcon.colcon_core.package_identification:_identify(src/imu_publisher) by extension 'ignore'
[7.534s] Level 1:colcon.colcon_core.package_identification:_identify(src/imu_publisher) by extension 'ignore_ament_install'
[7.537s] Level 1:colcon.colcon_core.package_identification:_identify(src/imu_publisher) by extensions ['colcon_pkg']
[7.538s] Level 1:colcon.colcon_core.package_identification:_identify(src/imu_publisher) by extension 'colcon_pkg'
[7.539s] Level 1:colcon.colcon_core.package_identification:_identify(src/imu_publisher) by extensions ['colcon_meta']
[7.539s] Level 1:colcon.colcon_core.package_identification:_identify(src/imu_publisher) by extension 'colcon_meta'
[7.542s] Level 1:colcon.colcon_core.package_identification:_identify(src/imu_publisher) by extensions ['ros']
[7.542s] Level 1:colcon.colcon_core.package_identification:_identify(src/imu_publisher) by extension 'ros'
[7.574s] DEBUG:colcon.colcon_core.package_identification:Package 'src/imu_publisher' with type 'ros.ament_python' and name 'imu_publisher'
[7.580s] Level 1:colcon.colcon_core.package_identification:_identify(src/movement_subscriber) by extensions ['ignore', 'ignore_ament_install']
[7.581s] Level 1:colcon.colcon_core.package_identification:_identify(src/movement_subscriber) by extension 'ignore'
[7.582s] Level 1:colcon.colcon_core.package_identification:_identify(src/movement_subscriber) by extension 'ignore_ament_install'
[7.585s] Level 1:colcon.colcon_core.package_identification:_identify(src/movement_subscriber) by extensions ['colcon_pkg']
[7.585s] Level 1:colcon.colcon_core.package_identification:_identify(src/movement_subscriber) by extension 'colcon_pkg'
[7.586s] Level 1:colcon.colcon_core.package_identification:_identify(src/movement_subscriber) by extensions ['colcon_meta']
[7.587s] Level 1:colcon.colcon_core.package_identification:_identify(src/movement_subscriber) by extension 'colcon_meta'
[7.589s] Level 1:colcon.colcon_core.package_identification:_identify(src/movement_subscriber) by extensions ['ros']
[7.589s] Level 1:colcon.colcon_core.package_identification:_identify(src/movement_subscriber) by extension 'ros'
[7.597s] Level 1:colcon.colcon_core.package_identification:_identify(src/movement_subscriber) by extensions ['cmake', 'python']
[7.598s] Level 1:colcon.colcon_core.package_identification:_identify(src/movement_subscriber) by extension 'cmake'
[7.599s] Level 1:colcon.colcon_core.package_identification:_identify(src/movement_subscriber) by extension 'python'
[7.601s] Level 1:colcon.colcon_core.package_identification:_identify(src/movement_subscriber) by extensions ['python_setup_py']
[7.601s] Level 1:colcon.colcon_core.package_identification:_identify(src/movement_subscriber) by extension 'python_setup_py'
[7.610s] Level 1:colcon.colcon_core.package_identification:_identify(src/movement_subscriber/src) by extensions ['ignore', 'ignore_ament_install']
[7.610s] Level 1:colcon.colcon_core.package_identification:_identify(src/movement_subscriber/src) by extension 'ignore'
[7.612s] Level 1:colcon.colcon_core.package_identification:_identify(src/movement_subscriber/src) by extension 'ignore_ament_install'
[7.616s] Level 1:colcon.colcon_core.package_identification:_identify(src/movement_subscriber/src) by extensions ['colcon_pkg']
[7.617s] Level 1:colcon.colcon_core.package_identification:_identify(src/movement_subscriber/src) by extension 'colcon_pkg'
[7.619s] Level 1:colcon.colcon_core.package_identification:_identify(src/movement_subscriber/src) by extensions ['colcon_meta']
[7.619s] Level 1:colcon.colcon_core.package_identification:_identify(src/movement_subscriber/src) by extension 'colcon_meta'
[7.623s] Level 1:colcon.colcon_core.package_identification:_identify(src/movement_subscriber/src) by extensions ['ros']
[7.623s] Level 1:colcon.colcon_core.package_identification:_identify(src/movement_subscriber/src) by extension 'ros'
[7.633s] Level 1:colcon.colcon_core.package_identification:_identify(src/movement_subscriber/src) by extensions ['cmake', 'python']
[7.633s] Level 1:colcon.colcon_core.package_identification:_identify(src/movement_subscriber/src) by extension 'cmake'
[7.635s] Level 1:colcon.colcon_core.package_identification:_identify(src/movement_subscriber/src) by extension 'python'
[7.637s] Level 1:colcon.colcon_core.package_identification:_identify(src/movement_subscriber/src) by extensions ['python_setup_py']
[7.637s] Level 1:colcon.colcon_core.package_identification:_identify(src/movement_subscriber/src) by extension 'python_setup_py'
[7.645s] Level 1:colcon.colcon_core.package_identification:_identify(src/pioneer_msgs) by extensions ['ignore', 'ignore_ament_install']
[7.645s] Level 1:colcon.colcon_core.package_identification:_identify(src/pioneer_msgs) by extension 'ignore'
[7.648s] Level 1:colcon.colcon_core.package_identification:_identify(src/pioneer_msgs) by extension 'ignore_ament_install'
[7.651s] Level 1:colcon.colcon_core.package_identification:_identify(src/pioneer_msgs) by extensions ['colcon_pkg']
[7.652s] Level 1:colcon.colcon_core.package_identification:_identify(src/pioneer_msgs) by extension 'colcon_pkg'
[7.654s] Level 1:colcon.colcon_core.package_identification:_identify(src/pioneer_msgs) by extensions ['colcon_meta']
[7.654s] Level 1:colcon.colcon_core.package_identification:_identify(src/pioneer_msgs) by extension 'colcon_meta'
[7.657s] Level 1:colcon.colcon_core.package_identification:_identify(src/pioneer_msgs) by extensions ['ros']
[7.657s] Level 1:colcon.colcon_core.package_identification:_identify(src/pioneer_msgs) by extension 'ros'
[7.685s] DEBUG:colcon.colcon_core.package_identification:Package 'src/pioneer_msgs' with type 'ros.ament_cmake' and name 'pioneer_msgs'
[7.691s] Level 1:colcon.colcon_core.package_identification:_identify(src/pioneer_msgs_dev) by extensions ['ignore', 'ignore_ament_install']
[7.691s] Level 1:colcon.colcon_core.package_identification:_identify(src/pioneer_msgs_dev) by extension 'ignore'
[7.693s] Level 1:colcon.colcon_core.package_identification:_identify(src/pioneer_msgs_dev) by extension 'ignore_ament_install'
[7.697s] Level 1:colcon.colcon_core.package_identification:_identify(src/pioneer_msgs_dev) by extensions ['colcon_pkg']
[7.697s] Level 1:colcon.colcon_core.package_identification:_identify(src/pioneer_msgs_dev) by extension 'colcon_pkg'
[7.699s] Level 1:colcon.colcon_core.package_identification:_identify(src/pioneer_msgs_dev) by extensions ['colcon_meta']
[7.699s] Level 1:colcon.colcon_core.package_identification:_identify(src/pioneer_msgs_dev) by extension 'colcon_meta'
[7.702s] Level 1:colcon.colcon_core.package_identification:_identify(src/pioneer_msgs_dev) by extensions ['ros']
[7.702s] Level 1:colcon.colcon_core.package_identification:_identify(src/pioneer_msgs_dev) by extension 'ros'
[7.722s] DEBUG:colcon.colcon_core.package_identification:Package 'src/pioneer_msgs_dev' with type 'ros.ament_cmake' and name 'pioneer_msgs'
[7.732s] Level 1:colcon.colcon_core.package_identification:_identify(src/pixpubsub) by extensions ['ignore', 'ignore_ament_install']
[7.733s] Level 1:colcon.colcon_core.package_identification:_identify(src/pixpubsub) by extension 'ignore'
[7.735s] Level 1:colcon.colcon_core.package_identification:_identify(src/pixpubsub) by extension 'ignore_ament_install'
[7.739s] Level 1:colcon.colcon_core.package_identification:_identify(src/pixpubsub) by extensions ['colcon_pkg']
[7.739s] Level 1:colcon.colcon_core.package_identification:_identify(src/pixpubsub) by extension 'colcon_pkg'
[7.741s] Level 1:colcon.colcon_core.package_identification:_identify(src/pixpubsub) by extensions ['colcon_meta']
[7.741s] Level 1:colcon.colcon_core.package_identification:_identify(src/pixpubsub) by extension 'colcon_meta'
[7.744s] Level 1:colcon.colcon_core.package_identification:_identify(src/pixpubsub) by extensions ['ros']
[7.744s] Level 1:colcon.colcon_core.package_identification:_identify(src/pixpubsub) by extension 'ros'
[7.761s] DEBUG:colcon.colcon_core.package_identification:Package 'src/pixpubsub' with type 'ros.ament_python' and name 'pixpubsub'
[7.761s] Level 1:colcon.colcon_core.package_discovery:discover_packages(recursive) using defaults
[7.762s] Level 1:colcon.colcon_core.package_discovery:discover_packages(ignore) discover
[7.762s] Level 1:colcon.colcon_core.package_discovery:discover_packages(ignore) using defaults
[7.762s] Level 1:colcon.colcon_core.package_discovery:discover_packages(path) discover
[7.763s] Level 1:colcon.colcon_core.package_discovery:discover_packages(path) using defaults
[8.302s] ERROR:colcon:colcon build: Duplicate package names not supported:
- pioneer_msgs:
  - src/pioneer_msgs
  - src/pioneer_msgs_dev
