[0.648s] Invoking command in '/src/ros2_ws/build/pioneer_msgs': CMAKE_PREFIX_PATH=${CMAKE_PREFIX_PATH}:/src/ros2_ws/install/pixpubsub:/src/ros2_ws/install/imu_publisher:/opt/ros/humble /usr/bin/cmake --build /src/ros2_ws/build/pioneer_msgs -- -j16 -l16
[1.990s] [  2%] Built target pioneer_msgs__cpp
[2.243s] [ 12%] Built target pioneer_msgs__rosidl_generator_c
[2.886s] [ 23%] Built target pioneer_msgs__rosidl_typesupport_cpp
[3.055s] [ 34%] Built target pioneer_msgs__rosidl_typesupport_introspection_cpp
[3.138s] [ 46%] Built target pioneer_msgs__rosidl_typesupport_c
[3.173s] [ 55%] Built target pioneer_msgs__rosidl_typesupport_fastrtps_cpp
[3.256s] [ 65%] Built target pioneer_msgs__rosidl_typesupport_introspection_c
[3.290s] [ 76%] Built target pioneer_msgs__rosidl_typesupport_fastrtps_c
[3.511s] [ 76%] Built target ament_cmake_python_copy_pioneer_msgs
[3.608s] [ 76%] Built target pioneer_msgs
[4.089s] [ 78%] Built target pioneer_msgs__py
[4.695s] [ 87%] Built target pioneer_msgs__rosidl_generator_py
[5.100s] [ 93%] Built target pioneer_msgs__rosidl_typesupport_introspection_c__pyext
[5.111s] [ 95%] Built target pioneer_msgs__rosidl_typesupport_fastrtps_c__pyext
[5.263s] [100%] Built target pioneer_msgs__rosidl_typesupport_c__pyext
[5.802s] running egg_info
[5.806s] writing pioneer_msgs.egg-info/PKG-INFO
[5.812s] writing dependency_links to pioneer_msgs.egg-info/dependency_links.txt
[5.821s] writing top-level names to pioneer_msgs.egg-info/top_level.txt
[5.872s] reading manifest file 'pioneer_msgs.egg-info/SOURCES.txt'
[5.925s] writing manifest file 'pioneer_msgs.egg-info/SOURCES.txt'
[6.117s] [100%] Built target ament_cmake_python_build_pioneer_msgs_egg
[6.519s] Invoked command in '/src/ros2_ws/build/pioneer_msgs' returned '0': CMAKE_PREFIX_PATH=${CMAKE_PREFIX_PATH}:/src/ros2_ws/install/pixpubsub:/src/ros2_ws/install/imu_publisher:/opt/ros/humble /usr/bin/cmake --build /src/ros2_ws/build/pioneer_msgs -- -j16 -l16
[11.248s] Invoking command in '/src/ros2_ws/build/pioneer_msgs': CMAKE_PREFIX_PATH=${CMAKE_PREFIX_PATH}:/src/ros2_ws/install/pixpubsub:/src/ros2_ws/install/imu_publisher:/opt/ros/humble /usr/bin/cmake --install /src/ros2_ws/build/pioneer_msgs
[11.362s] -- Install configuration: ""
[11.399s] -- Up-to-date: /src/ros2_ws/install/pioneer_msgs/share/ament_index/resource_index/rosidl_interfaces/pioneer_msgs
[11.418s] -- Up-to-date: /src/ros2_ws/install/pioneer_msgs/include/pioneer_msgs/pioneer_msgs
[11.449s] -- Up-to-date: /src/ros2_ws/install/pioneer_msgs/include/pioneer_msgs/pioneer_msgs/msg
[11.492s] -- Up-to-date: /src/ros2_ws/install/pioneer_msgs/include/pioneer_msgs/pioneer_msgs/msg/auv_state.h
[11.516s] -- Up-to-date: /src/ros2_ws/install/pioneer_msgs/include/pioneer_msgs/pioneer_msgs/msg/detail
[11.566s] -- Up-to-date: /src/ros2_ws/install/pioneer_msgs/include/pioneer_msgs/pioneer_msgs/msg/detail/auv_state__functions.c
[11.601s] -- Up-to-date: /src/ros2_ws/install/pioneer_msgs/include/pioneer_msgs/pioneer_msgs/msg/detail/auv_state__functions.h
[11.630s] -- Up-to-date: /src/ros2_ws/install/pioneer_msgs/include/pioneer_msgs/pioneer_msgs/msg/detail/auv_state__struct.h
[11.664s] -- Up-to-date: /src/ros2_ws/install/pioneer_msgs/include/pioneer_msgs/pioneer_msgs/msg/detail/auv_state__type_support.h
[11.698s] -- Up-to-date: /src/ros2_ws/install/pioneer_msgs/include/pioneer_msgs/pioneer_msgs/msg/detail/motion_command__functions.c
[11.731s] -- Up-to-date: /src/ros2_ws/install/pioneer_msgs/include/pioneer_msgs/pioneer_msgs/msg/detail/motion_command__functions.h
[11.761s] -- Up-to-date: /src/ros2_ws/install/pioneer_msgs/include/pioneer_msgs/pioneer_msgs/msg/detail/motion_command__struct.h
[11.796s] -- Up-to-date: /src/ros2_ws/install/pioneer_msgs/include/pioneer_msgs/pioneer_msgs/msg/detail/motion_command__type_support.h
[11.827s] -- Up-to-date: /src/ros2_ws/install/pioneer_msgs/include/pioneer_msgs/pioneer_msgs/msg/detail/status__functions.c
[11.864s] -- Up-to-date: /src/ros2_ws/install/pioneer_msgs/include/pioneer_msgs/pioneer_msgs/msg/detail/status__functions.h
[11.908s] -- Up-to-date: /src/ros2_ws/install/pioneer_msgs/include/pioneer_msgs/pioneer_msgs/msg/detail/status__struct.h
[11.943s] -- Up-to-date: /src/ros2_ws/install/pioneer_msgs/include/pioneer_msgs/pioneer_msgs/msg/detail/status__type_support.h
[11.975s] -- Up-to-date: /src/ros2_ws/install/pioneer_msgs/include/pioneer_msgs/pioneer_msgs/msg/motion_command.h
[12.003s] -- Up-to-date: /src/ros2_ws/install/pioneer_msgs/include/pioneer_msgs/pioneer_msgs/msg/rosidl_generator_c__visibility_control.h
[12.039s] -- Up-to-date: /src/ros2_ws/install/pioneer_msgs/include/pioneer_msgs/pioneer_msgs/msg/status.h
[12.052s] -- Up-to-date: /src/ros2_ws/install/pioneer_msgs/share/pioneer_msgs/environment/library_path.sh
[12.081s] -- Up-to-date: /src/ros2_ws/install/pioneer_msgs/share/pioneer_msgs/environment/library_path.dsv
[12.125s] -- Up-to-date: /src/ros2_ws/install/pioneer_msgs/lib/libpioneer_msgs__rosidl_generator_c.so
[12.173s] -- Up-to-date: /src/ros2_ws/install/pioneer_msgs/include/pioneer_msgs/pioneer_msgs
[12.204s] -- Up-to-date: /src/ros2_ws/install/pioneer_msgs/include/pioneer_msgs/pioneer_msgs/msg
[12.232s] -- Up-to-date: /src/ros2_ws/install/pioneer_msgs/include/pioneer_msgs/pioneer_msgs/msg/detail
[12.276s] -- Up-to-date: /src/ros2_ws/install/pioneer_msgs/include/pioneer_msgs/pioneer_msgs/msg/detail/auv_state__rosidl_typesupport_fastrtps_c.h
[12.309s] -- Up-to-date: /src/ros2_ws/install/pioneer_msgs/include/pioneer_msgs/pioneer_msgs/msg/detail/motion_command__rosidl_typesupport_fastrtps_c.h
[12.346s] -- Up-to-date: /src/ros2_ws/install/pioneer_msgs/include/pioneer_msgs/pioneer_msgs/msg/detail/status__rosidl_typesupport_fastrtps_c.h
[12.385s] -- Up-to-date: /src/ros2_ws/install/pioneer_msgs/include/pioneer_msgs/pioneer_msgs/msg/rosidl_typesupport_fastrtps_c__visibility_control.h
[12.427s] -- Up-to-date: /src/ros2_ws/install/pioneer_msgs/lib/libpioneer_msgs__rosidl_typesupport_fastrtps_c.so
[12.471s] -- Up-to-date: /src/ros2_ws/install/pioneer_msgs/include/pioneer_msgs/pioneer_msgs
[12.500s] -- Up-to-date: /src/ros2_ws/install/pioneer_msgs/include/pioneer_msgs/pioneer_msgs/msg
[12.529s] -- Up-to-date: /src/ros2_ws/install/pioneer_msgs/include/pioneer_msgs/pioneer_msgs/msg/detail
[12.572s] -- Up-to-date: /src/ros2_ws/install/pioneer_msgs/include/pioneer_msgs/pioneer_msgs/msg/detail/auv_state__rosidl_typesupport_introspection_c.h
[12.605s] -- Up-to-date: /src/ros2_ws/install/pioneer_msgs/include/pioneer_msgs/pioneer_msgs/msg/detail/auv_state__type_support.c
[12.635s] -- Up-to-date: /src/ros2_ws/install/pioneer_msgs/include/pioneer_msgs/pioneer_msgs/msg/detail/motion_command__rosidl_typesupport_introspection_c.h
[12.669s] -- Up-to-date: /src/ros2_ws/install/pioneer_msgs/include/pioneer_msgs/pioneer_msgs/msg/detail/motion_command__type_support.c
[12.702s] -- Up-to-date: /src/ros2_ws/install/pioneer_msgs/include/pioneer_msgs/pioneer_msgs/msg/detail/status__rosidl_typesupport_introspection_c.h
[12.732s] -- Up-to-date: /src/ros2_ws/install/pioneer_msgs/include/pioneer_msgs/pioneer_msgs/msg/detail/status__type_support.c
[12.758s] -- Up-to-date: /src/ros2_ws/install/pioneer_msgs/include/pioneer_msgs/pioneer_msgs/msg/rosidl_typesupport_introspection_c__visibility_control.h
[12.810s] -- Up-to-date: /src/ros2_ws/install/pioneer_msgs/lib/libpioneer_msgs__rosidl_typesupport_introspection_c.so
[12.883s] -- Up-to-date: /src/ros2_ws/install/pioneer_msgs/lib/libpioneer_msgs__rosidl_typesupport_c.so
[12.939s] -- Up-to-date: /src/ros2_ws/install/pioneer_msgs/include/pioneer_msgs/pioneer_msgs
[12.971s] -- Up-to-date: /src/ros2_ws/install/pioneer_msgs/include/pioneer_msgs/pioneer_msgs/msg
[13.015s] -- Up-to-date: /src/ros2_ws/install/pioneer_msgs/include/pioneer_msgs/pioneer_msgs/msg/auv_state.hpp
[13.039s] -- Up-to-date: /src/ros2_ws/install/pioneer_msgs/include/pioneer_msgs/pioneer_msgs/msg/detail
[13.097s] -- Up-to-date: /src/ros2_ws/install/pioneer_msgs/include/pioneer_msgs/pioneer_msgs/msg/detail/auv_state__builder.hpp
[13.152s] -- Up-to-date: /src/ros2_ws/install/pioneer_msgs/include/pioneer_msgs/pioneer_msgs/msg/detail/auv_state__struct.hpp
[13.202s] -- Up-to-date: /src/ros2_ws/install/pioneer_msgs/include/pioneer_msgs/pioneer_msgs/msg/detail/auv_state__traits.hpp
[13.244s] -- Up-to-date: /src/ros2_ws/install/pioneer_msgs/include/pioneer_msgs/pioneer_msgs/msg/detail/motion_command__builder.hpp
[13.291s] -- Up-to-date: /src/ros2_ws/install/pioneer_msgs/include/pioneer_msgs/pioneer_msgs/msg/detail/motion_command__struct.hpp
[13.333s] -- Up-to-date: /src/ros2_ws/install/pioneer_msgs/include/pioneer_msgs/pioneer_msgs/msg/detail/motion_command__traits.hpp
[13.372s] -- Up-to-date: /src/ros2_ws/install/pioneer_msgs/include/pioneer_msgs/pioneer_msgs/msg/detail/status__builder.hpp
[13.410s] -- Up-to-date: /src/ros2_ws/install/pioneer_msgs/include/pioneer_msgs/pioneer_msgs/msg/detail/status__struct.hpp
[13.444s] -- Up-to-date: /src/ros2_ws/install/pioneer_msgs/include/pioneer_msgs/pioneer_msgs/msg/detail/status__traits.hpp
[13.478s] -- Up-to-date: /src/ros2_ws/install/pioneer_msgs/include/pioneer_msgs/pioneer_msgs/msg/motion_command.hpp
[13.511s] -- Up-to-date: /src/ros2_ws/install/pioneer_msgs/include/pioneer_msgs/pioneer_msgs/msg/status.hpp
[13.530s] -- Up-to-date: /src/ros2_ws/install/pioneer_msgs/include/pioneer_msgs/pioneer_msgs
[13.561s] -- Up-to-date: /src/ros2_ws/install/pioneer_msgs/include/pioneer_msgs/pioneer_msgs/msg
[13.600s] -- Up-to-date: /src/ros2_ws/install/pioneer_msgs/include/pioneer_msgs/pioneer_msgs/msg/detail
[13.641s] -- Up-to-date: /src/ros2_ws/install/pioneer_msgs/include/pioneer_msgs/pioneer_msgs/msg/detail/auv_state__rosidl_typesupport_fastrtps_cpp.hpp
[13.669s] -- Up-to-date: /src/ros2_ws/install/pioneer_msgs/include/pioneer_msgs/pioneer_msgs/msg/detail/dds_fastrtps
[13.715s] -- Up-to-date: /src/ros2_ws/install/pioneer_msgs/include/pioneer_msgs/pioneer_msgs/msg/detail/motion_command__rosidl_typesupport_fastrtps_cpp.hpp
[13.777s] -- Up-to-date: /src/ros2_ws/install/pioneer_msgs/include/pioneer_msgs/pioneer_msgs/msg/detail/status__rosidl_typesupport_fastrtps_cpp.hpp
[13.803s] -- Up-to-date: /src/ros2_ws/install/pioneer_msgs/include/pioneer_msgs/pioneer_msgs/msg/rosidl_typesupport_fastrtps_cpp__visibility_control.h
[13.836s] -- Up-to-date: /src/ros2_ws/install/pioneer_msgs/lib/libpioneer_msgs__rosidl_typesupport_fastrtps_cpp.so
[13.873s] -- Up-to-date: /src/ros2_ws/install/pioneer_msgs/include/pioneer_msgs/pioneer_msgs
[13.902s] -- Up-to-date: /src/ros2_ws/install/pioneer_msgs/include/pioneer_msgs/pioneer_msgs/msg
[13.934s] -- Up-to-date: /src/ros2_ws/install/pioneer_msgs/include/pioneer_msgs/pioneer_msgs/msg/detail
[13.984s] -- Up-to-date: /src/ros2_ws/install/pioneer_msgs/include/pioneer_msgs/pioneer_msgs/msg/detail/auv_state__rosidl_typesupport_introspection_cpp.hpp
[14.022s] -- Up-to-date: /src/ros2_ws/install/pioneer_msgs/include/pioneer_msgs/pioneer_msgs/msg/detail/auv_state__type_support.cpp
[14.056s] -- Up-to-date: /src/ros2_ws/install/pioneer_msgs/include/pioneer_msgs/pioneer_msgs/msg/detail/motion_command__rosidl_typesupport_introspection_cpp.hpp
[14.096s] -- Up-to-date: /src/ros2_ws/install/pioneer_msgs/include/pioneer_msgs/pioneer_msgs/msg/detail/motion_command__type_support.cpp
[14.130s] -- Up-to-date: /src/ros2_ws/install/pioneer_msgs/include/pioneer_msgs/pioneer_msgs/msg/detail/status__rosidl_typesupport_introspection_cpp.hpp
[14.164s] -- Up-to-date: /src/ros2_ws/install/pioneer_msgs/include/pioneer_msgs/pioneer_msgs/msg/detail/status__type_support.cpp
[14.219s] -- Up-to-date: /src/ros2_ws/install/pioneer_msgs/lib/libpioneer_msgs__rosidl_typesupport_introspection_cpp.so
[14.301s] -- Up-to-date: /src/ros2_ws/install/pioneer_msgs/lib/libpioneer_msgs__rosidl_typesupport_cpp.so
[14.352s] -- Up-to-date: /src/ros2_ws/install/pioneer_msgs/share/pioneer_msgs/environment/pythonpath.sh
[14.380s] -- Up-to-date: /src/ros2_ws/install/pioneer_msgs/share/pioneer_msgs/environment/pythonpath.dsv
[14.401s] -- Up-to-date: /src/ros2_ws/install/pioneer_msgs/local/lib/python3.10/dist-packages/pioneer_msgs-0.0.0-py3.10.egg-info
[14.434s] -- Installing: /src/ros2_ws/install/pioneer_msgs/local/lib/python3.10/dist-packages/pioneer_msgs-0.0.0-py3.10.egg-info/dependency_links.txt
[14.527s] -- Installing: /src/ros2_ws/install/pioneer_msgs/local/lib/python3.10/dist-packages/pioneer_msgs-0.0.0-py3.10.egg-info/PKG-INFO
[14.641s] -- Installing: /src/ros2_ws/install/pioneer_msgs/local/lib/python3.10/dist-packages/pioneer_msgs-0.0.0-py3.10.egg-info/SOURCES.txt
[14.809s] -- Installing: /src/ros2_ws/install/pioneer_msgs/local/lib/python3.10/dist-packages/pioneer_msgs-0.0.0-py3.10.egg-info/top_level.txt
[14.928s] -- Up-to-date: /src/ros2_ws/install/pioneer_msgs/local/lib/python3.10/dist-packages/pioneer_msgs
[14.968s] -- Up-to-date: /src/ros2_ws/install/pioneer_msgs/local/lib/python3.10/dist-packages/pioneer_msgs/libpioneer_msgs__rosidl_generator_py.so
[14.994s] -- Up-to-date: /src/ros2_ws/install/pioneer_msgs/local/lib/python3.10/dist-packages/pioneer_msgs/msg
[15.036s] -- Up-to-date: /src/ros2_ws/install/pioneer_msgs/local/lib/python3.10/dist-packages/pioneer_msgs/msg/_auv_state.py
[15.067s] -- Up-to-date: /src/ros2_ws/install/pioneer_msgs/local/lib/python3.10/dist-packages/pioneer_msgs/msg/_auv_state_s.c
[15.102s] -- Up-to-date: /src/ros2_ws/install/pioneer_msgs/local/lib/python3.10/dist-packages/pioneer_msgs/msg/_motion_command.py
[15.127s] -- Up-to-date: /src/ros2_ws/install/pioneer_msgs/local/lib/python3.10/dist-packages/pioneer_msgs/msg/_motion_command_s.c
[15.150s] -- Up-to-date: /src/ros2_ws/install/pioneer_msgs/local/lib/python3.10/dist-packages/pioneer_msgs/msg/_status.py
[15.179s] -- Up-to-date: /src/ros2_ws/install/pioneer_msgs/local/lib/python3.10/dist-packages/pioneer_msgs/msg/_status_s.c
[15.212s] -- Up-to-date: /src/ros2_ws/install/pioneer_msgs/local/lib/python3.10/dist-packages/pioneer_msgs/msg/__init__.py
[15.239s] -- Up-to-date: /src/ros2_ws/install/pioneer_msgs/local/lib/python3.10/dist-packages/pioneer_msgs/pioneer_msgs_s__rosidl_typesupport_c.cpython-310-x86_64-linux-gnu.so
[15.265s] -- Up-to-date: /src/ros2_ws/install/pioneer_msgs/local/lib/python3.10/dist-packages/pioneer_msgs/pioneer_msgs_s__rosidl_typesupport_fastrtps_c.cpython-310-x86_64-linux-gnu.so
[15.297s] -- Up-to-date: /src/ros2_ws/install/pioneer_msgs/local/lib/python3.10/dist-packages/pioneer_msgs/pioneer_msgs_s__rosidl_typesupport_introspection_c.cpython-310-x86_64-linux-gnu.so
[15.324s] -- Up-to-date: /src/ros2_ws/install/pioneer_msgs/local/lib/python3.10/dist-packages/pioneer_msgs/_pioneer_msgs_s.ep.rosidl_typesupport_c.c
[15.350s] -- Up-to-date: /src/ros2_ws/install/pioneer_msgs/local/lib/python3.10/dist-packages/pioneer_msgs/_pioneer_msgs_s.ep.rosidl_typesupport_fastrtps_c.c
[15.390s] -- Up-to-date: /src/ros2_ws/install/pioneer_msgs/local/lib/python3.10/dist-packages/pioneer_msgs/_pioneer_msgs_s.ep.rosidl_typesupport_introspection_c.c
[15.429s] -- Up-to-date: /src/ros2_ws/install/pioneer_msgs/local/lib/python3.10/dist-packages/pioneer_msgs/__init__.py
[16.362s] Listing '/src/ros2_ws/install/pioneer_msgs/local/lib/python3.10/dist-packages/pioneer_msgs'...
[16.363s] Listing '/src/ros2_ws/install/pioneer_msgs/local/lib/python3.10/dist-packages/pioneer_msgs/msg'...
[16.437s] -- Up-to-date: /src/ros2_ws/install/pioneer_msgs/local/lib/python3.10/dist-packages/pioneer_msgs/pioneer_msgs_s__rosidl_typesupport_fastrtps_c.cpython-310-x86_64-linux-gnu.so
[16.565s] -- Up-to-date: /src/ros2_ws/install/pioneer_msgs/local/lib/python3.10/dist-packages/pioneer_msgs/pioneer_msgs_s__rosidl_typesupport_introspection_c.cpython-310-x86_64-linux-gnu.so
[16.678s] -- Up-to-date: /src/ros2_ws/install/pioneer_msgs/local/lib/python3.10/dist-packages/pioneer_msgs/pioneer_msgs_s__rosidl_typesupport_c.cpython-310-x86_64-linux-gnu.so
[16.778s] -- Up-to-date: /src/ros2_ws/install/pioneer_msgs/lib/libpioneer_msgs__rosidl_generator_py.so
[16.847s] -- Up-to-date: /src/ros2_ws/install/pioneer_msgs/share/pioneer_msgs/msg/MotionCommand.idl
[16.874s] -- Up-to-date: /src/ros2_ws/install/pioneer_msgs/share/pioneer_msgs/msg/Status.idl
[16.915s] -- Up-to-date: /src/ros2_ws/install/pioneer_msgs/share/pioneer_msgs/msg/AUVState.idl
[16.951s] -- Up-to-date: /src/ros2_ws/install/pioneer_msgs/share/pioneer_msgs/msg/MotionCommand.msg
[16.988s] -- Up-to-date: /src/ros2_ws/install/pioneer_msgs/share/pioneer_msgs/msg/Status.msg
[17.018s] -- Up-to-date: /src/ros2_ws/install/pioneer_msgs/share/pioneer_msgs/msg/AUVState.msg
[17.054s] -- Up-to-date: /src/ros2_ws/install/pioneer_msgs/share/ament_index/resource_index/package_run_dependencies/pioneer_msgs
[17.095s] -- Up-to-date: /src/ros2_ws/install/pioneer_msgs/share/ament_index/resource_index/parent_prefix_path/pioneer_msgs
[17.117s] -- Up-to-date: /src/ros2_ws/install/pioneer_msgs/share/pioneer_msgs/environment/ament_prefix_path.sh
[17.138s] -- Up-to-date: /src/ros2_ws/install/pioneer_msgs/share/pioneer_msgs/environment/ament_prefix_path.dsv
[17.156s] -- Up-to-date: /src/ros2_ws/install/pioneer_msgs/share/pioneer_msgs/environment/path.sh
[17.180s] -- Up-to-date: /src/ros2_ws/install/pioneer_msgs/share/pioneer_msgs/environment/path.dsv
[17.212s] -- Up-to-date: /src/ros2_ws/install/pioneer_msgs/share/pioneer_msgs/local_setup.bash
[17.234s] -- Up-to-date: /src/ros2_ws/install/pioneer_msgs/share/pioneer_msgs/local_setup.sh
[17.254s] -- Up-to-date: /src/ros2_ws/install/pioneer_msgs/share/pioneer_msgs/local_setup.zsh
[17.274s] -- Up-to-date: /src/ros2_ws/install/pioneer_msgs/share/pioneer_msgs/local_setup.dsv
[17.305s] -- Installing: /src/ros2_ws/install/pioneer_msgs/share/pioneer_msgs/package.dsv
[17.411s] -- Up-to-date: /src/ros2_ws/install/pioneer_msgs/share/ament_index/resource_index/packages/pioneer_msgs
[17.463s] -- Up-to-date: /src/ros2_ws/install/pioneer_msgs/share/pioneer_msgs/cmake/export_pioneer_msgs__rosidl_generator_cExport.cmake
[17.504s] -- Up-to-date: /src/ros2_ws/install/pioneer_msgs/share/pioneer_msgs/cmake/export_pioneer_msgs__rosidl_generator_cExport-noconfig.cmake
[17.547s] -- Up-to-date: /src/ros2_ws/install/pioneer_msgs/share/pioneer_msgs/cmake/export_pioneer_msgs__rosidl_typesupport_fastrtps_cExport.cmake
[17.583s] -- Up-to-date: /src/ros2_ws/install/pioneer_msgs/share/pioneer_msgs/cmake/export_pioneer_msgs__rosidl_typesupport_fastrtps_cExport-noconfig.cmake
[17.640s] -- Up-to-date: /src/ros2_ws/install/pioneer_msgs/share/pioneer_msgs/cmake/pioneer_msgs__rosidl_typesupport_introspection_cExport.cmake
[17.692s] -- Up-to-date: /src/ros2_ws/install/pioneer_msgs/share/pioneer_msgs/cmake/pioneer_msgs__rosidl_typesupport_introspection_cExport-noconfig.cmake
[17.768s] -- Up-to-date: /src/ros2_ws/install/pioneer_msgs/share/pioneer_msgs/cmake/pioneer_msgs__rosidl_typesupport_cExport.cmake
[17.815s] -- Up-to-date: /src/ros2_ws/install/pioneer_msgs/share/pioneer_msgs/cmake/pioneer_msgs__rosidl_typesupport_cExport-noconfig.cmake
[17.893s] -- Up-to-date: /src/ros2_ws/install/pioneer_msgs/share/pioneer_msgs/cmake/export_pioneer_msgs__rosidl_generator_cppExport.cmake
[17.961s] -- Up-to-date: /src/ros2_ws/install/pioneer_msgs/share/pioneer_msgs/cmake/export_pioneer_msgs__rosidl_typesupport_fastrtps_cppExport.cmake
[18.005s] -- Up-to-date: /src/ros2_ws/install/pioneer_msgs/share/pioneer_msgs/cmake/export_pioneer_msgs__rosidl_typesupport_fastrtps_cppExport-noconfig.cmake
[18.066s] -- Up-to-date: /src/ros2_ws/install/pioneer_msgs/share/pioneer_msgs/cmake/pioneer_msgs__rosidl_typesupport_introspection_cppExport.cmake
[18.114s] -- Up-to-date: /src/ros2_ws/install/pioneer_msgs/share/pioneer_msgs/cmake/pioneer_msgs__rosidl_typesupport_introspection_cppExport-noconfig.cmake
[18.170s] -- Up-to-date: /src/ros2_ws/install/pioneer_msgs/share/pioneer_msgs/cmake/pioneer_msgs__rosidl_typesupport_cppExport.cmake
[18.213s] -- Up-to-date: /src/ros2_ws/install/pioneer_msgs/share/pioneer_msgs/cmake/pioneer_msgs__rosidl_typesupport_cppExport-noconfig.cmake
[18.281s] -- Up-to-date: /src/ros2_ws/install/pioneer_msgs/share/pioneer_msgs/cmake/export_pioneer_msgs__rosidl_generator_pyExport.cmake
[18.327s] -- Up-to-date: /src/ros2_ws/install/pioneer_msgs/share/pioneer_msgs/cmake/export_pioneer_msgs__rosidl_generator_pyExport-noconfig.cmake
[18.357s] -- Up-to-date: /src/ros2_ws/install/pioneer_msgs/share/pioneer_msgs/cmake/rosidl_cmake-extras.cmake
[18.392s] -- Up-to-date: /src/ros2_ws/install/pioneer_msgs/share/pioneer_msgs/cmake/ament_cmake_export_dependencies-extras.cmake
[18.423s] -- Up-to-date: /src/ros2_ws/install/pioneer_msgs/share/pioneer_msgs/cmake/ament_cmake_export_include_directories-extras.cmake
[18.450s] -- Up-to-date: /src/ros2_ws/install/pioneer_msgs/share/pioneer_msgs/cmake/ament_cmake_export_libraries-extras.cmake
[18.479s] -- Up-to-date: /src/ros2_ws/install/pioneer_msgs/share/pioneer_msgs/cmake/ament_cmake_export_targets-extras.cmake
[18.508s] -- Up-to-date: /src/ros2_ws/install/pioneer_msgs/share/pioneer_msgs/cmake/rosidl_cmake_export_typesupport_targets-extras.cmake
[18.536s] -- Up-to-date: /src/ros2_ws/install/pioneer_msgs/share/pioneer_msgs/cmake/rosidl_cmake_export_typesupport_libraries-extras.cmake
[18.563s] -- Up-to-date: /src/ros2_ws/install/pioneer_msgs/share/pioneer_msgs/cmake/pioneer_msgsConfig.cmake
[18.581s] -- Up-to-date: /src/ros2_ws/install/pioneer_msgs/share/pioneer_msgs/cmake/pioneer_msgsConfig-version.cmake
[18.610s] -- Up-to-date: /src/ros2_ws/install/pioneer_msgs/share/pioneer_msgs/package.xml
[18.630s] Invoked command in '/src/ros2_ws/build/pioneer_msgs' returned '0': CMAKE_PREFIX_PATH=${CMAKE_PREFIX_PATH}:/src/ros2_ws/install/pixpubsub:/src/ros2_ws/install/imu_publisher:/opt/ros/humble /usr/bin/cmake --install /src/ros2_ws/build/pioneer_msgs
