[3.179s] DEBUG:colcon:Command line arguments: ['/usr/bin/colcon', 'build']
[3.179s] DEBUG:colcon:Parsed command line arguments: Namespace(log_base=None, log_level=None, verb_name='build', build_base='build', install_base='install', merge_install=False, symlink_install=False, test_result_base=None, continue_on_error=False, executor='parallel', parallel_workers=16, event_handlers=None, ignore_user_meta=False, metas=['./colcon.meta'], base_paths=['.'], packages_ignore=None, packages_ignore_regex=None, paths=None, packages_up_to=None, packages_up_to_regex=None, packages_above=None, packages_above_and_dependencies=None, packages_above_depth=None, packages_select_by_dep=None, packages_skip_by_dep=None, packages_skip_up_to=None, packages_select_build_failed=False, packages_skip_build_finished=False, packages_select_test_failures=False, packages_skip_test_passed=False, packages_select=None, packages_skip=None, packages_select_regex=None, packages_skip_regex=None, packages_start=None, packages_end=None, cmake_args=None, cmake_target=None, cmake_target_skip_unavailable=False, cmake_clean_cache=False, cmake_clean_first=False, cmake_force_configure=False, ament_cmake_args=None, catkin_cmake_args=None, catkin_skip_building_tests=False, mixin_files=None, mixin=None, verb_parser=<colcon_mixin.mixin.mixin_argument.MixinArgumentDecorator object at 0x7f3c9995c070>, verb_extension=<colcon_core.verb.build.BuildVerb object at 0x7f3c99917df0>, main=<bound method BuildVerb.main of <colcon_core.verb.build.BuildVerb object at 0x7f3c99917df0>>, mixin_verb=('build',))
[3.413s] Level 1:colcon.colcon_core.package_discovery:discover_packages(colcon_meta) check parameters
[3.416s] INFO:colcon.colcon_metadata.package_discovery.colcon_meta:Using configuration from '/root/.colcon/metadata/default/Gazebo.meta'
[3.417s] INFO:colcon.colcon_metadata.package_discovery.colcon_meta:Using configuration from '/root/.colcon/metadata/default/fastrtps.meta'
[3.417s] Level 1:colcon.colcon_core.package_discovery:discover_packages(recursive) check parameters
[3.418s] Level 1:colcon.colcon_core.package_discovery:discover_packages(ignore) check parameters
[3.418s] Level 1:colcon.colcon_core.package_discovery:discover_packages(path) check parameters
[3.418s] Level 1:colcon.colcon_core.package_discovery:discover_packages(colcon_meta) discover
[3.419s] Level 1:colcon.colcon_core.package_discovery:discover_packages(recursive) discover
[3.419s] INFO:colcon.colcon_core.package_discovery:Crawling recursively for packages in '/src/ros2_ws'
[3.421s] Level 1:colcon.colcon_core.package_identification:_identify(.) by extensions ['ignore', 'ignore_ament_install']
[3.421s] Level 1:colcon.colcon_core.package_identification:_identify(.) by extension 'ignore'
[3.422s] Level 1:colcon.colcon_core.package_identification:_identify(.) by extension 'ignore_ament_install'
[3.422s] Level 1:colcon.colcon_core.package_identification:_identify(.) by extensions ['colcon_pkg']
[3.423s] Level 1:colcon.colcon_core.package_identification:_identify(.) by extension 'colcon_pkg'
[3.423s] Level 1:colcon.colcon_core.package_identification:_identify(.) by extensions ['colcon_meta']
[3.423s] Level 1:colcon.colcon_core.package_identification:_identify(.) by extension 'colcon_meta'
[3.423s] Level 1:colcon.colcon_core.package_identification:_identify(.) by extensions ['ros']
[3.424s] Level 1:colcon.colcon_core.package_identification:_identify(.) by extension 'ros'
[3.468s] Level 1:colcon.colcon_core.package_identification:_identify(.) by extensions ['cmake', 'python']
[3.468s] Level 1:colcon.colcon_core.package_identification:_identify(.) by extension 'cmake'
[3.469s] Level 1:colcon.colcon_core.package_identification:_identify(.) by extension 'python'
[3.469s] Level 1:colcon.colcon_core.package_identification:_identify(.) by extensions ['python_setup_py']
[3.470s] Level 1:colcon.colcon_core.package_identification:_identify(.) by extension 'python_setup_py'
[3.474s] Level 1:colcon.colcon_core.package_identification:_identify(build) by extensions ['ignore', 'ignore_ament_install']
[3.475s] Level 1:colcon.colcon_core.package_identification:_identify(build) by extension 'ignore'
[3.477s] Level 1:colcon.colcon_core.package_identification:_identify(build) ignored
[3.480s] Level 1:colcon.colcon_core.package_identification:_identify(install) by extensions ['ignore', 'ignore_ament_install']
[3.480s] Level 1:colcon.colcon_core.package_identification:_identify(install) by extension 'ignore'
[3.482s] Level 1:colcon.colcon_core.package_identification:_identify(install) ignored
[3.489s] Level 1:colcon.colcon_core.package_identification:_identify(log) by extensions ['ignore', 'ignore_ament_install']
[3.490s] Level 1:colcon.colcon_core.package_identification:_identify(log) by extension 'ignore'
[3.491s] Level 1:colcon.colcon_core.package_identification:_identify(log) ignored
[3.493s] Level 1:colcon.colcon_core.package_identification:_identify(src) by extensions ['ignore', 'ignore_ament_install']
[3.494s] Level 1:colcon.colcon_core.package_identification:_identify(src) by extension 'ignore'
[3.495s] Level 1:colcon.colcon_core.package_identification:_identify(src) by extension 'ignore_ament_install'
[3.496s] Level 1:colcon.colcon_core.package_identification:_identify(src) by extensions ['colcon_pkg']
[3.496s] Level 1:colcon.colcon_core.package_identification:_identify(src) by extension 'colcon_pkg'
[3.497s] Level 1:colcon.colcon_core.package_identification:_identify(src) by extensions ['colcon_meta']
[3.497s] Level 1:colcon.colcon_core.package_identification:_identify(src) by extension 'colcon_meta'
[3.498s] Level 1:colcon.colcon_core.package_identification:_identify(src) by extensions ['ros']
[3.499s] Level 1:colcon.colcon_core.package_identification:_identify(src) by extension 'ros'
[3.503s] Level 1:colcon.colcon_core.package_identification:_identify(src) by extensions ['cmake', 'python']
[3.504s] Level 1:colcon.colcon_core.package_identification:_identify(src) by extension 'cmake'
[3.505s] Level 1:colcon.colcon_core.package_identification:_identify(src) by extension 'python'
[3.506s] Level 1:colcon.colcon_core.package_identification:_identify(src) by extensions ['python_setup_py']
[3.506s] Level 1:colcon.colcon_core.package_identification:_identify(src) by extension 'python_setup_py'
[3.511s] Level 1:colcon.colcon_core.package_identification:_identify(src/imu_publisher) by extensions ['ignore', 'ignore_ament_install']
[3.512s] Level 1:colcon.colcon_core.package_identification:_identify(src/imu_publisher) by extension 'ignore'
[3.513s] Level 1:colcon.colcon_core.package_identification:_identify(src/imu_publisher) by extension 'ignore_ament_install'
[3.515s] Level 1:colcon.colcon_core.package_identification:_identify(src/imu_publisher) by extensions ['colcon_pkg']
[3.516s] Level 1:colcon.colcon_core.package_identification:_identify(src/imu_publisher) by extension 'colcon_pkg'
[3.517s] Level 1:colcon.colcon_core.package_identification:_identify(src/imu_publisher) by extensions ['colcon_meta']
[3.517s] Level 1:colcon.colcon_core.package_identification:_identify(src/imu_publisher) by extension 'colcon_meta'
[3.519s] Level 1:colcon.colcon_core.package_identification:_identify(src/imu_publisher) by extensions ['ros']
[3.519s] Level 1:colcon.colcon_core.package_identification:_identify(src/imu_publisher) by extension 'ros'
[3.538s] DEBUG:colcon.colcon_core.package_identification:Package 'src/imu_publisher' with type 'ros.ament_python' and name 'imu_publisher'
[3.543s] Level 1:colcon.colcon_core.package_identification:_identify(src/movement_subscriber) by extensions ['ignore', 'ignore_ament_install']
[3.543s] Level 1:colcon.colcon_core.package_identification:_identify(src/movement_subscriber) by extension 'ignore'
[3.544s] Level 1:colcon.colcon_core.package_identification:_identify(src/movement_subscriber) by extension 'ignore_ament_install'
[3.546s] Level 1:colcon.colcon_core.package_identification:_identify(src/movement_subscriber) by extensions ['colcon_pkg']
[3.546s] Level 1:colcon.colcon_core.package_identification:_identify(src/movement_subscriber) by extension 'colcon_pkg'
[3.548s] Level 1:colcon.colcon_core.package_identification:_identify(src/movement_subscriber) by extensions ['colcon_meta']
[3.548s] Level 1:colcon.colcon_core.package_identification:_identify(src/movement_subscriber) by extension 'colcon_meta'
[3.550s] Level 1:colcon.colcon_core.package_identification:_identify(src/movement_subscriber) by extensions ['ros']
[3.550s] Level 1:colcon.colcon_core.package_identification:_identify(src/movement_subscriber) by extension 'ros'
[3.555s] Level 1:colcon.colcon_core.package_identification:_identify(src/movement_subscriber) by extensions ['cmake', 'python']
[3.556s] Level 1:colcon.colcon_core.package_identification:_identify(src/movement_subscriber) by extension 'cmake'
[3.557s] Level 1:colcon.colcon_core.package_identification:_identify(src/movement_subscriber) by extension 'python'
[3.558s] Level 1:colcon.colcon_core.package_identification:_identify(src/movement_subscriber) by extensions ['python_setup_py']
[3.558s] Level 1:colcon.colcon_core.package_identification:_identify(src/movement_subscriber) by extension 'python_setup_py'
[3.566s] Level 1:colcon.colcon_core.package_identification:_identify(src/movement_subscriber/src) by extensions ['ignore', 'ignore_ament_install']
[3.566s] Level 1:colcon.colcon_core.package_identification:_identify(src/movement_subscriber/src) by extension 'ignore'
[3.568s] Level 1:colcon.colcon_core.package_identification:_identify(src/movement_subscriber/src) by extension 'ignore_ament_install'
[3.571s] Level 1:colcon.colcon_core.package_identification:_identify(src/movement_subscriber/src) by extensions ['colcon_pkg']
[3.571s] Level 1:colcon.colcon_core.package_identification:_identify(src/movement_subscriber/src) by extension 'colcon_pkg'
[3.573s] Level 1:colcon.colcon_core.package_identification:_identify(src/movement_subscriber/src) by extensions ['colcon_meta']
[3.573s] Level 1:colcon.colcon_core.package_identification:_identify(src/movement_subscriber/src) by extension 'colcon_meta'
[3.578s] Level 1:colcon.colcon_core.package_identification:_identify(src/movement_subscriber/src) by extensions ['ros']
[3.578s] Level 1:colcon.colcon_core.package_identification:_identify(src/movement_subscriber/src) by extension 'ros'
[3.584s] Level 1:colcon.colcon_core.package_identification:_identify(src/movement_subscriber/src) by extensions ['cmake', 'python']
[3.585s] Level 1:colcon.colcon_core.package_identification:_identify(src/movement_subscriber/src) by extension 'cmake'
[3.587s] Level 1:colcon.colcon_core.package_identification:_identify(src/movement_subscriber/src) by extension 'python'
[3.588s] Level 1:colcon.colcon_core.package_identification:_identify(src/movement_subscriber/src) by extensions ['python_setup_py']
[3.589s] Level 1:colcon.colcon_core.package_identification:_identify(src/movement_subscriber/src) by extension 'python_setup_py'
[3.594s] Level 1:colcon.colcon_core.package_identification:_identify(src/pioneer_msgs) by extensions ['ignore', 'ignore_ament_install']
[3.595s] Level 1:colcon.colcon_core.package_identification:_identify(src/pioneer_msgs) by extension 'ignore'
[3.596s] Level 1:colcon.colcon_core.package_identification:_identify(src/pioneer_msgs) by extension 'ignore_ament_install'
[3.599s] Level 1:colcon.colcon_core.package_identification:_identify(src/pioneer_msgs) by extensions ['colcon_pkg']
[3.600s] Level 1:colcon.colcon_core.package_identification:_identify(src/pioneer_msgs) by extension 'colcon_pkg'
[3.602s] Level 1:colcon.colcon_core.package_identification:_identify(src/pioneer_msgs) by extensions ['colcon_meta']
[3.603s] Level 1:colcon.colcon_core.package_identification:_identify(src/pioneer_msgs) by extension 'colcon_meta'
[3.605s] Level 1:colcon.colcon_core.package_identification:_identify(src/pioneer_msgs) by extensions ['ros']
[3.605s] Level 1:colcon.colcon_core.package_identification:_identify(src/pioneer_msgs) by extension 'ros'
[3.639s] DEBUG:colcon.colcon_core.package_identification:Package 'src/pioneer_msgs' with type 'ros.ament_cmake' and name 'pioneer_msgs'
[3.644s] Level 1:colcon.colcon_core.package_identification:_identify(src/pixpubsub) by extensions ['ignore', 'ignore_ament_install']
[3.644s] Level 1:colcon.colcon_core.package_identification:_identify(src/pixpubsub) by extension 'ignore'
[3.645s] Level 1:colcon.colcon_core.package_identification:_identify(src/pixpubsub) by extension 'ignore_ament_install'
[3.648s] Level 1:colcon.colcon_core.package_identification:_identify(src/pixpubsub) by extensions ['colcon_pkg']
[3.648s] Level 1:colcon.colcon_core.package_identification:_identify(src/pixpubsub) by extension 'colcon_pkg'
[3.650s] Level 1:colcon.colcon_core.package_identification:_identify(src/pixpubsub) by extensions ['colcon_meta']
[3.650s] Level 1:colcon.colcon_core.package_identification:_identify(src/pixpubsub) by extension 'colcon_meta'
[3.653s] Level 1:colcon.colcon_core.package_identification:_identify(src/pixpubsub) by extensions ['ros']
[3.653s] Level 1:colcon.colcon_core.package_identification:_identify(src/pixpubsub) by extension 'ros'
[3.674s] DEBUG:colcon.colcon_core.package_identification:Package 'src/pixpubsub' with type 'ros.ament_python' and name 'pixpubsub'
[3.674s] Level 1:colcon.colcon_core.package_discovery:discover_packages(recursive) using defaults
[3.674s] Level 1:colcon.colcon_core.package_discovery:discover_packages(ignore) discover
[3.675s] Level 1:colcon.colcon_core.package_discovery:discover_packages(ignore) using defaults
[3.675s] Level 1:colcon.colcon_core.package_discovery:discover_packages(path) discover
[3.675s] Level 1:colcon.colcon_core.package_discovery:discover_packages(path) using defaults
[3.960s] Level 5:colcon.colcon_core.verb:set package 'imu_publisher' build argument 'cmake_args' from command line to 'None'
[3.961s] Level 5:colcon.colcon_core.verb:set package 'imu_publisher' build argument 'cmake_target' from command line to 'None'
[3.961s] Level 5:colcon.colcon_core.verb:set package 'imu_publisher' build argument 'cmake_target_skip_unavailable' from command line to 'False'
[3.961s] Level 5:colcon.colcon_core.verb:set package 'imu_publisher' build argument 'cmake_clean_cache' from command line to 'False'
[3.962s] Level 5:colcon.colcon_core.verb:set package 'imu_publisher' build argument 'cmake_clean_first' from command line to 'False'
[3.962s] Level 5:colcon.colcon_core.verb:set package 'imu_publisher' build argument 'cmake_force_configure' from command line to 'False'
[3.962s] Level 5:colcon.colcon_core.verb:set package 'imu_publisher' build argument 'ament_cmake_args' from command line to 'None'
[3.962s] Level 5:colcon.colcon_core.verb:set package 'imu_publisher' build argument 'catkin_cmake_args' from command line to 'None'
[3.962s] Level 5:colcon.colcon_core.verb:set package 'imu_publisher' build argument 'catkin_skip_building_tests' from command line to 'False'
[3.963s] DEBUG:colcon.colcon_core.verb:Building package 'imu_publisher' with the following arguments: {'ament_cmake_args': None, 'build_base': '/src/ros2_ws/build/imu_publisher', 'catkin_cmake_args': None, 'catkin_skip_building_tests': False, 'cmake_args': None, 'cmake_clean_cache': False, 'cmake_clean_first': False, 'cmake_force_configure': False, 'cmake_target': None, 'cmake_target_skip_unavailable': False, 'install_base': '/src/ros2_ws/install/imu_publisher', 'merge_install': False, 'path': '/src/ros2_ws/src/imu_publisher', 'symlink_install': False, 'test_result_base': None}
[3.995s] Level 5:colcon.colcon_core.verb:set package 'pioneer_msgs' build argument 'cmake_args' from command line to 'None'
[3.995s] Level 5:colcon.colcon_core.verb:set package 'pioneer_msgs' build argument 'cmake_target' from command line to 'None'
[3.996s] Level 5:colcon.colcon_core.verb:set package 'pioneer_msgs' build argument 'cmake_target_skip_unavailable' from command line to 'False'
[3.996s] Level 5:colcon.colcon_core.verb:set package 'pioneer_msgs' build argument 'cmake_clean_cache' from command line to 'False'
[3.996s] Level 5:colcon.colcon_core.verb:set package 'pioneer_msgs' build argument 'cmake_clean_first' from command line to 'False'
[3.996s] Level 5:colcon.colcon_core.verb:set package 'pioneer_msgs' build argument 'cmake_force_configure' from command line to 'False'
[3.997s] Level 5:colcon.colcon_core.verb:set package 'pioneer_msgs' build argument 'ament_cmake_args' from command line to 'None'
[3.997s] Level 5:colcon.colcon_core.verb:set package 'pioneer_msgs' build argument 'catkin_cmake_args' from command line to 'None'
[3.997s] Level 5:colcon.colcon_core.verb:set package 'pioneer_msgs' build argument 'catkin_skip_building_tests' from command line to 'False'
[3.997s] DEBUG:colcon.colcon_core.verb:Building package 'pioneer_msgs' with the following arguments: {'ament_cmake_args': None, 'build_base': '/src/ros2_ws/build/pioneer_msgs', 'catkin_cmake_args': None, 'catkin_skip_building_tests': False, 'cmake_args': None, 'cmake_clean_cache': False, 'cmake_clean_first': False, 'cmake_force_configure': False, 'cmake_target': None, 'cmake_target_skip_unavailable': False, 'install_base': '/src/ros2_ws/install/pioneer_msgs', 'merge_install': False, 'path': '/src/ros2_ws/src/pioneer_msgs', 'symlink_install': False, 'test_result_base': None}
[4.027s] Level 5:colcon.colcon_core.verb:set package 'pixpubsub' build argument 'cmake_args' from command line to 'None'
[4.027s] Level 5:colcon.colcon_core.verb:set package 'pixpubsub' build argument 'cmake_target' from command line to 'None'
[4.028s] Level 5:colcon.colcon_core.verb:set package 'pixpubsub' build argument 'cmake_target_skip_unavailable' from command line to 'False'
[4.028s] Level 5:colcon.colcon_core.verb:set package 'pixpubsub' build argument 'cmake_clean_cache' from command line to 'False'
[4.028s] Level 5:colcon.colcon_core.verb:set package 'pixpubsub' build argument 'cmake_clean_first' from command line to 'False'
[4.029s] Level 5:colcon.colcon_core.verb:set package 'pixpubsub' build argument 'cmake_force_configure' from command line to 'False'
[4.029s] Level 5:colcon.colcon_core.verb:set package 'pixpubsub' build argument 'ament_cmake_args' from command line to 'None'
[4.030s] Level 5:colcon.colcon_core.verb:set package 'pixpubsub' build argument 'catkin_cmake_args' from command line to 'None'
[4.030s] Level 5:colcon.colcon_core.verb:set package 'pixpubsub' build argument 'catkin_skip_building_tests' from command line to 'False'
[4.030s] DEBUG:colcon.colcon_core.verb:Building package 'pixpubsub' with the following arguments: {'ament_cmake_args': None, 'build_base': '/src/ros2_ws/build/pixpubsub', 'catkin_cmake_args': None, 'catkin_skip_building_tests': False, 'cmake_args': None, 'cmake_clean_cache': False, 'cmake_clean_first': False, 'cmake_force_configure': False, 'cmake_target': None, 'cmake_target_skip_unavailable': False, 'install_base': '/src/ros2_ws/install/pixpubsub', 'merge_install': False, 'path': '/src/ros2_ws/src/pixpubsub', 'symlink_install': False, 'test_result_base': None}
[4.058s] INFO:colcon.colcon_core.executor:Executing jobs using 'parallel' executor
[4.089s] DEBUG:colcon.colcon_parallel_executor.executor.parallel:run_until_complete
[4.090s] INFO:colcon.colcon_ros.task.ament_cmake.build:Building ROS package in '/src/ros2_ws/src/pioneer_msgs' with build type 'ament_cmake'
[4.091s] INFO:colcon.colcon_cmake.task.cmake.build:Building CMake package in '/src/ros2_ws/src/pioneer_msgs'
[4.143s] INFO:colcon.colcon_core.plugin_system:Skipping extension 'colcon_core.shell.bat': Not used on non-Windows systems
[4.144s] INFO:colcon.colcon_core.shell:Skip shell extension 'powershell' for command environment: Not usable outside of PowerShell
[4.144s] DEBUG:colcon.colcon_core.shell:Skip shell extension 'dsv' for command environment
[4.318s] INFO:colcon.colcon_ros.task.ament_python.build:Building ROS package in '/src/ros2_ws/src/imu_publisher' with build type 'ament_python'
[4.318s] Level 1:colcon.colcon_core.shell:create_environment_hook('imu_publisher', 'ament_prefix_path')
[4.351s] INFO:colcon.colcon_core.shell:Creating environment hook '/src/ros2_ws/install/imu_publisher/share/imu_publisher/hook/ament_prefix_path.ps1'
[4.368s] INFO:colcon.colcon_core.shell:Creating environment descriptor '/src/ros2_ws/install/imu_publisher/share/imu_publisher/hook/ament_prefix_path.dsv'
[4.387s] INFO:colcon.colcon_core.shell:Creating environment hook '/src/ros2_ws/install/imu_publisher/share/imu_publisher/hook/ament_prefix_path.sh'
[4.436s] INFO:colcon.colcon_core.shell:Skip shell extension 'powershell' for command environment: Not usable outside of PowerShell
[4.437s] DEBUG:colcon.colcon_core.shell:Skip shell extension 'dsv' for command environment
[4.644s] DEBUG:colcon.colcon_core.event_handler.log_command:Invoking command in '/src/ros2_ws/build/pioneer_msgs': CMAKE_PREFIX_PATH=${CMAKE_PREFIX_PATH}:/src/ros2_ws/install/pixpubsub:/src/ros2_ws/install/imu_publisher:/opt/ros/humble /usr/bin/cmake --build /src/ros2_ws/build/pioneer_msgs -- -j16 -l16
[6.138s] INFO:colcon.colcon_core.task.python.build:Building Python package in '/src/ros2_ws/src/imu_publisher'
[6.170s] INFO:colcon.colcon_core.shell:Skip shell extension 'powershell' for command environment: Not usable outside of PowerShell
[6.170s] DEBUG:colcon.colcon_core.shell:Skip shell extension 'dsv' for command environment
[8.462s] DEBUG:colcon.colcon_core.event_handler.log_command:Invoking command in '/src/ros2_ws/src/imu_publisher': PYTHONPATH=/src/ros2_ws/build/imu_publisher/prefix_override:/src/ros2_ws/install/imu_publisher/lib/python3.10/site-packages:${PYTHONPATH} /usr/bin/python3 setup.py egg_info --egg-base ../../build/imu_publisher build --build-base /src/ros2_ws/build/imu_publisher/build install --record /src/ros2_ws/build/imu_publisher/install.log --single-version-externally-managed
[11.005s] DEBUG:colcon.colcon_core.event_handler.log_command:Invoked command in '/src/ros2_ws/src/imu_publisher' returned '0': PYTHONPATH=/src/ros2_ws/build/imu_publisher/prefix_override:/src/ros2_ws/install/imu_publisher/lib/python3.10/site-packages:${PYTHONPATH} /usr/bin/python3 setup.py egg_info --egg-base ../../build/imu_publisher build --build-base /src/ros2_ws/build/imu_publisher/build install --record /src/ros2_ws/build/imu_publisher/install.log --single-version-externally-managed
[11.071s] Level 1:colcon.colcon_core.environment:checking '/src/ros2_ws/install/imu_publisher' for CMake module files
[11.118s] Level 1:colcon.colcon_core.environment:checking '/src/ros2_ws/install/imu_publisher' for CMake config files
[11.209s] Level 1:colcon.colcon_core.environment:checking '/src/ros2_ws/install/imu_publisher/lib'
[11.214s] Level 1:colcon.colcon_core.environment:checking '/src/ros2_ws/install/imu_publisher/bin'
[11.215s] Level 1:colcon.colcon_core.environment:checking '/src/ros2_ws/install/imu_publisher/lib/pkgconfig/imu_publisher.pc'
[11.218s] Level 1:colcon.colcon_core.environment:checking '/src/ros2_ws/install/imu_publisher/lib/python3.10/site-packages'
[11.221s] Level 1:colcon.colcon_core.shell:create_environment_hook('imu_publisher', 'pythonpath')
[11.242s] INFO:colcon.colcon_core.shell:Creating environment hook '/src/ros2_ws/install/imu_publisher/share/imu_publisher/hook/pythonpath.ps1'
[11.258s] INFO:colcon.colcon_core.shell:Creating environment descriptor '/src/ros2_ws/install/imu_publisher/share/imu_publisher/hook/pythonpath.dsv'
[11.273s] INFO:colcon.colcon_core.shell:Creating environment hook '/src/ros2_ws/install/imu_publisher/share/imu_publisher/hook/pythonpath.sh'
[11.288s] Level 1:colcon.colcon_core.environment:checking '/src/ros2_ws/install/imu_publisher/bin'
[11.290s] Level 1:colcon.colcon_core.environment:create_environment_scripts_only(imu_publisher)
[11.323s] INFO:colcon.colcon_core.shell:Creating package script '/src/ros2_ws/install/imu_publisher/share/imu_publisher/package.ps1'
[11.339s] INFO:colcon.colcon_core.shell:Creating package descriptor '/src/ros2_ws/install/imu_publisher/share/imu_publisher/package.dsv'
[11.354s] INFO:colcon.colcon_core.shell:Creating package script '/src/ros2_ws/install/imu_publisher/share/imu_publisher/package.sh'
[11.370s] INFO:colcon.colcon_core.shell:Creating package script '/src/ros2_ws/install/imu_publisher/share/imu_publisher/package.bash'
[11.391s] INFO:colcon.colcon_core.shell:Creating package script '/src/ros2_ws/install/imu_publisher/share/imu_publisher/package.zsh'
[11.407s] Level 1:colcon.colcon_core.environment:create_file_with_runtime_dependencies(/src/ros2_ws/install/imu_publisher/share/colcon-core/packages/imu_publisher)
[30.495s] DEBUG:colcon.colcon_core.event_handler.log_command:Invoked command in '/src/ros2_ws/build/pioneer_msgs' returned '2': CMAKE_PREFIX_PATH=${CMAKE_PREFIX_PATH}:/src/ros2_ws/install/pixpubsub:/src/ros2_ws/install/imu_publisher:/opt/ros/humble /usr/bin/cmake --build /src/ros2_ws/build/pioneer_msgs -- -j16 -l16
[34.198s] Level 1:colcon.colcon_core.environment:create_environment_scripts_only(pioneer_msgs)
[34.227s] Level 1:colcon.colcon_core.environment:checking '/src/ros2_ws/install/pioneer_msgs' for CMake module files
[34.438s] Level 1:colcon.colcon_core.environment:checking '/src/ros2_ws/install/pioneer_msgs' for CMake config files
[34.608s] Level 1:colcon.colcon_core.shell:create_environment_hook('pioneer_msgs', 'cmake_prefix_path')
[34.637s] INFO:colcon.colcon_core.shell:Creating environment hook '/src/ros2_ws/install/pioneer_msgs/share/pioneer_msgs/hook/cmake_prefix_path.ps1'
[34.653s] INFO:colcon.colcon_core.shell:Creating environment descriptor '/src/ros2_ws/install/pioneer_msgs/share/pioneer_msgs/hook/cmake_prefix_path.dsv'
[34.670s] INFO:colcon.colcon_core.shell:Creating environment hook '/src/ros2_ws/install/pioneer_msgs/share/pioneer_msgs/hook/cmake_prefix_path.sh'
[34.690s] Level 1:colcon.colcon_core.environment:checking '/src/ros2_ws/install/pioneer_msgs/lib'
[34.694s] Level 1:colcon.colcon_core.shell:create_environment_hook('pioneer_msgs', 'ld_library_path_lib')
[34.723s] INFO:colcon.colcon_core.shell:Creating environment hook '/src/ros2_ws/install/pioneer_msgs/share/pioneer_msgs/hook/ld_library_path_lib.ps1'
[34.741s] INFO:colcon.colcon_core.shell:Creating environment descriptor '/src/ros2_ws/install/pioneer_msgs/share/pioneer_msgs/hook/ld_library_path_lib.dsv'
[34.758s] INFO:colcon.colcon_core.shell:Creating environment hook '/src/ros2_ws/install/pioneer_msgs/share/pioneer_msgs/hook/ld_library_path_lib.sh'
[34.775s] Level 1:colcon.colcon_core.environment:checking '/src/ros2_ws/install/pioneer_msgs/bin'
[34.777s] Level 1:colcon.colcon_core.environment:checking '/src/ros2_ws/install/pioneer_msgs/lib/pkgconfig/pioneer_msgs.pc'
[34.779s] Level 1:colcon.colcon_core.environment:checking '/src/ros2_ws/install/pioneer_msgs/lib/python3.10/site-packages'
[34.781s] Level 1:colcon.colcon_core.environment:checking '/src/ros2_ws/install/pioneer_msgs/bin'
[34.813s] INFO:colcon.colcon_core.shell:Creating package script '/src/ros2_ws/install/pioneer_msgs/share/pioneer_msgs/package.ps1'
[34.826s] INFO:colcon.colcon_core.shell:Creating package descriptor '/src/ros2_ws/install/pioneer_msgs/share/pioneer_msgs/package.dsv'
[34.840s] INFO:colcon.colcon_core.shell:Creating package script '/src/ros2_ws/install/pioneer_msgs/share/pioneer_msgs/package.sh'
[34.853s] INFO:colcon.colcon_core.shell:Creating package script '/src/ros2_ws/install/pioneer_msgs/share/pioneer_msgs/package.bash'
[34.867s] INFO:colcon.colcon_core.shell:Creating package script '/src/ros2_ws/install/pioneer_msgs/share/pioneer_msgs/package.zsh'
[34.879s] Level 1:colcon.colcon_core.environment:create_file_with_runtime_dependencies(/src/ros2_ws/install/pioneer_msgs/share/colcon-core/packages/pioneer_msgs)
[34.899s] DEBUG:colcon.colcon_parallel_executor.executor.parallel:closing loop
[34.900s] DEBUG:colcon.colcon_parallel_executor.executor.parallel:loop closed
[34.900s] DEBUG:colcon.colcon_parallel_executor.executor.parallel:run_until_complete finished with '2'
[34.901s] DEBUG:colcon.colcon_core.event_reactor:joining thread
[34.985s] INFO:colcon.colcon_core.plugin_system:Skipping extension 'colcon_notification.desktop_notification.notify_send': Could not find 'notify-send'
[34.985s] INFO:colcon.colcon_core.plugin_system:Skipping extension 'colcon_notification.desktop_notification.terminal_notifier': Not used on non-Darwin systems
[34.985s] INFO:colcon.colcon_core.plugin_system:Skipping extension 'colcon_notification.desktop_notification.win32': Not used on non-Windows systems
[34.986s] INFO:colcon.colcon_notification.desktop_notification:Sending desktop notification using 'notify2'
[34.990s] DEBUG:colcon.colcon_notification.desktop_notification.notify2:Failed to initialize notify2: org.freedesktop.DBus.Error.InvalidFileContent: D-Bus library appears to be incorrectly set up: see the manual page for dbus-uuidgen to correct this issue. (Failed to open "/var/lib/dbus/machine-id": No such file or directory; UUID file '/etc/machine-id' should contain a hex string of length 32, not length 0, with no other text)
[34.990s] DEBUG:colcon.colcon_core.event_reactor:joined thread
[35.018s] INFO:colcon.colcon_core.shell:Creating prefix script '/src/ros2_ws/install/local_setup.ps1'
[35.025s] INFO:colcon.colcon_core.shell:Creating prefix util module '/src/ros2_ws/install/_local_setup_util_ps1.py'
[35.032s] INFO:colcon.colcon_core.shell:Creating prefix chain script '/src/ros2_ws/install/setup.ps1'
[35.090s] INFO:colcon.colcon_core.shell:Creating prefix script '/src/ros2_ws/install/local_setup.sh'
[35.096s] INFO:colcon.colcon_core.shell:Creating prefix util module '/src/ros2_ws/install/_local_setup_util_sh.py'
[35.102s] INFO:colcon.colcon_core.shell:Creating prefix chain script '/src/ros2_ws/install/setup.sh'
[35.156s] INFO:colcon.colcon_core.shell:Creating prefix script '/src/ros2_ws/install/local_setup.bash'
[35.163s] INFO:colcon.colcon_core.shell:Creating prefix chain script '/src/ros2_ws/install/setup.bash'
[35.223s] INFO:colcon.colcon_core.shell:Creating prefix script '/src/ros2_ws/install/local_setup.zsh'
[35.230s] INFO:colcon.colcon_core.shell:Creating prefix chain script '/src/ros2_ws/install/setup.zsh'
