[9.527s] Invoking command in '/src/ros2_ws/src/pixpubsub': CMAKE_PREFIX_PATH=/src/ros2_ws/install/pioneer_msgs:/src/ros2_ws/install/px4_ros_com:/src/ros2_ws/install/px4_msgs:/src/ros2_ws/install/microxrcedds_agent LD_LIBRARY_PATH=/src/ros2_ws/install/pioneer_msgs/lib:/src/ros2_ws/install/px4_ros_com/lib:/src/ros2_ws/install/px4_msgs/lib:/src/ros2_ws/install/microxrcedds_agent/lib:/opt/ros/humble/lib/x86_64-linux-gnu:/opt/ros/humble/lib PYTHONPATH=/src/ros2_ws/build/pixpubsub/prefix_override:/src/ros2_ws/install/pixpubsub/lib/python3.10/site-packages:${PYTHONPATH} /usr/bin/python3 setup.py egg_info --egg-base ../../build/pixpubsub build --build-base /src/ros2_ws/build/pixpubsub/build install --record /src/ros2_ws/build/pixpubsub/install.log --single-version-externally-managed
[12.880s] running egg_info
[12.886s] writing ../../build/pixpubsub/pixpubsub.egg-info/PKG-INFO
[12.896s] writing dependency_links to ../../build/pixpubsub/pixpubsub.egg-info/dependency_links.txt
[12.906s] writing entry points to ../../build/pixpubsub/pixpubsub.egg-info/entry_points.txt
[12.913s] writing requirements to ../../build/pixpubsub/pixpubsub.egg-info/requires.txt
[12.918s] writing top-level names to ../../build/pixpubsub/pixpubsub.egg-info/top_level.txt
[13.018s] reading manifest file '../../build/pixpubsub/pixpubsub.egg-info/SOURCES.txt'
[13.115s] writing manifest file '../../build/pixpubsub/pixpubsub.egg-info/SOURCES.txt'
[13.120s] running build
[13.123s] running build_py
[13.143s] copying pixpubsub/justmove_sub.py -> /src/ros2_ws/build/pixpubsub/build/lib/pixpubsub
[13.209s] copying pixpubsub/pix_pubsub_node.py -> /src/ros2_ws/build/pixpubsub/build/lib/pixpubsub
[13.254s] running install
[13.255s] running install_lib
[13.311s] copying /src/ros2_ws/build/pixpubsub/build/lib/pixpubsub/justmove_sub.py -> /src/ros2_ws/install/pixpubsub/lib/python3.10/site-packages/pixpubsub
[13.410s] copying /src/ros2_ws/build/pixpubsub/build/lib/pixpubsub/pix_pubsub_node.py -> /src/ros2_ws/install/pixpubsub/lib/python3.10/site-packages/pixpubsub
[13.516s] byte-compiling /src/ros2_ws/install/pixpubsub/lib/python3.10/site-packages/pixpubsub/justmove_sub.py to justmove_sub.cpython-310.pyc
[13.606s] byte-compiling /src/ros2_ws/install/pixpubsub/lib/python3.10/site-packages/pixpubsub/pix_pubsub_node.py to pix_pubsub_node.cpython-310.pyc
[13.687s] running install_data
[13.723s] running install_egg_info
[13.756s] removing '/src/ros2_ws/install/pixpubsub/lib/python3.10/site-packages/pixpubsub-0.0.0-py3.10.egg-info' (and everything under it)
[13.837s] Copying ../../build/pixpubsub/pixpubsub.egg-info to /src/ros2_ws/install/pixpubsub/lib/python3.10/site-packages/pixpubsub-0.0.0-py3.10.egg-info
[14.215s] running install_scripts
[14.494s] Installing move_pub script to /src/ros2_ws/install/pixpubsub/lib/pixpubsub
[14.510s] Installing move_sub script to /src/ros2_ws/install/pixpubsub/lib/pixpubsub
[14.526s] Installing publisher script to /src/ros2_ws/install/pixpubsub/lib/pixpubsub
[14.546s] writing list of installed files to '/src/ros2_ws/build/pixpubsub/install.log'
[14.594s] Invoked command in '/src/ros2_ws/src/pixpubsub' returned '0': CMAKE_PREFIX_PATH=/src/ros2_ws/install/pioneer_msgs:/src/ros2_ws/install/px4_ros_com:/src/ros2_ws/install/px4_msgs:/src/ros2_ws/install/microxrcedds_agent LD_LIBRARY_PATH=/src/ros2_ws/install/pioneer_msgs/lib:/src/ros2_ws/install/px4_ros_com/lib:/src/ros2_ws/install/px4_msgs/lib:/src/ros2_ws/install/microxrcedds_agent/lib:/opt/ros/humble/lib/x86_64-linux-gnu:/opt/ros/humble/lib PYTHONPATH=/src/ros2_ws/build/pixpubsub/prefix_override:/src/ros2_ws/install/pixpubsub/lib/python3.10/site-packages:${PYTHONPATH} /usr/bin/python3 setup.py egg_info --egg-base ../../build/pixpubsub build --build-base /src/ros2_ws/build/pixpubsub/build install --record /src/ros2_ws/build/pixpubsub/install.log --single-version-externally-managed
