[6.607s] Invoking command in '/src/ros2_ws/src/imu_publisher': PYTHONPATH=/src/ros2_ws/build/imu_publisher/prefix_override:/src/ros2_ws/install/imu_publisher/lib/python3.10/site-packages:${PYTHONPATH} /usr/bin/python3 setup.py egg_info --egg-base ../../build/imu_publisher build --build-base /src/ros2_ws/build/imu_publisher/build install --record /src/ros2_ws/build/imu_publisher/install.log --single-version-externally-managed
[8.759s] running egg_info
[8.767s] writing ../../build/imu_publisher/imu_publisher.egg-info/PKG-INFO
[8.779s] writing dependency_links to ../../build/imu_publisher/imu_publisher.egg-info/dependency_links.txt
[8.788s] writing entry points to ../../build/imu_publisher/imu_publisher.egg-info/entry_points.txt
[8.795s] writing requirements to ../../build/imu_publisher/imu_publisher.egg-info/requires.txt
[8.800s] writing top-level names to ../../build/imu_publisher/imu_publisher.egg-info/top_level.txt
[8.852s] reading manifest file '../../build/imu_publisher/imu_publisher.egg-info/SOURCES.txt'
[8.943s] writing manifest file '../../build/imu_publisher/imu_publisher.egg-info/SOURCES.txt'
[8.947s] running build
[8.949s] running build_py
[8.992s] running install
[8.994s] running install_lib
[9.125s] running install_data
[9.156s] running install_egg_info
[9.180s] removing '/src/ros2_ws/install/imu_publisher/lib/python3.10/site-packages/imu_publisher-0.0.0-py3.10.egg-info' (and everything under it)
[9.261s] Copying ../../build/imu_publisher/imu_publisher.egg-info to /src/ros2_ws/install/imu_publisher/lib/python3.10/site-packages/imu_publisher-0.0.0-py3.10.egg-info
[9.622s] running install_scripts
[9.798s] Installing publisher script to /src/ros2_ws/install/imu_publisher/lib/imu_publisher
[9.817s] writing list of installed files to '/src/ros2_ws/build/imu_publisher/install.log'
[9.864s] Invoked command in '/src/ros2_ws/src/imu_publisher' returned '0': PYTHONPATH=/src/ros2_ws/build/imu_publisher/prefix_override:/src/ros2_ws/install/imu_publisher/lib/python3.10/site-packages:${PYTHONPATH} /usr/bin/python3 setup.py egg_info --egg-base ../../build/imu_publisher build --build-base /src/ros2_ws/build/imu_publisher/build install --record /src/ros2_ws/build/imu_publisher/install.log --single-version-externally-managed
