[0.634s] DEBUG:colcon:Command line arguments: ['/usr/bin/colcon', 'build']
[0.634s] DEBUG:colcon:Parsed command line arguments: Namespace(log_base=None, log_level=None, verb_name='build', build_base='build', install_base='install', merge_install=False, symlink_install=False, test_result_base=None, continue_on_error=False, executor='parallel', parallel_workers=16, event_handlers=None, ignore_user_meta=False, metas=['./colcon.meta'], base_paths=['.'], packages_ignore=None, packages_ignore_regex=None, paths=None, packages_up_to=None, packages_up_to_regex=None, packages_above=None, packages_above_and_dependencies=None, packages_above_depth=None, packages_select_by_dep=None, packages_skip_by_dep=None, packages_skip_up_to=None, packages_select_build_failed=False, packages_skip_build_finished=False, packages_select_test_failures=False, packages_skip_test_passed=False, packages_select=None, packages_skip=None, packages_select_regex=None, packages_skip_regex=None, packages_start=None, packages_end=None, cmake_args=None, cmake_target=None, cmake_target_skip_unavailable=False, cmake_clean_cache=False, cmake_clean_first=False, cmake_force_configure=False, ament_cmake_args=None, catkin_cmake_args=None, catkin_skip_building_tests=False, mixin_files=None, mixin=None, verb_parser=<colcon_mixin.mixin.mixin_argument.MixinArgumentDecorator object at 0x7f4e0b913d90>, verb_extension=<colcon_core.verb.build.BuildVerb object at 0x7f4e0bc13af0>, main=<bound method BuildVerb.main of <colcon_core.verb.build.BuildVerb object at 0x7f4e0bc13af0>>, mixin_verb=('build',))
[0.663s] Level 1:colcon.colcon_core.package_discovery:discover_packages(colcon_meta) check parameters
[0.664s] INFO:colcon.colcon_metadata.package_discovery.colcon_meta:Using configuration from '/root/.colcon/metadata/default/Gazebo.meta'
[0.664s] INFO:colcon.colcon_metadata.package_discovery.colcon_meta:Using configuration from '/root/.colcon/metadata/default/fastrtps.meta'
[0.664s] Level 1:colcon.colcon_core.package_discovery:discover_packages(recursive) check parameters
[0.664s] Level 1:colcon.colcon_core.package_discovery:discover_packages(ignore) check parameters
[0.664s] Level 1:colcon.colcon_core.package_discovery:discover_packages(path) check parameters
[0.664s] Level 1:colcon.colcon_core.package_discovery:discover_packages(colcon_meta) discover
[0.664s] Level 1:colcon.colcon_core.package_discovery:discover_packages(recursive) discover
[0.664s] INFO:colcon.colcon_core.package_discovery:Crawling recursively for packages in '/src/ros2_ws'
[0.664s] Level 1:colcon.colcon_core.package_identification:_identify(.) by extensions ['ignore', 'ignore_ament_install']
[0.664s] Level 1:colcon.colcon_core.package_identification:_identify(.) by extension 'ignore'
[0.664s] Level 1:colcon.colcon_core.package_identification:_identify(.) by extension 'ignore_ament_install'
[0.664s] Level 1:colcon.colcon_core.package_identification:_identify(.) by extensions ['colcon_pkg']
[0.664s] Level 1:colcon.colcon_core.package_identification:_identify(.) by extension 'colcon_pkg'
[0.664s] Level 1:colcon.colcon_core.package_identification:_identify(.) by extensions ['colcon_meta']
[0.665s] Level 1:colcon.colcon_core.package_identification:_identify(.) by extension 'colcon_meta'
[0.665s] Level 1:colcon.colcon_core.package_identification:_identify(.) by extensions ['ros']
[0.665s] Level 1:colcon.colcon_core.package_identification:_identify(.) by extension 'ros'
[0.673s] Level 1:colcon.colcon_core.package_identification:_identify(.) by extensions ['cmake', 'python']
[0.673s] Level 1:colcon.colcon_core.package_identification:_identify(.) by extension 'cmake'
[0.673s] Level 1:colcon.colcon_core.package_identification:_identify(.) by extension 'python'
[0.673s] Level 1:colcon.colcon_core.package_identification:_identify(.) by extensions ['python_setup_py']
[0.673s] Level 1:colcon.colcon_core.package_identification:_identify(.) by extension 'python_setup_py'
[0.673s] Level 1:colcon.colcon_core.package_identification:_identify(build) by extensions ['ignore', 'ignore_ament_install']
[0.673s] Level 1:colcon.colcon_core.package_identification:_identify(build) by extension 'ignore'
[0.673s] Level 1:colcon.colcon_core.package_identification:_identify(build) ignored
[0.673s] Level 1:colcon.colcon_core.package_identification:_identify(install) by extensions ['ignore', 'ignore_ament_install']
[0.673s] Level 1:colcon.colcon_core.package_identification:_identify(install) by extension 'ignore'
[0.673s] Level 1:colcon.colcon_core.package_identification:_identify(install) ignored
[0.673s] Level 1:colcon.colcon_core.package_identification:_identify(log) by extensions ['ignore', 'ignore_ament_install']
[0.673s] Level 1:colcon.colcon_core.package_identification:_identify(log) by extension 'ignore'
[0.673s] Level 1:colcon.colcon_core.package_identification:_identify(log) ignored
[0.673s] Level 1:colcon.colcon_core.package_identification:_identify(src) by extensions ['ignore', 'ignore_ament_install']
[0.673s] Level 1:colcon.colcon_core.package_identification:_identify(src) by extension 'ignore'
[0.673s] Level 1:colcon.colcon_core.package_identification:_identify(src) by extension 'ignore_ament_install'
[0.674s] Level 1:colcon.colcon_core.package_identification:_identify(src) by extensions ['colcon_pkg']
[0.674s] Level 1:colcon.colcon_core.package_identification:_identify(src) by extension 'colcon_pkg'
[0.674s] Level 1:colcon.colcon_core.package_identification:_identify(src) by extensions ['colcon_meta']
[0.674s] Level 1:colcon.colcon_core.package_identification:_identify(src) by extension 'colcon_meta'
[0.674s] Level 1:colcon.colcon_core.package_identification:_identify(src) by extensions ['ros']
[0.674s] Level 1:colcon.colcon_core.package_identification:_identify(src) by extension 'ros'
[0.674s] Level 1:colcon.colcon_core.package_identification:_identify(src) by extensions ['cmake', 'python']
[0.674s] Level 1:colcon.colcon_core.package_identification:_identify(src) by extension 'cmake'
[0.674s] Level 1:colcon.colcon_core.package_identification:_identify(src) by extension 'python'
[0.674s] Level 1:colcon.colcon_core.package_identification:_identify(src) by extensions ['python_setup_py']
[0.674s] Level 1:colcon.colcon_core.package_identification:_identify(src) by extension 'python_setup_py'
[0.674s] Level 1:colcon.colcon_core.package_identification:_identify(src/Micro-XRCE-DDS-Agent) by extensions ['ignore', 'ignore_ament_install']
[0.674s] Level 1:colcon.colcon_core.package_identification:_identify(src/Micro-XRCE-DDS-Agent) by extension 'ignore'
[0.674s] Level 1:colcon.colcon_core.package_identification:_identify(src/Micro-XRCE-DDS-Agent) by extension 'ignore_ament_install'
[0.674s] Level 1:colcon.colcon_core.package_identification:_identify(src/Micro-XRCE-DDS-Agent) by extensions ['colcon_pkg']
[0.674s] Level 1:colcon.colcon_core.package_identification:_identify(src/Micro-XRCE-DDS-Agent) by extension 'colcon_pkg'
[0.675s] INFO:colcon.colcon_metadata.metadata.colcon_pkg:Setting type 'cmake' of package 'src/Micro-XRCE-DDS-Agent' from colcon.pkg
[0.675s] INFO:colcon.colcon_metadata.metadata.colcon_pkg:Setting name 'microxrcedds_agent' of package 'src/Micro-XRCE-DDS-Agent' from colcon.pkg
[0.675s] DEBUG:colcon.colcon_core.package_identification:Package 'src/Micro-XRCE-DDS-Agent' with type 'cmake' and name 'microxrcedds_agent'
[0.675s] Level 1:colcon.colcon_core.package_identification:_identify(src/px4_msgs) by extensions ['ignore', 'ignore_ament_install']
[0.675s] Level 1:colcon.colcon_core.package_identification:_identify(src/px4_msgs) by extension 'ignore'
[0.675s] Level 1:colcon.colcon_core.package_identification:_identify(src/px4_msgs) by extension 'ignore_ament_install'
[0.675s] Level 1:colcon.colcon_core.package_identification:_identify(src/px4_msgs) by extensions ['colcon_pkg']
[0.675s] Level 1:colcon.colcon_core.package_identification:_identify(src/px4_msgs) by extension 'colcon_pkg'
[0.675s] Level 1:colcon.colcon_core.package_identification:_identify(src/px4_msgs) by extensions ['colcon_meta']
[0.675s] Level 1:colcon.colcon_core.package_identification:_identify(src/px4_msgs) by extension 'colcon_meta'
[0.675s] Level 1:colcon.colcon_core.package_identification:_identify(src/px4_msgs) by extensions ['ros']
[0.675s] Level 1:colcon.colcon_core.package_identification:_identify(src/px4_msgs) by extension 'ros'
[0.677s] DEBUG:colcon.colcon_core.package_identification:Package 'src/px4_msgs' with type 'ros.ament_cmake' and name 'px4_msgs'
[0.677s] Level 1:colcon.colcon_core.package_identification:_identify(src/px4_ros_com) by extensions ['ignore', 'ignore_ament_install']
[0.677s] Level 1:colcon.colcon_core.package_identification:_identify(src/px4_ros_com) by extension 'ignore'
[0.677s] Level 1:colcon.colcon_core.package_identification:_identify(src/px4_ros_com) by extension 'ignore_ament_install'
[0.677s] Level 1:colcon.colcon_core.package_identification:_identify(src/px4_ros_com) by extensions ['colcon_pkg']
[0.677s] Level 1:colcon.colcon_core.package_identification:_identify(src/px4_ros_com) by extension 'colcon_pkg'
[0.678s] Level 1:colcon.colcon_core.package_identification:_identify(src/px4_ros_com) by extensions ['colcon_meta']
[0.678s] Level 1:colcon.colcon_core.package_identification:_identify(src/px4_ros_com) by extension 'colcon_meta'
[0.678s] Level 1:colcon.colcon_core.package_identification:_identify(src/px4_ros_com) by extensions ['ros']
[0.678s] Level 1:colcon.colcon_core.package_identification:_identify(src/px4_ros_com) by extension 'ros'
[0.679s] DEBUG:colcon.colcon_core.package_identification:Package 'src/px4_ros_com' with type 'ros.ament_cmake' and name 'px4_ros_com'
[0.679s] Level 1:colcon.colcon_core.package_identification:_identify(src/test_pubsub) by extensions ['ignore', 'ignore_ament_install']
[0.679s] Level 1:colcon.colcon_core.package_identification:_identify(src/test_pubsub) by extension 'ignore'
[0.679s] Level 1:colcon.colcon_core.package_identification:_identify(src/test_pubsub) by extension 'ignore_ament_install'
[0.679s] Level 1:colcon.colcon_core.package_identification:_identify(src/test_pubsub) by extensions ['colcon_pkg']
[0.679s] Level 1:colcon.colcon_core.package_identification:_identify(src/test_pubsub) by extension 'colcon_pkg'
[0.679s] Level 1:colcon.colcon_core.package_identification:_identify(src/test_pubsub) by extensions ['colcon_meta']
[0.679s] Level 1:colcon.colcon_core.package_identification:_identify(src/test_pubsub) by extension 'colcon_meta'
[0.679s] Level 1:colcon.colcon_core.package_identification:_identify(src/test_pubsub) by extensions ['ros']
[0.679s] Level 1:colcon.colcon_core.package_identification:_identify(src/test_pubsub) by extension 'ros'
[0.679s] DEBUG:colcon.colcon_core.package_identification:Package 'src/test_pubsub' with type 'ros.ament_python' and name 'test_pubsub'
[0.679s] Level 1:colcon.colcon_core.package_discovery:discover_packages(recursive) using defaults
[0.679s] Level 1:colcon.colcon_core.package_discovery:discover_packages(ignore) discover
[0.679s] Level 1:colcon.colcon_core.package_discovery:discover_packages(ignore) using defaults
[0.679s] Level 1:colcon.colcon_core.package_discovery:discover_packages(path) discover
[0.679s] Level 1:colcon.colcon_core.package_discovery:discover_packages(path) using defaults
[0.707s] INFO:colcon.colcon_metadata.metadata.colcon_pkg:Updating descriptor of package 'src/Micro-XRCE-DDS-Agent' from colcon.pkg: {'name': 'microxrcedds_agent', 'type': 'cmake', 'dependencies': ['fastcdr', 'fastrtps'], 'cmake-args': ['-DUAGENT_ISOLATED_INSTALL=OFF', '-DUAGENT_USE_SYSTEM_FASTCDR=ON', '-DUAGENT_USE_SYSTEM_FASTDDS=ON']}
[0.723s] Level 5:colcon.colcon_core.verb:set package 'microxrcedds_agent' build argument 'cmake_args' from command line to 'None'
[0.723s] Level 5:colcon.colcon_core.verb:overwrite package 'microxrcedds_agent' build argument 'cmake_args' from package metadata with '['-DUAGENT_ISOLATED_INSTALL=OFF', '-DUAGENT_USE_SYSTEM_FASTCDR=ON', '-DUAGENT_USE_SYSTEM_FASTDDS=ON']' (before: 'None')
[0.723s] Level 5:colcon.colcon_core.verb:set package 'microxrcedds_agent' build argument 'cmake_target' from command line to 'None'
[0.723s] Level 5:colcon.colcon_core.verb:set package 'microxrcedds_agent' build argument 'cmake_target_skip_unavailable' from command line to 'False'
[0.723s] Level 5:colcon.colcon_core.verb:set package 'microxrcedds_agent' build argument 'cmake_clean_cache' from command line to 'False'
[0.723s] Level 5:colcon.colcon_core.verb:set package 'microxrcedds_agent' build argument 'cmake_clean_first' from command line to 'False'
[0.723s] Level 5:colcon.colcon_core.verb:set package 'microxrcedds_agent' build argument 'cmake_force_configure' from command line to 'False'
[0.723s] Level 5:colcon.colcon_core.verb:set package 'microxrcedds_agent' build argument 'ament_cmake_args' from command line to 'None'
[0.723s] Level 5:colcon.colcon_core.verb:set package 'microxrcedds_agent' build argument 'catkin_cmake_args' from command line to 'None'
[0.723s] Level 5:colcon.colcon_core.verb:set package 'microxrcedds_agent' build argument 'catkin_skip_building_tests' from command line to 'False'
[0.723s] DEBUG:colcon.colcon_core.verb:Building package 'microxrcedds_agent' with the following arguments: {'ament_cmake_args': None, 'build_base': '/src/ros2_ws/build/microxrcedds_agent', 'catkin_cmake_args': None, 'catkin_skip_building_tests': False, 'cmake_args': ['-DUAGENT_ISOLATED_INSTALL=OFF', '-DUAGENT_USE_SYSTEM_FASTCDR=ON', '-DUAGENT_USE_SYSTEM_FASTDDS=ON'], 'cmake_clean_cache': False, 'cmake_clean_first': False, 'cmake_force_configure': False, 'cmake_target': None, 'cmake_target_skip_unavailable': False, 'install_base': '/src/ros2_ws/install/microxrcedds_agent', 'merge_install': False, 'path': '/src/ros2_ws/src/Micro-XRCE-DDS-Agent', 'symlink_install': False, 'test_result_base': None}
[0.730s] Level 5:colcon.colcon_core.verb:set package 'px4_msgs' build argument 'cmake_args' from command line to 'None'
[0.730s] Level 5:colcon.colcon_core.verb:set package 'px4_msgs' build argument 'cmake_target' from command line to 'None'
[0.730s] Level 5:colcon.colcon_core.verb:set package 'px4_msgs' build argument 'cmake_target_skip_unavailable' from command line to 'False'
[0.730s] Level 5:colcon.colcon_core.verb:set package 'px4_msgs' build argument 'cmake_clean_cache' from command line to 'False'
[0.730s] Level 5:colcon.colcon_core.verb:set package 'px4_msgs' build argument 'cmake_clean_first' from command line to 'False'
[0.730s] Level 5:colcon.colcon_core.verb:set package 'px4_msgs' build argument 'cmake_force_configure' from command line to 'False'
[0.730s] Level 5:colcon.colcon_core.verb:set package 'px4_msgs' build argument 'ament_cmake_args' from command line to 'None'
[0.730s] Level 5:colcon.colcon_core.verb:set package 'px4_msgs' build argument 'catkin_cmake_args' from command line to 'None'
[0.730s] Level 5:colcon.colcon_core.verb:set package 'px4_msgs' build argument 'catkin_skip_building_tests' from command line to 'False'
[0.730s] DEBUG:colcon.colcon_core.verb:Building package 'px4_msgs' with the following arguments: {'ament_cmake_args': None, 'build_base': '/src/ros2_ws/build/px4_msgs', 'catkin_cmake_args': None, 'catkin_skip_building_tests': False, 'cmake_args': None, 'cmake_clean_cache': False, 'cmake_clean_first': False, 'cmake_force_configure': False, 'cmake_target': None, 'cmake_target_skip_unavailable': False, 'install_base': '/src/ros2_ws/install/px4_msgs', 'merge_install': False, 'path': '/src/ros2_ws/src/px4_msgs', 'symlink_install': False, 'test_result_base': None}
[0.737s] Level 5:colcon.colcon_core.verb:set package 'test_pubsub' build argument 'cmake_args' from command line to 'None'
[0.737s] Level 5:colcon.colcon_core.verb:set package 'test_pubsub' build argument 'cmake_target' from command line to 'None'
[0.737s] Level 5:colcon.colcon_core.verb:set package 'test_pubsub' build argument 'cmake_target_skip_unavailable' from command line to 'False'
[0.737s] Level 5:colcon.colcon_core.verb:set package 'test_pubsub' build argument 'cmake_clean_cache' from command line to 'False'
[0.737s] Level 5:colcon.colcon_core.verb:set package 'test_pubsub' build argument 'cmake_clean_first' from command line to 'False'
[0.737s] Level 5:colcon.colcon_core.verb:set package 'test_pubsub' build argument 'cmake_force_configure' from command line to 'False'
[0.737s] Level 5:colcon.colcon_core.verb:set package 'test_pubsub' build argument 'ament_cmake_args' from command line to 'None'
[0.737s] Level 5:colcon.colcon_core.verb:set package 'test_pubsub' build argument 'catkin_cmake_args' from command line to 'None'
[0.738s] Level 5:colcon.colcon_core.verb:set package 'test_pubsub' build argument 'catkin_skip_building_tests' from command line to 'False'
[0.738s] DEBUG:colcon.colcon_core.verb:Building package 'test_pubsub' with the following arguments: {'ament_cmake_args': None, 'build_base': '/src/ros2_ws/build/test_pubsub', 'catkin_cmake_args': None, 'catkin_skip_building_tests': False, 'cmake_args': None, 'cmake_clean_cache': False, 'cmake_clean_first': False, 'cmake_force_configure': False, 'cmake_target': None, 'cmake_target_skip_unavailable': False, 'install_base': '/src/ros2_ws/install/test_pubsub', 'merge_install': False, 'path': '/src/ros2_ws/src/test_pubsub', 'symlink_install': False, 'test_result_base': None}
[0.745s] Level 5:colcon.colcon_core.verb:set package 'px4_ros_com' build argument 'cmake_args' from command line to 'None'
[0.745s] Level 5:colcon.colcon_core.verb:set package 'px4_ros_com' build argument 'cmake_target' from command line to 'None'
[0.745s] Level 5:colcon.colcon_core.verb:set package 'px4_ros_com' build argument 'cmake_target_skip_unavailable' from command line to 'False'
[0.745s] Level 5:colcon.colcon_core.verb:set package 'px4_ros_com' build argument 'cmake_clean_cache' from command line to 'False'
[0.745s] Level 5:colcon.colcon_core.verb:set package 'px4_ros_com' build argument 'cmake_clean_first' from command line to 'False'
[0.745s] Level 5:colcon.colcon_core.verb:set package 'px4_ros_com' build argument 'cmake_force_configure' from command line to 'False'
[0.745s] Level 5:colcon.colcon_core.verb:set package 'px4_ros_com' build argument 'ament_cmake_args' from command line to 'None'
[0.745s] Level 5:colcon.colcon_core.verb:set package 'px4_ros_com' build argument 'catkin_cmake_args' from command line to 'None'
[0.745s] Level 5:colcon.colcon_core.verb:set package 'px4_ros_com' build argument 'catkin_skip_building_tests' from command line to 'False'
[0.745s] DEBUG:colcon.colcon_core.verb:Building package 'px4_ros_com' with the following arguments: {'ament_cmake_args': None, 'build_base': '/src/ros2_ws/build/px4_ros_com', 'catkin_cmake_args': None, 'catkin_skip_building_tests': False, 'cmake_args': None, 'cmake_clean_cache': False, 'cmake_clean_first': False, 'cmake_force_configure': False, 'cmake_target': None, 'cmake_target_skip_unavailable': False, 'install_base': '/src/ros2_ws/install/px4_ros_com', 'merge_install': False, 'path': '/src/ros2_ws/src/px4_ros_com', 'symlink_install': False, 'test_result_base': None}
[0.752s] INFO:colcon.colcon_core.executor:Executing jobs using 'parallel' executor
[0.760s] DEBUG:colcon.colcon_parallel_executor.executor.parallel:run_until_complete
[0.760s] INFO:colcon.colcon_ros.task.ament_cmake.build:Building ROS package in '/src/ros2_ws/src/px4_msgs' with build type 'ament_cmake'
[0.760s] INFO:colcon.colcon_cmake.task.cmake.build:Building CMake package in '/src/ros2_ws/src/px4_msgs'
[0.769s] INFO:colcon.colcon_core.plugin_system:Skipping extension 'colcon_core.shell.bat': Not used on non-Windows systems
[0.769s] INFO:colcon.colcon_core.shell:Skip shell extension 'powershell' for command environment: Not usable outside of PowerShell
[0.769s] DEBUG:colcon.colcon_core.shell:Skip shell extension 'dsv' for command environment
[0.793s] INFO:colcon.colcon_cmake.task.cmake.build:Building CMake package in '/src/ros2_ws/src/Micro-XRCE-DDS-Agent'
[0.800s] INFO:colcon.colcon_core.shell:Skip shell extension 'powershell' for command environment: Not usable outside of PowerShell
[0.801s] DEBUG:colcon.colcon_core.shell:Skip shell extension 'dsv' for command environment
[0.823s] INFO:colcon.colcon_ros.task.ament_python.build:Building ROS package in '/src/ros2_ws/src/test_pubsub' with build type 'ament_python'
[0.823s] Level 1:colcon.colcon_core.shell:create_environment_hook('test_pubsub', 'ament_prefix_path')
[0.831s] INFO:colcon.colcon_core.shell:Creating environment hook '/src/ros2_ws/install/test_pubsub/share/test_pubsub/hook/ament_prefix_path.ps1'
[0.831s] INFO:colcon.colcon_core.shell:Creating environment descriptor '/src/ros2_ws/install/test_pubsub/share/test_pubsub/hook/ament_prefix_path.dsv'
[0.831s] INFO:colcon.colcon_core.shell:Creating environment hook '/src/ros2_ws/install/test_pubsub/share/test_pubsub/hook/ament_prefix_path.sh'
[0.839s] INFO:colcon.colcon_core.shell:Skip shell extension 'powershell' for command environment: Not usable outside of PowerShell
[0.839s] DEBUG:colcon.colcon_core.shell:Skip shell extension 'dsv' for command environment
[0.865s] DEBUG:colcon.colcon_core.event_handler.log_command:Invoking command in '/src/ros2_ws/build/px4_msgs': CMAKE_PREFIX_PATH=${CMAKE_PREFIX_PATH}:/src/ros2_ws/install/test_pubsub:/opt/ros/iron /usr/bin/cmake /src/ros2_ws/src/px4_msgs -DCMAKE_INSTALL_PREFIX=/src/ros2_ws/install/px4_msgs
[0.868s] DEBUG:colcon.colcon_core.event_handler.log_command:Invoking command in '/src/ros2_ws/build/microxrcedds_agent': /usr/bin/cmake --build /src/ros2_ws/build/microxrcedds_agent -- -j16 -l16
[1.025s] INFO:colcon.colcon_core.task.python.build:Building Python package in '/src/ros2_ws/src/test_pubsub'
[1.034s] INFO:colcon.colcon_core.shell:Skip shell extension 'powershell' for command environment: Not usable outside of PowerShell
[1.034s] DEBUG:colcon.colcon_core.shell:Skip shell extension 'dsv' for command environment
[1.058s] DEBUG:colcon.colcon_core.event_handler.log_command:Invoked command in '/src/ros2_ws/build/microxrcedds_agent' returned '0': /usr/bin/cmake --build /src/ros2_ws/build/microxrcedds_agent -- -j16 -l16
[1.185s] DEBUG:colcon.colcon_core.event_handler.log_command:Invoking command in '/src/ros2_ws/build/microxrcedds_agent': /usr/bin/cmake --install /src/ros2_ws/build/microxrcedds_agent
[1.200s] Level 1:colcon.colcon_core.environment:create_environment_scripts_only(microxrcedds_agent)
[1.212s] DEBUG:colcon.colcon_core.event_handler.log_command:Invoked command in '/src/ros2_ws/build/microxrcedds_agent' returned '0': /usr/bin/cmake --install /src/ros2_ws/build/microxrcedds_agent
[1.219s] Level 1:colcon.colcon_core.environment:checking '/src/ros2_ws/install/microxrcedds_agent' for CMake module files
[1.219s] Level 1:colcon.colcon_core.environment:checking '/src/ros2_ws/install/microxrcedds_agent' for CMake config files
[1.220s] Level 1:colcon.colcon_core.shell:create_environment_hook('microxrcedds_agent', 'cmake_prefix_path')
[1.228s] INFO:colcon.colcon_core.shell:Creating environment hook '/src/ros2_ws/install/microxrcedds_agent/share/microxrcedds_agent/hook/cmake_prefix_path.ps1'
[1.228s] INFO:colcon.colcon_core.shell:Creating environment descriptor '/src/ros2_ws/install/microxrcedds_agent/share/microxrcedds_agent/hook/cmake_prefix_path.dsv'
[1.229s] INFO:colcon.colcon_core.shell:Creating environment hook '/src/ros2_ws/install/microxrcedds_agent/share/microxrcedds_agent/hook/cmake_prefix_path.sh'
[1.229s] Level 1:colcon.colcon_core.environment:checking '/src/ros2_ws/install/microxrcedds_agent/lib'
[1.229s] Level 1:colcon.colcon_core.shell:create_environment_hook('microxrcedds_agent', 'ld_library_path_lib')
[1.237s] INFO:colcon.colcon_core.shell:Creating environment hook '/src/ros2_ws/install/microxrcedds_agent/share/microxrcedds_agent/hook/ld_library_path_lib.ps1'
[1.237s] INFO:colcon.colcon_core.shell:Creating environment descriptor '/src/ros2_ws/install/microxrcedds_agent/share/microxrcedds_agent/hook/ld_library_path_lib.dsv'
[1.237s] INFO:colcon.colcon_core.shell:Creating environment hook '/src/ros2_ws/install/microxrcedds_agent/share/microxrcedds_agent/hook/ld_library_path_lib.sh'
[1.238s] Level 1:colcon.colcon_core.environment:checking '/src/ros2_ws/install/microxrcedds_agent/bin'
[1.238s] Level 1:colcon.colcon_core.shell:create_environment_hook('microxrcedds_agent', 'path')
[1.246s] INFO:colcon.colcon_core.shell:Creating environment hook '/src/ros2_ws/install/microxrcedds_agent/share/microxrcedds_agent/hook/path.ps1'
[1.246s] INFO:colcon.colcon_core.shell:Creating environment descriptor '/src/ros2_ws/install/microxrcedds_agent/share/microxrcedds_agent/hook/path.dsv'
[1.246s] INFO:colcon.colcon_core.shell:Creating environment hook '/src/ros2_ws/install/microxrcedds_agent/share/microxrcedds_agent/hook/path.sh'
[1.247s] Level 1:colcon.colcon_core.environment:checking '/src/ros2_ws/install/microxrcedds_agent/lib/pkgconfig/microxrcedds_agent.pc'
[1.247s] Level 1:colcon.colcon_core.environment:checking '/src/ros2_ws/install/microxrcedds_agent/lib/python3.10/site-packages'
[1.247s] Level 1:colcon.colcon_core.environment:checking '/src/ros2_ws/install/microxrcedds_agent/bin'
[1.247s] Level 1:colcon.colcon_core.shell:create_environment_hook('microxrcedds_agent', 'pythonscriptspath')
[1.255s] INFO:colcon.colcon_core.shell:Creating environment hook '/src/ros2_ws/install/microxrcedds_agent/share/microxrcedds_agent/hook/pythonscriptspath.ps1'
[1.255s] INFO:colcon.colcon_core.shell:Creating environment descriptor '/src/ros2_ws/install/microxrcedds_agent/share/microxrcedds_agent/hook/pythonscriptspath.dsv'
[1.255s] INFO:colcon.colcon_core.shell:Creating environment hook '/src/ros2_ws/install/microxrcedds_agent/share/microxrcedds_agent/hook/pythonscriptspath.sh'
[1.264s] INFO:colcon.colcon_core.shell:Creating package script '/src/ros2_ws/install/microxrcedds_agent/share/microxrcedds_agent/package.ps1'
[1.265s] INFO:colcon.colcon_core.shell:Creating package descriptor '/src/ros2_ws/install/microxrcedds_agent/share/microxrcedds_agent/package.dsv'
[1.265s] INFO:colcon.colcon_core.shell:Creating package script '/src/ros2_ws/install/microxrcedds_agent/share/microxrcedds_agent/package.sh'
[1.266s] INFO:colcon.colcon_core.shell:Creating package script '/src/ros2_ws/install/microxrcedds_agent/share/microxrcedds_agent/package.bash'
[1.266s] INFO:colcon.colcon_core.shell:Creating package script '/src/ros2_ws/install/microxrcedds_agent/share/microxrcedds_agent/package.zsh'
[1.267s] Level 1:colcon.colcon_core.environment:create_file_with_runtime_dependencies(/src/ros2_ws/install/microxrcedds_agent/share/colcon-core/packages/microxrcedds_agent)
[1.269s] DEBUG:colcon.colcon_core.event_handler.log_command:Invoking command in '/src/ros2_ws/src/test_pubsub': PYTHONPATH=/src/ros2_ws/build/test_pubsub/prefix_override:/src/ros2_ws/install/test_pubsub/lib/python3.10/site-packages:${PYTHONPATH} /usr/bin/python3 setup.py egg_info --egg-base ../../build/test_pubsub build --build-base /src/ros2_ws/build/test_pubsub/build install --record /src/ros2_ws/build/test_pubsub/install.log --single-version-externally-managed
[1.450s] DEBUG:colcon.colcon_core.event_handler.log_command:Invoked command in '/src/ros2_ws/src/test_pubsub' returned '0': PYTHONPATH=/src/ros2_ws/build/test_pubsub/prefix_override:/src/ros2_ws/install/test_pubsub/lib/python3.10/site-packages:${PYTHONPATH} /usr/bin/python3 setup.py egg_info --egg-base ../../build/test_pubsub build --build-base /src/ros2_ws/build/test_pubsub/build install --record /src/ros2_ws/build/test_pubsub/install.log --single-version-externally-managed
[1.458s] Level 1:colcon.colcon_core.environment:checking '/src/ros2_ws/install/test_pubsub' for CMake module files
[1.458s] Level 1:colcon.colcon_core.environment:checking '/src/ros2_ws/install/test_pubsub' for CMake config files
[1.458s] Level 1:colcon.colcon_core.environment:checking '/src/ros2_ws/install/test_pubsub/lib'
[1.458s] Level 1:colcon.colcon_core.environment:checking '/src/ros2_ws/install/test_pubsub/bin'
[1.459s] Level 1:colcon.colcon_core.environment:checking '/src/ros2_ws/install/test_pubsub/lib/pkgconfig/test_pubsub.pc'
[1.459s] Level 1:colcon.colcon_core.environment:checking '/src/ros2_ws/install/test_pubsub/lib/python3.10/site-packages'
[1.459s] Level 1:colcon.colcon_core.shell:create_environment_hook('test_pubsub', 'pythonpath')
[1.466s] INFO:colcon.colcon_core.shell:Creating environment hook '/src/ros2_ws/install/test_pubsub/share/test_pubsub/hook/pythonpath.ps1'
[1.467s] INFO:colcon.colcon_core.shell:Creating environment descriptor '/src/ros2_ws/install/test_pubsub/share/test_pubsub/hook/pythonpath.dsv'
[1.467s] INFO:colcon.colcon_core.shell:Creating environment hook '/src/ros2_ws/install/test_pubsub/share/test_pubsub/hook/pythonpath.sh'
[1.468s] Level 1:colcon.colcon_core.environment:checking '/src/ros2_ws/install/test_pubsub/bin'
[1.468s] Level 1:colcon.colcon_core.environment:create_environment_scripts_only(test_pubsub)
[1.475s] INFO:colcon.colcon_core.shell:Creating package script '/src/ros2_ws/install/test_pubsub/share/test_pubsub/package.ps1'
[1.475s] INFO:colcon.colcon_core.shell:Creating package descriptor '/src/ros2_ws/install/test_pubsub/share/test_pubsub/package.dsv'
[1.476s] INFO:colcon.colcon_core.shell:Creating package script '/src/ros2_ws/install/test_pubsub/share/test_pubsub/package.sh'
[1.476s] INFO:colcon.colcon_core.shell:Creating package script '/src/ros2_ws/install/test_pubsub/share/test_pubsub/package.bash'
[1.476s] INFO:colcon.colcon_core.shell:Creating package script '/src/ros2_ws/install/test_pubsub/share/test_pubsub/package.zsh'
[1.476s] Level 1:colcon.colcon_core.environment:create_file_with_runtime_dependencies(/src/ros2_ws/install/test_pubsub/share/colcon-core/packages/test_pubsub)
[3.463s] DEBUG:colcon.colcon_core.event_handler.log_command:Invoked command in '/src/ros2_ws/build/px4_msgs' returned '0': CMAKE_PREFIX_PATH=${CMAKE_PREFIX_PATH}:/src/ros2_ws/install/test_pubsub:/opt/ros/iron /usr/bin/cmake /src/ros2_ws/src/px4_msgs -DCMAKE_INSTALL_PREFIX=/src/ros2_ws/install/px4_msgs
[3.465s] DEBUG:colcon.colcon_core.event_handler.log_command:Invoking command in '/src/ros2_ws/build/px4_msgs': CMAKE_PREFIX_PATH=${CMAKE_PREFIX_PATH}:/src/ros2_ws/install/test_pubsub:/opt/ros/iron /usr/bin/cmake --build /src/ros2_ws/build/px4_msgs -- -j16 -l16
[154.997s] DEBUG:colcon.colcon_core.event_handler.log_command:Invoked command in '/src/ros2_ws/build/px4_msgs' returned '0': CMAKE_PREFIX_PATH=${CMAKE_PREFIX_PATH}:/src/ros2_ws/install/test_pubsub:/opt/ros/iron /usr/bin/cmake --build /src/ros2_ws/build/px4_msgs -- -j16 -l16
[160.051s] DEBUG:colcon.colcon_core.event_handler.log_command:Invoking command in '/src/ros2_ws/build/px4_msgs': CMAKE_PREFIX_PATH=${CMAKE_PREFIX_PATH}:/src/ros2_ws/install/test_pubsub:/opt/ros/iron /usr/bin/cmake --install /src/ros2_ws/build/px4_msgs
[161.054s] Level 1:colcon.colcon_core.environment:create_environment_scripts_only(px4_msgs)
[161.055s] DEBUG:colcon.colcon_core.event_handler.log_command:Invoked command in '/src/ros2_ws/build/px4_msgs' returned '0': CMAKE_PREFIX_PATH=${CMAKE_PREFIX_PATH}:/src/ros2_ws/install/test_pubsub:/opt/ros/iron /usr/bin/cmake --install /src/ros2_ws/build/px4_msgs
[161.064s] Level 1:colcon.colcon_core.environment:checking '/src/ros2_ws/install/px4_msgs' for CMake module files
[161.064s] Level 1:colcon.colcon_core.environment:checking '/src/ros2_ws/install/px4_msgs' for CMake config files
[161.065s] Level 1:colcon.colcon_core.shell:create_environment_hook('px4_msgs', 'cmake_prefix_path')
[161.073s] INFO:colcon.colcon_core.shell:Creating environment hook '/src/ros2_ws/install/px4_msgs/share/px4_msgs/hook/cmake_prefix_path.ps1'
[161.074s] INFO:colcon.colcon_core.shell:Creating environment descriptor '/src/ros2_ws/install/px4_msgs/share/px4_msgs/hook/cmake_prefix_path.dsv'
[161.074s] INFO:colcon.colcon_core.shell:Creating environment hook '/src/ros2_ws/install/px4_msgs/share/px4_msgs/hook/cmake_prefix_path.sh'
[161.074s] Level 1:colcon.colcon_core.environment:checking '/src/ros2_ws/install/px4_msgs/lib'
[161.074s] Level 1:colcon.colcon_core.shell:create_environment_hook('px4_msgs', 'ld_library_path_lib')
[161.081s] INFO:colcon.colcon_core.shell:Creating environment hook '/src/ros2_ws/install/px4_msgs/share/px4_msgs/hook/ld_library_path_lib.ps1'
[161.082s] INFO:colcon.colcon_core.shell:Creating environment descriptor '/src/ros2_ws/install/px4_msgs/share/px4_msgs/hook/ld_library_path_lib.dsv'
[161.082s] INFO:colcon.colcon_core.shell:Creating environment hook '/src/ros2_ws/install/px4_msgs/share/px4_msgs/hook/ld_library_path_lib.sh'
[161.082s] Level 1:colcon.colcon_core.environment:checking '/src/ros2_ws/install/px4_msgs/bin'
[161.082s] Level 1:colcon.colcon_core.environment:checking '/src/ros2_ws/install/px4_msgs/lib/pkgconfig/px4_msgs.pc'
[161.082s] Level 1:colcon.colcon_core.environment:checking '/src/ros2_ws/install/px4_msgs/lib/python3.10/site-packages'
[161.082s] Level 1:colcon.colcon_core.shell:create_environment_hook('px4_msgs', 'pythonpath')
[161.089s] INFO:colcon.colcon_core.shell:Creating environment hook '/src/ros2_ws/install/px4_msgs/share/px4_msgs/hook/pythonpath.ps1'
[161.090s] INFO:colcon.colcon_core.shell:Creating environment descriptor '/src/ros2_ws/install/px4_msgs/share/px4_msgs/hook/pythonpath.dsv'
[161.090s] INFO:colcon.colcon_core.shell:Creating environment hook '/src/ros2_ws/install/px4_msgs/share/px4_msgs/hook/pythonpath.sh'
[161.090s] Level 1:colcon.colcon_core.environment:checking '/src/ros2_ws/install/px4_msgs/bin'
[161.097s] INFO:colcon.colcon_core.shell:Creating package script '/src/ros2_ws/install/px4_msgs/share/px4_msgs/package.ps1'
[161.098s] INFO:colcon.colcon_core.shell:Creating package descriptor '/src/ros2_ws/install/px4_msgs/share/px4_msgs/package.dsv'
[161.098s] INFO:colcon.colcon_core.shell:Creating package script '/src/ros2_ws/install/px4_msgs/share/px4_msgs/package.sh'
[161.098s] INFO:colcon.colcon_core.shell:Creating package script '/src/ros2_ws/install/px4_msgs/share/px4_msgs/package.bash'
[161.099s] INFO:colcon.colcon_core.shell:Creating package script '/src/ros2_ws/install/px4_msgs/share/px4_msgs/package.zsh'
[161.099s] Level 1:colcon.colcon_core.environment:create_file_with_runtime_dependencies(/src/ros2_ws/install/px4_msgs/share/colcon-core/packages/px4_msgs)
[166.191s] Level 1:colcon.colcon_core.environment:create_environment_scripts_only(px4_msgs)
[166.198s] Level 1:colcon.colcon_core.environment:checking '/src/ros2_ws/install/px4_msgs' for CMake module files
[166.198s] Level 1:colcon.colcon_core.environment:checking '/src/ros2_ws/install/px4_msgs' for CMake config files
[166.199s] Level 1:colcon.colcon_core.shell:create_environment_hook('px4_msgs', 'cmake_prefix_path')
[166.206s] INFO:colcon.colcon_core.shell:Creating environment hook '/src/ros2_ws/install/px4_msgs/share/px4_msgs/hook/cmake_prefix_path.ps1'
[166.206s] INFO:colcon.colcon_core.shell:Creating environment descriptor '/src/ros2_ws/install/px4_msgs/share/px4_msgs/hook/cmake_prefix_path.dsv'
[166.207s] INFO:colcon.colcon_core.shell:Creating environment hook '/src/ros2_ws/install/px4_msgs/share/px4_msgs/hook/cmake_prefix_path.sh'
[166.207s] Level 1:colcon.colcon_core.environment:checking '/src/ros2_ws/install/px4_msgs/lib'
[166.207s] Level 1:colcon.colcon_core.shell:create_environment_hook('px4_msgs', 'ld_library_path_lib')
[166.215s] INFO:colcon.colcon_core.shell:Creating environment hook '/src/ros2_ws/install/px4_msgs/share/px4_msgs/hook/ld_library_path_lib.ps1'
[166.215s] INFO:colcon.colcon_core.shell:Creating environment descriptor '/src/ros2_ws/install/px4_msgs/share/px4_msgs/hook/ld_library_path_lib.dsv'
[166.215s] INFO:colcon.colcon_core.shell:Creating environment hook '/src/ros2_ws/install/px4_msgs/share/px4_msgs/hook/ld_library_path_lib.sh'
[166.215s] Level 1:colcon.colcon_core.environment:checking '/src/ros2_ws/install/px4_msgs/bin'
[166.216s] Level 1:colcon.colcon_core.environment:checking '/src/ros2_ws/install/px4_msgs/lib/pkgconfig/px4_msgs.pc'
[166.216s] Level 1:colcon.colcon_core.environment:checking '/src/ros2_ws/install/px4_msgs/lib/python3.10/site-packages'
[166.216s] Level 1:colcon.colcon_core.shell:create_environment_hook('px4_msgs', 'pythonpath')
[166.223s] INFO:colcon.colcon_core.shell:Creating environment hook '/src/ros2_ws/install/px4_msgs/share/px4_msgs/hook/pythonpath.ps1'
[166.223s] INFO:colcon.colcon_core.shell:Creating environment descriptor '/src/ros2_ws/install/px4_msgs/share/px4_msgs/hook/pythonpath.dsv'
[166.223s] INFO:colcon.colcon_core.shell:Creating environment hook '/src/ros2_ws/install/px4_msgs/share/px4_msgs/hook/pythonpath.sh'
[166.224s] Level 1:colcon.colcon_core.environment:checking '/src/ros2_ws/install/px4_msgs/bin'
[166.231s] INFO:colcon.colcon_core.shell:Creating package script '/src/ros2_ws/install/px4_msgs/share/px4_msgs/package.ps1'
[166.232s] INFO:colcon.colcon_core.shell:Creating package descriptor '/src/ros2_ws/install/px4_msgs/share/px4_msgs/package.dsv'
[166.232s] INFO:colcon.colcon_core.shell:Creating package script '/src/ros2_ws/install/px4_msgs/share/px4_msgs/package.sh'
[166.232s] INFO:colcon.colcon_core.shell:Creating package script '/src/ros2_ws/install/px4_msgs/share/px4_msgs/package.bash'
[166.233s] INFO:colcon.colcon_core.shell:Creating package script '/src/ros2_ws/install/px4_msgs/share/px4_msgs/package.zsh'
[166.233s] Level 1:colcon.colcon_core.environment:create_file_with_runtime_dependencies(/src/ros2_ws/install/px4_msgs/share/colcon-core/packages/px4_msgs)
[166.233s] INFO:colcon.colcon_ros.task.ament_cmake.build:Building ROS package in '/src/ros2_ws/src/px4_ros_com' with build type 'ament_cmake'
[166.233s] INFO:colcon.colcon_cmake.task.cmake.build:Building CMake package in '/src/ros2_ws/src/px4_ros_com'
[166.241s] INFO:colcon.colcon_core.shell:Skip shell extension 'powershell' for command environment: Not usable outside of PowerShell
[166.241s] DEBUG:colcon.colcon_core.shell:Skip shell extension 'dsv' for command environment
[166.270s] DEBUG:colcon.colcon_core.event_handler.log_command:Invoking command in '/src/ros2_ws/build/px4_ros_com': AMENT_PREFIX_PATH=/src/ros2_ws/install/px4_msgs:${AMENT_PREFIX_PATH} CMAKE_PREFIX_PATH=/src/ros2_ws/install/px4_msgs:/src/ros2_ws/install/microxrcedds_agent:/src/ros2_ws/install/test_pubsub:/opt/ros/iron LD_LIBRARY_PATH=/src/ros2_ws/install/px4_msgs/lib:${LD_LIBRARY_PATH} PYTHONPATH=/src/ros2_ws/install/px4_msgs/lib/python3.10/site-packages:${PYTHONPATH} /usr/bin/cmake /src/ros2_ws/src/px4_ros_com -DCMAKE_INSTALL_PREFIX=/src/ros2_ws/install/px4_ros_com
[167.526s] DEBUG:colcon.colcon_core.event_handler.log_command:Invoked command in '/src/ros2_ws/build/px4_ros_com' returned '0': AMENT_PREFIX_PATH=/src/ros2_ws/install/px4_msgs:${AMENT_PREFIX_PATH} CMAKE_PREFIX_PATH=/src/ros2_ws/install/px4_msgs:/src/ros2_ws/install/microxrcedds_agent:/src/ros2_ws/install/test_pubsub:/opt/ros/iron LD_LIBRARY_PATH=/src/ros2_ws/install/px4_msgs/lib:${LD_LIBRARY_PATH} PYTHONPATH=/src/ros2_ws/install/px4_msgs/lib/python3.10/site-packages:${PYTHONPATH} /usr/bin/cmake /src/ros2_ws/src/px4_ros_com -DCMAKE_INSTALL_PREFIX=/src/ros2_ws/install/px4_ros_com
[167.527s] DEBUG:colcon.colcon_core.event_handler.log_command:Invoking command in '/src/ros2_ws/build/px4_ros_com': AMENT_PREFIX_PATH=/src/ros2_ws/install/px4_msgs:${AMENT_PREFIX_PATH} CMAKE_PREFIX_PATH=/src/ros2_ws/install/px4_msgs:/src/ros2_ws/install/microxrcedds_agent:/src/ros2_ws/install/test_pubsub:/opt/ros/iron LD_LIBRARY_PATH=/src/ros2_ws/install/px4_msgs/lib:${LD_LIBRARY_PATH} PYTHONPATH=/src/ros2_ws/install/px4_msgs/lib/python3.10/site-packages:${PYTHONPATH} /usr/bin/cmake --build /src/ros2_ws/build/px4_ros_com -- -j16 -l16
[173.644s] DEBUG:colcon.colcon_core.event_handler.log_command:Invoked command in '/src/ros2_ws/build/px4_ros_com' returned '0': AMENT_PREFIX_PATH=/src/ros2_ws/install/px4_msgs:${AMENT_PREFIX_PATH} CMAKE_PREFIX_PATH=/src/ros2_ws/install/px4_msgs:/src/ros2_ws/install/microxrcedds_agent:/src/ros2_ws/install/test_pubsub:/opt/ros/iron LD_LIBRARY_PATH=/src/ros2_ws/install/px4_msgs/lib:${LD_LIBRARY_PATH} PYTHONPATH=/src/ros2_ws/install/px4_msgs/lib/python3.10/site-packages:${PYTHONPATH} /usr/bin/cmake --build /src/ros2_ws/build/px4_ros_com -- -j16 -l16
[173.680s] DEBUG:colcon.colcon_core.event_handler.log_command:Invoking command in '/src/ros2_ws/build/px4_ros_com': AMENT_PREFIX_PATH=/src/ros2_ws/install/px4_msgs:${AMENT_PREFIX_PATH} CMAKE_PREFIX_PATH=/src/ros2_ws/install/px4_msgs:/src/ros2_ws/install/microxrcedds_agent:/src/ros2_ws/install/test_pubsub:/opt/ros/iron LD_LIBRARY_PATH=/src/ros2_ws/install/px4_msgs/lib:${LD_LIBRARY_PATH} PYTHONPATH=/src/ros2_ws/install/px4_msgs/lib/python3.10/site-packages:${PYTHONPATH} /usr/bin/cmake --install /src/ros2_ws/build/px4_ros_com
[173.713s] Level 1:colcon.colcon_core.environment:create_environment_scripts_only(px4_ros_com)
[173.713s] DEBUG:colcon.colcon_core.event_handler.log_command:Invoked command in '/src/ros2_ws/build/px4_ros_com' returned '0': AMENT_PREFIX_PATH=/src/ros2_ws/install/px4_msgs:${AMENT_PREFIX_PATH} CMAKE_PREFIX_PATH=/src/ros2_ws/install/px4_msgs:/src/ros2_ws/install/microxrcedds_agent:/src/ros2_ws/install/test_pubsub:/opt/ros/iron LD_LIBRARY_PATH=/src/ros2_ws/install/px4_msgs/lib:${LD_LIBRARY_PATH} PYTHONPATH=/src/ros2_ws/install/px4_msgs/lib/python3.10/site-packages:${PYTHONPATH} /usr/bin/cmake --install /src/ros2_ws/build/px4_ros_com
[173.720s] Level 1:colcon.colcon_core.environment:checking '/src/ros2_ws/install/px4_ros_com' for CMake module files
[173.721s] Level 1:colcon.colcon_core.environment:checking '/src/ros2_ws/install/px4_ros_com' for CMake config files
[173.721s] Level 1:colcon.colcon_core.shell:create_environment_hook('px4_ros_com', 'cmake_prefix_path')
[173.728s] INFO:colcon.colcon_core.shell:Creating environment hook '/src/ros2_ws/install/px4_ros_com/share/px4_ros_com/hook/cmake_prefix_path.ps1'
[173.728s] INFO:colcon.colcon_core.shell:Creating environment descriptor '/src/ros2_ws/install/px4_ros_com/share/px4_ros_com/hook/cmake_prefix_path.dsv'
[173.728s] INFO:colcon.colcon_core.shell:Creating environment hook '/src/ros2_ws/install/px4_ros_com/share/px4_ros_com/hook/cmake_prefix_path.sh'
[173.729s] Level 1:colcon.colcon_core.environment:checking '/src/ros2_ws/install/px4_ros_com/lib'
[173.729s] Level 1:colcon.colcon_core.shell:create_environment_hook('px4_ros_com', 'ld_library_path_lib')
[173.736s] INFO:colcon.colcon_core.shell:Creating environment hook '/src/ros2_ws/install/px4_ros_com/share/px4_ros_com/hook/ld_library_path_lib.ps1'
[173.736s] INFO:colcon.colcon_core.shell:Creating environment descriptor '/src/ros2_ws/install/px4_ros_com/share/px4_ros_com/hook/ld_library_path_lib.dsv'
[173.736s] INFO:colcon.colcon_core.shell:Creating environment hook '/src/ros2_ws/install/px4_ros_com/share/px4_ros_com/hook/ld_library_path_lib.sh'
[173.736s] Level 1:colcon.colcon_core.environment:checking '/src/ros2_ws/install/px4_ros_com/bin'
[173.736s] Level 1:colcon.colcon_core.environment:checking '/src/ros2_ws/install/px4_ros_com/lib/pkgconfig/px4_ros_com.pc'
[173.737s] Level 1:colcon.colcon_core.environment:checking '/src/ros2_ws/install/px4_ros_com/lib/python3.10/site-packages'
[173.737s] Level 1:colcon.colcon_core.environment:checking '/src/ros2_ws/install/px4_ros_com/bin'
[173.744s] INFO:colcon.colcon_core.shell:Creating package script '/src/ros2_ws/install/px4_ros_com/share/px4_ros_com/package.ps1'
[173.744s] INFO:colcon.colcon_core.shell:Creating package descriptor '/src/ros2_ws/install/px4_ros_com/share/px4_ros_com/package.dsv'
[173.744s] INFO:colcon.colcon_core.shell:Creating package script '/src/ros2_ws/install/px4_ros_com/share/px4_ros_com/package.sh'
[173.745s] INFO:colcon.colcon_core.shell:Creating package script '/src/ros2_ws/install/px4_ros_com/share/px4_ros_com/package.bash'
[173.745s] INFO:colcon.colcon_core.shell:Creating package script '/src/ros2_ws/install/px4_ros_com/share/px4_ros_com/package.zsh'
[173.745s] Level 1:colcon.colcon_core.environment:create_file_with_runtime_dependencies(/src/ros2_ws/install/px4_ros_com/share/colcon-core/packages/px4_ros_com)
[173.789s] Level 1:colcon.colcon_core.environment:create_environment_scripts_only(px4_ros_com)
[173.796s] Level 1:colcon.colcon_core.environment:checking '/src/ros2_ws/install/px4_ros_com' for CMake module files
[173.797s] Level 1:colcon.colcon_core.environment:checking '/src/ros2_ws/install/px4_ros_com' for CMake config files
[173.797s] Level 1:colcon.colcon_core.shell:create_environment_hook('px4_ros_com', 'cmake_prefix_path')
[173.804s] INFO:colcon.colcon_core.shell:Creating environment hook '/src/ros2_ws/install/px4_ros_com/share/px4_ros_com/hook/cmake_prefix_path.ps1'
[173.804s] INFO:colcon.colcon_core.shell:Creating environment descriptor '/src/ros2_ws/install/px4_ros_com/share/px4_ros_com/hook/cmake_prefix_path.dsv'
[173.804s] INFO:colcon.colcon_core.shell:Creating environment hook '/src/ros2_ws/install/px4_ros_com/share/px4_ros_com/hook/cmake_prefix_path.sh'
[173.805s] Level 1:colcon.colcon_core.environment:checking '/src/ros2_ws/install/px4_ros_com/lib'
[173.805s] Level 1:colcon.colcon_core.shell:create_environment_hook('px4_ros_com', 'ld_library_path_lib')
[173.812s] INFO:colcon.colcon_core.shell:Creating environment hook '/src/ros2_ws/install/px4_ros_com/share/px4_ros_com/hook/ld_library_path_lib.ps1'
[173.812s] INFO:colcon.colcon_core.shell:Creating environment descriptor '/src/ros2_ws/install/px4_ros_com/share/px4_ros_com/hook/ld_library_path_lib.dsv'
[173.812s] INFO:colcon.colcon_core.shell:Creating environment hook '/src/ros2_ws/install/px4_ros_com/share/px4_ros_com/hook/ld_library_path_lib.sh'
[173.813s] Level 1:colcon.colcon_core.environment:checking '/src/ros2_ws/install/px4_ros_com/bin'
[173.813s] Level 1:colcon.colcon_core.environment:checking '/src/ros2_ws/install/px4_ros_com/lib/pkgconfig/px4_ros_com.pc'
[173.813s] Level 1:colcon.colcon_core.environment:checking '/src/ros2_ws/install/px4_ros_com/lib/python3.10/site-packages'
[173.813s] Level 1:colcon.colcon_core.environment:checking '/src/ros2_ws/install/px4_ros_com/bin'
[173.820s] INFO:colcon.colcon_core.shell:Creating package script '/src/ros2_ws/install/px4_ros_com/share/px4_ros_com/package.ps1'
[173.821s] INFO:colcon.colcon_core.shell:Creating package descriptor '/src/ros2_ws/install/px4_ros_com/share/px4_ros_com/package.dsv'
[173.821s] INFO:colcon.colcon_core.shell:Creating package script '/src/ros2_ws/install/px4_ros_com/share/px4_ros_com/package.sh'
[173.822s] INFO:colcon.colcon_core.shell:Creating package script '/src/ros2_ws/install/px4_ros_com/share/px4_ros_com/package.bash'
[173.822s] INFO:colcon.colcon_core.shell:Creating package script '/src/ros2_ws/install/px4_ros_com/share/px4_ros_com/package.zsh'
[173.822s] Level 1:colcon.colcon_core.environment:create_file_with_runtime_dependencies(/src/ros2_ws/install/px4_ros_com/share/colcon-core/packages/px4_ros_com)
[173.822s] DEBUG:colcon.colcon_parallel_executor.executor.parallel:closing loop
[173.823s] DEBUG:colcon.colcon_parallel_executor.executor.parallel:loop closed
[173.823s] DEBUG:colcon.colcon_parallel_executor.executor.parallel:run_until_complete finished with '0'
[173.823s] DEBUG:colcon.colcon_core.event_reactor:joining thread
[173.834s] INFO:colcon.colcon_core.plugin_system:Skipping extension 'colcon_notification.desktop_notification.notify_send': Could not find 'notify-send'
[173.834s] INFO:colcon.colcon_core.plugin_system:Skipping extension 'colcon_notification.desktop_notification.terminal_notifier': Not used on non-Darwin systems
[173.834s] INFO:colcon.colcon_core.plugin_system:Skipping extension 'colcon_notification.desktop_notification.win32': Not used on non-Windows systems
[173.834s] INFO:colcon.colcon_notification.desktop_notification:Sending desktop notification using 'notify2'
[173.837s] DEBUG:colcon.colcon_notification.desktop_notification.notify2:Failed to initialize notify2: org.freedesktop.DBus.Error.Spawn.ExecFailed: /usr/bin/dbus-launch terminated abnormally without any error message
[173.837s] DEBUG:colcon.colcon_core.event_reactor:joined thread
[173.857s] INFO:colcon.colcon_core.shell:Creating prefix script '/src/ros2_ws/install/local_setup.ps1'
[173.857s] INFO:colcon.colcon_core.shell:Creating prefix util module '/src/ros2_ws/install/_local_setup_util_ps1.py'
[173.858s] INFO:colcon.colcon_core.shell:Creating prefix chain script '/src/ros2_ws/install/setup.ps1'
[173.866s] INFO:colcon.colcon_core.shell:Creating prefix script '/src/ros2_ws/install/local_setup.sh'
[173.867s] INFO:colcon.colcon_core.shell:Creating prefix util module '/src/ros2_ws/install/_local_setup_util_sh.py'
[173.867s] INFO:colcon.colcon_core.shell:Creating prefix chain script '/src/ros2_ws/install/setup.sh'
[173.875s] INFO:colcon.colcon_core.shell:Creating prefix script '/src/ros2_ws/install/local_setup.bash'
[173.875s] INFO:colcon.colcon_core.shell:Creating prefix chain script '/src/ros2_ws/install/setup.bash'
[173.883s] INFO:colcon.colcon_core.shell:Creating prefix script '/src/ros2_ws/install/local_setup.zsh'
[173.883s] INFO:colcon.colcon_core.shell:Creating prefix chain script '/src/ros2_ws/install/setup.zsh'
