/src/ros2_ws/install/pixpubsub/lib/python3.10/site-packages/pixpubsub/bank_msg.py
/src/ros2_ws/install/pixpubsub/lib/python3.10/site-packages/pixpubsub/justmove_sub.py
/src/ros2_ws/install/pixpubsub/lib/python3.10/site-packages/pixpubsub/move_pub.py
/src/ros2_ws/install/pixpubsub/lib/python3.10/site-packages/pixpubsub/pix_pubsub_node.py
/src/ros2_ws/install/pixpubsub/lib/python3.10/site-packages/pixpubsub/testdepth_pub.py
/src/ros2_ws/install/pixpubsub/lib/python3.10/site-packages/pixpubsub/teststatem_pub.py
/src/ros2_ws/install/pixpubsub/lib/python3.10/site-packages/pixpubsub/testtask_pub.py
/src/ros2_ws/install/pixpubsub/lib/python3.10/site-packages/pixpubsub/__init__.py
/src/ros2_ws/install/pixpubsub/lib/python3.10/site-packages/pixpubsub/__pycache__/bank_msg.cpython-310.pyc
/src/ros2_ws/install/pixpubsub/lib/python3.10/site-packages/pixpubsub/__pycache__/justmove_sub.cpython-310.pyc
/src/ros2_ws/install/pixpubsub/lib/python3.10/site-packages/pixpubsub/__pycache__/move_pub.cpython-310.pyc
/src/ros2_ws/install/pixpubsub/lib/python3.10/site-packages/pixpubsub/__pycache__/pix_pubsub_node.cpython-310.pyc
/src/ros2_ws/install/pixpubsub/lib/python3.10/site-packages/pixpubsub/__pycache__/testdepth_pub.cpython-310.pyc
/src/ros2_ws/install/pixpubsub/lib/python3.10/site-packages/pixpubsub/__pycache__/teststatem_pub.cpython-310.pyc
/src/ros2_ws/install/pixpubsub/lib/python3.10/site-packages/pixpubsub/__pycache__/testtask_pub.cpython-310.pyc
/src/ros2_ws/install/pixpubsub/lib/python3.10/site-packages/pixpubsub/__pycache__/__init__.cpython-310.pyc
/src/ros2_ws/install/pixpubsub/share/ament_index/resource_index/packages/pixpubsub
/src/ros2_ws/install/pixpubsub/share/pixpubsub/package.xml
/src/ros2_ws/install/pixpubsub/lib/python3.10/site-packages/pixpubsub-0.0.0-py3.10.egg-info/dependency_links.txt
/src/ros2_ws/install/pixpubsub/lib/python3.10/site-packages/pixpubsub-0.0.0-py3.10.egg-info/entry_points.txt
/src/ros2_ws/install/pixpubsub/lib/python3.10/site-packages/pixpubsub-0.0.0-py3.10.egg-info/PKG-INFO
/src/ros2_ws/install/pixpubsub/lib/python3.10/site-packages/pixpubsub-0.0.0-py3.10.egg-info/requires.txt
/src/ros2_ws/install/pixpubsub/lib/python3.10/site-packages/pixpubsub-0.0.0-py3.10.egg-info/SOURCES.txt
/src/ros2_ws/install/pixpubsub/lib/python3.10/site-packages/pixpubsub-0.0.0-py3.10.egg-info/top_level.txt
/src/ros2_ws/install/pixpubsub/lib/python3.10/site-packages/pixpubsub-0.0.0-py3.10.egg-info/zip-safe
/src/ros2_ws/install/pixpubsub/lib/pixpubsub/depth_pub
/src/ros2_ws/install/pixpubsub/lib/pixpubsub/justmove_sub
/src/ros2_ws/install/pixpubsub/lib/pixpubsub/main_sub
/src/ros2_ws/install/pixpubsub/lib/pixpubsub/move_pub
/src/ros2_ws/install/pixpubsub/lib/pixpubsub/state_pub
/src/ros2_ws/install/pixpubsub/lib/pixpubsub/task_pub
