running egg_info
writing ../../build/pixpubsub/pixpubsub.egg-info/PKG-INFO
writing dependency_links to ../../build/pixpubsub/pixpubsub.egg-info/dependency_links.txt
writing entry points to ../../build/pixpubsub/pixpubsub.egg-info/entry_points.txt
writing requirements to ../../build/pixpubsub/pixpubsub.egg-info/requires.txt
writing top-level names to ../../build/pixpubsub/pixpubsub.egg-info/top_level.txt
reading manifest file '../../build/pixpubsub/pixpubsub.egg-info/SOURCES.txt'
writing manifest file '../../build/pixpubsub/pixpubsub.egg-info/SOURCES.txt'
running build
running build_py
running install
running install_lib
creating /src/ros2_ws/install/pixpubsub/lib/python3.10/site-packages/pixpubsub
copying /src/ros2_ws/build/pixpubsub/build/lib/pixpubsub/justmove_sub.py -> /src/ros2_ws/install/pixpubsub/lib/python3.10/site-packages/pixpubsub
copying /src/ros2_ws/build/pixpubsub/build/lib/pixpubsub/move_pub.py -> /src/ros2_ws/install/pixpubsub/lib/python3.10/site-packages/pixpubsub
copying /src/ros2_ws/build/pixpubsub/build/lib/pixpubsub/pix_pubsub_node.py -> /src/ros2_ws/install/pixpubsub/lib/python3.10/site-packages/pixpubsub
copying /src/ros2_ws/build/pixpubsub/build/lib/pixpubsub/__init__.py -> /src/ros2_ws/install/pixpubsub/lib/python3.10/site-packages/pixpubsub
byte-compiling /src/ros2_ws/install/pixpubsub/lib/python3.10/site-packages/pixpubsub/justmove_sub.py to justmove_sub.cpython-310.pyc
byte-compiling /src/ros2_ws/install/pixpubsub/lib/python3.10/site-packages/pixpubsub/move_pub.py to move_pub.cpython-310.pyc
byte-compiling /src/ros2_ws/install/pixpubsub/lib/python3.10/site-packages/pixpubsub/pix_pubsub_node.py to pix_pubsub_node.cpython-310.pyc
byte-compiling /src/ros2_ws/install/pixpubsub/lib/python3.10/site-packages/pixpubsub/__init__.py to __init__.cpython-310.pyc
running install_data
running install_egg_info
Copying ../../build/pixpubsub/pixpubsub.egg-info to /src/ros2_ws/install/pixpubsub/lib/python3.10/site-packages/pixpubsub-0.0.0-py3.10.egg-info
running install_scripts
Installing move_pub script to /src/ros2_ws/install/pixpubsub/lib/pixpubsub
Installing publisher script to /src/ros2_ws/install/pixpubsub/lib/pixpubsub
writing list of installed files to '/src/ros2_ws/build/pixpubsub/install.log'
