[8.364s] Invoking command in '/src/ros2_ws/src/pixpubsub': PYTHONPATH=/src/ros2_ws/build/pixpubsub/prefix_override:/src/ros2_ws/install/pixpubsub/lib/python3.10/site-packages:${PYTHONPATH} /usr/bin/python3 setup.py egg_info --egg-base ../../build/pixpubsub build --build-base /src/ros2_ws/build/pixpubsub/build install --record /src/ros2_ws/build/pixpubsub/install.log --single-version-externally-managed
[11.496s] running egg_info
[11.512s] writing ../../build/pixpubsub/pixpubsub.egg-info/PKG-INFO
[11.525s] writing dependency_links to ../../build/pixpubsub/pixpubsub.egg-info/dependency_links.txt
[11.535s] writing entry points to ../../build/pixpubsub/pixpubsub.egg-info/entry_points.txt
[11.543s] writing requirements to ../../build/pixpubsub/pixpubsub.egg-info/requires.txt
[11.549s] writing top-level names to ../../build/pixpubsub/pixpubsub.egg-info/top_level.txt
[11.608s] reading manifest file '../../build/pixpubsub/pixpubsub.egg-info/SOURCES.txt'
[11.715s] writing manifest file '../../build/pixpubsub/pixpubsub.egg-info/SOURCES.txt'
[11.720s] running build
[11.722s] running build_py
[11.812s] running install
[11.815s] running install_lib
[11.850s] creating /src/ros2_ws/install/pixpubsub/lib/python3.10/site-packages/pixpubsub
[11.882s] copying /src/ros2_ws/build/pixpubsub/build/lib/pixpubsub/justmove_sub.py -> /src/ros2_ws/install/pixpubsub/lib/python3.10/site-packages/pixpubsub
[11.931s] copying /src/ros2_ws/build/pixpubsub/build/lib/pixpubsub/move_pub.py -> /src/ros2_ws/install/pixpubsub/lib/python3.10/site-packages/pixpubsub
[11.980s] copying /src/ros2_ws/build/pixpubsub/build/lib/pixpubsub/pix_pubsub_node.py -> /src/ros2_ws/install/pixpubsub/lib/python3.10/site-packages/pixpubsub
[12.029s] copying /src/ros2_ws/build/pixpubsub/build/lib/pixpubsub/__init__.py -> /src/ros2_ws/install/pixpubsub/lib/python3.10/site-packages/pixpubsub
[12.091s] byte-compiling /src/ros2_ws/install/pixpubsub/lib/python3.10/site-packages/pixpubsub/justmove_sub.py to justmove_sub.cpython-310.pyc
[12.149s] byte-compiling /src/ros2_ws/install/pixpubsub/lib/python3.10/site-packages/pixpubsub/move_pub.py to move_pub.cpython-310.pyc
[12.207s] byte-compiling /src/ros2_ws/install/pixpubsub/lib/python3.10/site-packages/pixpubsub/pix_pubsub_node.py to pix_pubsub_node.cpython-310.pyc
[12.266s] byte-compiling /src/ros2_ws/install/pixpubsub/lib/python3.10/site-packages/pixpubsub/__init__.py to __init__.cpython-310.pyc
[12.311s] running install_data
[12.350s] running install_egg_info
[12.389s] Copying ../../build/pixpubsub/pixpubsub.egg-info to /src/ros2_ws/install/pixpubsub/lib/python3.10/site-packages/pixpubsub-0.0.0-py3.10.egg-info
[12.797s] running install_scripts
[13.082s] Installing move_pub script to /src/ros2_ws/install/pixpubsub/lib/pixpubsub
[13.098s] Installing publisher script to /src/ros2_ws/install/pixpubsub/lib/pixpubsub
[13.119s] writing list of installed files to '/src/ros2_ws/build/pixpubsub/install.log'
[13.175s] Invoked command in '/src/ros2_ws/src/pixpubsub' returned '0': PYTHONPATH=/src/ros2_ws/build/pixpubsub/prefix_override:/src/ros2_ws/install/pixpubsub/lib/python3.10/site-packages:${PYTHONPATH} /usr/bin/python3 setup.py egg_info --egg-base ../../build/pixpubsub build --build-base /src/ros2_ws/build/pixpubsub/build install --record /src/ros2_ws/build/pixpubsub/install.log --single-version-externally-managed
