[9.505s] Invoking command in '/src/ros2_ws/src/pixpubsub': CMAKE_PREFIX_PATH=/src/ros2_ws/install/pioneer_msgs:/src/ros2_ws/install/px4_ros_com:/src/ros2_ws/install/px4_msgs:/src/ros2_ws/install/microxrcedds_agent LD_LIBRARY_PATH=/src/ros2_ws/install/pioneer_msgs/lib:/src/ros2_ws/install/px4_ros_com/lib:/src/ros2_ws/install/px4_msgs/lib:/src/ros2_ws/install/microxrcedds_agent/lib:/opt/ros/humble/lib/x86_64-linux-gnu:/opt/ros/humble/lib PYTHONPATH=/src/ros2_ws/build/pixpubsub/prefix_override:/src/ros2_ws/install/pixpubsub/lib/python3.10/site-packages:${PYTHONPATH} /usr/bin/python3 setup.py egg_info --egg-base ../../build/pixpubsub build --build-base /src/ros2_ws/build/pixpubsub/build install --record /src/ros2_ws/build/pixpubsub/install.log --single-version-externally-managed
[12.917s] running egg_info
[12.926s] writing ../../build/pixpubsub/pixpubsub.egg-info/PKG-INFO
[12.936s] writing dependency_links to ../../build/pixpubsub/pixpubsub.egg-info/dependency_links.txt
[12.946s] writing entry points to ../../build/pixpubsub/pixpubsub.egg-info/entry_points.txt
[12.954s] writing requirements to ../../build/pixpubsub/pixpubsub.egg-info/requires.txt
[12.958s] writing top-level names to ../../build/pixpubsub/pixpubsub.egg-info/top_level.txt
[13.011s] reading manifest file '../../build/pixpubsub/pixpubsub.egg-info/SOURCES.txt'
[13.115s] writing manifest file '../../build/pixpubsub/pixpubsub.egg-info/SOURCES.txt'
[13.119s] running build
[13.121s] running build_py
[13.146s] copying pixpubsub/justmove_sub.py -> /src/ros2_ws/build/pixpubsub/build/lib/pixpubsub
[13.246s] running install
[13.248s] running install_lib
[13.311s] copying /src/ros2_ws/build/pixpubsub/build/lib/pixpubsub/justmove_sub.py -> /src/ros2_ws/install/pixpubsub/lib/python3.10/site-packages/pixpubsub
[13.488s] byte-compiling /src/ros2_ws/install/pixpubsub/lib/python3.10/site-packages/pixpubsub/justmove_sub.py to justmove_sub.cpython-310.pyc
[13.517s]   File "/src/ros2_ws/install/pixpubsub/lib/python3.10/site-packages/pixpubsub/justmove_sub.py", line 30
[13.519s]     priority[] = 
[13.521s]              ^
[13.522s] SyntaxError: invalid syntax
[13.523s] 
[13.579s] running install_data
[13.626s] running install_egg_info
[13.663s] removing '/src/ros2_ws/install/pixpubsub/lib/python3.10/site-packages/pixpubsub-0.0.0-py3.10.egg-info' (and everything under it)
[13.760s] Copying ../../build/pixpubsub/pixpubsub.egg-info to /src/ros2_ws/install/pixpubsub/lib/python3.10/site-packages/pixpubsub-0.0.0-py3.10.egg-info
[14.166s] running install_scripts
[14.466s] Installing move_pub = pixpubsub.move_pub:mainmove_sub script to /src/ros2_ws/install/pixpubsub/lib/pixpubsub
[14.510s] Installing publisher script to /src/ros2_ws/install/pixpubsub/lib/pixpubsub
[14.529s] writing list of installed files to '/src/ros2_ws/build/pixpubsub/install.log'
[14.583s] Invoked command in '/src/ros2_ws/src/pixpubsub' returned '0': CMAKE_PREFIX_PATH=/src/ros2_ws/install/pioneer_msgs:/src/ros2_ws/install/px4_ros_com:/src/ros2_ws/install/px4_msgs:/src/ros2_ws/install/microxrcedds_agent LD_LIBRARY_PATH=/src/ros2_ws/install/pioneer_msgs/lib:/src/ros2_ws/install/px4_ros_com/lib:/src/ros2_ws/install/px4_msgs/lib:/src/ros2_ws/install/microxrcedds_agent/lib:/opt/ros/humble/lib/x86_64-linux-gnu:/opt/ros/humble/lib PYTHONPATH=/src/ros2_ws/build/pixpubsub/prefix_override:/src/ros2_ws/install/pixpubsub/lib/python3.10/site-packages:${PYTHONPATH} /usr/bin/python3 setup.py egg_info --egg-base ../../build/pixpubsub build --build-base /src/ros2_ws/build/pixpubsub/build install --record /src/ros2_ws/build/pixpubsub/install.log --single-version-externally-managed
