[5.741s] DEBUG:colcon:Command line arguments: ['/usr/bin/colcon', 'build', '--packages-select', 'pixpubsub']
[5.742s] DEBUG:colcon:Parsed command line arguments: Namespace(log_base=None, log_level=None, verb_name='build', build_base='build', install_base='install', merge_install=False, symlink_install=False, test_result_base=None, continue_on_error=False, executor='parallel', parallel_workers=16, event_handlers=None, ignore_user_meta=False, metas=['./colcon.meta'], base_paths=['.'], packages_ignore=None, packages_ignore_regex=None, paths=None, packages_up_to=None, packages_up_to_regex=None, packages_above=None, packages_above_and_dependencies=None, packages_above_depth=None, packages_select_by_dep=None, packages_skip_by_dep=None, packages_skip_up_to=None, packages_select_build_failed=False, packages_skip_build_finished=False, packages_select_test_failures=False, packages_skip_test_passed=False, packages_select=['pixpubsub'], packages_skip=None, packages_select_regex=None, packages_skip_regex=None, packages_start=None, packages_end=None, cmake_args=None, cmake_target=None, cmake_target_skip_unavailable=False, cmake_clean_cache=False, cmake_clean_first=False, cmake_force_configure=False, ament_cmake_args=None, catkin_cmake_args=None, catkin_skip_building_tests=False, mixin_files=None, mixin=None, verb_parser=<colcon_mixin.mixin.mixin_argument.MixinArgumentDecorator object at 0x7ff52d1ed600>, verb_extension=<colcon_core.verb.build.BuildVerb object at 0x7ff52d1a52a0>, main=<bound method BuildVerb.main of <colcon_core.verb.build.BuildVerb object at 0x7ff52d1a52a0>>, mixin_verb=('build',))
[6.106s] Level 1:colcon.colcon_core.package_discovery:discover_packages(colcon_meta) check parameters
[6.123s] INFO:colcon.colcon_metadata.package_discovery.colcon_meta:Using configuration from '/root/.colcon/metadata/default/Gazebo.meta'
[6.124s] INFO:colcon.colcon_metadata.package_discovery.colcon_meta:Using configuration from '/root/.colcon/metadata/default/fastrtps.meta'
[6.125s] Level 1:colcon.colcon_core.package_discovery:discover_packages(recursive) check parameters
[6.125s] Level 1:colcon.colcon_core.package_discovery:discover_packages(ignore) check parameters
[6.126s] Level 1:colcon.colcon_core.package_discovery:discover_packages(path) check parameters
[6.126s] Level 1:colcon.colcon_core.package_discovery:discover_packages(colcon_meta) discover
[6.126s] Level 1:colcon.colcon_core.package_discovery:discover_packages(recursive) discover
[6.127s] INFO:colcon.colcon_core.package_discovery:Crawling recursively for packages in '/src/ros2_ws'
[6.129s] Level 1:colcon.colcon_core.package_identification:_identify(.) by extensions ['ignore', 'ignore_ament_install']
[6.129s] Level 1:colcon.colcon_core.package_identification:_identify(.) by extension 'ignore'
[6.130s] Level 1:colcon.colcon_core.package_identification:_identify(.) by extension 'ignore_ament_install'
[6.131s] Level 1:colcon.colcon_core.package_identification:_identify(.) by extensions ['colcon_pkg']
[6.131s] Level 1:colcon.colcon_core.package_identification:_identify(.) by extension 'colcon_pkg'
[6.131s] Level 1:colcon.colcon_core.package_identification:_identify(.) by extensions ['colcon_meta']
[6.132s] Level 1:colcon.colcon_core.package_identification:_identify(.) by extension 'colcon_meta'
[6.132s] Level 1:colcon.colcon_core.package_identification:_identify(.) by extensions ['ros']
[6.132s] Level 1:colcon.colcon_core.package_identification:_identify(.) by extension 'ros'
[6.177s] Level 1:colcon.colcon_core.package_identification:_identify(.) by extensions ['cmake', 'python']
[6.177s] Level 1:colcon.colcon_core.package_identification:_identify(.) by extension 'cmake'
[6.178s] Level 1:colcon.colcon_core.package_identification:_identify(.) by extension 'python'
[6.179s] Level 1:colcon.colcon_core.package_identification:_identify(.) by extensions ['python_setup_py']
[6.179s] Level 1:colcon.colcon_core.package_identification:_identify(.) by extension 'python_setup_py'
[6.184s] Level 1:colcon.colcon_core.package_identification:_identify(build) by extensions ['ignore', 'ignore_ament_install']
[6.184s] Level 1:colcon.colcon_core.package_identification:_identify(build) by extension 'ignore'
[6.186s] Level 1:colcon.colcon_core.package_identification:_identify(build) ignored
[6.189s] Level 1:colcon.colcon_core.package_identification:_identify(install) by extensions ['ignore', 'ignore_ament_install']
[6.190s] Level 1:colcon.colcon_core.package_identification:_identify(install) by extension 'ignore'
[6.191s] Level 1:colcon.colcon_core.package_identification:_identify(install) ignored
[6.194s] Level 1:colcon.colcon_core.package_identification:_identify(log) by extensions ['ignore', 'ignore_ament_install']
[6.194s] Level 1:colcon.colcon_core.package_identification:_identify(log) by extension 'ignore'
[6.195s] Level 1:colcon.colcon_core.package_identification:_identify(log) ignored
[6.199s] Level 1:colcon.colcon_core.package_identification:_identify(src) by extensions ['ignore', 'ignore_ament_install']
[6.199s] Level 1:colcon.colcon_core.package_identification:_identify(src) by extension 'ignore'
[6.201s] Level 1:colcon.colcon_core.package_identification:_identify(src) by extension 'ignore_ament_install'
[6.203s] Level 1:colcon.colcon_core.package_identification:_identify(src) by extensions ['colcon_pkg']
[6.203s] Level 1:colcon.colcon_core.package_identification:_identify(src) by extension 'colcon_pkg'
[6.204s] Level 1:colcon.colcon_core.package_identification:_identify(src) by extensions ['colcon_meta']
[6.204s] Level 1:colcon.colcon_core.package_identification:_identify(src) by extension 'colcon_meta'
[6.205s] Level 1:colcon.colcon_core.package_identification:_identify(src) by extensions ['ros']
[6.206s] Level 1:colcon.colcon_core.package_identification:_identify(src) by extension 'ros'
[6.210s] Level 1:colcon.colcon_core.package_identification:_identify(src) by extensions ['cmake', 'python']
[6.211s] Level 1:colcon.colcon_core.package_identification:_identify(src) by extension 'cmake'
[6.212s] Level 1:colcon.colcon_core.package_identification:_identify(src) by extension 'python'
[6.213s] Level 1:colcon.colcon_core.package_identification:_identify(src) by extensions ['python_setup_py']
[6.213s] Level 1:colcon.colcon_core.package_identification:_identify(src) by extension 'python_setup_py'
[6.220s] Level 1:colcon.colcon_core.package_identification:_identify(src/imu_publisher) by extensions ['ignore', 'ignore_ament_install']
[6.220s] Level 1:colcon.colcon_core.package_identification:_identify(src/imu_publisher) by extension 'ignore'
[6.222s] Level 1:colcon.colcon_core.package_identification:_identify(src/imu_publisher) by extension 'ignore_ament_install'
[6.226s] Level 1:colcon.colcon_core.package_identification:_identify(src/imu_publisher) by extensions ['colcon_pkg']
[6.226s] Level 1:colcon.colcon_core.package_identification:_identify(src/imu_publisher) by extension 'colcon_pkg'
[6.228s] Level 1:colcon.colcon_core.package_identification:_identify(src/imu_publisher) by extensions ['colcon_meta']
[6.229s] Level 1:colcon.colcon_core.package_identification:_identify(src/imu_publisher) by extension 'colcon_meta'
[6.231s] Level 1:colcon.colcon_core.package_identification:_identify(src/imu_publisher) by extensions ['ros']
[6.232s] Level 1:colcon.colcon_core.package_identification:_identify(src/imu_publisher) by extension 'ros'
[6.254s] DEBUG:colcon.colcon_core.package_identification:Package 'src/imu_publisher' with type 'ros.ament_python' and name 'imu_publisher'
[6.260s] Level 1:colcon.colcon_core.package_identification:_identify(src/movement_subscriber) by extensions ['ignore', 'ignore_ament_install']
[6.261s] Level 1:colcon.colcon_core.package_identification:_identify(src/movement_subscriber) by extension 'ignore'
[6.263s] Level 1:colcon.colcon_core.package_identification:_identify(src/movement_subscriber) by extension 'ignore_ament_install'
[6.266s] Level 1:colcon.colcon_core.package_identification:_identify(src/movement_subscriber) by extensions ['colcon_pkg']
[6.266s] Level 1:colcon.colcon_core.package_identification:_identify(src/movement_subscriber) by extension 'colcon_pkg'
[6.268s] Level 1:colcon.colcon_core.package_identification:_identify(src/movement_subscriber) by extensions ['colcon_meta']
[6.268s] Level 1:colcon.colcon_core.package_identification:_identify(src/movement_subscriber) by extension 'colcon_meta'
[6.271s] Level 1:colcon.colcon_core.package_identification:_identify(src/movement_subscriber) by extensions ['ros']
[6.271s] Level 1:colcon.colcon_core.package_identification:_identify(src/movement_subscriber) by extension 'ros'
[6.279s] Level 1:colcon.colcon_core.package_identification:_identify(src/movement_subscriber) by extensions ['cmake', 'python']
[6.279s] Level 1:colcon.colcon_core.package_identification:_identify(src/movement_subscriber) by extension 'cmake'
[6.281s] Level 1:colcon.colcon_core.package_identification:_identify(src/movement_subscriber) by extension 'python'
[6.283s] Level 1:colcon.colcon_core.package_identification:_identify(src/movement_subscriber) by extensions ['python_setup_py']
[6.283s] Level 1:colcon.colcon_core.package_identification:_identify(src/movement_subscriber) by extension 'python_setup_py'
[6.294s] Level 1:colcon.colcon_core.package_identification:_identify(src/movement_subscriber/src) by extensions ['ignore', 'ignore_ament_install']
[6.295s] Level 1:colcon.colcon_core.package_identification:_identify(src/movement_subscriber/src) by extension 'ignore'
[6.297s] Level 1:colcon.colcon_core.package_identification:_identify(src/movement_subscriber/src) by extension 'ignore_ament_install'
[6.302s] Level 1:colcon.colcon_core.package_identification:_identify(src/movement_subscriber/src) by extensions ['colcon_pkg']
[6.303s] Level 1:colcon.colcon_core.package_identification:_identify(src/movement_subscriber/src) by extension 'colcon_pkg'
[6.305s] Level 1:colcon.colcon_core.package_identification:_identify(src/movement_subscriber/src) by extensions ['colcon_meta']
[6.306s] Level 1:colcon.colcon_core.package_identification:_identify(src/movement_subscriber/src) by extension 'colcon_meta'
[6.311s] Level 1:colcon.colcon_core.package_identification:_identify(src/movement_subscriber/src) by extensions ['ros']
[6.311s] Level 1:colcon.colcon_core.package_identification:_identify(src/movement_subscriber/src) by extension 'ros'
[6.322s] Level 1:colcon.colcon_core.package_identification:_identify(src/movement_subscriber/src) by extensions ['cmake', 'python']
[6.323s] Level 1:colcon.colcon_core.package_identification:_identify(src/movement_subscriber/src) by extension 'cmake'
[6.325s] Level 1:colcon.colcon_core.package_identification:_identify(src/movement_subscriber/src) by extension 'python'
[6.328s] Level 1:colcon.colcon_core.package_identification:_identify(src/movement_subscriber/src) by extensions ['python_setup_py']
[6.328s] Level 1:colcon.colcon_core.package_identification:_identify(src/movement_subscriber/src) by extension 'python_setup_py'
[6.337s] Level 1:colcon.colcon_core.package_identification:_identify(src/pixpubsub) by extensions ['ignore', 'ignore_ament_install']
[6.338s] Level 1:colcon.colcon_core.package_identification:_identify(src/pixpubsub) by extension 'ignore'
[6.341s] Level 1:colcon.colcon_core.package_identification:_identify(src/pixpubsub) by extension 'ignore_ament_install'
[6.345s] Level 1:colcon.colcon_core.package_identification:_identify(src/pixpubsub) by extensions ['colcon_pkg']
[6.345s] Level 1:colcon.colcon_core.package_identification:_identify(src/pixpubsub) by extension 'colcon_pkg'
[6.347s] Level 1:colcon.colcon_core.package_identification:_identify(src/pixpubsub) by extensions ['colcon_meta']
[6.348s] Level 1:colcon.colcon_core.package_identification:_identify(src/pixpubsub) by extension 'colcon_meta'
[6.350s] Level 1:colcon.colcon_core.package_identification:_identify(src/pixpubsub) by extensions ['ros']
[6.351s] Level 1:colcon.colcon_core.package_identification:_identify(src/pixpubsub) by extension 'ros'
[6.372s] DEBUG:colcon.colcon_core.package_identification:Package 'src/pixpubsub' with type 'ros.ament_python' and name 'pixpubsub'
[6.372s] Level 1:colcon.colcon_core.package_discovery:discover_packages(recursive) using defaults
[6.373s] Level 1:colcon.colcon_core.package_discovery:discover_packages(ignore) discover
[6.373s] Level 1:colcon.colcon_core.package_discovery:discover_packages(ignore) using defaults
[6.374s] Level 1:colcon.colcon_core.package_discovery:discover_packages(path) discover
[6.374s] Level 1:colcon.colcon_core.package_discovery:discover_packages(path) using defaults
[6.830s] INFO:colcon.colcon_core.package_selection:Skipping not selected package 'imu_publisher' in 'src/imu_publisher'
[6.885s] Level 5:colcon.colcon_core.verb:set package 'pixpubsub' build argument 'cmake_args' from command line to 'None'
[6.885s] Level 5:colcon.colcon_core.verb:set package 'pixpubsub' build argument 'cmake_target' from command line to 'None'
[6.886s] Level 5:colcon.colcon_core.verb:set package 'pixpubsub' build argument 'cmake_target_skip_unavailable' from command line to 'False'
[6.886s] Level 5:colcon.colcon_core.verb:set package 'pixpubsub' build argument 'cmake_clean_cache' from command line to 'False'
[6.886s] Level 5:colcon.colcon_core.verb:set package 'pixpubsub' build argument 'cmake_clean_first' from command line to 'False'
[6.887s] Level 5:colcon.colcon_core.verb:set package 'pixpubsub' build argument 'cmake_force_configure' from command line to 'False'
[6.887s] Level 5:colcon.colcon_core.verb:set package 'pixpubsub' build argument 'ament_cmake_args' from command line to 'None'
[6.887s] Level 5:colcon.colcon_core.verb:set package 'pixpubsub' build argument 'catkin_cmake_args' from command line to 'None'
[6.888s] Level 5:colcon.colcon_core.verb:set package 'pixpubsub' build argument 'catkin_skip_building_tests' from command line to 'False'
[6.888s] DEBUG:colcon.colcon_core.verb:Building package 'pixpubsub' with the following arguments: {'ament_cmake_args': None, 'build_base': '/src/ros2_ws/build/pixpubsub', 'catkin_cmake_args': None, 'catkin_skip_building_tests': False, 'cmake_args': None, 'cmake_clean_cache': False, 'cmake_clean_first': False, 'cmake_force_configure': False, 'cmake_target': None, 'cmake_target_skip_unavailable': False, 'install_base': '/src/ros2_ws/install/pixpubsub', 'merge_install': False, 'path': '/src/ros2_ws/src/pixpubsub', 'symlink_install': False, 'test_result_base': None}
[6.942s] INFO:colcon.colcon_core.executor:Executing jobs using 'parallel' executor
[6.994s] DEBUG:colcon.colcon_parallel_executor.executor.parallel:run_until_complete
[6.995s] INFO:colcon.colcon_ros.task.ament_python.build:Building ROS package in '/src/ros2_ws/src/pixpubsub' with build type 'ament_python'
[6.995s] Level 1:colcon.colcon_core.shell:create_environment_hook('pixpubsub', 'ament_prefix_path')
[7.101s] INFO:colcon.colcon_core.plugin_system:Skipping extension 'colcon_core.shell.bat': Not used on non-Windows systems
[7.102s] INFO:colcon.colcon_core.shell:Creating environment hook '/src/ros2_ws/install/pixpubsub/share/pixpubsub/hook/ament_prefix_path.ps1'
[7.126s] INFO:colcon.colcon_core.shell:Creating environment descriptor '/src/ros2_ws/install/pixpubsub/share/pixpubsub/hook/ament_prefix_path.dsv'
[7.147s] INFO:colcon.colcon_core.shell:Creating environment hook '/src/ros2_ws/install/pixpubsub/share/pixpubsub/hook/ament_prefix_path.sh'
[7.230s] INFO:colcon.colcon_core.shell:Skip shell extension 'powershell' for command environment: Not usable outside of PowerShell
[7.231s] DEBUG:colcon.colcon_core.shell:Skip shell extension 'dsv' for command environment
[10.619s] INFO:colcon.colcon_core.task.python.build:Building Python package in '/src/ros2_ws/src/pixpubsub'
[10.671s] INFO:colcon.colcon_core.shell:Skip shell extension 'powershell' for command environment: Not usable outside of PowerShell
[10.672s] DEBUG:colcon.colcon_core.shell:Skip shell extension 'dsv' for command environment
[15.362s] DEBUG:colcon.colcon_core.event_handler.log_command:Invoking command in '/src/ros2_ws/src/pixpubsub': PYTHONPATH=/src/ros2_ws/build/pixpubsub/prefix_override:/src/ros2_ws/install/pixpubsub/lib/python3.10/site-packages:${PYTHONPATH} /usr/bin/python3 setup.py egg_info --egg-base ../../build/pixpubsub build --build-base /src/ros2_ws/build/pixpubsub/build install --record /src/ros2_ws/build/pixpubsub/install.log --single-version-externally-managed
[20.173s] DEBUG:colcon.colcon_core.event_handler.log_command:Invoked command in '/src/ros2_ws/src/pixpubsub' returned '0': PYTHONPATH=/src/ros2_ws/build/pixpubsub/prefix_override:/src/ros2_ws/install/pixpubsub/lib/python3.10/site-packages:${PYTHONPATH} /usr/bin/python3 setup.py egg_info --egg-base ../../build/pixpubsub build --build-base /src/ros2_ws/build/pixpubsub/build install --record /src/ros2_ws/build/pixpubsub/install.log --single-version-externally-managed
[20.259s] Level 1:colcon.colcon_core.environment:checking '/src/ros2_ws/install/pixpubsub' for CMake module files
[20.348s] Level 1:colcon.colcon_core.environment:checking '/src/ros2_ws/install/pixpubsub' for CMake config files
[20.530s] Level 1:colcon.colcon_core.environment:checking '/src/ros2_ws/install/pixpubsub/lib'
[20.537s] Level 1:colcon.colcon_core.environment:checking '/src/ros2_ws/install/pixpubsub/bin'
[20.539s] Level 1:colcon.colcon_core.environment:checking '/src/ros2_ws/install/pixpubsub/lib/pkgconfig/pixpubsub.pc'
[20.543s] Level 1:colcon.colcon_core.environment:checking '/src/ros2_ws/install/pixpubsub/lib/python3.10/site-packages'
[20.546s] Level 1:colcon.colcon_core.shell:create_environment_hook('pixpubsub', 'pythonpath')
[20.599s] INFO:colcon.colcon_core.shell:Creating environment hook '/src/ros2_ws/install/pixpubsub/share/pixpubsub/hook/pythonpath.ps1'
[20.623s] INFO:colcon.colcon_core.shell:Creating environment descriptor '/src/ros2_ws/install/pixpubsub/share/pixpubsub/hook/pythonpath.dsv'
[20.643s] INFO:colcon.colcon_core.shell:Creating environment hook '/src/ros2_ws/install/pixpubsub/share/pixpubsub/hook/pythonpath.sh'
[20.663s] Level 1:colcon.colcon_core.environment:checking '/src/ros2_ws/install/pixpubsub/bin'
[20.666s] Level 1:colcon.colcon_core.environment:create_environment_scripts_only(pixpubsub)
[20.713s] INFO:colcon.colcon_core.shell:Creating package script '/src/ros2_ws/install/pixpubsub/share/pixpubsub/package.ps1'
[20.729s] INFO:colcon.colcon_core.shell:Creating package descriptor '/src/ros2_ws/install/pixpubsub/share/pixpubsub/package.dsv'
[20.745s] INFO:colcon.colcon_core.shell:Creating package script '/src/ros2_ws/install/pixpubsub/share/pixpubsub/package.sh'
[20.762s] INFO:colcon.colcon_core.shell:Creating package script '/src/ros2_ws/install/pixpubsub/share/pixpubsub/package.bash'
[20.779s] INFO:colcon.colcon_core.shell:Creating package script '/src/ros2_ws/install/pixpubsub/share/pixpubsub/package.zsh'
[20.797s] Level 1:colcon.colcon_core.environment:create_file_with_runtime_dependencies(/src/ros2_ws/install/pixpubsub/share/colcon-core/packages/pixpubsub)
[20.811s] DEBUG:colcon.colcon_parallel_executor.executor.parallel:closing loop
[20.812s] DEBUG:colcon.colcon_parallel_executor.executor.parallel:loop closed
[20.813s] DEBUG:colcon.colcon_parallel_executor.executor.parallel:run_until_complete finished with '0'
[20.813s] DEBUG:colcon.colcon_core.event_reactor:joining thread
[20.982s] INFO:colcon.colcon_core.plugin_system:Skipping extension 'colcon_notification.desktop_notification.notify_send': Could not find 'notify-send'
[20.982s] INFO:colcon.colcon_core.plugin_system:Skipping extension 'colcon_notification.desktop_notification.terminal_notifier': Not used on non-Darwin systems
[20.982s] INFO:colcon.colcon_core.plugin_system:Skipping extension 'colcon_notification.desktop_notification.win32': Not used on non-Windows systems
[20.983s] INFO:colcon.colcon_notification.desktop_notification:Sending desktop notification using 'notify2'
[20.986s] DEBUG:colcon.colcon_notification.desktop_notification.notify2:Failed to initialize notify2: org.freedesktop.DBus.Error.InvalidFileContent: D-Bus library appears to be incorrectly set up: see the manual page for dbus-uuidgen to correct this issue. (Failed to open "/var/lib/dbus/machine-id": No such file or directory; UUID file '/etc/machine-id' should contain a hex string of length 32, not length 0, with no other text)
[20.987s] DEBUG:colcon.colcon_core.event_reactor:joined thread
[21.038s] INFO:colcon.colcon_core.shell:Creating prefix script '/src/ros2_ws/install/local_setup.ps1'
[21.047s] INFO:colcon.colcon_core.shell:Creating prefix util module '/src/ros2_ws/install/_local_setup_util_ps1.py'
[21.056s] INFO:colcon.colcon_core.shell:Creating prefix chain script '/src/ros2_ws/install/setup.ps1'
[21.178s] INFO:colcon.colcon_core.shell:Creating prefix script '/src/ros2_ws/install/local_setup.sh'
[21.186s] INFO:colcon.colcon_core.shell:Creating prefix util module '/src/ros2_ws/install/_local_setup_util_sh.py'
[21.194s] INFO:colcon.colcon_core.shell:Creating prefix chain script '/src/ros2_ws/install/setup.sh'
[21.312s] INFO:colcon.colcon_core.shell:Creating prefix script '/src/ros2_ws/install/local_setup.bash'
[21.320s] INFO:colcon.colcon_core.shell:Creating prefix chain script '/src/ros2_ws/install/setup.bash'
[21.439s] INFO:colcon.colcon_core.shell:Creating prefix script '/src/ros2_ws/install/local_setup.zsh'
[21.449s] INFO:colcon.colcon_core.shell:Creating prefix chain script '/src/ros2_ws/install/setup.zsh'
