[9.235s] Invoking command in '/src/ros2_ws/src/pixpubsub': CMAKE_PREFIX_PATH=/src/ros2_ws/install/pioneer_msgs:/src/ros2_ws/install/px4_ros_com:/src/ros2_ws/install/px4_msgs:/src/ros2_ws/install/microxrcedds_agent LD_LIBRARY_PATH=/src/ros2_ws/install/pioneer_msgs/lib:/src/ros2_ws/install/px4_ros_com/lib:/src/ros2_ws/install/px4_msgs/lib:/src/ros2_ws/install/microxrcedds_agent/lib:/opt/ros/humble/lib/x86_64-linux-gnu:/opt/ros/humble/lib PYTHONPATH=/src/ros2_ws/build/pixpubsub/prefix_override:/src/ros2_ws/install/pixpubsub/lib/python3.10/site-packages:${PYTHONPATH} /usr/bin/python3 setup.py egg_info --egg-base ../../build/pixpubsub build --build-base /src/ros2_ws/build/pixpubsub/build install --record /src/ros2_ws/build/pixpubsub/install.log --single-version-externally-managed
[12.570s] running egg_info
[12.578s] writing ../../build/pixpubsub/pixpubsub.egg-info/PKG-INFO
[12.587s] writing dependency_links to ../../build/pixpubsub/pixpubsub.egg-info/dependency_links.txt
[12.598s] writing entry points to ../../build/pixpubsub/pixpubsub.egg-info/entry_points.txt
[12.605s] writing requirements to ../../build/pixpubsub/pixpubsub.egg-info/requires.txt
[12.609s] writing top-level names to ../../build/pixpubsub/pixpubsub.egg-info/top_level.txt
[12.672s] reading manifest file '../../build/pixpubsub/pixpubsub.egg-info/SOURCES.txt'
[12.765s] writing manifest file '../../build/pixpubsub/pixpubsub.egg-info/SOURCES.txt'
[12.770s] running build
[12.771s] running build_py
[12.842s] running install
[12.844s] running install_lib
[13.052s] running install_data
[13.093s] running install_egg_info
[13.123s] removing '/src/ros2_ws/install/pixpubsub/lib/python3.10/site-packages/pixpubsub-0.0.0-py3.10.egg-info' (and everything under it)
[13.211s] Copying ../../build/pixpubsub/pixpubsub.egg-info to /src/ros2_ws/install/pixpubsub/lib/python3.10/site-packages/pixpubsub-0.0.0-py3.10.egg-info
[13.559s] running install_scripts
[13.910s] Installing move_pub script to /src/ros2_ws/install/pixpubsub/lib/pixpubsub
[13.928s] Installing publisher script to /src/ros2_ws/install/pixpubsub/lib/pixpubsub
[13.951s] writing list of installed files to '/src/ros2_ws/build/pixpubsub/install.log'
[14.016s] Invoked command in '/src/ros2_ws/src/pixpubsub' returned '0': CMAKE_PREFIX_PATH=/src/ros2_ws/install/pioneer_msgs:/src/ros2_ws/install/px4_ros_com:/src/ros2_ws/install/px4_msgs:/src/ros2_ws/install/microxrcedds_agent LD_LIBRARY_PATH=/src/ros2_ws/install/pioneer_msgs/lib:/src/ros2_ws/install/px4_ros_com/lib:/src/ros2_ws/install/px4_msgs/lib:/src/ros2_ws/install/microxrcedds_agent/lib:/opt/ros/humble/lib/x86_64-linux-gnu:/opt/ros/humble/lib PYTHONPATH=/src/ros2_ws/build/pixpubsub/prefix_override:/src/ros2_ws/install/pixpubsub/lib/python3.10/site-packages:${PYTHONPATH} /usr/bin/python3 setup.py egg_info --egg-base ../../build/pixpubsub build --build-base /src/ros2_ws/build/pixpubsub/build install --record /src/ros2_ws/build/pixpubsub/install.log --single-version-externally-managed
