[5.136s] Invoking command in '/src/ros2_ws/src/imu_publisher': PYTHONPATH=/src/ros2_ws/build/imu_publisher/prefix_override:/src/ros2_ws/install/imu_publisher/lib/python3.10/site-packages:${PYTHONPATH} /usr/bin/python3 setup.py egg_info --egg-base ../../build/imu_publisher build --build-base /src/ros2_ws/build/imu_publisher/build install --record /src/ros2_ws/build/imu_publisher/install.log --single-version-externally-managed
[6.985s] running egg_info
[6.996s] writing ../../build/imu_publisher/imu_publisher.egg-info/PKG-INFO
[7.005s] writing dependency_links to ../../build/imu_publisher/imu_publisher.egg-info/dependency_links.txt
[7.037s] writing entry points to ../../build/imu_publisher/imu_publisher.egg-info/entry_points.txt
[7.039s] writing requirements to ../../build/imu_publisher/imu_publisher.egg-info/requires.txt
[7.040s] writing top-level names to ../../build/imu_publisher/imu_publisher.egg-info/top_level.txt
[7.085s] reading manifest file '../../build/imu_publisher/imu_publisher.egg-info/SOURCES.txt'
[7.188s] writing manifest file '../../build/imu_publisher/imu_publisher.egg-info/SOURCES.txt'
[7.195s] running build
[7.196s] running build_py
[7.241s] running install
[7.243s] running install_lib
[7.386s] running install_data
[7.429s] running install_egg_info
[7.450s] removing '/src/ros2_ws/install/imu_publisher/lib/python3.10/site-packages/imu_publisher-0.0.0-py3.10.egg-info' (and everything under it)
[7.540s] Copying ../../build/imu_publisher/imu_publisher.egg-info to /src/ros2_ws/install/imu_publisher/lib/python3.10/site-packages/imu_publisher-0.0.0-py3.10.egg-info
[7.947s] running install_scripts
[8.110s] Installing publisher script to /src/ros2_ws/install/imu_publisher/lib/imu_publisher
[8.133s] writing list of installed files to '/src/ros2_ws/build/imu_publisher/install.log'
[8.238s] Invoked command in '/src/ros2_ws/src/imu_publisher' returned '0': PYTHONPATH=/src/ros2_ws/build/imu_publisher/prefix_override:/src/ros2_ws/install/imu_publisher/lib/python3.10/site-packages:${PYTHONPATH} /usr/bin/python3 setup.py egg_info --egg-base ../../build/imu_publisher build --build-base /src/ros2_ws/build/imu_publisher/build install --record /src/ros2_ws/build/imu_publisher/install.log --single-version-externally-managed
