[7.537s] Invoking command in '/src/ros2_ws/src/imu_publisher': PYTHONPATH=/src/ros2_ws/build/imu_publisher/prefix_override:/src/ros2_ws/install/imu_publisher/lib/python3.10/site-packages:${PYTHONPATH} /usr/bin/python3 setup.py egg_info --egg-base ../../build/imu_publisher build --build-base /src/ros2_ws/build/imu_publisher/build install --record /src/ros2_ws/build/imu_publisher/install.log --single-version-externally-managed
[9.629s] running egg_info
[9.637s] writing ../../build/imu_publisher/imu_publisher.egg-info/PKG-INFO
[9.649s] writing dependency_links to ../../build/imu_publisher/imu_publisher.egg-info/dependency_links.txt
[9.658s] writing entry points to ../../build/imu_publisher/imu_publisher.egg-info/entry_points.txt
[9.664s] writing requirements to ../../build/imu_publisher/imu_publisher.egg-info/requires.txt
[9.668s] writing top-level names to ../../build/imu_publisher/imu_publisher.egg-info/top_level.txt
[9.722s] reading manifest file '../../build/imu_publisher/imu_publisher.egg-info/SOURCES.txt'
[9.817s] writing manifest file '../../build/imu_publisher/imu_publisher.egg-info/SOURCES.txt'
[9.820s] running build
[9.821s] running build_py
[9.869s] running install
[9.870s] running install_lib
[10.012s] running install_data
[10.051s] running install_egg_info
[10.074s] removing '/src/ros2_ws/install/imu_publisher/lib/python3.10/site-packages/imu_publisher-0.0.0-py3.10.egg-info' (and everything under it)
[10.155s] Copying ../../build/imu_publisher/imu_publisher.egg-info to /src/ros2_ws/install/imu_publisher/lib/python3.10/site-packages/imu_publisher-0.0.0-py3.10.egg-info
[10.552s] running install_scripts
[10.719s] Installing publisher script to /src/ros2_ws/install/imu_publisher/lib/imu_publisher
[10.738s] writing list of installed files to '/src/ros2_ws/build/imu_publisher/install.log'
[10.787s] Invoked command in '/src/ros2_ws/src/imu_publisher' returned '0': PYTHONPATH=/src/ros2_ws/build/imu_publisher/prefix_override:/src/ros2_ws/install/imu_publisher/lib/python3.10/site-packages:${PYTHONPATH} /usr/bin/python3 setup.py egg_info --egg-base ../../build/imu_publisher build --build-base /src/ros2_ws/build/imu_publisher/build install --record /src/ros2_ws/build/imu_publisher/install.log --single-version-externally-managed
