[8.971s] Invoking command in '/src/ros2_ws/src/pixpubsub': CMAKE_PREFIX_PATH=/src/ros2_ws/install/pioneer_msgs:/src/ros2_ws/install/px4_ros_com:/src/ros2_ws/install/px4_msgs:/src/ros2_ws/install/microxrcedds_agent LD_LIBRARY_PATH=/src/ros2_ws/install/pioneer_msgs/lib:/src/ros2_ws/install/px4_ros_com/lib:/src/ros2_ws/install/px4_msgs/lib:/src/ros2_ws/install/microxrcedds_agent/lib:/opt/ros/humble/lib/x86_64-linux-gnu:/opt/ros/humble/lib PYTHONPATH=/src/ros2_ws/build/pixpubsub/prefix_override:/src/ros2_ws/install/pixpubsub/lib/python3.10/site-packages:${PYTHONPATH} /usr/bin/python3 setup.py egg_info --egg-base ../../build/pixpubsub build --build-base /src/ros2_ws/build/pixpubsub/build install --record /src/ros2_ws/build/pixpubsub/install.log --single-version-externally-managed
[12.406s] running egg_info
[12.413s] writing ../../build/pixpubsub/pixpubsub.egg-info/PKG-INFO
[12.422s] writing dependency_links to ../../build/pixpubsub/pixpubsub.egg-info/dependency_links.txt
[12.432s] writing entry points to ../../build/pixpubsub/pixpubsub.egg-info/entry_points.txt
[12.439s] writing requirements to ../../build/pixpubsub/pixpubsub.egg-info/requires.txt
[12.445s] writing top-level names to ../../build/pixpubsub/pixpubsub.egg-info/top_level.txt
[12.514s] reading manifest file '../../build/pixpubsub/pixpubsub.egg-info/SOURCES.txt'
[12.641s] writing manifest file '../../build/pixpubsub/pixpubsub.egg-info/SOURCES.txt'
[12.647s] running build
[12.649s] running build_py
[12.696s] copying pixpubsub/move_pub.py -> /src/ros2_ws/build/pixpubsub/build/lib/pixpubsub
[12.738s] copying pixpubsub/pix_pubsub_node.py -> /src/ros2_ws/build/pixpubsub/build/lib/pixpubsub
[12.782s] running install
[12.783s] running install_lib
[12.864s] copying /src/ros2_ws/build/pixpubsub/build/lib/pixpubsub/move_pub.py -> /src/ros2_ws/install/pixpubsub/lib/python3.10/site-packages/pixpubsub
[12.921s] copying /src/ros2_ws/build/pixpubsub/build/lib/pixpubsub/pix_pubsub_node.py -> /src/ros2_ws/install/pixpubsub/lib/python3.10/site-packages/pixpubsub
[13.038s] byte-compiling /src/ros2_ws/install/pixpubsub/lib/python3.10/site-packages/pixpubsub/move_pub.py to move_pub.cpython-310.pyc
[13.113s] byte-compiling /src/ros2_ws/install/pixpubsub/lib/python3.10/site-packages/pixpubsub/pix_pubsub_node.py to pix_pubsub_node.cpython-310.pyc
[13.196s] running install_data
[13.238s] running install_egg_info
[13.269s] removing '/src/ros2_ws/install/pixpubsub/lib/python3.10/site-packages/pixpubsub-0.0.0-py3.10.egg-info' (and everything under it)
[13.350s] Copying ../../build/pixpubsub/pixpubsub.egg-info to /src/ros2_ws/install/pixpubsub/lib/python3.10/site-packages/pixpubsub-0.0.0-py3.10.egg-info
[13.731s] running install_scripts
[13.992s] Installing move_pub script to /src/ros2_ws/install/pixpubsub/lib/pixpubsub
[14.008s] Installing publisher script to /src/ros2_ws/install/pixpubsub/lib/pixpubsub
[14.028s] writing list of installed files to '/src/ros2_ws/build/pixpubsub/install.log'
[14.085s] Invoked command in '/src/ros2_ws/src/pixpubsub' returned '0': CMAKE_PREFIX_PATH=/src/ros2_ws/install/pioneer_msgs:/src/ros2_ws/install/px4_ros_com:/src/ros2_ws/install/px4_msgs:/src/ros2_ws/install/microxrcedds_agent LD_LIBRARY_PATH=/src/ros2_ws/install/pioneer_msgs/lib:/src/ros2_ws/install/px4_ros_com/lib:/src/ros2_ws/install/px4_msgs/lib:/src/ros2_ws/install/microxrcedds_agent/lib:/opt/ros/humble/lib/x86_64-linux-gnu:/opt/ros/humble/lib PYTHONPATH=/src/ros2_ws/build/pixpubsub/prefix_override:/src/ros2_ws/install/pixpubsub/lib/python3.10/site-packages:${PYTHONPATH} /usr/bin/python3 setup.py egg_info --egg-base ../../build/pixpubsub build --build-base /src/ros2_ws/build/pixpubsub/build install --record /src/ros2_ws/build/pixpubsub/install.log --single-version-externally-managed
