[0.000000] (-) TimerEvent: {}
[0.020699] (-) JobUnselected: {'identifier': 'imu_publisher'}
[0.027848] (pixpubsub) JobQueued: {'identifier': 'pixpubsub', 'dependencies': OrderedDict()}
[0.032352] (pixpubsub) JobStarted: {'identifier': 'pixpubsub'}
[0.097006] (-) TimerEvent: {}
[0.206404] (-) TimerEvent: {}
[0.315010] (-) TimerEvent: {}
[0.427955] (-) TimerEvent: {}
[0.532883] (-) TimerEvent: {}
[0.636707] (-) TimerEvent: {}
[0.740377] (-) TimerEvent: {}
[0.843177] (-) TimerEvent: {}
[0.946561] (-) TimerEvent: {}
[1.050060] (-) TimerEvent: {}
[1.153639] (-) TimerEvent: {}
[1.257029] (-) TimerEvent: {}
[1.360411] (-) TimerEvent: {}
[1.464353] (-) TimerEvent: {}
[1.568496] (-) TimerEvent: {}
[1.671999] (-) TimerEvent: {}
[1.775516] (-) TimerEvent: {}
[1.879737] (-) TimerEvent: {}
[1.982650] (-) TimerEvent: {}
[2.085368] (-) TimerEvent: {}
[2.188759] (-) TimerEvent: {}
[2.292550] (-) TimerEvent: {}
[2.395669] (-) TimerEvent: {}
[2.498242] (-) TimerEvent: {}
[2.601011] (-) TimerEvent: {}
[2.705072] (-) TimerEvent: {}
[2.808387] (-) TimerEvent: {}
[2.911256] (-) TimerEvent: {}
[3.014263] (-) TimerEvent: {}
[3.117307] (-) TimerEvent: {}
[3.219978] (-) TimerEvent: {}
[3.323729] (-) TimerEvent: {}
[3.427237] (-) TimerEvent: {}
[3.529894] (-) TimerEvent: {}
[3.632368] (-) TimerEvent: {}
[3.735558] (-) TimerEvent: {}
[3.839792] (-) TimerEvent: {}
[3.942650] (-) TimerEvent: {}
[4.046236] (-) TimerEvent: {}
[4.149851] (-) TimerEvent: {}
[4.253554] (-) TimerEvent: {}
[4.356943] (-) TimerEvent: {}
[4.459499] (-) TimerEvent: {}
[4.562725] (-) TimerEvent: {}
[4.665134] (-) TimerEvent: {}
[4.768182] (-) TimerEvent: {}
[4.871099] (-) TimerEvent: {}
[4.974278] (-) TimerEvent: {}
[5.076905] (-) TimerEvent: {}
[5.180304] (-) TimerEvent: {}
[5.283623] (-) TimerEvent: {}
[5.387067] (-) TimerEvent: {}
[5.490426] (-) TimerEvent: {}
[5.593455] (-) TimerEvent: {}
[5.696107] (-) TimerEvent: {}
[5.799001] (-) TimerEvent: {}
[5.901485] (pixpubsub) StderrLine: {'line': b'Traceback (most recent call last):\n  File "/usr/lib/python3/dist-packages/colcon_core/executor/__init__.py", line 91, in __call__\n    rc = await self.task(*args, **kwargs)\n  File "/usr/lib/python3/dist-packages/colcon_core/task/__init__.py", line 93, in __call__\n    return await task_method(*args, **kwargs)\n  File "/usr/lib/python3/dist-packages/colcon_ros/task/ament_python/build.py", line 51, in build\n    setup_py_data = get_setup_data(self.context.pkg, env)\n  File "/usr/lib/python3/dist-packages/colcon_core/task/python/__init__.py", line 20, in get_setup_data\n    return dict(pkg.metadata[key](env))\n  File "/usr/lib/python3/dist-packages/colcon_ros/package_augmentation/ros_ament_python.py", line 57, in getter\n    return get_setup_information(\n  File "/usr/lib/python3/dist-packages/colcon_python_setup_py/package_identification/python_setup_py.py", line 241, in get_setup_information\n    _setup_information_cache[hashable_env] = _get_setup_information(\n  File "/usr/lib/python3/dist-packages/colcon_python_setup_py/package_identification/python_setup_py.py", line 288, in _get_setup_information\n    result = subprocess.run(\n  File "/usr/lib/python3.8/subprocess.py", line 516, in run\n    raise CalledProcessError(retcode, process.args,\nsubprocess.CalledProcessError: Command \'[\'/usr/bin/python3\', \'-c\', \'import sys;from contextlib import suppress;exec("with suppress(ImportError):    from setuptools.extern.packaging.specifiers    import SpecifierSet");exec("with suppress(ImportError):    from packaging.specifiers import SpecifierSet");from distutils.core import run_setup;dist = run_setup(    \\\'setup.py\\\', script_args=(\\\'--dry-run\\\',), stop_after=\\\'config\\\');skip_keys = (\\\'cmdclass\\\', \\\'distclass\\\', \\\'ext_modules\\\', \\\'metadata\\\');data = {    key: value for key, value in dist.__dict__.items()     if (        not key.startswith(\\\'_\\\') and         not callable(value) and         key not in skip_keys and         key not in dist.display_option_names    )};data[\\\'metadata\\\'] = {    k: v for k, v in dist.metadata.__dict__.items()     if k not in (\\\'license_files\\\', \\\'provides_extras\\\')};sys.stdout.buffer.write(repr(data).encode(\\\'utf-8\\\'))\']\' returned non-zero exit status 1.\n'}
[5.919693] (-) TimerEvent: {}
[5.921211] (pixpubsub) JobEnded: {'identifier': 'pixpubsub', 'rc': 1}
[5.944472] (-) EventReactorShutdown: {}
