[6.807s] DEBUG:colcon:Command line arguments: ['/usr/bin/colcon', 'build', '--packages-select', 'pixpubsub']
[6.815s] DEBUG:colcon:Parsed command line arguments: Namespace(ament_cmake_args=None, base_paths=['.'], build_base='build', catkin_cmake_args=None, catkin_skip_building_tests=False, cmake_args=None, cmake_clean_cache=False, cmake_clean_first=False, cmake_force_configure=False, cmake_target=None, cmake_target_skip_unavailable=False, continue_on_error=False, event_handlers=None, executor='parallel', ignore_user_meta=False, install_base='install', log_base=None, log_level=None, main=<bound method BuildVerb.main of <colcon_core.verb.build.BuildVerb object at 0x400002db48e0>>, merge_install=False, metas=['./colcon.meta'], packages_above=None, packages_above_and_dependencies=None, packages_above_depth=None, packages_end=None, packages_ignore=None, packages_ignore_regex=None, packages_select=['pixpubsub'], packages_select_build_failed=False, packages_select_by_dep=None, packages_select_regex=None, packages_select_test_failures=False, packages_skip=None, packages_skip_build_finished=False, packages_skip_by_dep=None, packages_skip_regex=None, packages_skip_test_passed=False, packages_skip_up_to=None, packages_start=None, packages_up_to=None, packages_up_to_regex=None, parallel_workers=16, paths=None, symlink_install=False, test_result_base=None, verb_extension=<colcon_core.verb.build.BuildVerb object at 0x400002db48e0>, verb_name='build', verb_parser=<colcon_defaults.argument_parser.defaults.DefaultArgumentsDecorator object at 0x400002db4e50>)
[7.530s] Level 1:colcon.colcon_core.package_discovery:discover_packages(colcon_meta) check parameters
[7.533s] Level 1:colcon.colcon_core.package_discovery:discover_packages(recursive) check parameters
[7.534s] Level 1:colcon.colcon_core.package_discovery:discover_packages(ignore) check parameters
[7.535s] Level 1:colcon.colcon_core.package_discovery:discover_packages(path) check parameters
[7.536s] Level 1:colcon.colcon_core.package_discovery:discover_packages(colcon_meta) discover
[7.537s] Level 1:colcon.colcon_core.package_discovery:discover_packages(recursive) discover
[7.538s] INFO:colcon.colcon_core.package_discovery:Crawling recursively for packages in '/src/ros2_ws'
[7.543s] Level 1:colcon.colcon_core.package_identification:_identify(.) by extensions ['ignore', 'ignore_ament_install']
[7.546s] Level 1:colcon.colcon_core.package_identification:_identify(.) by extension 'ignore'
[7.548s] Level 1:colcon.colcon_core.package_identification:_identify(.) by extension 'ignore_ament_install'
[7.550s] Level 1:colcon.colcon_core.package_identification:_identify(.) by extensions ['colcon_pkg']
[7.551s] Level 1:colcon.colcon_core.package_identification:_identify(.) by extension 'colcon_pkg'
[7.553s] Level 1:colcon.colcon_core.package_identification:_identify(.) by extensions ['colcon_meta']
[7.554s] Level 1:colcon.colcon_core.package_identification:_identify(.) by extension 'colcon_meta'
[7.556s] Level 1:colcon.colcon_core.package_identification:_identify(.) by extensions ['ros']
[7.557s] Level 1:colcon.colcon_core.package_identification:_identify(.) by extension 'ros'
[7.758s] Level 1:colcon.colcon_core.package_identification:_identify(.) by extensions ['cmake', 'python']
[7.759s] Level 1:colcon.colcon_core.package_identification:_identify(.) by extension 'cmake'
[7.760s] Level 1:colcon.colcon_core.package_identification:_identify(.) by extension 'python'
[7.762s] Level 1:colcon.colcon_core.package_identification:_identify(.) by extensions ['python_setup_py']
[7.763s] Level 1:colcon.colcon_core.package_identification:_identify(.) by extension 'python_setup_py'
[7.770s] Level 1:colcon.colcon_core.package_identification:_identify(build) by extensions ['ignore', 'ignore_ament_install']
[7.772s] Level 1:colcon.colcon_core.package_identification:_identify(build) by extension 'ignore'
[7.775s] Level 1:colcon.colcon_core.package_identification:_identify(build) ignored
[7.782s] Level 1:colcon.colcon_core.package_identification:_identify(install) by extensions ['ignore', 'ignore_ament_install']
[7.784s] Level 1:colcon.colcon_core.package_identification:_identify(install) by extension 'ignore'
[7.787s] Level 1:colcon.colcon_core.package_identification:_identify(install) ignored
[7.791s] Level 1:colcon.colcon_core.package_identification:_identify(log) by extensions ['ignore', 'ignore_ament_install']
[7.793s] Level 1:colcon.colcon_core.package_identification:_identify(log) by extension 'ignore'
[7.795s] Level 1:colcon.colcon_core.package_identification:_identify(log) ignored
[7.801s] Level 1:colcon.colcon_core.package_identification:_identify(src) by extensions ['ignore', 'ignore_ament_install']
[7.803s] Level 1:colcon.colcon_core.package_identification:_identify(src) by extension 'ignore'
[7.806s] Level 1:colcon.colcon_core.package_identification:_identify(src) by extension 'ignore_ament_install'
[7.809s] Level 1:colcon.colcon_core.package_identification:_identify(src) by extensions ['colcon_pkg']
[7.810s] Level 1:colcon.colcon_core.package_identification:_identify(src) by extension 'colcon_pkg'
[7.812s] Level 1:colcon.colcon_core.package_identification:_identify(src) by extensions ['colcon_meta']
[7.813s] Level 1:colcon.colcon_core.package_identification:_identify(src) by extension 'colcon_meta'
[7.815s] Level 1:colcon.colcon_core.package_identification:_identify(src) by extensions ['ros']
[7.816s] Level 1:colcon.colcon_core.package_identification:_identify(src) by extension 'ros'
[7.823s] Level 1:colcon.colcon_core.package_identification:_identify(src) by extensions ['cmake', 'python']
[7.824s] Level 1:colcon.colcon_core.package_identification:_identify(src) by extension 'cmake'
[7.826s] Level 1:colcon.colcon_core.package_identification:_identify(src) by extension 'python'
[7.828s] Level 1:colcon.colcon_core.package_identification:_identify(src) by extensions ['python_setup_py']
[7.829s] Level 1:colcon.colcon_core.package_identification:_identify(src) by extension 'python_setup_py'
[7.841s] Level 1:colcon.colcon_core.package_identification:_identify(src/imu_publisher) by extensions ['ignore', 'ignore_ament_install']
[7.844s] Level 1:colcon.colcon_core.package_identification:_identify(src/imu_publisher) by extension 'ignore'
[7.847s] Level 1:colcon.colcon_core.package_identification:_identify(src/imu_publisher) by extension 'ignore_ament_install'
[7.853s] Level 1:colcon.colcon_core.package_identification:_identify(src/imu_publisher) by extensions ['colcon_pkg']
[7.854s] Level 1:colcon.colcon_core.package_identification:_identify(src/imu_publisher) by extension 'colcon_pkg'
[7.858s] Level 1:colcon.colcon_core.package_identification:_identify(src/imu_publisher) by extensions ['colcon_meta']
[7.859s] Level 1:colcon.colcon_core.package_identification:_identify(src/imu_publisher) by extension 'colcon_meta'
[7.863s] Level 1:colcon.colcon_core.package_identification:_identify(src/imu_publisher) by extensions ['ros']
[7.864s] Level 1:colcon.colcon_core.package_identification:_identify(src/imu_publisher) by extension 'ros'
[7.964s] DEBUG:colcon.colcon_core.package_identification:Package 'src/imu_publisher' with type 'ros.ament_python' and name 'imu_publisher'
[7.975s] Level 1:colcon.colcon_core.package_identification:_identify(src/movement_subscriber) by extensions ['ignore', 'ignore_ament_install']
[7.978s] Level 1:colcon.colcon_core.package_identification:_identify(src/movement_subscriber) by extension 'ignore'
[7.981s] Level 1:colcon.colcon_core.package_identification:_identify(src/movement_subscriber) by extension 'ignore_ament_install'
[7.987s] Level 1:colcon.colcon_core.package_identification:_identify(src/movement_subscriber) by extensions ['colcon_pkg']
[7.989s] Level 1:colcon.colcon_core.package_identification:_identify(src/movement_subscriber) by extension 'colcon_pkg'
[7.991s] Level 1:colcon.colcon_core.package_identification:_identify(src/movement_subscriber) by extensions ['colcon_meta']
[7.992s] Level 1:colcon.colcon_core.package_identification:_identify(src/movement_subscriber) by extension 'colcon_meta'
[7.995s] Level 1:colcon.colcon_core.package_identification:_identify(src/movement_subscriber) by extensions ['ros']
[7.996s] Level 1:colcon.colcon_core.package_identification:_identify(src/movement_subscriber) by extension 'ros'
[8.006s] Level 1:colcon.colcon_core.package_identification:_identify(src/movement_subscriber) by extensions ['cmake', 'python']
[8.007s] Level 1:colcon.colcon_core.package_identification:_identify(src/movement_subscriber) by extension 'cmake'
[8.009s] Level 1:colcon.colcon_core.package_identification:_identify(src/movement_subscriber) by extension 'python'
[8.012s] Level 1:colcon.colcon_core.package_identification:_identify(src/movement_subscriber) by extensions ['python_setup_py']
[8.013s] Level 1:colcon.colcon_core.package_identification:_identify(src/movement_subscriber) by extension 'python_setup_py'
[8.029s] Level 1:colcon.colcon_core.package_identification:_identify(src/movement_subscriber/src) by extensions ['ignore', 'ignore_ament_install']
[8.032s] Level 1:colcon.colcon_core.package_identification:_identify(src/movement_subscriber/src) by extension 'ignore'
[8.036s] Level 1:colcon.colcon_core.package_identification:_identify(src/movement_subscriber/src) by extension 'ignore_ament_install'
[8.045s] Level 1:colcon.colcon_core.package_identification:_identify(src/movement_subscriber/src) by extensions ['colcon_pkg']
[8.047s] Level 1:colcon.colcon_core.package_identification:_identify(src/movement_subscriber/src) by extension 'colcon_pkg'
[8.054s] Level 1:colcon.colcon_core.package_identification:_identify(src/movement_subscriber/src) by extensions ['colcon_meta']
[8.056s] Level 1:colcon.colcon_core.package_identification:_identify(src/movement_subscriber/src) by extension 'colcon_meta'
[8.061s] Level 1:colcon.colcon_core.package_identification:_identify(src/movement_subscriber/src) by extensions ['ros']
[8.062s] Level 1:colcon.colcon_core.package_identification:_identify(src/movement_subscriber/src) by extension 'ros'
[8.075s] Level 1:colcon.colcon_core.package_identification:_identify(src/movement_subscriber/src) by extensions ['cmake', 'python']
[8.076s] Level 1:colcon.colcon_core.package_identification:_identify(src/movement_subscriber/src) by extension 'cmake'
[8.079s] Level 1:colcon.colcon_core.package_identification:_identify(src/movement_subscriber/src) by extension 'python'
[8.082s] Level 1:colcon.colcon_core.package_identification:_identify(src/movement_subscriber/src) by extensions ['python_setup_py']
[8.083s] Level 1:colcon.colcon_core.package_identification:_identify(src/movement_subscriber/src) by extension 'python_setup_py'
[8.094s] Level 1:colcon.colcon_core.package_identification:_identify(src/pixpubsub) by extensions ['ignore', 'ignore_ament_install']
[8.097s] Level 1:colcon.colcon_core.package_identification:_identify(src/pixpubsub) by extension 'ignore'
[8.099s] Level 1:colcon.colcon_core.package_identification:_identify(src/pixpubsub) by extension 'ignore_ament_install'
[8.104s] Level 1:colcon.colcon_core.package_identification:_identify(src/pixpubsub) by extensions ['colcon_pkg']
[8.105s] Level 1:colcon.colcon_core.package_identification:_identify(src/pixpubsub) by extension 'colcon_pkg'
[8.108s] Level 1:colcon.colcon_core.package_identification:_identify(src/pixpubsub) by extensions ['colcon_meta']
[8.109s] Level 1:colcon.colcon_core.package_identification:_identify(src/pixpubsub) by extension 'colcon_meta'
[8.112s] Level 1:colcon.colcon_core.package_identification:_identify(src/pixpubsub) by extensions ['ros']
[8.113s] Level 1:colcon.colcon_core.package_identification:_identify(src/pixpubsub) by extension 'ros'
[8.139s] DEBUG:colcon.colcon_core.package_identification:Package 'src/pixpubsub' with type 'ros.ament_python' and name 'pixpubsub'
[8.140s] Level 1:colcon.colcon_core.package_discovery:discover_packages(recursive) using defaults
[8.141s] Level 1:colcon.colcon_core.package_discovery:discover_packages(ignore) discover
[8.142s] Level 1:colcon.colcon_core.package_discovery:discover_packages(ignore) using defaults
[8.143s] Level 1:colcon.colcon_core.package_discovery:discover_packages(path) discover
[8.144s] Level 1:colcon.colcon_core.package_discovery:discover_packages(path) using defaults
[8.738s] INFO:colcon.colcon_core.package_selection:Skipping not selected package 'imu_publisher' in 'src/imu_publisher'
[8.772s] Level 5:colcon.colcon_core.verb:set package 'pixpubsub' build argument 'cmake_args' from command line to 'None'
[8.773s] Level 5:colcon.colcon_core.verb:set package 'pixpubsub' build argument 'cmake_target' from command line to 'None'
[8.774s] Level 5:colcon.colcon_core.verb:set package 'pixpubsub' build argument 'cmake_target_skip_unavailable' from command line to 'False'
[8.775s] Level 5:colcon.colcon_core.verb:set package 'pixpubsub' build argument 'cmake_clean_cache' from command line to 'False'
[8.775s] Level 5:colcon.colcon_core.verb:set package 'pixpubsub' build argument 'cmake_clean_first' from command line to 'False'
[8.776s] Level 5:colcon.colcon_core.verb:set package 'pixpubsub' build argument 'cmake_force_configure' from command line to 'False'
[8.777s] Level 5:colcon.colcon_core.verb:set package 'pixpubsub' build argument 'ament_cmake_args' from command line to 'None'
[8.778s] Level 5:colcon.colcon_core.verb:set package 'pixpubsub' build argument 'catkin_cmake_args' from command line to 'None'
[8.778s] Level 5:colcon.colcon_core.verb:set package 'pixpubsub' build argument 'catkin_skip_building_tests' from command line to 'False'
[8.779s] DEBUG:colcon.colcon_core.verb:Building package 'pixpubsub' with the following arguments: {'ament_cmake_args': None, 'build_base': '/src/ros2_ws/build/pixpubsub', 'catkin_cmake_args': None, 'catkin_skip_building_tests': False, 'cmake_args': None, 'cmake_clean_cache': False, 'cmake_clean_first': False, 'cmake_force_configure': False, 'cmake_target': None, 'cmake_target_skip_unavailable': False, 'install_base': '/src/ros2_ws/install/pixpubsub', 'merge_install': False, 'path': '/src/ros2_ws/src/pixpubsub', 'symlink_install': False, 'test_result_base': None}
[8.803s] INFO:colcon.colcon_core.executor:Executing jobs using 'parallel' executor
[8.986s] DEBUG:colcon.colcon_parallel_executor.executor.parallel:run_until_complete
[8.998s] INFO:colcon.colcon_ros.task.ament_python.build:Building ROS package in '/src/ros2_ws/src/pixpubsub' with build type 'ament_python'
[9.002s] Level 1:colcon.colcon_core.shell:create_environment_hook('pixpubsub', 'ament_prefix_path')
[9.141s] INFO:colcon.colcon_core.plugin_system:Skipping extension 'colcon_core.shell.bat': Not used on non-Windows systems
[9.144s] INFO:colcon.colcon_core.shell:Creating environment hook '/src/ros2_ws/install/pixpubsub/share/pixpubsub/hook/ament_prefix_path.ps1'
[9.190s] INFO:colcon.colcon_core.shell:Creating environment descriptor '/src/ros2_ws/install/pixpubsub/share/pixpubsub/hook/ament_prefix_path.dsv'
[9.239s] INFO:colcon.colcon_core.shell:Creating environment hook '/src/ros2_ws/install/pixpubsub/share/pixpubsub/hook/ament_prefix_path.sh'
[9.348s] INFO:colcon.colcon_core.shell:Skip shell extension 'powershell' for command environment: Not usable outside of PowerShell
[9.349s] DEBUG:colcon.colcon_core.shell:Skip shell extension 'dsv' for command environment
[14.895s] DEBUG:colcon.colcon_parallel_executor.executor.parallel:closing loop
[14.898s] DEBUG:colcon.colcon_parallel_executor.executor.parallel:loop closed
[14.899s] DEBUG:colcon.colcon_parallel_executor.executor.parallel:run_until_complete finished with 'Command '['/usr/bin/python3', '-c', 'import sys;from contextlib import suppress;exec("with suppress(ImportError):    from setuptools.extern.packaging.specifiers    import SpecifierSet");exec("with suppress(ImportError):    from packaging.specifiers import SpecifierSet");from distutils.core import run_setup;dist = run_setup(    \'setup.py\', script_args=(\'--dry-run\',), stop_after=\'config\');skip_keys = (\'cmdclass\', \'distclass\', \'ext_modules\', \'metadata\');data = {    key: value for key, value in dist.__dict__.items()     if (        not key.startswith(\'_\') and         not callable(value) and         key not in skip_keys and         key not in dist.display_option_names    )};data[\'metadata\'] = {    k: v for k, v in dist.metadata.__dict__.items()     if k not in (\'license_files\', \'provides_extras\')};sys.stdout.buffer.write(repr(data).encode(\'utf-8\'))']' returned non-zero exit status 1.'
[14.901s] DEBUG:colcon.colcon_core.event_reactor:joining thread
[15.023s] INFO:colcon.colcon_core.plugin_system:Skipping extension 'colcon_notification.desktop_notification.notify_send': Could not find 'notify-send'
[15.024s] INFO:colcon.colcon_core.plugin_system:Skipping extension 'colcon_notification.desktop_notification.terminal_notifier': Not used on non-Darwin systems
[15.026s] INFO:colcon.colcon_core.plugin_system:Skipping extension 'colcon_notification.desktop_notification.win32': Not used on non-Windows systems
[15.027s] INFO:colcon.colcon_notification.desktop_notification:Sending desktop notification using 'notify2'
[15.227s] DEBUG:colcon.colcon_notification.desktop_notification.notify2:Failed to initialize notify2: org.freedesktop.DBus.Error.Spawn.ExecFailed: /usr/bin/dbus-launch terminated abnormally with the following error: Autolaunch error: X11 initialization failed.

[15.230s] DEBUG:colcon.colcon_core.event_reactor:joined thread
[15.299s] INFO:colcon.colcon_core.shell:Creating prefix script '/src/ros2_ws/install/local_setup.ps1'
[15.326s] INFO:colcon.colcon_core.shell:Creating prefix util module '/src/ros2_ws/install/_local_setup_util_ps1.py'
[15.374s] INFO:colcon.colcon_core.shell:Creating prefix chain script '/src/ros2_ws/install/setup.ps1'
[15.422s] INFO:colcon.colcon_core.shell:Creating prefix script '/src/ros2_ws/install/local_setup.sh'
[15.446s] INFO:colcon.colcon_core.shell:Creating prefix util module '/src/ros2_ws/install/_local_setup_util_sh.py'
[15.468s] INFO:colcon.colcon_core.shell:Creating prefix chain script '/src/ros2_ws/install/setup.sh'
[15.519s] INFO:colcon.colcon_core.shell:Creating prefix script '/src/ros2_ws/install/local_setup.bash'
[15.539s] INFO:colcon.colcon_core.shell:Creating prefix chain script '/src/ros2_ws/install/setup.bash'
[15.584s] INFO:colcon.colcon_core.shell:Creating prefix script '/src/ros2_ws/install/local_setup.zsh'
[15.604s] INFO:colcon.colcon_core.shell:Creating prefix chain script '/src/ros2_ws/install/setup.zsh'
