[3.085s] DEBUG:colcon:Command line arguments: ['/usr/bin/colcon', 'build']
[3.086s] DEBUG:colcon:Parsed command line arguments: Namespace(log_base=None, log_level=None, verb_name='build', build_base='build', install_base='install', merge_install=False, symlink_install=False, test_result_base=None, continue_on_error=False, executor='parallel', parallel_workers=16, event_handlers=None, ignore_user_meta=False, metas=['./colcon.meta'], base_paths=['.'], packages_ignore=None, packages_ignore_regex=None, paths=None, packages_up_to=None, packages_up_to_regex=None, packages_above=None, packages_above_and_dependencies=None, packages_above_depth=None, packages_select_by_dep=None, packages_skip_by_dep=None, packages_skip_up_to=None, packages_select_build_failed=False, packages_skip_build_finished=False, packages_select_test_failures=False, packages_skip_test_passed=False, packages_select=None, packages_skip=None, packages_select_regex=None, packages_skip_regex=None, packages_start=None, packages_end=None, cmake_args=None, cmake_target=None, cmake_target_skip_unavailable=False, cmake_clean_cache=False, cmake_clean_first=False, cmake_force_configure=False, ament_cmake_args=None, catkin_cmake_args=None, catkin_skip_building_tests=False, mixin_files=None, mixin=None, verb_parser=<colcon_mixin.mixin.mixin_argument.MixinArgumentDecorator object at 0x7f09e7bb8160>, verb_extension=<colcon_core.verb.build.BuildVerb object at 0x7f09e7b6ea10>, main=<bound method BuildVerb.main of <colcon_core.verb.build.BuildVerb object at 0x7f09e7b6ea10>>, mixin_verb=('build',))
[3.288s] Level 1:colcon.colcon_core.package_discovery:discover_packages(colcon_meta) check parameters
[3.289s] INFO:colcon.colcon_metadata.package_discovery.colcon_meta:Using configuration from '/root/.colcon/metadata/default/Gazebo.meta'
[3.290s] INFO:colcon.colcon_metadata.package_discovery.colcon_meta:Using configuration from '/root/.colcon/metadata/default/fastrtps.meta'
[3.291s] Level 1:colcon.colcon_core.package_discovery:discover_packages(recursive) check parameters
[3.292s] Level 1:colcon.colcon_core.package_discovery:discover_packages(ignore) check parameters
[3.292s] Level 1:colcon.colcon_core.package_discovery:discover_packages(path) check parameters
[3.292s] Level 1:colcon.colcon_core.package_discovery:discover_packages(colcon_meta) discover
[3.293s] Level 1:colcon.colcon_core.package_discovery:discover_packages(recursive) discover
[3.293s] INFO:colcon.colcon_core.package_discovery:Crawling recursively for packages in '/src/ros2_ws'
[3.294s] Level 1:colcon.colcon_core.package_identification:_identify(.) by extensions ['ignore', 'ignore_ament_install']
[3.295s] Level 1:colcon.colcon_core.package_identification:_identify(.) by extension 'ignore'
[3.295s] Level 1:colcon.colcon_core.package_identification:_identify(.) by extension 'ignore_ament_install'
[3.296s] Level 1:colcon.colcon_core.package_identification:_identify(.) by extensions ['colcon_pkg']
[3.297s] Level 1:colcon.colcon_core.package_identification:_identify(.) by extension 'colcon_pkg'
[3.297s] Level 1:colcon.colcon_core.package_identification:_identify(.) by extensions ['colcon_meta']
[3.298s] Level 1:colcon.colcon_core.package_identification:_identify(.) by extension 'colcon_meta'
[3.298s] Level 1:colcon.colcon_core.package_identification:_identify(.) by extensions ['ros']
[3.298s] Level 1:colcon.colcon_core.package_identification:_identify(.) by extension 'ros'
[3.336s] Level 1:colcon.colcon_core.package_identification:_identify(.) by extensions ['cmake', 'python']
[3.337s] Level 1:colcon.colcon_core.package_identification:_identify(.) by extension 'cmake'
[3.337s] Level 1:colcon.colcon_core.package_identification:_identify(.) by extension 'python'
[3.338s] Level 1:colcon.colcon_core.package_identification:_identify(.) by extensions ['python_setup_py']
[3.338s] Level 1:colcon.colcon_core.package_identification:_identify(.) by extension 'python_setup_py'
[3.341s] Level 1:colcon.colcon_core.package_identification:_identify(build) by extensions ['ignore', 'ignore_ament_install']
[3.342s] Level 1:colcon.colcon_core.package_identification:_identify(build) by extension 'ignore'
[3.343s] Level 1:colcon.colcon_core.package_identification:_identify(build) ignored
[3.345s] Level 1:colcon.colcon_core.package_identification:_identify(install) by extensions ['ignore', 'ignore_ament_install']
[3.346s] Level 1:colcon.colcon_core.package_identification:_identify(install) by extension 'ignore'
[3.347s] Level 1:colcon.colcon_core.package_identification:_identify(install) ignored
[3.354s] Level 1:colcon.colcon_core.package_identification:_identify(log) by extensions ['ignore', 'ignore_ament_install']
[3.354s] Level 1:colcon.colcon_core.package_identification:_identify(log) by extension 'ignore'
[3.355s] Level 1:colcon.colcon_core.package_identification:_identify(log) ignored
[3.357s] Level 1:colcon.colcon_core.package_identification:_identify(src) by extensions ['ignore', 'ignore_ament_install']
[3.357s] Level 1:colcon.colcon_core.package_identification:_identify(src) by extension 'ignore'
[3.358s] Level 1:colcon.colcon_core.package_identification:_identify(src) by extension 'ignore_ament_install'
[3.360s] Level 1:colcon.colcon_core.package_identification:_identify(src) by extensions ['colcon_pkg']
[3.360s] Level 1:colcon.colcon_core.package_identification:_identify(src) by extension 'colcon_pkg'
[3.361s] Level 1:colcon.colcon_core.package_identification:_identify(src) by extensions ['colcon_meta']
[3.361s] Level 1:colcon.colcon_core.package_identification:_identify(src) by extension 'colcon_meta'
[3.362s] Level 1:colcon.colcon_core.package_identification:_identify(src) by extensions ['ros']
[3.362s] Level 1:colcon.colcon_core.package_identification:_identify(src) by extension 'ros'
[3.366s] Level 1:colcon.colcon_core.package_identification:_identify(src) by extensions ['cmake', 'python']
[3.366s] Level 1:colcon.colcon_core.package_identification:_identify(src) by extension 'cmake'
[3.367s] Level 1:colcon.colcon_core.package_identification:_identify(src) by extension 'python'
[3.368s] Level 1:colcon.colcon_core.package_identification:_identify(src) by extensions ['python_setup_py']
[3.368s] Level 1:colcon.colcon_core.package_identification:_identify(src) by extension 'python_setup_py'
[3.372s] Level 1:colcon.colcon_core.package_identification:_identify(src/imu_publisher) by extensions ['ignore', 'ignore_ament_install']
[3.372s] Level 1:colcon.colcon_core.package_identification:_identify(src/imu_publisher) by extension 'ignore'
[3.373s] Level 1:colcon.colcon_core.package_identification:_identify(src/imu_publisher) by extension 'ignore_ament_install'
[3.376s] Level 1:colcon.colcon_core.package_identification:_identify(src/imu_publisher) by extensions ['colcon_pkg']
[3.376s] Level 1:colcon.colcon_core.package_identification:_identify(src/imu_publisher) by extension 'colcon_pkg'
[3.378s] Level 1:colcon.colcon_core.package_identification:_identify(src/imu_publisher) by extensions ['colcon_meta']
[3.378s] Level 1:colcon.colcon_core.package_identification:_identify(src/imu_publisher) by extension 'colcon_meta'
[3.380s] Level 1:colcon.colcon_core.package_identification:_identify(src/imu_publisher) by extensions ['ros']
[3.380s] Level 1:colcon.colcon_core.package_identification:_identify(src/imu_publisher) by extension 'ros'
[3.396s] DEBUG:colcon.colcon_core.package_identification:Package 'src/imu_publisher' with type 'ros.ament_python' and name 'imu_publisher'
[3.403s] Level 1:colcon.colcon_core.package_identification:_identify(src/movement_subscriber) by extensions ['ignore', 'ignore_ament_install']
[3.403s] Level 1:colcon.colcon_core.package_identification:_identify(src/movement_subscriber) by extension 'ignore'
[3.405s] Level 1:colcon.colcon_core.package_identification:_identify(src/movement_subscriber) by extension 'ignore_ament_install'
[3.407s] Level 1:colcon.colcon_core.package_identification:_identify(src/movement_subscriber) by extensions ['colcon_pkg']
[3.408s] Level 1:colcon.colcon_core.package_identification:_identify(src/movement_subscriber) by extension 'colcon_pkg'
[3.409s] Level 1:colcon.colcon_core.package_identification:_identify(src/movement_subscriber) by extensions ['colcon_meta']
[3.409s] Level 1:colcon.colcon_core.package_identification:_identify(src/movement_subscriber) by extension 'colcon_meta'
[3.411s] Level 1:colcon.colcon_core.package_identification:_identify(src/movement_subscriber) by extensions ['ros']
[3.411s] Level 1:colcon.colcon_core.package_identification:_identify(src/movement_subscriber) by extension 'ros'
[3.417s] Level 1:colcon.colcon_core.package_identification:_identify(src/movement_subscriber) by extensions ['cmake', 'python']
[3.417s] Level 1:colcon.colcon_core.package_identification:_identify(src/movement_subscriber) by extension 'cmake'
[3.418s] Level 1:colcon.colcon_core.package_identification:_identify(src/movement_subscriber) by extension 'python'
[3.420s] Level 1:colcon.colcon_core.package_identification:_identify(src/movement_subscriber) by extensions ['python_setup_py']
[3.420s] Level 1:colcon.colcon_core.package_identification:_identify(src/movement_subscriber) by extension 'python_setup_py'
[3.428s] Level 1:colcon.colcon_core.package_identification:_identify(src/movement_subscriber/src) by extensions ['ignore', 'ignore_ament_install']
[3.428s] Level 1:colcon.colcon_core.package_identification:_identify(src/movement_subscriber/src) by extension 'ignore'
[3.431s] Level 1:colcon.colcon_core.package_identification:_identify(src/movement_subscriber/src) by extension 'ignore_ament_install'
[3.434s] Level 1:colcon.colcon_core.package_identification:_identify(src/movement_subscriber/src) by extensions ['colcon_pkg']
[3.434s] Level 1:colcon.colcon_core.package_identification:_identify(src/movement_subscriber/src) by extension 'colcon_pkg'
[3.436s] Level 1:colcon.colcon_core.package_identification:_identify(src/movement_subscriber/src) by extensions ['colcon_meta']
[3.436s] Level 1:colcon.colcon_core.package_identification:_identify(src/movement_subscriber/src) by extension 'colcon_meta'
[3.439s] Level 1:colcon.colcon_core.package_identification:_identify(src/movement_subscriber/src) by extensions ['ros']
[3.440s] Level 1:colcon.colcon_core.package_identification:_identify(src/movement_subscriber/src) by extension 'ros'
[3.446s] Level 1:colcon.colcon_core.package_identification:_identify(src/movement_subscriber/src) by extensions ['cmake', 'python']
[3.446s] Level 1:colcon.colcon_core.package_identification:_identify(src/movement_subscriber/src) by extension 'cmake'
[3.448s] Level 1:colcon.colcon_core.package_identification:_identify(src/movement_subscriber/src) by extension 'python'
[3.449s] Level 1:colcon.colcon_core.package_identification:_identify(src/movement_subscriber/src) by extensions ['python_setup_py']
[3.449s] Level 1:colcon.colcon_core.package_identification:_identify(src/movement_subscriber/src) by extension 'python_setup_py'
[3.454s] Level 1:colcon.colcon_core.package_identification:_identify(src/pioneer_msgs) by extensions ['ignore', 'ignore_ament_install']
[3.454s] Level 1:colcon.colcon_core.package_identification:_identify(src/pioneer_msgs) by extension 'ignore'
[3.455s] Level 1:colcon.colcon_core.package_identification:_identify(src/pioneer_msgs) by extension 'ignore_ament_install'
[3.457s] Level 1:colcon.colcon_core.package_identification:_identify(src/pioneer_msgs) by extensions ['colcon_pkg']
[3.457s] Level 1:colcon.colcon_core.package_identification:_identify(src/pioneer_msgs) by extension 'colcon_pkg'
[3.458s] Level 1:colcon.colcon_core.package_identification:_identify(src/pioneer_msgs) by extensions ['colcon_meta']
[3.459s] Level 1:colcon.colcon_core.package_identification:_identify(src/pioneer_msgs) by extension 'colcon_meta'
[3.460s] Level 1:colcon.colcon_core.package_identification:_identify(src/pioneer_msgs) by extensions ['ros']
[3.460s] Level 1:colcon.colcon_core.package_identification:_identify(src/pioneer_msgs) by extension 'ros'
[3.472s] DEBUG:colcon.colcon_core.package_identification:Package 'src/pioneer_msgs' with type 'ros.ament_cmake' and name 'pioneer_msgs'
[3.476s] Level 1:colcon.colcon_core.package_identification:_identify(src/pixpubsub) by extensions ['ignore', 'ignore_ament_install']
[3.476s] Level 1:colcon.colcon_core.package_identification:_identify(src/pixpubsub) by extension 'ignore'
[3.477s] Level 1:colcon.colcon_core.package_identification:_identify(src/pixpubsub) by extension 'ignore_ament_install'
[3.479s] Level 1:colcon.colcon_core.package_identification:_identify(src/pixpubsub) by extensions ['colcon_pkg']
[3.479s] Level 1:colcon.colcon_core.package_identification:_identify(src/pixpubsub) by extension 'colcon_pkg'
[3.480s] Level 1:colcon.colcon_core.package_identification:_identify(src/pixpubsub) by extensions ['colcon_meta']
[3.481s] Level 1:colcon.colcon_core.package_identification:_identify(src/pixpubsub) by extension 'colcon_meta'
[3.482s] Level 1:colcon.colcon_core.package_identification:_identify(src/pixpubsub) by extensions ['ros']
[3.482s] Level 1:colcon.colcon_core.package_identification:_identify(src/pixpubsub) by extension 'ros'
[3.493s] DEBUG:colcon.colcon_core.package_identification:Package 'src/pixpubsub' with type 'ros.ament_python' and name 'pixpubsub'
[3.493s] Level 1:colcon.colcon_core.package_discovery:discover_packages(recursive) using defaults
[3.494s] Level 1:colcon.colcon_core.package_discovery:discover_packages(ignore) discover
[3.494s] Level 1:colcon.colcon_core.package_discovery:discover_packages(ignore) using defaults
[3.494s] Level 1:colcon.colcon_core.package_discovery:discover_packages(path) discover
[3.494s] Level 1:colcon.colcon_core.package_discovery:discover_packages(path) using defaults
[3.758s] Level 5:colcon.colcon_core.verb:set package 'imu_publisher' build argument 'cmake_args' from command line to 'None'
[3.759s] Level 5:colcon.colcon_core.verb:set package 'imu_publisher' build argument 'cmake_target' from command line to 'None'
[3.759s] Level 5:colcon.colcon_core.verb:set package 'imu_publisher' build argument 'cmake_target_skip_unavailable' from command line to 'False'
[3.759s] Level 5:colcon.colcon_core.verb:set package 'imu_publisher' build argument 'cmake_clean_cache' from command line to 'False'
[3.759s] Level 5:colcon.colcon_core.verb:set package 'imu_publisher' build argument 'cmake_clean_first' from command line to 'False'
[3.760s] Level 5:colcon.colcon_core.verb:set package 'imu_publisher' build argument 'cmake_force_configure' from command line to 'False'
[3.760s] Level 5:colcon.colcon_core.verb:set package 'imu_publisher' build argument 'ament_cmake_args' from command line to 'None'
[3.760s] Level 5:colcon.colcon_core.verb:set package 'imu_publisher' build argument 'catkin_cmake_args' from command line to 'None'
[3.760s] Level 5:colcon.colcon_core.verb:set package 'imu_publisher' build argument 'catkin_skip_building_tests' from command line to 'False'
[3.761s] DEBUG:colcon.colcon_core.verb:Building package 'imu_publisher' with the following arguments: {'ament_cmake_args': None, 'build_base': '/src/ros2_ws/build/imu_publisher', 'catkin_cmake_args': None, 'catkin_skip_building_tests': False, 'cmake_args': None, 'cmake_clean_cache': False, 'cmake_clean_first': False, 'cmake_force_configure': False, 'cmake_target': None, 'cmake_target_skip_unavailable': False, 'install_base': '/src/ros2_ws/install/imu_publisher', 'merge_install': False, 'path': '/src/ros2_ws/src/imu_publisher', 'symlink_install': False, 'test_result_base': None}
[3.787s] Level 5:colcon.colcon_core.verb:set package 'pioneer_msgs' build argument 'cmake_args' from command line to 'None'
[3.788s] Level 5:colcon.colcon_core.verb:set package 'pioneer_msgs' build argument 'cmake_target' from command line to 'None'
[3.788s] Level 5:colcon.colcon_core.verb:set package 'pioneer_msgs' build argument 'cmake_target_skip_unavailable' from command line to 'False'
[3.788s] Level 5:colcon.colcon_core.verb:set package 'pioneer_msgs' build argument 'cmake_clean_cache' from command line to 'False'
[3.788s] Level 5:colcon.colcon_core.verb:set package 'pioneer_msgs' build argument 'cmake_clean_first' from command line to 'False'
[3.789s] Level 5:colcon.colcon_core.verb:set package 'pioneer_msgs' build argument 'cmake_force_configure' from command line to 'False'
[3.789s] Level 5:colcon.colcon_core.verb:set package 'pioneer_msgs' build argument 'ament_cmake_args' from command line to 'None'
[3.789s] Level 5:colcon.colcon_core.verb:set package 'pioneer_msgs' build argument 'catkin_cmake_args' from command line to 'None'
[3.790s] Level 5:colcon.colcon_core.verb:set package 'pioneer_msgs' build argument 'catkin_skip_building_tests' from command line to 'False'
[3.790s] DEBUG:colcon.colcon_core.verb:Building package 'pioneer_msgs' with the following arguments: {'ament_cmake_args': None, 'build_base': '/src/ros2_ws/build/pioneer_msgs', 'catkin_cmake_args': None, 'catkin_skip_building_tests': False, 'cmake_args': None, 'cmake_clean_cache': False, 'cmake_clean_first': False, 'cmake_force_configure': False, 'cmake_target': None, 'cmake_target_skip_unavailable': False, 'install_base': '/src/ros2_ws/install/pioneer_msgs', 'merge_install': False, 'path': '/src/ros2_ws/src/pioneer_msgs', 'symlink_install': False, 'test_result_base': None}
[3.822s] Level 5:colcon.colcon_core.verb:set package 'pixpubsub' build argument 'cmake_args' from command line to 'None'
[3.823s] Level 5:colcon.colcon_core.verb:set package 'pixpubsub' build argument 'cmake_target' from command line to 'None'
[3.823s] Level 5:colcon.colcon_core.verb:set package 'pixpubsub' build argument 'cmake_target_skip_unavailable' from command line to 'False'
[3.823s] Level 5:colcon.colcon_core.verb:set package 'pixpubsub' build argument 'cmake_clean_cache' from command line to 'False'
[3.824s] Level 5:colcon.colcon_core.verb:set package 'pixpubsub' build argument 'cmake_clean_first' from command line to 'False'
[3.824s] Level 5:colcon.colcon_core.verb:set package 'pixpubsub' build argument 'cmake_force_configure' from command line to 'False'
[3.824s] Level 5:colcon.colcon_core.verb:set package 'pixpubsub' build argument 'ament_cmake_args' from command line to 'None'
[3.824s] Level 5:colcon.colcon_core.verb:set package 'pixpubsub' build argument 'catkin_cmake_args' from command line to 'None'
[3.825s] Level 5:colcon.colcon_core.verb:set package 'pixpubsub' build argument 'catkin_skip_building_tests' from command line to 'False'
[3.825s] DEBUG:colcon.colcon_core.verb:Building package 'pixpubsub' with the following arguments: {'ament_cmake_args': None, 'build_base': '/src/ros2_ws/build/pixpubsub', 'catkin_cmake_args': None, 'catkin_skip_building_tests': False, 'cmake_args': None, 'cmake_clean_cache': False, 'cmake_clean_first': False, 'cmake_force_configure': False, 'cmake_target': None, 'cmake_target_skip_unavailable': False, 'install_base': '/src/ros2_ws/install/pixpubsub', 'merge_install': False, 'path': '/src/ros2_ws/src/pixpubsub', 'symlink_install': False, 'test_result_base': None}
[3.853s] INFO:colcon.colcon_core.executor:Executing jobs using 'parallel' executor
[3.886s] DEBUG:colcon.colcon_parallel_executor.executor.parallel:run_until_complete
[3.887s] INFO:colcon.colcon_ros.task.ament_cmake.build:Building ROS package in '/src/ros2_ws/src/pioneer_msgs' with build type 'ament_cmake'
[3.887s] INFO:colcon.colcon_cmake.task.cmake.build:Building CMake package in '/src/ros2_ws/src/pioneer_msgs'
[3.933s] INFO:colcon.colcon_core.plugin_system:Skipping extension 'colcon_core.shell.bat': Not used on non-Windows systems
[3.934s] INFO:colcon.colcon_core.shell:Skip shell extension 'powershell' for command environment: Not usable outside of PowerShell
[3.934s] DEBUG:colcon.colcon_core.shell:Skip shell extension 'dsv' for command environment
[4.104s] INFO:colcon.colcon_ros.task.ament_python.build:Building ROS package in '/src/ros2_ws/src/imu_publisher' with build type 'ament_python'
[4.105s] Level 1:colcon.colcon_core.shell:create_environment_hook('imu_publisher', 'ament_prefix_path')
[4.147s] INFO:colcon.colcon_core.shell:Creating environment hook '/src/ros2_ws/install/imu_publisher/share/imu_publisher/hook/ament_prefix_path.ps1'
[4.165s] INFO:colcon.colcon_core.shell:Creating environment descriptor '/src/ros2_ws/install/imu_publisher/share/imu_publisher/hook/ament_prefix_path.dsv'
[4.181s] INFO:colcon.colcon_core.shell:Creating environment hook '/src/ros2_ws/install/imu_publisher/share/imu_publisher/hook/ament_prefix_path.sh'
[4.222s] INFO:colcon.colcon_core.shell:Skip shell extension 'powershell' for command environment: Not usable outside of PowerShell
[4.223s] DEBUG:colcon.colcon_core.shell:Skip shell extension 'dsv' for command environment
[4.413s] DEBUG:colcon.colcon_core.event_handler.log_command:Invoking command in '/src/ros2_ws/build/pioneer_msgs': CMAKE_PREFIX_PATH=${CMAKE_PREFIX_PATH}:/src/ros2_ws/install/pixpubsub:/src/ros2_ws/install/imu_publisher:/opt/ros/humble /usr/bin/cmake --build /src/ros2_ws/build/pioneer_msgs -- -j16 -l16
[6.543s] INFO:colcon.colcon_core.task.python.build:Building Python package in '/src/ros2_ws/src/imu_publisher'
[6.586s] INFO:colcon.colcon_core.shell:Skip shell extension 'powershell' for command environment: Not usable outside of PowerShell
[6.587s] DEBUG:colcon.colcon_core.shell:Skip shell extension 'dsv' for command environment
[8.694s] DEBUG:colcon.colcon_core.event_handler.log_command:Invoked command in '/src/ros2_ws/build/pioneer_msgs' returned '0': CMAKE_PREFIX_PATH=${CMAKE_PREFIX_PATH}:/src/ros2_ws/install/pixpubsub:/src/ros2_ws/install/imu_publisher:/opt/ros/humble /usr/bin/cmake --build /src/ros2_ws/build/pioneer_msgs -- -j16 -l16
[8.951s] DEBUG:colcon.colcon_core.event_handler.log_command:Invoking command in '/src/ros2_ws/src/imu_publisher': PYTHONPATH=/src/ros2_ws/build/imu_publisher/prefix_override:/src/ros2_ws/install/imu_publisher/lib/python3.10/site-packages:${PYTHONPATH} /usr/bin/python3 setup.py egg_info --egg-base ../../build/imu_publisher build --build-base /src/ros2_ws/build/imu_publisher/build install --record /src/ros2_ws/build/imu_publisher/install.log --single-version-externally-managed
[11.370s] DEBUG:colcon.colcon_core.event_handler.log_command:Invoked command in '/src/ros2_ws/src/imu_publisher' returned '0': PYTHONPATH=/src/ros2_ws/build/imu_publisher/prefix_override:/src/ros2_ws/install/imu_publisher/lib/python3.10/site-packages:${PYTHONPATH} /usr/bin/python3 setup.py egg_info --egg-base ../../build/imu_publisher build --build-base /src/ros2_ws/build/imu_publisher/build install --record /src/ros2_ws/build/imu_publisher/install.log --single-version-externally-managed
[11.425s] Level 1:colcon.colcon_core.environment:checking '/src/ros2_ws/install/imu_publisher' for CMake module files
[11.476s] Level 1:colcon.colcon_core.environment:checking '/src/ros2_ws/install/imu_publisher' for CMake config files
[11.569s] Level 1:colcon.colcon_core.environment:checking '/src/ros2_ws/install/imu_publisher/lib'
[11.573s] Level 1:colcon.colcon_core.environment:checking '/src/ros2_ws/install/imu_publisher/bin'
[11.574s] Level 1:colcon.colcon_core.environment:checking '/src/ros2_ws/install/imu_publisher/lib/pkgconfig/imu_publisher.pc'
[11.576s] Level 1:colcon.colcon_core.environment:checking '/src/ros2_ws/install/imu_publisher/lib/python3.10/site-packages'
[11.579s] Level 1:colcon.colcon_core.shell:create_environment_hook('imu_publisher', 'pythonpath')
[11.610s] INFO:colcon.colcon_core.shell:Creating environment hook '/src/ros2_ws/install/imu_publisher/share/imu_publisher/hook/pythonpath.ps1'
[11.625s] INFO:colcon.colcon_core.shell:Creating environment descriptor '/src/ros2_ws/install/imu_publisher/share/imu_publisher/hook/pythonpath.dsv'
[11.642s] INFO:colcon.colcon_core.shell:Creating environment hook '/src/ros2_ws/install/imu_publisher/share/imu_publisher/hook/pythonpath.sh'
[11.659s] Level 1:colcon.colcon_core.environment:checking '/src/ros2_ws/install/imu_publisher/bin'
[11.660s] Level 1:colcon.colcon_core.environment:create_environment_scripts_only(imu_publisher)
[11.690s] INFO:colcon.colcon_core.shell:Creating package script '/src/ros2_ws/install/imu_publisher/share/imu_publisher/package.ps1'
[11.702s] INFO:colcon.colcon_core.shell:Creating package descriptor '/src/ros2_ws/install/imu_publisher/share/imu_publisher/package.dsv'
[11.714s] INFO:colcon.colcon_core.shell:Creating package script '/src/ros2_ws/install/imu_publisher/share/imu_publisher/package.sh'
[11.725s] INFO:colcon.colcon_core.shell:Creating package script '/src/ros2_ws/install/imu_publisher/share/imu_publisher/package.bash'
[11.738s] INFO:colcon.colcon_core.shell:Creating package script '/src/ros2_ws/install/imu_publisher/share/imu_publisher/package.zsh'
[11.750s] Level 1:colcon.colcon_core.environment:create_file_with_runtime_dependencies(/src/ros2_ws/install/imu_publisher/share/colcon-core/packages/imu_publisher)
[11.911s] DEBUG:colcon.colcon_core.event_handler.log_command:Invoking command in '/src/ros2_ws/build/pioneer_msgs': CMAKE_PREFIX_PATH=${CMAKE_PREFIX_PATH}:/src/ros2_ws/install/pixpubsub:/src/ros2_ws/install/imu_publisher:/opt/ros/humble /usr/bin/cmake --install /src/ros2_ws/build/pioneer_msgs
[17.572s] Level 1:colcon.colcon_core.environment:create_environment_scripts_only(pioneer_msgs)
[17.573s] DEBUG:colcon.colcon_core.event_handler.log_command:Invoked command in '/src/ros2_ws/build/pioneer_msgs' returned '0': CMAKE_PREFIX_PATH=${CMAKE_PREFIX_PATH}:/src/ros2_ws/install/pixpubsub:/src/ros2_ws/install/imu_publisher:/opt/ros/humble /usr/bin/cmake --install /src/ros2_ws/build/pioneer_msgs
[17.606s] Level 1:colcon.colcon_core.environment:checking '/src/ros2_ws/install/pioneer_msgs' for CMake module files
[17.862s] Level 1:colcon.colcon_core.environment:checking '/src/ros2_ws/install/pioneer_msgs' for CMake config files
[18.036s] Level 1:colcon.colcon_core.shell:create_environment_hook('pioneer_msgs', 'cmake_prefix_path')
[18.063s] INFO:colcon.colcon_core.shell:Creating environment hook '/src/ros2_ws/install/pioneer_msgs/share/pioneer_msgs/hook/cmake_prefix_path.ps1'
[18.080s] INFO:colcon.colcon_core.shell:Creating environment descriptor '/src/ros2_ws/install/pioneer_msgs/share/pioneer_msgs/hook/cmake_prefix_path.dsv'
[18.096s] INFO:colcon.colcon_core.shell:Creating environment hook '/src/ros2_ws/install/pioneer_msgs/share/pioneer_msgs/hook/cmake_prefix_path.sh'
[18.123s] Level 1:colcon.colcon_core.environment:checking '/src/ros2_ws/install/pioneer_msgs/lib'
[18.130s] Level 1:colcon.colcon_core.shell:create_environment_hook('pioneer_msgs', 'ld_library_path_lib')
[18.161s] INFO:colcon.colcon_core.shell:Creating environment hook '/src/ros2_ws/install/pioneer_msgs/share/pioneer_msgs/hook/ld_library_path_lib.ps1'
[18.178s] INFO:colcon.colcon_core.shell:Creating environment descriptor '/src/ros2_ws/install/pioneer_msgs/share/pioneer_msgs/hook/ld_library_path_lib.dsv'
[18.196s] INFO:colcon.colcon_core.shell:Creating environment hook '/src/ros2_ws/install/pioneer_msgs/share/pioneer_msgs/hook/ld_library_path_lib.sh'
[18.212s] Level 1:colcon.colcon_core.environment:checking '/src/ros2_ws/install/pioneer_msgs/bin'
[18.213s] Level 1:colcon.colcon_core.environment:checking '/src/ros2_ws/install/pioneer_msgs/lib/pkgconfig/pioneer_msgs.pc'
[18.215s] Level 1:colcon.colcon_core.environment:checking '/src/ros2_ws/install/pioneer_msgs/lib/python3.10/site-packages'
[18.217s] Level 1:colcon.colcon_core.environment:checking '/src/ros2_ws/install/pioneer_msgs/bin'
[18.247s] INFO:colcon.colcon_core.shell:Creating package script '/src/ros2_ws/install/pioneer_msgs/share/pioneer_msgs/package.ps1'
[18.260s] INFO:colcon.colcon_core.shell:Creating package descriptor '/src/ros2_ws/install/pioneer_msgs/share/pioneer_msgs/package.dsv'
[18.272s] INFO:colcon.colcon_core.shell:Creating package script '/src/ros2_ws/install/pioneer_msgs/share/pioneer_msgs/package.sh'
[18.286s] INFO:colcon.colcon_core.shell:Creating package script '/src/ros2_ws/install/pioneer_msgs/share/pioneer_msgs/package.bash'
[18.298s] INFO:colcon.colcon_core.shell:Creating package script '/src/ros2_ws/install/pioneer_msgs/share/pioneer_msgs/package.zsh'
[18.311s] Level 1:colcon.colcon_core.environment:create_file_with_runtime_dependencies(/src/ros2_ws/install/pioneer_msgs/share/colcon-core/packages/pioneer_msgs)
[21.815s] Level 1:colcon.colcon_core.environment:create_environment_scripts_only(pioneer_msgs)
[21.841s] Level 1:colcon.colcon_core.environment:checking '/src/ros2_ws/install/pioneer_msgs' for CMake module files
[22.018s] Level 1:colcon.colcon_core.environment:checking '/src/ros2_ws/install/pioneer_msgs' for CMake config files
[22.198s] Level 1:colcon.colcon_core.shell:create_environment_hook('pioneer_msgs', 'cmake_prefix_path')
[22.226s] INFO:colcon.colcon_core.shell:Creating environment hook '/src/ros2_ws/install/pioneer_msgs/share/pioneer_msgs/hook/cmake_prefix_path.ps1'
[22.240s] INFO:colcon.colcon_core.shell:Creating environment descriptor '/src/ros2_ws/install/pioneer_msgs/share/pioneer_msgs/hook/cmake_prefix_path.dsv'
[22.254s] INFO:colcon.colcon_core.shell:Creating environment hook '/src/ros2_ws/install/pioneer_msgs/share/pioneer_msgs/hook/cmake_prefix_path.sh'
[22.271s] Level 1:colcon.colcon_core.environment:checking '/src/ros2_ws/install/pioneer_msgs/lib'
[22.275s] Level 1:colcon.colcon_core.shell:create_environment_hook('pioneer_msgs', 'ld_library_path_lib')
[22.304s] INFO:colcon.colcon_core.shell:Creating environment hook '/src/ros2_ws/install/pioneer_msgs/share/pioneer_msgs/hook/ld_library_path_lib.ps1'
[22.319s] INFO:colcon.colcon_core.shell:Creating environment descriptor '/src/ros2_ws/install/pioneer_msgs/share/pioneer_msgs/hook/ld_library_path_lib.dsv'
[22.331s] INFO:colcon.colcon_core.shell:Creating environment hook '/src/ros2_ws/install/pioneer_msgs/share/pioneer_msgs/hook/ld_library_path_lib.sh'
[22.344s] Level 1:colcon.colcon_core.environment:checking '/src/ros2_ws/install/pioneer_msgs/bin'
[22.345s] Level 1:colcon.colcon_core.environment:checking '/src/ros2_ws/install/pioneer_msgs/lib/pkgconfig/pioneer_msgs.pc'
[22.347s] Level 1:colcon.colcon_core.environment:checking '/src/ros2_ws/install/pioneer_msgs/lib/python3.10/site-packages'
[22.349s] Level 1:colcon.colcon_core.environment:checking '/src/ros2_ws/install/pioneer_msgs/bin'
[22.376s] INFO:colcon.colcon_core.shell:Creating package script '/src/ros2_ws/install/pioneer_msgs/share/pioneer_msgs/package.ps1'
[22.391s] INFO:colcon.colcon_core.shell:Creating package descriptor '/src/ros2_ws/install/pioneer_msgs/share/pioneer_msgs/package.dsv'
[22.405s] INFO:colcon.colcon_core.shell:Creating package script '/src/ros2_ws/install/pioneer_msgs/share/pioneer_msgs/package.sh'
[22.417s] INFO:colcon.colcon_core.shell:Creating package script '/src/ros2_ws/install/pioneer_msgs/share/pioneer_msgs/package.bash'
[22.431s] INFO:colcon.colcon_core.shell:Creating package script '/src/ros2_ws/install/pioneer_msgs/share/pioneer_msgs/package.zsh'
[22.444s] Level 1:colcon.colcon_core.environment:create_file_with_runtime_dependencies(/src/ros2_ws/install/pioneer_msgs/share/colcon-core/packages/pioneer_msgs)
[22.455s] INFO:colcon.colcon_ros.task.ament_python.build:Building ROS package in '/src/ros2_ws/src/pixpubsub' with build type 'ament_python'
[22.455s] Level 1:colcon.colcon_core.shell:create_environment_hook('pixpubsub', 'ament_prefix_path')
[22.491s] INFO:colcon.colcon_core.shell:Creating environment hook '/src/ros2_ws/install/pixpubsub/share/pixpubsub/hook/ament_prefix_path.ps1'
[22.507s] INFO:colcon.colcon_core.shell:Creating environment descriptor '/src/ros2_ws/install/pixpubsub/share/pixpubsub/hook/ament_prefix_path.dsv'
[22.523s] INFO:colcon.colcon_core.shell:Creating environment hook '/src/ros2_ws/install/pixpubsub/share/pixpubsub/hook/ament_prefix_path.sh'
[22.568s] INFO:colcon.colcon_core.shell:Skip shell extension 'powershell' for command environment: Not usable outside of PowerShell
[22.568s] DEBUG:colcon.colcon_core.shell:Skip shell extension 'dsv' for command environment
[24.119s] INFO:colcon.colcon_core.task.python.build:Building Python package in '/src/ros2_ws/src/pixpubsub'
[24.146s] INFO:colcon.colcon_core.shell:Skip shell extension 'powershell' for command environment: Not usable outside of PowerShell
[24.147s] DEBUG:colcon.colcon_core.shell:Skip shell extension 'dsv' for command environment
[26.311s] DEBUG:colcon.colcon_core.event_handler.log_command:Invoking command in '/src/ros2_ws/src/pixpubsub': PYTHONPATH=/src/ros2_ws/build/pixpubsub/prefix_override:/src/ros2_ws/install/pixpubsub/lib/python3.10/site-packages:${PYTHONPATH} /usr/bin/python3 setup.py egg_info --egg-base ../../build/pixpubsub build --build-base /src/ros2_ws/build/pixpubsub/build install --record /src/ros2_ws/build/pixpubsub/install.log --single-version-externally-managed
[28.928s] DEBUG:colcon.colcon_core.event_handler.log_command:Invoked command in '/src/ros2_ws/src/pixpubsub' returned '0': PYTHONPATH=/src/ros2_ws/build/pixpubsub/prefix_override:/src/ros2_ws/install/pixpubsub/lib/python3.10/site-packages:${PYTHONPATH} /usr/bin/python3 setup.py egg_info --egg-base ../../build/pixpubsub build --build-base /src/ros2_ws/build/pixpubsub/build install --record /src/ros2_ws/build/pixpubsub/install.log --single-version-externally-managed
[28.956s] Level 1:colcon.colcon_core.environment:checking '/src/ros2_ws/install/pixpubsub' for CMake module files
[29.026s] Level 1:colcon.colcon_core.environment:checking '/src/ros2_ws/install/pixpubsub' for CMake config files
[29.114s] Level 1:colcon.colcon_core.environment:checking '/src/ros2_ws/install/pixpubsub/lib'
[29.120s] Level 1:colcon.colcon_core.environment:checking '/src/ros2_ws/install/pixpubsub/bin'
[29.121s] Level 1:colcon.colcon_core.environment:checking '/src/ros2_ws/install/pixpubsub/lib/pkgconfig/pixpubsub.pc'
[29.122s] Level 1:colcon.colcon_core.environment:checking '/src/ros2_ws/install/pixpubsub/lib/python3.10/site-packages'
[29.124s] Level 1:colcon.colcon_core.shell:create_environment_hook('pixpubsub', 'pythonpath')
[29.151s] INFO:colcon.colcon_core.shell:Creating environment hook '/src/ros2_ws/install/pixpubsub/share/pixpubsub/hook/pythonpath.ps1'
[29.167s] INFO:colcon.colcon_core.shell:Creating environment descriptor '/src/ros2_ws/install/pixpubsub/share/pixpubsub/hook/pythonpath.dsv'
[29.182s] INFO:colcon.colcon_core.shell:Creating environment hook '/src/ros2_ws/install/pixpubsub/share/pixpubsub/hook/pythonpath.sh'
[29.196s] Level 1:colcon.colcon_core.environment:checking '/src/ros2_ws/install/pixpubsub/bin'
[29.197s] Level 1:colcon.colcon_core.environment:create_environment_scripts_only(pixpubsub)
[29.226s] INFO:colcon.colcon_core.shell:Creating package script '/src/ros2_ws/install/pixpubsub/share/pixpubsub/package.ps1'
[29.241s] INFO:colcon.colcon_core.shell:Creating package descriptor '/src/ros2_ws/install/pixpubsub/share/pixpubsub/package.dsv'
[29.254s] INFO:colcon.colcon_core.shell:Creating package script '/src/ros2_ws/install/pixpubsub/share/pixpubsub/package.sh'
[29.267s] INFO:colcon.colcon_core.shell:Creating package script '/src/ros2_ws/install/pixpubsub/share/pixpubsub/package.bash'
[29.282s] INFO:colcon.colcon_core.shell:Creating package script '/src/ros2_ws/install/pixpubsub/share/pixpubsub/package.zsh'
[29.295s] Level 1:colcon.colcon_core.environment:create_file_with_runtime_dependencies(/src/ros2_ws/install/pixpubsub/share/colcon-core/packages/pixpubsub)
[29.306s] DEBUG:colcon.colcon_parallel_executor.executor.parallel:closing loop
[29.306s] DEBUG:colcon.colcon_parallel_executor.executor.parallel:loop closed
[29.307s] DEBUG:colcon.colcon_parallel_executor.executor.parallel:run_until_complete finished with '0'
[29.307s] DEBUG:colcon.colcon_core.event_reactor:joining thread
[29.404s] INFO:colcon.colcon_core.plugin_system:Skipping extension 'colcon_notification.desktop_notification.notify_send': Could not find 'notify-send'
[29.405s] INFO:colcon.colcon_core.plugin_system:Skipping extension 'colcon_notification.desktop_notification.terminal_notifier': Not used on non-Darwin systems
[29.405s] INFO:colcon.colcon_core.plugin_system:Skipping extension 'colcon_notification.desktop_notification.win32': Not used on non-Windows systems
[29.405s] INFO:colcon.colcon_notification.desktop_notification:Sending desktop notification using 'notify2'
[29.406s] DEBUG:colcon.colcon_notification.desktop_notification.notify2:Failed to initialize notify2: org.freedesktop.DBus.Error.InvalidFileContent: D-Bus library appears to be incorrectly set up: see the manual page for dbus-uuidgen to correct this issue. (Failed to open "/var/lib/dbus/machine-id": No such file or directory; UUID file '/etc/machine-id' should contain a hex string of length 32, not length 0, with no other text)
[29.407s] DEBUG:colcon.colcon_core.event_reactor:joined thread
[29.440s] INFO:colcon.colcon_core.shell:Creating prefix script '/src/ros2_ws/install/local_setup.ps1'
[29.447s] INFO:colcon.colcon_core.shell:Creating prefix util module '/src/ros2_ws/install/_local_setup_util_ps1.py'
[29.455s] INFO:colcon.colcon_core.shell:Creating prefix chain script '/src/ros2_ws/install/setup.ps1'
[29.515s] INFO:colcon.colcon_core.shell:Creating prefix script '/src/ros2_ws/install/local_setup.sh'
[29.521s] INFO:colcon.colcon_core.shell:Creating prefix util module '/src/ros2_ws/install/_local_setup_util_sh.py'
[29.528s] INFO:colcon.colcon_core.shell:Creating prefix chain script '/src/ros2_ws/install/setup.sh'
[29.586s] INFO:colcon.colcon_core.shell:Creating prefix script '/src/ros2_ws/install/local_setup.bash'
[29.592s] INFO:colcon.colcon_core.shell:Creating prefix chain script '/src/ros2_ws/install/setup.bash'
[29.655s] INFO:colcon.colcon_core.shell:Creating prefix script '/src/ros2_ws/install/local_setup.zsh'
[29.662s] INFO:colcon.colcon_core.shell:Creating prefix chain script '/src/ros2_ws/install/setup.zsh'
