[5.482s] Invoking command in '/src/ros2_ws/src/pixpubsub': PYTHONPATH=/src/ros2_ws/build/pixpubsub/prefix_override:/src/ros2_ws/install/pixpubsub/lib/python3.10/site-packages:${PYTHONPATH} /usr/bin/python3 setup.py egg_info --egg-base ../../build/pixpubsub build --build-base /src/ros2_ws/build/pixpubsub/build install --record /src/ros2_ws/build/pixpubsub/install.log --single-version-externally-managed
[7.681s] running egg_info
[7.686s] writing ../../build/pixpubsub/pixpubsub.egg-info/PKG-INFO
[7.694s] writing dependency_links to ../../build/pixpubsub/pixpubsub.egg-info/dependency_links.txt
[7.701s] writing entry points to ../../build/pixpubsub/pixpubsub.egg-info/entry_points.txt
[7.731s] writing requirements to ../../build/pixpubsub/pixpubsub.egg-info/requires.txt
[7.733s] writing top-level names to ../../build/pixpubsub/pixpubsub.egg-info/top_level.txt
[7.764s] reading manifest file '../../build/pixpubsub/pixpubsub.egg-info/SOURCES.txt'
[7.848s] writing manifest file '../../build/pixpubsub/pixpubsub.egg-info/SOURCES.txt'
[7.853s] running build
[7.854s] running build_py
[7.899s] copying pixpubsub/move_pub.py -> /src/ros2_ws/build/pixpubsub/build/lib/pixpubsub
[7.953s] running install
[7.954s] running install_lib
[8.041s] copying /src/ros2_ws/build/pixpubsub/build/lib/pixpubsub/move_pub.py -> /src/ros2_ws/install/pixpubsub/lib/python3.10/site-packages/pixpubsub
[8.187s] byte-compiling /src/ros2_ws/install/pixpubsub/lib/python3.10/site-packages/pixpubsub/move_pub.py to move_pub.cpython-310.pyc
[8.288s] running install_data
[8.323s] running install_egg_info
[8.350s] removing '/src/ros2_ws/install/pixpubsub/lib/python3.10/site-packages/pixpubsub-0.0.0-py3.10.egg-info' (and everything under it)
[8.432s] Copying ../../build/pixpubsub/pixpubsub.egg-info to /src/ros2_ws/install/pixpubsub/lib/python3.10/site-packages/pixpubsub-0.0.0-py3.10.egg-info
[8.817s] running install_scripts
[9.015s] Installing justmove_sub script to /src/ros2_ws/install/pixpubsub/lib/pixpubsub
[9.030s] Installing move_pub script to /src/ros2_ws/install/pixpubsub/lib/pixpubsub
[9.043s] Installing publisher script to /src/ros2_ws/install/pixpubsub/lib/pixpubsub
[9.061s] writing list of installed files to '/src/ros2_ws/build/pixpubsub/install.log'
[9.130s] Invoked command in '/src/ros2_ws/src/pixpubsub' returned '0': PYTHONPATH=/src/ros2_ws/build/pixpubsub/prefix_override:/src/ros2_ws/install/pixpubsub/lib/python3.10/site-packages:${PYTHONPATH} /usr/bin/python3 setup.py egg_info --egg-base ../../build/pixpubsub build --build-base /src/ros2_ws/build/pixpubsub/build install --record /src/ros2_ws/build/pixpubsub/install.log --single-version-externally-managed
