[4.143s] Invoking command in '/src/ros2_ws/src/imu_publisher': PYTHONPATH=/src/ros2_ws/build/imu_publisher/prefix_override:/src/ros2_ws/install/imu_publisher/lib/python3.10/site-packages:${PYTHONPATH} /usr/bin/python3 setup.py egg_info --egg-base ../../build/imu_publisher build --build-base /src/ros2_ws/build/imu_publisher/build install --record /src/ros2_ws/build/imu_publisher/install.log --single-version-externally-managed
[5.712s] running egg_info
[5.717s] writing ../../build/imu_publisher/imu_publisher.egg-info/PKG-INFO
[5.725s] writing dependency_links to ../../build/imu_publisher/imu_publisher.egg-info/dependency_links.txt
[5.734s] writing entry points to ../../build/imu_publisher/imu_publisher.egg-info/entry_points.txt
[5.740s] writing requirements to ../../build/imu_publisher/imu_publisher.egg-info/requires.txt
[5.744s] writing top-level names to ../../build/imu_publisher/imu_publisher.egg-info/top_level.txt
[5.783s] reading manifest file '../../build/imu_publisher/imu_publisher.egg-info/SOURCES.txt'
[5.863s] writing manifest file '../../build/imu_publisher/imu_publisher.egg-info/SOURCES.txt'
[5.868s] running build
[5.869s] running build_py
[5.902s] running install
[5.903s] running install_lib
[6.019s] running install_data
[6.050s] running install_egg_info
[6.071s] removing '/src/ros2_ws/install/imu_publisher/lib/python3.10/site-packages/imu_publisher-0.0.0-py3.10.egg-info' (and everything under it)
[6.152s] Copying ../../build/imu_publisher/imu_publisher.egg-info to /src/ros2_ws/install/imu_publisher/lib/python3.10/site-packages/imu_publisher-0.0.0-py3.10.egg-info
[6.462s] running install_scripts
[6.615s] Installing publisher script to /src/ros2_ws/install/imu_publisher/lib/imu_publisher
[6.631s] writing list of installed files to '/src/ros2_ws/build/imu_publisher/install.log'
[6.686s] Invoked command in '/src/ros2_ws/src/imu_publisher' returned '0': PYTHONPATH=/src/ros2_ws/build/imu_publisher/prefix_override:/src/ros2_ws/install/imu_publisher/lib/python3.10/site-packages:${PYTHONPATH} /usr/bin/python3 setup.py egg_info --egg-base ../../build/imu_publisher build --build-base /src/ros2_ws/build/imu_publisher/build install --record /src/ros2_ws/build/imu_publisher/install.log --single-version-externally-managed
