[13.354s] Invoking command in '/src/ros2_ws/src/pixpubsub': PYTHONPATH=/src/ros2_ws/build/pixpubsub/prefix_override:/src/ros2_ws/install/pixpubsub/lib/python3.8/site-packages: /usr/bin/python3 setup.py egg_info --egg-base ../../build/pixpubsub build --build-base /src/ros2_ws/build/pixpubsub/build install --record /src/ros2_ws/build/pixpubsub/install.log --single-version-externally-managed
[18.249s] running egg_info
[18.262s] creating ../../build/pixpubsub/pixpubsub.egg-info
[18.269s] writing ../../build/pixpubsub/pixpubsub.egg-info/PKG-INFO
[18.303s] writing dependency_links to ../../build/pixpubsub/pixpubsub.egg-info/dependency_links.txt
[18.323s] writing entry points to ../../build/pixpubsub/pixpubsub.egg-info/entry_points.txt
[18.341s] writing requirements to ../../build/pixpubsub/pixpubsub.egg-info/requires.txt
[18.357s] writing top-level names to ../../build/pixpubsub/pixpubsub.egg-info/top_level.txt
[18.378s] writing manifest file '../../build/pixpubsub/pixpubsub.egg-info/SOURCES.txt'
[18.478s] reading manifest file '../../build/pixpubsub/pixpubsub.egg-info/SOURCES.txt'
[18.593s] writing manifest file '../../build/pixpubsub/pixpubsub.egg-info/SOURCES.txt'
[18.606s] running build
[18.611s] running build_py
[18.621s] creating /src/ros2_ws/build/pixpubsub/build
[18.624s] creating /src/ros2_ws/build/pixpubsub/build/lib
[18.628s] creating /src/ros2_ws/build/pixpubsub/build/lib/pixpubsub
[18.641s] copying pixpubsub/justmove_sub.py -> /src/ros2_ws/build/pixpubsub/build/lib/pixpubsub
[18.688s] copying pixpubsub/move_pub.py -> /src/ros2_ws/build/pixpubsub/build/lib/pixpubsub
[18.733s] copying pixpubsub/pix_pubsub_node.py -> /src/ros2_ws/build/pixpubsub/build/lib/pixpubsub
[18.781s] copying pixpubsub/__init__.py -> /src/ros2_ws/build/pixpubsub/build/lib/pixpubsub
[18.817s] running install
[18.834s] running install_lib
[18.891s] creating /src/ros2_ws/install/pixpubsub/lib/python3.8/site-packages/pixpubsub
[18.924s] copying /src/ros2_ws/build/pixpubsub/build/lib/pixpubsub/justmove_sub.py -> /src/ros2_ws/install/pixpubsub/lib/python3.8/site-packages/pixpubsub
[19.016s] copying /src/ros2_ws/build/pixpubsub/build/lib/pixpubsub/move_pub.py -> /src/ros2_ws/install/pixpubsub/lib/python3.8/site-packages/pixpubsub
[19.110s] copying /src/ros2_ws/build/pixpubsub/build/lib/pixpubsub/pix_pubsub_node.py -> /src/ros2_ws/install/pixpubsub/lib/python3.8/site-packages/pixpubsub
[19.197s] copying /src/ros2_ws/build/pixpubsub/build/lib/pixpubsub/__init__.py -> /src/ros2_ws/install/pixpubsub/lib/python3.8/site-packages/pixpubsub
[19.287s] byte-compiling /src/ros2_ws/install/pixpubsub/lib/python3.8/site-packages/pixpubsub/justmove_sub.py to justmove_sub.cpython-38.pyc
[19.386s] byte-compiling /src/ros2_ws/install/pixpubsub/lib/python3.8/site-packages/pixpubsub/move_pub.py to move_pub.cpython-38.pyc
[19.488s] byte-compiling /src/ros2_ws/install/pixpubsub/lib/python3.8/site-packages/pixpubsub/pix_pubsub_node.py to pix_pubsub_node.cpython-38.pyc
[19.597s] byte-compiling /src/ros2_ws/install/pixpubsub/lib/python3.8/site-packages/pixpubsub/__init__.py to __init__.cpython-38.pyc
[19.685s] running install_data
[19.705s] creating /src/ros2_ws/install/pixpubsub/share/ament_index
[19.709s] creating /src/ros2_ws/install/pixpubsub/share/ament_index/resource_index
[19.715s] creating /src/ros2_ws/install/pixpubsub/share/ament_index/resource_index/packages
[19.731s] copying resource/pixpubsub -> /src/ros2_ws/install/pixpubsub/share/ament_index/resource_index/packages
[19.779s] copying package.xml -> /src/ros2_ws/install/pixpubsub/share/pixpubsub
[19.808s] running install_egg_info
[19.849s] Copying ../../build/pixpubsub/pixpubsub.egg-info to /src/ros2_ws/install/pixpubsub/lib/python3.8/site-packages/pixpubsub-0.0.0-py3.8.egg-info
[20.408s] running install_scripts
[20.820s] Installing move_pub script to /src/ros2_ws/install/pixpubsub/lib/pixpubsub
[20.849s] Installing publisher script to /src/ros2_ws/install/pixpubsub/lib/pixpubsub
[20.884s] writing list of installed files to '/src/ros2_ws/build/pixpubsub/install.log'
[21.061s] Invoked command in '/src/ros2_ws/src/pixpubsub' returned '0': PYTHONPATH=/src/ros2_ws/build/pixpubsub/prefix_override:/src/ros2_ws/install/pixpubsub/lib/python3.8/site-packages: /usr/bin/python3 setup.py egg_info --egg-base ../../build/pixpubsub build --build-base /src/ros2_ws/build/pixpubsub/build install --record /src/ros2_ws/build/pixpubsub/install.log --single-version-externally-managed
