[3.845s] Invoking command in '/src/ros2_ws/src/pixpubsub': PYTHONPATH=/src/ros2_ws/build/pixpubsub/prefix_override:/src/ros2_ws/install/pixpubsub/lib/python3.10/site-packages:${PYTHONPATH} /usr/bin/python3 setup.py egg_info --egg-base ../../build/pixpubsub build --build-base /src/ros2_ws/build/pixpubsub/build install --record /src/ros2_ws/build/pixpubsub/install.log --single-version-externally-managed
[5.317s] running egg_info
[5.321s] writing ../../build/pixpubsub/pixpubsub.egg-info/PKG-INFO
[5.329s] writing dependency_links to ../../build/pixpubsub/pixpubsub.egg-info/dependency_links.txt
[5.336s] writing entry points to ../../build/pixpubsub/pixpubsub.egg-info/entry_points.txt
[5.343s] writing requirements to ../../build/pixpubsub/pixpubsub.egg-info/requires.txt
[5.347s] writing top-level names to ../../build/pixpubsub/pixpubsub.egg-info/top_level.txt
[5.390s] reading manifest file '../../build/pixpubsub/pixpubsub.egg-info/SOURCES.txt'
[5.475s] writing manifest file '../../build/pixpubsub/pixpubsub.egg-info/SOURCES.txt'
[5.480s] running build
[5.481s] running build_py
[5.497s] copying pixpubsub/justmove_sub.py -> /src/ros2_ws/build/pixpubsub/build/lib/pixpubsub
[5.525s] copying pixpubsub/move_pub.py -> /src/ros2_ws/build/pixpubsub/build/lib/pixpubsub
[5.567s] running install
[5.568s] running install_lib
[5.611s] copying /src/ros2_ws/build/pixpubsub/build/lib/pixpubsub/justmove_sub.py -> /src/ros2_ws/install/pixpubsub/lib/python3.10/site-packages/pixpubsub
[5.661s] copying /src/ros2_ws/build/pixpubsub/build/lib/pixpubsub/move_pub.py -> /src/ros2_ws/install/pixpubsub/lib/python3.10/site-packages/pixpubsub
[5.759s] byte-compiling /src/ros2_ws/install/pixpubsub/lib/python3.10/site-packages/pixpubsub/justmove_sub.py to justmove_sub.cpython-310.pyc
[5.782s] Sorry: IndentationError: expected an indented block after 'else' statement on line 113 (justmove_sub.py, line 139)
[5.799s] byte-compiling /src/ros2_ws/install/pixpubsub/lib/python3.10/site-packages/pixpubsub/move_pub.py to move_pub.cpython-310.pyc
[5.824s]   File "/src/ros2_ws/install/pixpubsub/lib/python3.10/site-packages/pixpubsub/move_pub.py", line 40
[5.825s]     break
[5.826s]     ^^^^^
[5.827s] SyntaxError: 'break' outside loop
[5.828s] 
[5.853s] running install_data
[5.883s] running install_egg_info
[5.902s] removing '/src/ros2_ws/install/pixpubsub/lib/python3.10/site-packages/pixpubsub-0.0.0-py3.10.egg-info' (and everything under it)
[5.965s] Copying ../../build/pixpubsub/pixpubsub.egg-info to /src/ros2_ws/install/pixpubsub/lib/python3.10/site-packages/pixpubsub-0.0.0-py3.10.egg-info
[6.256s] running install_scripts
[6.382s] Installing justmove_sub script to /src/ros2_ws/install/pixpubsub/lib/pixpubsub
[6.395s] Installing move_pub script to /src/ros2_ws/install/pixpubsub/lib/pixpubsub
[6.408s] Installing publisher script to /src/ros2_ws/install/pixpubsub/lib/pixpubsub
[6.424s] writing list of installed files to '/src/ros2_ws/build/pixpubsub/install.log'
[6.462s] Invoked command in '/src/ros2_ws/src/pixpubsub' returned '0': PYTHONPATH=/src/ros2_ws/build/pixpubsub/prefix_override:/src/ros2_ws/install/pixpubsub/lib/python3.10/site-packages:${PYTHONPATH} /usr/bin/python3 setup.py egg_info --egg-base ../../build/pixpubsub build --build-base /src/ros2_ws/build/pixpubsub/build install --record /src/ros2_ws/build/pixpubsub/install.log --single-version-externally-managed
