[9.527s] Invoking command in '/src/ros2_ws/src/imu_publisher': PYTHONPATH=/src/ros2_ws/build/imu_publisher/prefix_override:/src/ros2_ws/install/imu_publisher/lib/python3.10/site-packages:${PYTHONPATH} /usr/bin/python3 setup.py egg_info --egg-base ../../build/imu_publisher build --build-base /src/ros2_ws/build/imu_publisher/build install --record /src/ros2_ws/build/imu_publisher/install.log --single-version-externally-managed
[13.306s] running egg_info
[13.314s] writing ../../build/imu_publisher/imu_publisher.egg-info/PKG-INFO
[13.324s] writing dependency_links to ../../build/imu_publisher/imu_publisher.egg-info/dependency_links.txt
[13.353s] writing entry points to ../../build/imu_publisher/imu_publisher.egg-info/entry_points.txt
[13.355s] writing requirements to ../../build/imu_publisher/imu_publisher.egg-info/requires.txt
[13.357s] writing top-level names to ../../build/imu_publisher/imu_publisher.egg-info/top_level.txt
[13.419s] reading manifest file '../../build/imu_publisher/imu_publisher.egg-info/SOURCES.txt'
[13.538s] writing manifest file '../../build/imu_publisher/imu_publisher.egg-info/SOURCES.txt'
[13.540s] running build
[13.542s] running build_py
[13.585s] running install
[13.587s] running install_lib
[13.735s] running install_data
[13.772s] running install_egg_info
[13.802s] removing '/src/ros2_ws/install/imu_publisher/lib/python3.10/site-packages/imu_publisher-0.0.0-py3.10.egg-info' (and everything under it)
[13.882s] Copying ../../build/imu_publisher/imu_publisher.egg-info to /src/ros2_ws/install/imu_publisher/lib/python3.10/site-packages/imu_publisher-0.0.0-py3.10.egg-info
[14.237s] running install_scripts
[14.552s] Installing publisher script to /src/ros2_ws/install/imu_publisher/lib/imu_publisher
[14.569s] writing list of installed files to '/src/ros2_ws/build/imu_publisher/install.log'
[14.649s] Invoked command in '/src/ros2_ws/src/imu_publisher' returned '0': PYTHONPATH=/src/ros2_ws/build/imu_publisher/prefix_override:/src/ros2_ws/install/imu_publisher/lib/python3.10/site-packages:${PYTHONPATH} /usr/bin/python3 setup.py egg_info --egg-base ../../build/imu_publisher build --build-base /src/ros2_ws/build/imu_publisher/build install --record /src/ros2_ws/build/imu_publisher/install.log --single-version-externally-managed
