[0.052s] Invoking command in '/src/ros2_ws/build/mavros_msgs': /usr/local/bin/cmake /src/ros2_ws/src/mavros/mavros_msgs -DCMAKE_INSTALL_PREFIX=/src/ros2_ws/install/mavros_msgs
[0.199s] -- The C compiler identification is GNU 9.4.0
[0.338s] -- The CXX compiler identification is GNU 9.4.0
[0.387s] -- Detecting C compiler ABI info
[0.518s] -- Detecting C compiler ABI info - done
[0.543s] -- Check for working C compiler: /usr/bin/cc - skipped
[0.543s] -- Detecting C compile features
[0.544s] -- Detecting C compile features - done
[0.571s] -- Detecting CXX compiler ABI info
[0.724s] -- Detecting CXX compiler ABI info - done
[0.744s] -- Check for working CXX compiler: /usr/bin/c++ - skipped
[0.745s] -- Detecting CXX compile features
[0.746s] -- Detecting CXX compile features - done
[0.752s] -- Found ament_cmake: 1.3.5 (/opt/ros/humble/install/share/ament_cmake/cmake)
[2.526s] -- Found Python3: /usr/bin/python3.8 (found version "3.8.10") found components: Interpreter 
[2.698s] -- Found rosidl_default_generators: 1.2.0 (/opt/ros/humble/install/share/rosidl_default_generators/cmake)
[2.709s] -- Using all available rosidl_typesupport_c: rosidl_typesupport_fastrtps_c;rosidl_typesupport_introspection_c
[2.717s] -- Found rosidl_adapter: 3.1.5 (/opt/ros/humble/install/share/rosidl_adapter/cmake)
[2.814s] -- Using all available rosidl_typesupport_cpp: rosidl_typesupport_fastrtps_cpp;rosidl_typesupport_introspection_cpp
[2.903s] -- Found builtin_interfaces: 1.2.1 (/opt/ros/humble/install/share/builtin_interfaces/cmake)
[2.958s] -- Found rcl_interfaces: 1.2.1 (/opt/ros/humble/install/share/rcl_interfaces/cmake)
[3.055s] [31mCMake Error at CMakeLists.txt:18 (find_package):
[3.055s]   By not providing "Findgeographic_msgs.cmake" in CMAKE_MODULE_PATH this
[3.055s]   project has asked CMake to find a package configuration file provided by
[3.055s]   "geographic_msgs", but CMake did not find one.
[3.055s] 
[3.056s]   Could not find a package configuration file provided by "geographic_msgs"
[3.056s]   with any of the following names:
[3.056s] 
[3.056s]     geographic_msgsConfig.cmake
[3.056s]     geographic_msgs-config.cmake
[3.056s] 
[3.056s]   Add the installation prefix of "geographic_msgs" to CMAKE_PREFIX_PATH or
[3.057s]   set "geographic_msgs_DIR" to a directory containing one of the above files.
[3.057s]   If "geographic_msgs" provides a separate development package or SDK, be
[3.057s]   sure it has been installed.
[3.057s] 
[3.057s] [0m
[3.057s] -- Configuring incomplete, errors occurred!
