[1.548s] Invoking command in '/src/ros2_ws/src/imu_publisher': PYTHONPATH=/src/ros2_ws/build/imu_publisher/prefix_override:/src/ros2_ws/install/imu_publisher/lib/python3.8/site-packages:${PYTHONPATH} /usr/bin/python3 setup.py egg_info --egg-base ../../build/imu_publisher build --build-base /src/ros2_ws/build/imu_publisher/build install --record /src/ros2_ws/build/imu_publisher/install.log --single-version-externally-managed
[2.074s] running egg_info
[2.074s] writing ../../build/imu_publisher/imu_publisher.egg-info/PKG-INFO
[2.075s] writing dependency_links to ../../build/imu_publisher/imu_publisher.egg-info/dependency_links.txt
[2.075s] writing entry points to ../../build/imu_publisher/imu_publisher.egg-info/entry_points.txt
[2.076s] writing requirements to ../../build/imu_publisher/imu_publisher.egg-info/requires.txt
[2.076s] writing top-level names to ../../build/imu_publisher/imu_publisher.egg-info/top_level.txt
[2.080s] reading manifest file '../../build/imu_publisher/imu_publisher.egg-info/SOURCES.txt'
[2.082s] writing manifest file '../../build/imu_publisher/imu_publisher.egg-info/SOURCES.txt'
[2.083s] running build
[2.083s] running build_py
[2.084s] copying imu_publisher/publisher.py -> /src/ros2_ws/build/imu_publisher/build/lib/imu_publisher
[2.084s] running install
[2.086s] running install_lib
[2.088s] copying /src/ros2_ws/build/imu_publisher/build/lib/imu_publisher/publisher.py -> /src/ros2_ws/install/imu_publisher/lib/python3.8/site-packages/imu_publisher
[2.090s] byte-compiling /src/ros2_ws/install/imu_publisher/lib/python3.8/site-packages/imu_publisher/publisher.py to publisher.cpython-38.pyc
[2.091s] running install_data
[2.093s] running install_egg_info
[2.096s] removing '/src/ros2_ws/install/imu_publisher/lib/python3.8/site-packages/imu_publisher-0.0.0-py3.8.egg-info' (and everything under it)
[2.097s] Copying ../../build/imu_publisher/imu_publisher.egg-info to /src/ros2_ws/install/imu_publisher/lib/python3.8/site-packages/imu_publisher-0.0.0-py3.8.egg-info
[2.099s] running install_scripts
[2.143s] Installing publisher script to /src/ros2_ws/install/imu_publisher/lib/imu_publisher
[2.144s] writing list of installed files to '/src/ros2_ws/build/imu_publisher/install.log'
[2.209s] Invoked command in '/src/ros2_ws/src/imu_publisher' returned '0': PYTHONPATH=/src/ros2_ws/build/imu_publisher/prefix_override:/src/ros2_ws/install/imu_publisher/lib/python3.8/site-packages:${PYTHONPATH} /usr/bin/python3 setup.py egg_info --egg-base ../../build/imu_publisher build --build-base /src/ros2_ws/build/imu_publisher/build install --record /src/ros2_ws/build/imu_publisher/install.log --single-version-externally-managed
