[5.470s] Invoking command in '/src/ros2_ws/src/imu_publisher': PYTHONPATH=/src/ros2_ws/build/imu_publisher/prefix_override:/src/ros2_ws/install/imu_publisher/lib/python3.10/site-packages:${PYTHONPATH} /usr/bin/python3 setup.py egg_info --egg-base ../../build/imu_publisher build --build-base /src/ros2_ws/build/imu_publisher/build install --record /src/ros2_ws/build/imu_publisher/install.log --single-version-externally-managed
[7.258s] running egg_info
[7.265s] writing ../../build/imu_publisher/imu_publisher.egg-info/PKG-INFO
[7.274s] writing dependency_links to ../../build/imu_publisher/imu_publisher.egg-info/dependency_links.txt
[7.304s] writing entry points to ../../build/imu_publisher/imu_publisher.egg-info/entry_points.txt
[7.306s] writing requirements to ../../build/imu_publisher/imu_publisher.egg-info/requires.txt
[7.308s] writing top-level names to ../../build/imu_publisher/imu_publisher.egg-info/top_level.txt
[7.359s] reading manifest file '../../build/imu_publisher/imu_publisher.egg-info/SOURCES.txt'
[7.464s] writing manifest file '../../build/imu_publisher/imu_publisher.egg-info/SOURCES.txt'
[7.467s] running build
[7.468s] running build_py
[7.508s] running install
[7.510s] running install_lib
[7.655s] running install_data
[7.691s] running install_egg_info
[7.711s] removing '/src/ros2_ws/install/imu_publisher/lib/python3.10/site-packages/imu_publisher-0.0.0-py3.10.egg-info' (and everything under it)
[7.793s] Copying ../../build/imu_publisher/imu_publisher.egg-info to /src/ros2_ws/install/imu_publisher/lib/python3.10/site-packages/imu_publisher-0.0.0-py3.10.egg-info
[8.206s] running install_scripts
[8.377s] Installing publisher script to /src/ros2_ws/install/imu_publisher/lib/imu_publisher
[8.393s] writing list of installed files to '/src/ros2_ws/build/imu_publisher/install.log'
[8.498s] Invoked command in '/src/ros2_ws/src/imu_publisher' returned '0': PYTHONPATH=/src/ros2_ws/build/imu_publisher/prefix_override:/src/ros2_ws/install/imu_publisher/lib/python3.10/site-packages:${PYTHONPATH} /usr/bin/python3 setup.py egg_info --egg-base ../../build/imu_publisher build --build-base /src/ros2_ws/build/imu_publisher/build install --record /src/ros2_ws/build/imu_publisher/install.log --single-version-externally-managed
