[6.563s] Invoking command in '/src/ros2_ws/src/imu_publisher': PYTHONPATH=/src/ros2_ws/build/imu_publisher/prefix_override:/src/ros2_ws/install/imu_publisher/lib/python3.10/site-packages:${PYTHONPATH} /usr/bin/python3 setup.py egg_info --egg-base ../../build/imu_publisher build --build-base /src/ros2_ws/build/imu_publisher/build install --record /src/ros2_ws/build/imu_publisher/install.log --single-version-externally-managed
[8.678s] running egg_info
[8.685s] writing ../../build/imu_publisher/imu_publisher.egg-info/PKG-INFO
[8.694s] writing dependency_links to ../../build/imu_publisher/imu_publisher.egg-info/dependency_links.txt
[8.702s] writing entry points to ../../build/imu_publisher/imu_publisher.egg-info/entry_points.txt
[8.708s] writing requirements to ../../build/imu_publisher/imu_publisher.egg-info/requires.txt
[8.711s] writing top-level names to ../../build/imu_publisher/imu_publisher.egg-info/top_level.txt
[8.760s] reading manifest file '../../build/imu_publisher/imu_publisher.egg-info/SOURCES.txt'
[8.843s] writing manifest file '../../build/imu_publisher/imu_publisher.egg-info/SOURCES.txt'
[8.847s] running build
[8.849s] running build_py
[8.888s] running install
[8.889s] running install_lib
[9.028s] running install_data
[9.063s] running install_egg_info
[9.091s] removing '/src/ros2_ws/install/imu_publisher/lib/python3.10/site-packages/imu_publisher-0.0.0-py3.10.egg-info' (and everything under it)
[9.183s] Copying ../../build/imu_publisher/imu_publisher.egg-info to /src/ros2_ws/install/imu_publisher/lib/python3.10/site-packages/imu_publisher-0.0.0-py3.10.egg-info
[9.558s] running install_scripts
[9.739s] Installing publisher script to /src/ros2_ws/install/imu_publisher/lib/imu_publisher
[9.756s] writing list of installed files to '/src/ros2_ws/build/imu_publisher/install.log'
[9.810s] Invoked command in '/src/ros2_ws/src/imu_publisher' returned '0': PYTHONPATH=/src/ros2_ws/build/imu_publisher/prefix_override:/src/ros2_ws/install/imu_publisher/lib/python3.10/site-packages:${PYTHONPATH} /usr/bin/python3 setup.py egg_info --egg-base ../../build/imu_publisher build --build-base /src/ros2_ws/build/imu_publisher/build install --record /src/ros2_ws/build/imu_publisher/install.log --single-version-externally-managed
