[1.319s] Invoking command in '/src/ros2_ws/src/pixpubsub': CMAKE_PREFIX_PATH=/src/ros2_ws/install/pioneer_msgs:/src/ros2_ws/install/px4_ros_com:/src/ros2_ws/install/px4_msgs:/src/ros2_ws/install/microxrcedds_agent LD_LIBRARY_PATH=/src/ros2_ws/install/pioneer_msgs/lib:/src/ros2_ws/install/px4_ros_com/lib:/src/ros2_ws/install/px4_msgs/lib:/src/ros2_ws/install/microxrcedds_agent/lib:/opt/ros/humble/lib/aarch64-linux-gnu:/opt/ros/humble/lib PYTHONPATH=/src/ros2_ws/build/pixpubsub/prefix_override:/src/ros2_ws/install/pixpubsub/lib/python3.10/site-packages:${PYTHONPATH} /usr/bin/python3 setup.py egg_info --egg-base ../../build/pixpubsub build --build-base /src/ros2_ws/build/pixpubsub/build install --record /src/ros2_ws/build/pixpubsub/install.log --single-version-externally-managed
[1.739s] running egg_info
[1.740s] writing ../../build/pixpubsub/pixpubsub.egg-info/PKG-INFO
[1.740s] writing dependency_links to ../../build/pixpubsub/pixpubsub.egg-info/dependency_links.txt
[1.741s] writing entry points to ../../build/pixpubsub/pixpubsub.egg-info/entry_points.txt
[1.741s] writing requirements to ../../build/pixpubsub/pixpubsub.egg-info/requires.txt
[1.741s] writing top-level names to ../../build/pixpubsub/pixpubsub.egg-info/top_level.txt
[1.745s] reading manifest file '../../build/pixpubsub/pixpubsub.egg-info/SOURCES.txt'
[1.747s] writing manifest file '../../build/pixpubsub/pixpubsub.egg-info/SOURCES.txt'
[1.747s] running build
[1.747s] running build_py
[1.748s] running install
[1.749s] running install_lib
[1.751s] running install_data
[1.752s] running install_egg_info
[1.755s] removing '/src/ros2_ws/install/pixpubsub/lib/python3.10/site-packages/pixpubsub-0.0.0-py3.10.egg-info' (and everything under it)
[1.756s] Copying ../../build/pixpubsub/pixpubsub.egg-info to /src/ros2_ws/install/pixpubsub/lib/python3.10/site-packages/pixpubsub-0.0.0-py3.10.egg-info
[1.758s] running install_scripts
[1.798s] Installing move_pub script to /src/ros2_ws/install/pixpubsub/lib/pixpubsub
[1.798s] Installing publisher script to /src/ros2_ws/install/pixpubsub/lib/pixpubsub
[1.799s] writing list of installed files to '/src/ros2_ws/build/pixpubsub/install.log'
[1.868s] Invoked command in '/src/ros2_ws/src/pixpubsub' returned '0': CMAKE_PREFIX_PATH=/src/ros2_ws/install/pioneer_msgs:/src/ros2_ws/install/px4_ros_com:/src/ros2_ws/install/px4_msgs:/src/ros2_ws/install/microxrcedds_agent LD_LIBRARY_PATH=/src/ros2_ws/install/pioneer_msgs/lib:/src/ros2_ws/install/px4_ros_com/lib:/src/ros2_ws/install/px4_msgs/lib:/src/ros2_ws/install/microxrcedds_agent/lib:/opt/ros/humble/lib/aarch64-linux-gnu:/opt/ros/humble/lib PYTHONPATH=/src/ros2_ws/build/pixpubsub/prefix_override:/src/ros2_ws/install/pixpubsub/lib/python3.10/site-packages:${PYTHONPATH} /usr/bin/python3 setup.py egg_info --egg-base ../../build/pixpubsub build --build-base /src/ros2_ws/build/pixpubsub/build install --record /src/ros2_ws/build/pixpubsub/install.log --single-version-externally-managed
