-- The C compiler identification is GNU 11.4.0
-- The CXX compiler identification is GNU 11.4.0
-- Detecting C compiler ABI info
-- Detecting C compiler ABI info - done
-- Check for working C compiler: /usr/bin/cc - skipped
-- Detecting C compile features
-- Detecting C compile features - done
-- Detecting CXX compiler ABI info
-- Detecting CXX compiler ABI info - done
-- Check for working CXX compiler: /usr/bin/c++ - skipped
-- Detecting CXX compile features
-- Detecting CXX compile features - done
-- Found ament_cmake: 1.3.7 (/opt/ros/humble/share/ament_cmake/cmake)
-- Found Python3: /usr/bin/python3.10 (found version "3.10.12") found components: Interpreter 
-- Found rosidl_default_generators: 1.2.0 (/opt/ros/humble/share/rosidl_default_generators/cmake)
-- Using all available rosidl_typesupport_c: rosidl_typesupport_fastrtps_c;rosidl_typesupport_introspection_c
-- Found rosidl_adapter: 3.1.5 (/opt/ros/humble/share/rosidl_adapter/cmake)
-- Using all available rosidl_typesupport_cpp: rosidl_typesupport_fastrtps_cpp;rosidl_typesupport_introspection_cpp
-- Found rosidl_default_runtime: 1.2.0 (/opt/ros/humble/share/rosidl_default_runtime/cmake)
-- Found std_msgs: 4.2.3 (/opt/ros/humble/share/std_msgs/cmake)
-- Found geometry_msgs: 4.2.3 (/opt/ros/humble/share/geometry_msgs/cmake)
-- Found ament_cmake_cppcheck: 0.12.10 (/opt/ros/humble/share/ament_cmake_cppcheck/cmake)
-- Found ament_cmake_cpplint: 0.12.10 (/opt/ros/humble/share/ament_cmake_cpplint/cmake)
-- Found ament_cmake_uncrustify: 0.12.10 (/opt/ros/humble/share/ament_cmake_uncrustify/cmake)
-- Found ament_cmake_ros: 0.10.0 (/opt/ros/humble/share/ament_cmake_ros/cmake)
-- Using all available rosidl_typesupport_c: rosidl_typesupport_fastrtps_c;rosidl_typesupport_introspection_c
-- Using all available rosidl_typesupport_cpp: rosidl_typesupport_fastrtps_cpp;rosidl_typesupport_introspection_cpp
-- Found PythonInterp: /usr/bin/python3 (found suitable version "3.10.12", minimum required is "3.6") 
-- Found python_cmake_module: 0.10.0 (/opt/ros/humble/share/python_cmake_module/cmake)
-- Found PythonLibs: /usr/lib/aarch64-linux-gnu/libpython3.10.so (found suitable version "3.10.12", minimum required is "3.5") 
-- Using PYTHON_EXECUTABLE: /usr/bin/python3
-- Using PYTHON_INCLUDE_DIRS: /usr/include/python3.10
-- Using PYTHON_LIBRARIES: /usr/lib/aarch64-linux-gnu/libpython3.10.so
-- Found PythonExtra: .so  
-- Found ament_cmake_flake8: 0.12.10 (/opt/ros/humble/share/ament_cmake_flake8/cmake)
-- Found ament_cmake_pep257: 0.12.10 (/opt/ros/humble/share/ament_cmake_pep257/cmake)
-- Configuring done
-- Generating done
-- Build files have been written to: /src/ros2_ws/build/pioneer_msgs
[  2%] [34m[1mGenerating C code for ROS interfaces[0m
[  4%] [34m[1mGenerating C++ code for ROS interfaces[0m
[  4%] Built target pioneer_msgs__cpp
[  4%] Built target ament_cmake_python_copy_pioneer_msgs
[  6%] [34m[1mGenerating C++ introspection for ROS interfaces[0m
[ 10%] [32mBuilding C object CMakeFiles/pioneer_msgs__rosidl_generator_c.dir/rosidl_generator_c/pioneer_msgs/msg/detail/status__functions.c.o[0m
[ 10%] [32mBuilding C object CMakeFiles/pioneer_msgs__rosidl_generator_c.dir/rosidl_generator_c/pioneer_msgs/msg/detail/motion_command__functions.c.o[0m
[ 12%] [32mBuilding C object CMakeFiles/pioneer_msgs__rosidl_generator_c.dir/rosidl_generator_c/pioneer_msgs/msg/detail/auv_state__functions.c.o[0m
[ 14%] [32m[1mLinking C shared library libpioneer_msgs__rosidl_generator_c.so[0m
[ 14%] Built target pioneer_msgs__rosidl_generator_c
running egg_info
creating pioneer_msgs.egg-info
writing pioneer_msgs.egg-info/PKG-INFO
writing dependency_links to pioneer_msgs.egg-info/dependency_links.txt
writing top-level names to pioneer_msgs.egg-info/top_level.txt
writing manifest file 'pioneer_msgs.egg-info/SOURCES.txt'
reading manifest file 'pioneer_msgs.egg-info/SOURCES.txt'
writing manifest file 'pioneer_msgs.egg-info/SOURCES.txt'
[ 19%] Built target ament_cmake_python_build_pioneer_msgs_egg
[ 19%] [34m[1mGenerating C introspection for ROS interfaces[0m
[ 19%] [32mBuilding CXX object CMakeFiles/pioneer_msgs__rosidl_typesupport_introspection_cpp.dir/rosidl_typesupport_introspection_cpp/pioneer_msgs/msg/detail/motion_command__type_support.cpp.o[0m
[ 21%] [34m[1mGenerating C type support for eProsima Fast-RTPS[0m
[ 23%] [32mBuilding CXX object CMakeFiles/pioneer_msgs__rosidl_typesupport_introspection_cpp.dir/rosidl_typesupport_introspection_cpp/pioneer_msgs/msg/detail/status__type_support.cpp.o[0m
[ 25%] [34m[1mGenerating C type support dispatch for ROS interfaces[0m
[ 27%] [32mBuilding CXX object CMakeFiles/pioneer_msgs__rosidl_typesupport_fastrtps_c.dir/rosidl_typesupport_fastrtps_c/pioneer_msgs/msg/detail/motion_command__type_support_c.cpp.o[0m
[ 29%] [32mBuilding CXX object CMakeFiles/pioneer_msgs__rosidl_typesupport_introspection_cpp.dir/rosidl_typesupport_introspection_cpp/pioneer_msgs/msg/detail/auv_state__type_support.cpp.o[0m
[ 31%] [32mBuilding C object CMakeFiles/pioneer_msgs__rosidl_typesupport_introspection_c.dir/rosidl_typesupport_introspection_c/pioneer_msgs/msg/detail/motion_command__type_support.c.o[0m
[ 34%] [32mBuilding C object CMakeFiles/pioneer_msgs__rosidl_typesupport_introspection_c.dir/rosidl_typesupport_introspection_c/pioneer_msgs/msg/detail/status__type_support.c.o[0m
[ 36%] [32mBuilding C object CMakeFiles/pioneer_msgs__rosidl_typesupport_introspection_c.dir/rosidl_typesupport_introspection_c/pioneer_msgs/msg/detail/auv_state__type_support.c.o[0m
[ 38%] [32m[1mLinking C shared library libpioneer_msgs__rosidl_typesupport_introspection_c.so[0m
[ 38%] Built target pioneer_msgs__rosidl_typesupport_introspection_c
[ 40%] [32mBuilding CXX object CMakeFiles/pioneer_msgs__rosidl_typesupport_fastrtps_c.dir/rosidl_typesupport_fastrtps_c/pioneer_msgs/msg/detail/status__type_support_c.cpp.o[0m
[ 42%] [34m[1mGenerating C++ type support for eProsima Fast-RTPS[0m
[ 44%] [32mBuilding CXX object CMakeFiles/pioneer_msgs__rosidl_typesupport_fastrtps_c.dir/rosidl_typesupport_fastrtps_c/pioneer_msgs/msg/detail/auv_state__type_support_c.cpp.o[0m
[ 46%] [32m[1mLinking CXX shared library libpioneer_msgs__rosidl_typesupport_introspection_cpp.so[0m
[ 48%] [32mBuilding CXX object CMakeFiles/pioneer_msgs__rosidl_typesupport_c.dir/rosidl_typesupport_c/pioneer_msgs/msg/motion_command__type_support.cpp.o[0m
[ 51%] [32mBuilding CXX object CMakeFiles/pioneer_msgs__rosidl_typesupport_c.dir/rosidl_typesupport_c/pioneer_msgs/msg/status__type_support.cpp.o[0m
[ 51%] Built target pioneer_msgs__rosidl_typesupport_introspection_cpp
[ 53%] [32mBuilding CXX object CMakeFiles/pioneer_msgs__rosidl_typesupport_c.dir/rosidl_typesupport_c/pioneer_msgs/msg/auv_state__type_support.cpp.o[0m
[ 55%] [34m[1mGenerating C++ type support dispatch for ROS interfaces[0m
[ 57%] [32m[1mLinking CXX shared library libpioneer_msgs__rosidl_typesupport_c.so[0m
[ 57%] Built target pioneer_msgs__rosidl_typesupport_c
[ 59%] [32mBuilding CXX object CMakeFiles/pioneer_msgs__rosidl_typesupport_fastrtps_cpp.dir/rosidl_typesupport_fastrtps_cpp/pioneer_msgs/msg/detail/dds_fastrtps/status__type_support.cpp.o[0m
[ 61%] [32mBuilding CXX object CMakeFiles/pioneer_msgs__rosidl_typesupport_fastrtps_cpp.dir/rosidl_typesupport_fastrtps_cpp/pioneer_msgs/msg/detail/dds_fastrtps/motion_command__type_support.cpp.o[0m
[ 63%] [32m[1mLinking CXX shared library libpioneer_msgs__rosidl_typesupport_fastrtps_c.so[0m
[ 63%] Built target pioneer_msgs__rosidl_typesupport_fastrtps_c
[ 65%] [32mBuilding CXX object CMakeFiles/pioneer_msgs__rosidl_typesupport_cpp.dir/rosidl_typesupport_cpp/pioneer_msgs/msg/motion_command__type_support.cpp.o[0m
[ 68%] [32mBuilding CXX object CMakeFiles/pioneer_msgs__rosidl_typesupport_cpp.dir/rosidl_typesupport_cpp/pioneer_msgs/msg/status__type_support.cpp.o[0m
[ 70%] [32mBuilding CXX object CMakeFiles/pioneer_msgs__rosidl_typesupport_fastrtps_cpp.dir/rosidl_typesupport_fastrtps_cpp/pioneer_msgs/msg/detail/dds_fastrtps/auv_state__type_support.cpp.o[0m
[ 72%] [32mBuilding CXX object CMakeFiles/pioneer_msgs__rosidl_typesupport_cpp.dir/rosidl_typesupport_cpp/pioneer_msgs/msg/auv_state__type_support.cpp.o[0m
[ 74%] [32m[1mLinking CXX shared library libpioneer_msgs__rosidl_typesupport_cpp.so[0m
[ 76%] [32m[1mLinking CXX shared library libpioneer_msgs__rosidl_typesupport_fastrtps_cpp.so[0m
[ 76%] Built target pioneer_msgs__rosidl_typesupport_cpp
[ 76%] Built target pioneer_msgs__rosidl_typesupport_fastrtps_cpp
[ 76%] Built target pioneer_msgs
[ 78%] [34m[1mGenerating Python code for ROS interfaces[0m
[ 78%] Built target pioneer_msgs__py
[ 85%] [32mBuilding C object CMakeFiles/pioneer_msgs__rosidl_generator_py.dir/rosidl_generator_py/pioneer_msgs/msg/_auv_state_s.c.o[0m
[ 85%] [32mBuilding C object CMakeFiles/pioneer_msgs__rosidl_generator_py.dir/rosidl_generator_py/pioneer_msgs/msg/_status_s.c.o[0m
[ 85%] [32mBuilding C object CMakeFiles/pioneer_msgs__rosidl_generator_py.dir/rosidl_generator_py/pioneer_msgs/msg/_motion_command_s.c.o[0m
[ 87%] [32m[1mLinking C shared library rosidl_generator_py/pioneer_msgs/libpioneer_msgs__rosidl_generator_py.so[0m
[ 87%] Built target pioneer_msgs__rosidl_generator_py
[ 93%] [32mBuilding C object CMakeFiles/pioneer_msgs__rosidl_typesupport_fastrtps_c__pyext.dir/rosidl_generator_py/pioneer_msgs/_pioneer_msgs_s.ep.rosidl_typesupport_fastrtps_c.c.o[0m
[ 93%] [32mBuilding C object CMakeFiles/pioneer_msgs__rosidl_typesupport_c__pyext.dir/rosidl_generator_py/pioneer_msgs/_pioneer_msgs_s.ep.rosidl_typesupport_c.c.o[0m
[ 93%] [32mBuilding C object CMakeFiles/pioneer_msgs__rosidl_typesupport_introspection_c__pyext.dir/rosidl_generator_py/pioneer_msgs/_pioneer_msgs_s.ep.rosidl_typesupport_introspection_c.c.o[0m
[ 95%] [32m[1mLinking C shared library rosidl_generator_py/pioneer_msgs/pioneer_msgs_s__rosidl_typesupport_introspection_c.cpython-310-aarch64-linux-gnu.so[0m
[ 97%] [32m[1mLinking C shared library rosidl_generator_py/pioneer_msgs/pioneer_msgs_s__rosidl_typesupport_fastrtps_c.cpython-310-aarch64-linux-gnu.so[0m
[100%] [32m[1mLinking C shared library rosidl_generator_py/pioneer_msgs/pioneer_msgs_s__rosidl_typesupport_c.cpython-310-aarch64-linux-gnu.so[0m
[100%] Built target pioneer_msgs__rosidl_typesupport_fastrtps_c__pyext
[100%] Built target pioneer_msgs__rosidl_typesupport_introspection_c__pyext
[100%] Built target pioneer_msgs__rosidl_typesupport_c__pyext
-- Install configuration: ""
-- Installing: /src/ros2_ws/install/pioneer_msgs/share/ament_index/resource_index/rosidl_interfaces/pioneer_msgs
-- Installing: /src/ros2_ws/install/pioneer_msgs/include/pioneer_msgs/pioneer_msgs
-- Installing: /src/ros2_ws/install/pioneer_msgs/include/pioneer_msgs/pioneer_msgs/msg
-- Installing: /src/ros2_ws/install/pioneer_msgs/include/pioneer_msgs/pioneer_msgs/msg/status.h
-- Installing: /src/ros2_ws/install/pioneer_msgs/include/pioneer_msgs/pioneer_msgs/msg/detail
-- Installing: /src/ros2_ws/install/pioneer_msgs/include/pioneer_msgs/pioneer_msgs/msg/detail/motion_command__functions.h
-- Installing: /src/ros2_ws/install/pioneer_msgs/include/pioneer_msgs/pioneer_msgs/msg/detail/auv_state__functions.c
-- Installing: /src/ros2_ws/install/pioneer_msgs/include/pioneer_msgs/pioneer_msgs/msg/detail/status__struct.h
-- Installing: /src/ros2_ws/install/pioneer_msgs/include/pioneer_msgs/pioneer_msgs/msg/detail/status__functions.c
-- Installing: /src/ros2_ws/install/pioneer_msgs/include/pioneer_msgs/pioneer_msgs/msg/detail/auv_state__functions.h
-- Installing: /src/ros2_ws/install/pioneer_msgs/include/pioneer_msgs/pioneer_msgs/msg/detail/motion_command__struct.h
-- Installing: /src/ros2_ws/install/pioneer_msgs/include/pioneer_msgs/pioneer_msgs/msg/detail/motion_command__type_support.h
-- Installing: /src/ros2_ws/install/pioneer_msgs/include/pioneer_msgs/pioneer_msgs/msg/detail/status__functions.h
-- Installing: /src/ros2_ws/install/pioneer_msgs/include/pioneer_msgs/pioneer_msgs/msg/detail/status__type_support.h
-- Installing: /src/ros2_ws/install/pioneer_msgs/include/pioneer_msgs/pioneer_msgs/msg/detail/auv_state__struct.h
-- Installing: /src/ros2_ws/install/pioneer_msgs/include/pioneer_msgs/pioneer_msgs/msg/detail/auv_state__type_support.h
-- Installing: /src/ros2_ws/install/pioneer_msgs/include/pioneer_msgs/pioneer_msgs/msg/detail/motion_command__functions.c
-- Installing: /src/ros2_ws/install/pioneer_msgs/include/pioneer_msgs/pioneer_msgs/msg/motion_command.h
-- Installing: /src/ros2_ws/install/pioneer_msgs/include/pioneer_msgs/pioneer_msgs/msg/rosidl_generator_c__visibility_control.h
-- Installing: /src/ros2_ws/install/pioneer_msgs/include/pioneer_msgs/pioneer_msgs/msg/auv_state.h
-- Installing: /src/ros2_ws/install/pioneer_msgs/share/pioneer_msgs/environment/library_path.sh
-- Installing: /src/ros2_ws/install/pioneer_msgs/share/pioneer_msgs/environment/library_path.dsv
-- Installing: /src/ros2_ws/install/pioneer_msgs/lib/libpioneer_msgs__rosidl_generator_c.so
-- Set runtime path of "/src/ros2_ws/install/pioneer_msgs/lib/libpioneer_msgs__rosidl_generator_c.so" to ""
-- Up-to-date: /src/ros2_ws/install/pioneer_msgs/include/pioneer_msgs/pioneer_msgs
-- Up-to-date: /src/ros2_ws/install/pioneer_msgs/include/pioneer_msgs/pioneer_msgs/msg
-- Installing: /src/ros2_ws/install/pioneer_msgs/include/pioneer_msgs/pioneer_msgs/msg/rosidl_typesupport_fastrtps_c__visibility_control.h
-- Up-to-date: /src/ros2_ws/install/pioneer_msgs/include/pioneer_msgs/pioneer_msgs/msg/detail
-- Installing: /src/ros2_ws/install/pioneer_msgs/include/pioneer_msgs/pioneer_msgs/msg/detail/status__rosidl_typesupport_fastrtps_c.h
-- Installing: /src/ros2_ws/install/pioneer_msgs/include/pioneer_msgs/pioneer_msgs/msg/detail/auv_state__rosidl_typesupport_fastrtps_c.h
-- Installing: /src/ros2_ws/install/pioneer_msgs/include/pioneer_msgs/pioneer_msgs/msg/detail/motion_command__rosidl_typesupport_fastrtps_c.h
-- Installing: /src/ros2_ws/install/pioneer_msgs/lib/libpioneer_msgs__rosidl_typesupport_fastrtps_c.so
-- Set runtime path of "/src/ros2_ws/install/pioneer_msgs/lib/libpioneer_msgs__rosidl_typesupport_fastrtps_c.so" to ""
-- Up-to-date: /src/ros2_ws/install/pioneer_msgs/include/pioneer_msgs/pioneer_msgs
-- Up-to-date: /src/ros2_ws/install/pioneer_msgs/include/pioneer_msgs/pioneer_msgs/msg
-- Up-to-date: /src/ros2_ws/install/pioneer_msgs/include/pioneer_msgs/pioneer_msgs/msg/detail
-- Installing: /src/ros2_ws/install/pioneer_msgs/include/pioneer_msgs/pioneer_msgs/msg/detail/auv_state__rosidl_typesupport_introspection_c.h
-- Installing: /src/ros2_ws/install/pioneer_msgs/include/pioneer_msgs/pioneer_msgs/msg/detail/motion_command__rosidl_typesupport_introspection_c.h
-- Installing: /src/ros2_ws/install/pioneer_msgs/include/pioneer_msgs/pioneer_msgs/msg/detail/status__type_support.c
-- Installing: /src/ros2_ws/install/pioneer_msgs/include/pioneer_msgs/pioneer_msgs/msg/detail/auv_state__type_support.c
-- Installing: /src/ros2_ws/install/pioneer_msgs/include/pioneer_msgs/pioneer_msgs/msg/detail/motion_command__type_support.c
-- Installing: /src/ros2_ws/install/pioneer_msgs/include/pioneer_msgs/pioneer_msgs/msg/detail/status__rosidl_typesupport_introspection_c.h
-- Installing: /src/ros2_ws/install/pioneer_msgs/include/pioneer_msgs/pioneer_msgs/msg/rosidl_typesupport_introspection_c__visibility_control.h
-- Installing: /src/ros2_ws/install/pioneer_msgs/lib/libpioneer_msgs__rosidl_typesupport_introspection_c.so
-- Set runtime path of "/src/ros2_ws/install/pioneer_msgs/lib/libpioneer_msgs__rosidl_typesupport_introspection_c.so" to ""
-- Installing: /src/ros2_ws/install/pioneer_msgs/lib/libpioneer_msgs__rosidl_typesupport_c.so
-- Set runtime path of "/src/ros2_ws/install/pioneer_msgs/lib/libpioneer_msgs__rosidl_typesupport_c.so" to ""
-- Up-to-date: /src/ros2_ws/install/pioneer_msgs/include/pioneer_msgs/pioneer_msgs
-- Up-to-date: /src/ros2_ws/install/pioneer_msgs/include/pioneer_msgs/pioneer_msgs/msg
-- Up-to-date: /src/ros2_ws/install/pioneer_msgs/include/pioneer_msgs/pioneer_msgs/msg/detail
-- Installing: /src/ros2_ws/install/pioneer_msgs/include/pioneer_msgs/pioneer_msgs/msg/detail/motion_command__struct.hpp
-- Installing: /src/ros2_ws/install/pioneer_msgs/include/pioneer_msgs/pioneer_msgs/msg/detail/status__builder.hpp
-- Installing: /src/ros2_ws/install/pioneer_msgs/include/pioneer_msgs/pioneer_msgs/msg/detail/auv_state__traits.hpp
-- Installing: /src/ros2_ws/install/pioneer_msgs/include/pioneer_msgs/pioneer_msgs/msg/detail/status__traits.hpp
-- Installing: /src/ros2_ws/install/pioneer_msgs/include/pioneer_msgs/pioneer_msgs/msg/detail/auv_state__struct.hpp
-- Installing: /src/ros2_ws/install/pioneer_msgs/include/pioneer_msgs/pioneer_msgs/msg/detail/motion_command__traits.hpp
-- Installing: /src/ros2_ws/install/pioneer_msgs/include/pioneer_msgs/pioneer_msgs/msg/detail/motion_command__builder.hpp
-- Installing: /src/ros2_ws/install/pioneer_msgs/include/pioneer_msgs/pioneer_msgs/msg/detail/auv_state__builder.hpp
-- Installing: /src/ros2_ws/install/pioneer_msgs/include/pioneer_msgs/pioneer_msgs/msg/detail/status__struct.hpp
-- Installing: /src/ros2_ws/install/pioneer_msgs/include/pioneer_msgs/pioneer_msgs/msg/auv_state.hpp
-- Installing: /src/ros2_ws/install/pioneer_msgs/include/pioneer_msgs/pioneer_msgs/msg/status.hpp
-- Installing: /src/ros2_ws/install/pioneer_msgs/include/pioneer_msgs/pioneer_msgs/msg/motion_command.hpp
-- Up-to-date: /src/ros2_ws/install/pioneer_msgs/include/pioneer_msgs/pioneer_msgs
-- Up-to-date: /src/ros2_ws/install/pioneer_msgs/include/pioneer_msgs/pioneer_msgs/msg
-- Installing: /src/ros2_ws/install/pioneer_msgs/include/pioneer_msgs/pioneer_msgs/msg/rosidl_typesupport_fastrtps_cpp__visibility_control.h
-- Up-to-date: /src/ros2_ws/install/pioneer_msgs/include/pioneer_msgs/pioneer_msgs/msg/detail
-- Installing: /src/ros2_ws/install/pioneer_msgs/include/pioneer_msgs/pioneer_msgs/msg/detail/auv_state__rosidl_typesupport_fastrtps_cpp.hpp
-- Installing: /src/ros2_ws/install/pioneer_msgs/include/pioneer_msgs/pioneer_msgs/msg/detail/motion_command__rosidl_typesupport_fastrtps_cpp.hpp
-- Installing: /src/ros2_ws/install/pioneer_msgs/include/pioneer_msgs/pioneer_msgs/msg/detail/dds_fastrtps
-- Installing: /src/ros2_ws/install/pioneer_msgs/include/pioneer_msgs/pioneer_msgs/msg/detail/status__rosidl_typesupport_fastrtps_cpp.hpp
-- Installing: /src/ros2_ws/install/pioneer_msgs/lib/libpioneer_msgs__rosidl_typesupport_fastrtps_cpp.so
-- Set runtime path of "/src/ros2_ws/install/pioneer_msgs/lib/libpioneer_msgs__rosidl_typesupport_fastrtps_cpp.so" to ""
-- Up-to-date: /src/ros2_ws/install/pioneer_msgs/include/pioneer_msgs/pioneer_msgs
-- Up-to-date: /src/ros2_ws/install/pioneer_msgs/include/pioneer_msgs/pioneer_msgs/msg
-- Up-to-date: /src/ros2_ws/install/pioneer_msgs/include/pioneer_msgs/pioneer_msgs/msg/detail
-- Installing: /src/ros2_ws/install/pioneer_msgs/include/pioneer_msgs/pioneer_msgs/msg/detail/motion_command__rosidl_typesupport_introspection_cpp.hpp
-- Installing: /src/ros2_ws/install/pioneer_msgs/include/pioneer_msgs/pioneer_msgs/msg/detail/status__rosidl_typesupport_introspection_cpp.hpp
-- Installing: /src/ros2_ws/install/pioneer_msgs/include/pioneer_msgs/pioneer_msgs/msg/detail/status__type_support.cpp
-- Installing: /src/ros2_ws/install/pioneer_msgs/include/pioneer_msgs/pioneer_msgs/msg/detail/auv_state__type_support.cpp
-- Installing: /src/ros2_ws/install/pioneer_msgs/include/pioneer_msgs/pioneer_msgs/msg/detail/motion_command__type_support.cpp
-- Installing: /src/ros2_ws/install/pioneer_msgs/include/pioneer_msgs/pioneer_msgs/msg/detail/auv_state__rosidl_typesupport_introspection_cpp.hpp
-- Installing: /src/ros2_ws/install/pioneer_msgs/lib/libpioneer_msgs__rosidl_typesupport_introspection_cpp.so
-- Set runtime path of "/src/ros2_ws/install/pioneer_msgs/lib/libpioneer_msgs__rosidl_typesupport_introspection_cpp.so" to ""
-- Installing: /src/ros2_ws/install/pioneer_msgs/lib/libpioneer_msgs__rosidl_typesupport_cpp.so
-- Set runtime path of "/src/ros2_ws/install/pioneer_msgs/lib/libpioneer_msgs__rosidl_typesupport_cpp.so" to ""
-- Installing: /src/ros2_ws/install/pioneer_msgs/share/pioneer_msgs/environment/pythonpath.sh
-- Installing: /src/ros2_ws/install/pioneer_msgs/share/pioneer_msgs/environment/pythonpath.dsv
-- Installing: /src/ros2_ws/install/pioneer_msgs/local/lib/python3.10/dist-packages/pioneer_msgs-0.0.0-py3.10.egg-info
-- Installing: /src/ros2_ws/install/pioneer_msgs/local/lib/python3.10/dist-packages/pioneer_msgs-0.0.0-py3.10.egg-info/PKG-INFO
-- Installing: /src/ros2_ws/install/pioneer_msgs/local/lib/python3.10/dist-packages/pioneer_msgs-0.0.0-py3.10.egg-info/top_level.txt
-- Installing: /src/ros2_ws/install/pioneer_msgs/local/lib/python3.10/dist-packages/pioneer_msgs-0.0.0-py3.10.egg-info/dependency_links.txt
-- Installing: /src/ros2_ws/install/pioneer_msgs/local/lib/python3.10/dist-packages/pioneer_msgs-0.0.0-py3.10.egg-info/SOURCES.txt
-- Installing: /src/ros2_ws/install/pioneer_msgs/local/lib/python3.10/dist-packages/pioneer_msgs
-- Installing: /src/ros2_ws/install/pioneer_msgs/local/lib/python3.10/dist-packages/pioneer_msgs/_pioneer_msgs_s.ep.rosidl_typesupport_fastrtps_c.c
-- Installing: /src/ros2_ws/install/pioneer_msgs/local/lib/python3.10/dist-packages/pioneer_msgs/_pioneer_msgs_s.ep.rosidl_typesupport_c.c
-- Installing: /src/ros2_ws/install/pioneer_msgs/local/lib/python3.10/dist-packages/pioneer_msgs/_pioneer_msgs_s.ep.rosidl_typesupport_introspection_c.c
-- Installing: /src/ros2_ws/install/pioneer_msgs/local/lib/python3.10/dist-packages/pioneer_msgs/msg
-- Installing: /src/ros2_ws/install/pioneer_msgs/local/lib/python3.10/dist-packages/pioneer_msgs/msg/_motion_command.py
-- Installing: /src/ros2_ws/install/pioneer_msgs/local/lib/python3.10/dist-packages/pioneer_msgs/msg/__init__.py
-- Installing: /src/ros2_ws/install/pioneer_msgs/local/lib/python3.10/dist-packages/pioneer_msgs/msg/_status.py
-- Installing: /src/ros2_ws/install/pioneer_msgs/local/lib/python3.10/dist-packages/pioneer_msgs/msg/_motion_command_s.c
-- Installing: /src/ros2_ws/install/pioneer_msgs/local/lib/python3.10/dist-packages/pioneer_msgs/msg/_auv_state.py
-- Installing: /src/ros2_ws/install/pioneer_msgs/local/lib/python3.10/dist-packages/pioneer_msgs/msg/_auv_state_s.c
-- Installing: /src/ros2_ws/install/pioneer_msgs/local/lib/python3.10/dist-packages/pioneer_msgs/msg/_status_s.c
-- Installing: /src/ros2_ws/install/pioneer_msgs/local/lib/python3.10/dist-packages/pioneer_msgs/pioneer_msgs_s__rosidl_typesupport_introspection_c.cpython-310-aarch64-linux-gnu.so
-- Installing: /src/ros2_ws/install/pioneer_msgs/local/lib/python3.10/dist-packages/pioneer_msgs/libpioneer_msgs__rosidl_generator_py.so
-- Installing: /src/ros2_ws/install/pioneer_msgs/local/lib/python3.10/dist-packages/pioneer_msgs/__init__.py
-- Installing: /src/ros2_ws/install/pioneer_msgs/local/lib/python3.10/dist-packages/pioneer_msgs/pioneer_msgs_s__rosidl_typesupport_c.cpython-310-aarch64-linux-gnu.so
-- Installing: /src/ros2_ws/install/pioneer_msgs/local/lib/python3.10/dist-packages/pioneer_msgs/pioneer_msgs_s__rosidl_typesupport_fastrtps_c.cpython-310-aarch64-linux-gnu.so
Listing '/src/ros2_ws/install/pioneer_msgs/local/lib/python3.10/dist-packages/pioneer_msgs'...
Compiling '/src/ros2_ws/install/pioneer_msgs/local/lib/python3.10/dist-packages/pioneer_msgs/__init__.py'...
Listing '/src/ros2_ws/install/pioneer_msgs/local/lib/python3.10/dist-packages/pioneer_msgs/msg'...
Compiling '/src/ros2_ws/install/pioneer_msgs/local/lib/python3.10/dist-packages/pioneer_msgs/msg/__init__.py'...
Compiling '/src/ros2_ws/install/pioneer_msgs/local/lib/python3.10/dist-packages/pioneer_msgs/msg/_auv_state.py'...
Compiling '/src/ros2_ws/install/pioneer_msgs/local/lib/python3.10/dist-packages/pioneer_msgs/msg/_motion_command.py'...
Compiling '/src/ros2_ws/install/pioneer_msgs/local/lib/python3.10/dist-packages/pioneer_msgs/msg/_status.py'...
-- Installing: /src/ros2_ws/install/pioneer_msgs/local/lib/python3.10/dist-packages/pioneer_msgs/pioneer_msgs_s__rosidl_typesupport_fastrtps_c.cpython-310-aarch64-linux-gnu.so
-- Set runtime path of "/src/ros2_ws/install/pioneer_msgs/local/lib/python3.10/dist-packages/pioneer_msgs/pioneer_msgs_s__rosidl_typesupport_fastrtps_c.cpython-310-aarch64-linux-gnu.so" to ""
-- Installing: /src/ros2_ws/install/pioneer_msgs/local/lib/python3.10/dist-packages/pioneer_msgs/pioneer_msgs_s__rosidl_typesupport_introspection_c.cpython-310-aarch64-linux-gnu.so
-- Set runtime path of "/src/ros2_ws/install/pioneer_msgs/local/lib/python3.10/dist-packages/pioneer_msgs/pioneer_msgs_s__rosidl_typesupport_introspection_c.cpython-310-aarch64-linux-gnu.so" to ""
-- Installing: /src/ros2_ws/install/pioneer_msgs/local/lib/python3.10/dist-packages/pioneer_msgs/pioneer_msgs_s__rosidl_typesupport_c.cpython-310-aarch64-linux-gnu.so
-- Set runtime path of "/src/ros2_ws/install/pioneer_msgs/local/lib/python3.10/dist-packages/pioneer_msgs/pioneer_msgs_s__rosidl_typesupport_c.cpython-310-aarch64-linux-gnu.so" to ""
-- Installing: /src/ros2_ws/install/pioneer_msgs/lib/libpioneer_msgs__rosidl_generator_py.so
-- Set runtime path of "/src/ros2_ws/install/pioneer_msgs/lib/libpioneer_msgs__rosidl_generator_py.so" to ""
-- Installing: /src/ros2_ws/install/pioneer_msgs/share/pioneer_msgs/msg/MotionCommand.idl
-- Installing: /src/ros2_ws/install/pioneer_msgs/share/pioneer_msgs/msg/Status.idl
-- Installing: /src/ros2_ws/install/pioneer_msgs/share/pioneer_msgs/msg/AUVState.idl
-- Installing: /src/ros2_ws/install/pioneer_msgs/share/pioneer_msgs/msg/MotionCommand.msg
-- Installing: /src/ros2_ws/install/pioneer_msgs/share/pioneer_msgs/msg/Status.msg
-- Installing: /src/ros2_ws/install/pioneer_msgs/share/pioneer_msgs/msg/AUVState.msg
-- Installing: /src/ros2_ws/install/pioneer_msgs/share/ament_index/resource_index/package_run_dependencies/pioneer_msgs
-- Installing: /src/ros2_ws/install/pioneer_msgs/share/ament_index/resource_index/parent_prefix_path/pioneer_msgs
-- Installing: /src/ros2_ws/install/pioneer_msgs/share/pioneer_msgs/environment/ament_prefix_path.sh
-- Installing: /src/ros2_ws/install/pioneer_msgs/share/pioneer_msgs/environment/ament_prefix_path.dsv
-- Installing: /src/ros2_ws/install/pioneer_msgs/share/pioneer_msgs/environment/path.sh
-- Installing: /src/ros2_ws/install/pioneer_msgs/share/pioneer_msgs/environment/path.dsv
-- Installing: /src/ros2_ws/install/pioneer_msgs/share/pioneer_msgs/local_setup.bash
-- Installing: /src/ros2_ws/install/pioneer_msgs/share/pioneer_msgs/local_setup.sh
-- Installing: /src/ros2_ws/install/pioneer_msgs/share/pioneer_msgs/local_setup.zsh
-- Installing: /src/ros2_ws/install/pioneer_msgs/share/pioneer_msgs/local_setup.dsv
-- Installing: /src/ros2_ws/install/pioneer_msgs/share/pioneer_msgs/package.dsv
-- Installing: /src/ros2_ws/install/pioneer_msgs/share/ament_index/resource_index/packages/pioneer_msgs
-- Installing: /src/ros2_ws/install/pioneer_msgs/share/pioneer_msgs/cmake/export_pioneer_msgs__rosidl_generator_cExport.cmake
-- Installing: /src/ros2_ws/install/pioneer_msgs/share/pioneer_msgs/cmake/export_pioneer_msgs__rosidl_generator_cExport-noconfig.cmake
-- Installing: /src/ros2_ws/install/pioneer_msgs/share/pioneer_msgs/cmake/export_pioneer_msgs__rosidl_typesupport_fastrtps_cExport.cmake
-- Installing: /src/ros2_ws/install/pioneer_msgs/share/pioneer_msgs/cmake/export_pioneer_msgs__rosidl_typesupport_fastrtps_cExport-noconfig.cmake
-- Installing: /src/ros2_ws/install/pioneer_msgs/share/pioneer_msgs/cmake/pioneer_msgs__rosidl_typesupport_introspection_cExport.cmake
-- Installing: /src/ros2_ws/install/pioneer_msgs/share/pioneer_msgs/cmake/pioneer_msgs__rosidl_typesupport_introspection_cExport-noconfig.cmake
-- Installing: /src/ros2_ws/install/pioneer_msgs/share/pioneer_msgs/cmake/pioneer_msgs__rosidl_typesupport_cExport.cmake
-- Installing: /src/ros2_ws/install/pioneer_msgs/share/pioneer_msgs/cmake/pioneer_msgs__rosidl_typesupport_cExport-noconfig.cmake
-- Installing: /src/ros2_ws/install/pioneer_msgs/share/pioneer_msgs/cmake/export_pioneer_msgs__rosidl_generator_cppExport.cmake
-- Installing: /src/ros2_ws/install/pioneer_msgs/share/pioneer_msgs/cmake/export_pioneer_msgs__rosidl_typesupport_fastrtps_cppExport.cmake
-- Installing: /src/ros2_ws/install/pioneer_msgs/share/pioneer_msgs/cmake/export_pioneer_msgs__rosidl_typesupport_fastrtps_cppExport-noconfig.cmake
-- Installing: /src/ros2_ws/install/pioneer_msgs/share/pioneer_msgs/cmake/pioneer_msgs__rosidl_typesupport_introspection_cppExport.cmake
-- Installing: /src/ros2_ws/install/pioneer_msgs/share/pioneer_msgs/cmake/pioneer_msgs__rosidl_typesupport_introspection_cppExport-noconfig.cmake
-- Installing: /src/ros2_ws/install/pioneer_msgs/share/pioneer_msgs/cmake/pioneer_msgs__rosidl_typesupport_cppExport.cmake
-- Installing: /src/ros2_ws/install/pioneer_msgs/share/pioneer_msgs/cmake/pioneer_msgs__rosidl_typesupport_cppExport-noconfig.cmake
-- Installing: /src/ros2_ws/install/pioneer_msgs/share/pioneer_msgs/cmake/export_pioneer_msgs__rosidl_generator_pyExport.cmake
-- Installing: /src/ros2_ws/install/pioneer_msgs/share/pioneer_msgs/cmake/export_pioneer_msgs__rosidl_generator_pyExport-noconfig.cmake
-- Installing: /src/ros2_ws/install/pioneer_msgs/share/pioneer_msgs/cmake/rosidl_cmake-extras.cmake
-- Installing: /src/ros2_ws/install/pioneer_msgs/share/pioneer_msgs/cmake/ament_cmake_export_dependencies-extras.cmake
-- Installing: /src/ros2_ws/install/pioneer_msgs/share/pioneer_msgs/cmake/ament_cmake_export_include_directories-extras.cmake
-- Installing: /src/ros2_ws/install/pioneer_msgs/share/pioneer_msgs/cmake/ament_cmake_export_libraries-extras.cmake
-- Installing: /src/ros2_ws/install/pioneer_msgs/share/pioneer_msgs/cmake/ament_cmake_export_targets-extras.cmake
-- Installing: /src/ros2_ws/install/pioneer_msgs/share/pioneer_msgs/cmake/rosidl_cmake_export_typesupport_targets-extras.cmake
-- Installing: /src/ros2_ws/install/pioneer_msgs/share/pioneer_msgs/cmake/rosidl_cmake_export_typesupport_libraries-extras.cmake
-- Installing: /src/ros2_ws/install/pioneer_msgs/share/pioneer_msgs/cmake/pioneer_msgsConfig.cmake
-- Installing: /src/ros2_ws/install/pioneer_msgs/share/pioneer_msgs/cmake/pioneer_msgsConfig-version.cmake
-- Installing: /src/ros2_ws/install/pioneer_msgs/share/pioneer_msgs/package.xml
