[1.315s] Invoking command in '/src/ros2_ws/src/pixpubsub': CMAKE_PREFIX_PATH=/src/ros2_ws/install/pioneer_msgs:/src/ros2_ws/install/px4_ros_com:/src/ros2_ws/install/px4_msgs:/src/ros2_ws/install/microxrcedds_agent LD_LIBRARY_PATH=/src/ros2_ws/install/pioneer_msgs/lib:/src/ros2_ws/install/px4_ros_com/lib:/src/ros2_ws/install/px4_msgs/lib:/src/ros2_ws/install/microxrcedds_agent/lib:/opt/ros/humble/lib/aarch64-linux-gnu:/opt/ros/humble/lib PYTHONPATH=/src/ros2_ws/build/pixpubsub/prefix_override:/src/ros2_ws/install/pixpubsub/lib/python3.10/site-packages:${PYTHONPATH} /usr/bin/python3 setup.py egg_info --egg-base ../../build/pixpubsub build --build-base /src/ros2_ws/build/pixpubsub/build install --record /src/ros2_ws/build/pixpubsub/install.log --single-version-externally-managed
[1.725s] running egg_info
[1.728s] creating ../../build/pixpubsub/pixpubsub.egg-info
[1.728s] writing ../../build/pixpubsub/pixpubsub.egg-info/PKG-INFO
[1.728s] writing dependency_links to ../../build/pixpubsub/pixpubsub.egg-info/dependency_links.txt
[1.728s] writing entry points to ../../build/pixpubsub/pixpubsub.egg-info/entry_points.txt
[1.731s] writing requirements to ../../build/pixpubsub/pixpubsub.egg-info/requires.txt
[1.731s] writing top-level names to ../../build/pixpubsub/pixpubsub.egg-info/top_level.txt
[1.731s] writing manifest file '../../build/pixpubsub/pixpubsub.egg-info/SOURCES.txt'
[1.734s] reading manifest file '../../build/pixpubsub/pixpubsub.egg-info/SOURCES.txt'
[1.734s] writing manifest file '../../build/pixpubsub/pixpubsub.egg-info/SOURCES.txt'
[1.734s] running build
[1.734s] running build_py
[1.734s] creating /src/ros2_ws/build/pixpubsub/build
[1.734s] creating /src/ros2_ws/build/pixpubsub/build/lib
[1.734s] creating /src/ros2_ws/build/pixpubsub/build/lib/pixpubsub
[1.735s] copying pixpubsub/__init__.py -> /src/ros2_ws/build/pixpubsub/build/lib/pixpubsub
[1.735s] copying pixpubsub/move_pub.py -> /src/ros2_ws/build/pixpubsub/build/lib/pixpubsub
[1.738s] copying pixpubsub/justmove_sub.py -> /src/ros2_ws/build/pixpubsub/build/lib/pixpubsub
[1.742s] copying pixpubsub/pix_pubsub_node.py -> /src/ros2_ws/build/pixpubsub/build/lib/pixpubsub
[1.742s] running install
[1.742s] running install_lib
[1.742s] creating /src/ros2_ws/install/pixpubsub/lib/python3.10/site-packages/pixpubsub
[1.743s] copying /src/ros2_ws/build/pixpubsub/build/lib/pixpubsub/__init__.py -> /src/ros2_ws/install/pixpubsub/lib/python3.10/site-packages/pixpubsub
[1.743s] copying /src/ros2_ws/build/pixpubsub/build/lib/pixpubsub/move_pub.py -> /src/ros2_ws/install/pixpubsub/lib/python3.10/site-packages/pixpubsub
[1.743s] copying /src/ros2_ws/build/pixpubsub/build/lib/pixpubsub/justmove_sub.py -> /src/ros2_ws/install/pixpubsub/lib/python3.10/site-packages/pixpubsub
[1.743s] copying /src/ros2_ws/build/pixpubsub/build/lib/pixpubsub/pix_pubsub_node.py -> /src/ros2_ws/install/pixpubsub/lib/python3.10/site-packages/pixpubsub
[1.743s] byte-compiling /src/ros2_ws/install/pixpubsub/lib/python3.10/site-packages/pixpubsub/__init__.py to __init__.cpython-310.pyc
[1.743s] byte-compiling /src/ros2_ws/install/pixpubsub/lib/python3.10/site-packages/pixpubsub/move_pub.py to move_pub.cpython-310.pyc
[1.744s] byte-compiling /src/ros2_ws/install/pixpubsub/lib/python3.10/site-packages/pixpubsub/justmove_sub.py to justmove_sub.cpython-310.pyc
[1.744s] byte-compiling /src/ros2_ws/install/pixpubsub/lib/python3.10/site-packages/pixpubsub/pix_pubsub_node.py to pix_pubsub_node.cpython-310.pyc
[1.746s] running install_data
[1.747s] creating /src/ros2_ws/install/pixpubsub/share/ament_index
[1.747s] creating /src/ros2_ws/install/pixpubsub/share/ament_index/resource_index
[1.747s] creating /src/ros2_ws/install/pixpubsub/share/ament_index/resource_index/packages
[1.747s] copying resource/pixpubsub -> /src/ros2_ws/install/pixpubsub/share/ament_index/resource_index/packages
[1.747s] copying package.xml -> /src/ros2_ws/install/pixpubsub/share/pixpubsub
[1.747s] running install_egg_info
[1.750s] Copying ../../build/pixpubsub/pixpubsub.egg-info to /src/ros2_ws/install/pixpubsub/lib/python3.10/site-packages/pixpubsub-0.0.0-py3.10.egg-info
[1.751s] running install_scripts
[1.791s] Installing move_pub script to /src/ros2_ws/install/pixpubsub/lib/pixpubsub
[1.791s] Installing publisher script to /src/ros2_ws/install/pixpubsub/lib/pixpubsub
[1.792s] writing list of installed files to '/src/ros2_ws/build/pixpubsub/install.log'
[1.872s] Invoked command in '/src/ros2_ws/src/pixpubsub' returned '0': CMAKE_PREFIX_PATH=/src/ros2_ws/install/pioneer_msgs:/src/ros2_ws/install/px4_ros_com:/src/ros2_ws/install/px4_msgs:/src/ros2_ws/install/microxrcedds_agent LD_LIBRARY_PATH=/src/ros2_ws/install/pioneer_msgs/lib:/src/ros2_ws/install/px4_ros_com/lib:/src/ros2_ws/install/px4_msgs/lib:/src/ros2_ws/install/microxrcedds_agent/lib:/opt/ros/humble/lib/aarch64-linux-gnu:/opt/ros/humble/lib PYTHONPATH=/src/ros2_ws/build/pixpubsub/prefix_override:/src/ros2_ws/install/pixpubsub/lib/python3.10/site-packages:${PYTHONPATH} /usr/bin/python3 setup.py egg_info --egg-base ../../build/pixpubsub build --build-base /src/ros2_ws/build/pixpubsub/build install --record /src/ros2_ws/build/pixpubsub/install.log --single-version-externally-managed
