[6.928s] Invoking command in '/src/ros2_ws/src/imu_publisher': PYTHONPATH=/src/ros2_ws/build/imu_publisher/prefix_override:/src/ros2_ws/install/imu_publisher/lib/python3.10/site-packages:${PYTHONPATH} /usr/bin/python3 setup.py egg_info --egg-base ../../build/imu_publisher build --build-base /src/ros2_ws/build/imu_publisher/build install --record /src/ros2_ws/build/imu_publisher/install.log --single-version-externally-managed
[9.030s] running egg_info
[9.036s] writing ../../build/imu_publisher/imu_publisher.egg-info/PKG-INFO
[9.045s] writing dependency_links to ../../build/imu_publisher/imu_publisher.egg-info/dependency_links.txt
[9.075s] writing entry points to ../../build/imu_publisher/imu_publisher.egg-info/entry_points.txt
[9.077s] writing requirements to ../../build/imu_publisher/imu_publisher.egg-info/requires.txt
[9.078s] writing top-level names to ../../build/imu_publisher/imu_publisher.egg-info/top_level.txt
[9.118s] reading manifest file '../../build/imu_publisher/imu_publisher.egg-info/SOURCES.txt'
[9.216s] writing manifest file '../../build/imu_publisher/imu_publisher.egg-info/SOURCES.txt'
[9.220s] running build
[9.221s] running build_py
[9.263s] running install
[9.264s] running install_lib
[9.432s] running install_data
[9.472s] running install_egg_info
[9.499s] removing '/src/ros2_ws/install/imu_publisher/lib/python3.10/site-packages/imu_publisher-0.0.0-py3.10.egg-info' (and everything under it)
[9.582s] Copying ../../build/imu_publisher/imu_publisher.egg-info to /src/ros2_ws/install/imu_publisher/lib/python3.10/site-packages/imu_publisher-0.0.0-py3.10.egg-info
[9.966s] running install_scripts
[10.137s] Installing publisher script to /src/ros2_ws/install/imu_publisher/lib/imu_publisher
[10.154s] writing list of installed files to '/src/ros2_ws/build/imu_publisher/install.log'
[10.234s] Invoked command in '/src/ros2_ws/src/imu_publisher' returned '0': PYTHONPATH=/src/ros2_ws/build/imu_publisher/prefix_override:/src/ros2_ws/install/imu_publisher/lib/python3.10/site-packages:${PYTHONPATH} /usr/bin/python3 setup.py egg_info --egg-base ../../build/imu_publisher build --build-base /src/ros2_ws/build/imu_publisher/build install --record /src/ros2_ws/build/imu_publisher/install.log --single-version-externally-managed
