[5.720s] Invoking command in '/src/ros2_ws/src/pixpubsub': PYTHONPATH=/src/ros2_ws/build/pixpubsub/prefix_override:/src/ros2_ws/install/pixpubsub/lib/python3.10/site-packages:${PYTHONPATH} /usr/bin/python3 setup.py egg_info --egg-base ../../build/pixpubsub build --build-base /src/ros2_ws/build/pixpubsub/build install --record /src/ros2_ws/build/pixpubsub/install.log --single-version-externally-managed
[7.904s] running egg_info
[7.912s] writing ../../build/pixpubsub/pixpubsub.egg-info/PKG-INFO
[7.921s] writing dependency_links to ../../build/pixpubsub/pixpubsub.egg-info/dependency_links.txt
[7.929s] writing entry points to ../../build/pixpubsub/pixpubsub.egg-info/entry_points.txt
[7.959s] writing requirements to ../../build/pixpubsub/pixpubsub.egg-info/requires.txt
[7.960s] writing top-level names to ../../build/pixpubsub/pixpubsub.egg-info/top_level.txt
[7.990s] reading manifest file '../../build/pixpubsub/pixpubsub.egg-info/SOURCES.txt'
[8.084s] writing manifest file '../../build/pixpubsub/pixpubsub.egg-info/SOURCES.txt'
[8.089s] running build
[8.090s] running build_py
[8.142s] copying pixpubsub/justmove_sub.py -> /src/ros2_ws/build/pixpubsub/build/lib/pixpubsub
[8.156s] copying pixpubsub/move_pub.py -> /src/ros2_ws/build/pixpubsub/build/lib/pixpubsub
[8.224s] running install
[8.225s] running install_lib
[8.285s] copying /src/ros2_ws/build/pixpubsub/build/lib/pixpubsub/justmove_sub.py -> /src/ros2_ws/install/pixpubsub/lib/python3.10/site-packages/pixpubsub
[8.347s] copying /src/ros2_ws/build/pixpubsub/build/lib/pixpubsub/move_pub.py -> /src/ros2_ws/install/pixpubsub/lib/python3.10/site-packages/pixpubsub
[8.463s] byte-compiling /src/ros2_ws/install/pixpubsub/lib/python3.10/site-packages/pixpubsub/justmove_sub.py to justmove_sub.cpython-310.pyc
[8.536s] byte-compiling /src/ros2_ws/install/pixpubsub/lib/python3.10/site-packages/pixpubsub/move_pub.py to move_pub.cpython-310.pyc
[8.625s] running install_data
[8.660s] running install_egg_info
[8.682s] removing '/src/ros2_ws/install/pixpubsub/lib/python3.10/site-packages/pixpubsub-0.0.0-py3.10.egg-info' (and everything under it)
[8.755s] Copying ../../build/pixpubsub/pixpubsub.egg-info to /src/ros2_ws/install/pixpubsub/lib/python3.10/site-packages/pixpubsub-0.0.0-py3.10.egg-info
[9.089s] running install_scripts
[9.259s] Installing justmove_sub script to /src/ros2_ws/install/pixpubsub/lib/pixpubsub
[9.273s] Installing move_pub script to /src/ros2_ws/install/pixpubsub/lib/pixpubsub
[9.286s] Installing publisher script to /src/ros2_ws/install/pixpubsub/lib/pixpubsub
[9.304s] writing list of installed files to '/src/ros2_ws/build/pixpubsub/install.log'
[9.376s] Invoked command in '/src/ros2_ws/src/pixpubsub' returned '0': PYTHONPATH=/src/ros2_ws/build/pixpubsub/prefix_override:/src/ros2_ws/install/pixpubsub/lib/python3.10/site-packages:${PYTHONPATH} /usr/bin/python3 setup.py egg_info --egg-base ../../build/pixpubsub build --build-base /src/ros2_ws/build/pixpubsub/build install --record /src/ros2_ws/build/pixpubsub/install.log --single-version-externally-managed
