[0.756s] Invoking command in '/src/ros2_ws/build/pioneer_msgs': CMAKE_PREFIX_PATH=${CMAKE_PREFIX_PATH}:/src/ros2_ws/install/pixpubsub:/src/ros2_ws/install/imu_publisher:/opt/ros/humble /usr/bin/cmake --build /src/ros2_ws/build/pioneer_msgs -- -j16 -l16
[2.225s] [  2%] Built target pioneer_msgs__cpp
[2.493s] [ 12%] Built target pioneer_msgs__rosidl_generator_c
[3.167s] [ 23%] Built target pioneer_msgs__rosidl_typesupport_cpp
[3.227s] [ 40%] Built target pioneer_msgs__rosidl_typesupport_introspection_cpp
[3.253s] [ 44%] Built target pioneer_msgs__rosidl_typesupport_fastrtps_cpp
[3.419s] [ 55%] Built target pioneer_msgs__rosidl_typesupport_c
[3.468s] [ 65%] Built target pioneer_msgs__rosidl_typesupport_introspection_c
[3.623s] [ 76%] Built target pioneer_msgs__rosidl_typesupport_fastrtps_c
[3.767s] [ 76%] Built target ament_cmake_python_copy_pioneer_msgs
[3.935s] [ 76%] Built target pioneer_msgs
[4.477s] [ 78%] Built target pioneer_msgs__py
[5.126s] [ 87%] Built target pioneer_msgs__rosidl_generator_py
[5.612s] [ 91%] Built target pioneer_msgs__rosidl_typesupport_c__pyext
[5.645s] [ 95%] Built target pioneer_msgs__rosidl_typesupport_fastrtps_c__pyext
[5.858s] [100%] Built target pioneer_msgs__rosidl_typesupport_introspection_c__pyext
[6.189s] running egg_info
[6.195s] writing pioneer_msgs.egg-info/PKG-INFO
[6.201s] writing dependency_links to pioneer_msgs.egg-info/dependency_links.txt
[6.211s] writing top-level names to pioneer_msgs.egg-info/top_level.txt
[6.264s] reading manifest file 'pioneer_msgs.egg-info/SOURCES.txt'
[6.339s] writing manifest file 'pioneer_msgs.egg-info/SOURCES.txt'
[6.581s] [100%] Built target ament_cmake_python_build_pioneer_msgs_egg
[6.978s] Invoked command in '/src/ros2_ws/build/pioneer_msgs' returned '0': CMAKE_PREFIX_PATH=${CMAKE_PREFIX_PATH}:/src/ros2_ws/install/pixpubsub:/src/ros2_ws/install/imu_publisher:/opt/ros/humble /usr/bin/cmake --build /src/ros2_ws/build/pioneer_msgs -- -j16 -l16
[11.478s] Invoking command in '/src/ros2_ws/build/pioneer_msgs': CMAKE_PREFIX_PATH=${CMAKE_PREFIX_PATH}:/src/ros2_ws/install/pixpubsub:/src/ros2_ws/install/imu_publisher:/opt/ros/humble /usr/bin/cmake --install /src/ros2_ws/build/pioneer_msgs
[11.649s] -- Install configuration: ""
[11.685s] -- Up-to-date: /src/ros2_ws/install/pioneer_msgs/share/ament_index/resource_index/rosidl_interfaces/pioneer_msgs
[11.715s] -- Up-to-date: /src/ros2_ws/install/pioneer_msgs/include/pioneer_msgs/pioneer_msgs
[11.741s] -- Up-to-date: /src/ros2_ws/install/pioneer_msgs/include/pioneer_msgs/pioneer_msgs/msg
[11.780s] -- Up-to-date: /src/ros2_ws/install/pioneer_msgs/include/pioneer_msgs/pioneer_msgs/msg/auv_state.h
[11.805s] -- Up-to-date: /src/ros2_ws/install/pioneer_msgs/include/pioneer_msgs/pioneer_msgs/msg/detail
[11.845s] -- Up-to-date: /src/ros2_ws/install/pioneer_msgs/include/pioneer_msgs/pioneer_msgs/msg/detail/auv_state__functions.c
[11.882s] -- Up-to-date: /src/ros2_ws/install/pioneer_msgs/include/pioneer_msgs/pioneer_msgs/msg/detail/auv_state__functions.h
[11.918s] -- Up-to-date: /src/ros2_ws/install/pioneer_msgs/include/pioneer_msgs/pioneer_msgs/msg/detail/auv_state__struct.h
[11.951s] -- Up-to-date: /src/ros2_ws/install/pioneer_msgs/include/pioneer_msgs/pioneer_msgs/msg/detail/auv_state__type_support.h
[11.989s] -- Up-to-date: /src/ros2_ws/install/pioneer_msgs/include/pioneer_msgs/pioneer_msgs/msg/detail/motion_command__functions.c
[12.029s] -- Up-to-date: /src/ros2_ws/install/pioneer_msgs/include/pioneer_msgs/pioneer_msgs/msg/detail/motion_command__functions.h
[12.066s] -- Up-to-date: /src/ros2_ws/install/pioneer_msgs/include/pioneer_msgs/pioneer_msgs/msg/detail/motion_command__struct.h
[12.118s] -- Up-to-date: /src/ros2_ws/install/pioneer_msgs/include/pioneer_msgs/pioneer_msgs/msg/detail/motion_command__type_support.h
[12.159s] -- Up-to-date: /src/ros2_ws/install/pioneer_msgs/include/pioneer_msgs/pioneer_msgs/msg/detail/status__functions.c
[12.191s] -- Up-to-date: /src/ros2_ws/install/pioneer_msgs/include/pioneer_msgs/pioneer_msgs/msg/detail/status__functions.h
[12.227s] -- Up-to-date: /src/ros2_ws/install/pioneer_msgs/include/pioneer_msgs/pioneer_msgs/msg/detail/status__struct.h
[12.261s] -- Up-to-date: /src/ros2_ws/install/pioneer_msgs/include/pioneer_msgs/pioneer_msgs/msg/detail/status__type_support.h
[12.297s] -- Up-to-date: /src/ros2_ws/install/pioneer_msgs/include/pioneer_msgs/pioneer_msgs/msg/motion_command.h
[12.327s] -- Up-to-date: /src/ros2_ws/install/pioneer_msgs/include/pioneer_msgs/pioneer_msgs/msg/rosidl_generator_c__visibility_control.h
[12.354s] -- Up-to-date: /src/ros2_ws/install/pioneer_msgs/include/pioneer_msgs/pioneer_msgs/msg/status.h
[12.375s] -- Up-to-date: /src/ros2_ws/install/pioneer_msgs/share/pioneer_msgs/environment/library_path.sh
[12.406s] -- Up-to-date: /src/ros2_ws/install/pioneer_msgs/share/pioneer_msgs/environment/library_path.dsv
[12.463s] -- Up-to-date: /src/ros2_ws/install/pioneer_msgs/lib/libpioneer_msgs__rosidl_generator_c.so
[12.518s] -- Up-to-date: /src/ros2_ws/install/pioneer_msgs/include/pioneer_msgs/pioneer_msgs
[12.544s] -- Up-to-date: /src/ros2_ws/install/pioneer_msgs/include/pioneer_msgs/pioneer_msgs/msg
[12.576s] -- Up-to-date: /src/ros2_ws/install/pioneer_msgs/include/pioneer_msgs/pioneer_msgs/msg/detail
[12.634s] -- Up-to-date: /src/ros2_ws/install/pioneer_msgs/include/pioneer_msgs/pioneer_msgs/msg/detail/auv_state__rosidl_typesupport_fastrtps_c.h
[12.680s] -- Up-to-date: /src/ros2_ws/install/pioneer_msgs/include/pioneer_msgs/pioneer_msgs/msg/detail/motion_command__rosidl_typesupport_fastrtps_c.h
[12.730s] -- Up-to-date: /src/ros2_ws/install/pioneer_msgs/include/pioneer_msgs/pioneer_msgs/msg/detail/status__rosidl_typesupport_fastrtps_c.h
[12.765s] -- Up-to-date: /src/ros2_ws/install/pioneer_msgs/include/pioneer_msgs/pioneer_msgs/msg/rosidl_typesupport_fastrtps_c__visibility_control.h
[12.836s] -- Up-to-date: /src/ros2_ws/install/pioneer_msgs/lib/libpioneer_msgs__rosidl_typesupport_fastrtps_c.so
[12.888s] -- Up-to-date: /src/ros2_ws/install/pioneer_msgs/include/pioneer_msgs/pioneer_msgs
[12.922s] -- Up-to-date: /src/ros2_ws/install/pioneer_msgs/include/pioneer_msgs/pioneer_msgs/msg
[12.955s] -- Up-to-date: /src/ros2_ws/install/pioneer_msgs/include/pioneer_msgs/pioneer_msgs/msg/detail
[13.005s] -- Up-to-date: /src/ros2_ws/install/pioneer_msgs/include/pioneer_msgs/pioneer_msgs/msg/detail/auv_state__rosidl_typesupport_introspection_c.h
[13.047s] -- Up-to-date: /src/ros2_ws/install/pioneer_msgs/include/pioneer_msgs/pioneer_msgs/msg/detail/auv_state__type_support.c
[13.083s] -- Up-to-date: /src/ros2_ws/install/pioneer_msgs/include/pioneer_msgs/pioneer_msgs/msg/detail/motion_command__rosidl_typesupport_introspection_c.h
[13.124s] -- Up-to-date: /src/ros2_ws/install/pioneer_msgs/include/pioneer_msgs/pioneer_msgs/msg/detail/motion_command__type_support.c
[13.159s] -- Up-to-date: /src/ros2_ws/install/pioneer_msgs/include/pioneer_msgs/pioneer_msgs/msg/detail/status__rosidl_typesupport_introspection_c.h
[13.195s] -- Up-to-date: /src/ros2_ws/install/pioneer_msgs/include/pioneer_msgs/pioneer_msgs/msg/detail/status__type_support.c
[13.239s] -- Up-to-date: /src/ros2_ws/install/pioneer_msgs/include/pioneer_msgs/pioneer_msgs/msg/rosidl_typesupport_introspection_c__visibility_control.h
[13.306s] -- Up-to-date: /src/ros2_ws/install/pioneer_msgs/lib/libpioneer_msgs__rosidl_typesupport_introspection_c.so
[13.388s] -- Up-to-date: /src/ros2_ws/install/pioneer_msgs/lib/libpioneer_msgs__rosidl_typesupport_c.so
[13.435s] -- Up-to-date: /src/ros2_ws/install/pioneer_msgs/include/pioneer_msgs/pioneer_msgs
[13.462s] -- Up-to-date: /src/ros2_ws/install/pioneer_msgs/include/pioneer_msgs/pioneer_msgs/msg
[13.506s] -- Up-to-date: /src/ros2_ws/install/pioneer_msgs/include/pioneer_msgs/pioneer_msgs/msg/auv_state.hpp
[13.529s] -- Up-to-date: /src/ros2_ws/install/pioneer_msgs/include/pioneer_msgs/pioneer_msgs/msg/detail
[13.571s] -- Up-to-date: /src/ros2_ws/install/pioneer_msgs/include/pioneer_msgs/pioneer_msgs/msg/detail/auv_state__builder.hpp
[13.605s] -- Up-to-date: /src/ros2_ws/install/pioneer_msgs/include/pioneer_msgs/pioneer_msgs/msg/detail/auv_state__struct.hpp
[13.640s] -- Up-to-date: /src/ros2_ws/install/pioneer_msgs/include/pioneer_msgs/pioneer_msgs/msg/detail/auv_state__traits.hpp
[13.680s] -- Up-to-date: /src/ros2_ws/install/pioneer_msgs/include/pioneer_msgs/pioneer_msgs/msg/detail/motion_command__builder.hpp
[13.731s] -- Up-to-date: /src/ros2_ws/install/pioneer_msgs/include/pioneer_msgs/pioneer_msgs/msg/detail/motion_command__struct.hpp
[13.768s] -- Up-to-date: /src/ros2_ws/install/pioneer_msgs/include/pioneer_msgs/pioneer_msgs/msg/detail/motion_command__traits.hpp
[13.803s] -- Up-to-date: /src/ros2_ws/install/pioneer_msgs/include/pioneer_msgs/pioneer_msgs/msg/detail/status__builder.hpp
[13.839s] -- Up-to-date: /src/ros2_ws/install/pioneer_msgs/include/pioneer_msgs/pioneer_msgs/msg/detail/status__struct.hpp
[13.871s] -- Up-to-date: /src/ros2_ws/install/pioneer_msgs/include/pioneer_msgs/pioneer_msgs/msg/detail/status__traits.hpp
[13.899s] -- Up-to-date: /src/ros2_ws/install/pioneer_msgs/include/pioneer_msgs/pioneer_msgs/msg/motion_command.hpp
[13.928s] -- Up-to-date: /src/ros2_ws/install/pioneer_msgs/include/pioneer_msgs/pioneer_msgs/msg/status.hpp
[13.946s] -- Up-to-date: /src/ros2_ws/install/pioneer_msgs/include/pioneer_msgs/pioneer_msgs
[13.973s] -- Up-to-date: /src/ros2_ws/install/pioneer_msgs/include/pioneer_msgs/pioneer_msgs/msg
[14.013s] -- Up-to-date: /src/ros2_ws/install/pioneer_msgs/include/pioneer_msgs/pioneer_msgs/msg/detail
[14.074s] -- Up-to-date: /src/ros2_ws/install/pioneer_msgs/include/pioneer_msgs/pioneer_msgs/msg/detail/auv_state__rosidl_typesupport_fastrtps_cpp.hpp
[14.103s] -- Up-to-date: /src/ros2_ws/install/pioneer_msgs/include/pioneer_msgs/pioneer_msgs/msg/detail/dds_fastrtps
[14.148s] -- Up-to-date: /src/ros2_ws/install/pioneer_msgs/include/pioneer_msgs/pioneer_msgs/msg/detail/motion_command__rosidl_typesupport_fastrtps_cpp.hpp
[14.179s] -- Up-to-date: /src/ros2_ws/install/pioneer_msgs/include/pioneer_msgs/pioneer_msgs/msg/detail/status__rosidl_typesupport_fastrtps_cpp.hpp
[14.211s] -- Up-to-date: /src/ros2_ws/install/pioneer_msgs/include/pioneer_msgs/pioneer_msgs/msg/rosidl_typesupport_fastrtps_cpp__visibility_control.h
[14.262s] -- Up-to-date: /src/ros2_ws/install/pioneer_msgs/lib/libpioneer_msgs__rosidl_typesupport_fastrtps_cpp.so
[14.312s] -- Up-to-date: /src/ros2_ws/install/pioneer_msgs/include/pioneer_msgs/pioneer_msgs
[14.340s] -- Up-to-date: /src/ros2_ws/install/pioneer_msgs/include/pioneer_msgs/pioneer_msgs/msg
[14.372s] -- Up-to-date: /src/ros2_ws/install/pioneer_msgs/include/pioneer_msgs/pioneer_msgs/msg/detail
[14.417s] -- Up-to-date: /src/ros2_ws/install/pioneer_msgs/include/pioneer_msgs/pioneer_msgs/msg/detail/auv_state__rosidl_typesupport_introspection_cpp.hpp
[14.450s] -- Up-to-date: /src/ros2_ws/install/pioneer_msgs/include/pioneer_msgs/pioneer_msgs/msg/detail/auv_state__type_support.cpp
[14.481s] -- Up-to-date: /src/ros2_ws/install/pioneer_msgs/include/pioneer_msgs/pioneer_msgs/msg/detail/motion_command__rosidl_typesupport_introspection_cpp.hpp
[14.518s] -- Up-to-date: /src/ros2_ws/install/pioneer_msgs/include/pioneer_msgs/pioneer_msgs/msg/detail/motion_command__type_support.cpp
[14.551s] -- Up-to-date: /src/ros2_ws/install/pioneer_msgs/include/pioneer_msgs/pioneer_msgs/msg/detail/status__rosidl_typesupport_introspection_cpp.hpp
[14.582s] -- Up-to-date: /src/ros2_ws/install/pioneer_msgs/include/pioneer_msgs/pioneer_msgs/msg/detail/status__type_support.cpp
[14.638s] -- Up-to-date: /src/ros2_ws/install/pioneer_msgs/lib/libpioneer_msgs__rosidl_typesupport_introspection_cpp.so
[14.727s] -- Up-to-date: /src/ros2_ws/install/pioneer_msgs/lib/libpioneer_msgs__rosidl_typesupport_cpp.so
[14.785s] -- Up-to-date: /src/ros2_ws/install/pioneer_msgs/share/pioneer_msgs/environment/pythonpath.sh
[14.819s] -- Up-to-date: /src/ros2_ws/install/pioneer_msgs/share/pioneer_msgs/environment/pythonpath.dsv
[14.842s] -- Up-to-date: /src/ros2_ws/install/pioneer_msgs/local/lib/python3.10/dist-packages/pioneer_msgs-0.0.0-py3.10.egg-info
[14.878s] -- Installing: /src/ros2_ws/install/pioneer_msgs/local/lib/python3.10/dist-packages/pioneer_msgs-0.0.0-py3.10.egg-info/dependency_links.txt
[15.035s] -- Installing: /src/ros2_ws/install/pioneer_msgs/local/lib/python3.10/dist-packages/pioneer_msgs-0.0.0-py3.10.egg-info/PKG-INFO
[15.168s] -- Installing: /src/ros2_ws/install/pioneer_msgs/local/lib/python3.10/dist-packages/pioneer_msgs-0.0.0-py3.10.egg-info/SOURCES.txt
[15.299s] -- Installing: /src/ros2_ws/install/pioneer_msgs/local/lib/python3.10/dist-packages/pioneer_msgs-0.0.0-py3.10.egg-info/top_level.txt
[15.407s] -- Up-to-date: /src/ros2_ws/install/pioneer_msgs/local/lib/python3.10/dist-packages/pioneer_msgs
[15.447s] -- Up-to-date: /src/ros2_ws/install/pioneer_msgs/local/lib/python3.10/dist-packages/pioneer_msgs/libpioneer_msgs__rosidl_generator_py.so
[15.471s] -- Up-to-date: /src/ros2_ws/install/pioneer_msgs/local/lib/python3.10/dist-packages/pioneer_msgs/msg
[15.512s] -- Up-to-date: /src/ros2_ws/install/pioneer_msgs/local/lib/python3.10/dist-packages/pioneer_msgs/msg/_auv_state.py
[15.548s] -- Up-to-date: /src/ros2_ws/install/pioneer_msgs/local/lib/python3.10/dist-packages/pioneer_msgs/msg/_auv_state_s.c
[15.580s] -- Up-to-date: /src/ros2_ws/install/pioneer_msgs/local/lib/python3.10/dist-packages/pioneer_msgs/msg/_motion_command.py
[15.616s] -- Up-to-date: /src/ros2_ws/install/pioneer_msgs/local/lib/python3.10/dist-packages/pioneer_msgs/msg/_motion_command_s.c
[15.654s] -- Up-to-date: /src/ros2_ws/install/pioneer_msgs/local/lib/python3.10/dist-packages/pioneer_msgs/msg/_status.py
[15.695s] -- Up-to-date: /src/ros2_ws/install/pioneer_msgs/local/lib/python3.10/dist-packages/pioneer_msgs/msg/_status_s.c
[15.736s] -- Up-to-date: /src/ros2_ws/install/pioneer_msgs/local/lib/python3.10/dist-packages/pioneer_msgs/msg/__init__.py
[15.763s] -- Up-to-date: /src/ros2_ws/install/pioneer_msgs/local/lib/python3.10/dist-packages/pioneer_msgs/pioneer_msgs_s__rosidl_typesupport_c.cpython-310-x86_64-linux-gnu.so
[15.787s] -- Up-to-date: /src/ros2_ws/install/pioneer_msgs/local/lib/python3.10/dist-packages/pioneer_msgs/pioneer_msgs_s__rosidl_typesupport_fastrtps_c.cpython-310-x86_64-linux-gnu.so
[15.816s] -- Up-to-date: /src/ros2_ws/install/pioneer_msgs/local/lib/python3.10/dist-packages/pioneer_msgs/pioneer_msgs_s__rosidl_typesupport_introspection_c.cpython-310-x86_64-linux-gnu.so
[15.841s] -- Up-to-date: /src/ros2_ws/install/pioneer_msgs/local/lib/python3.10/dist-packages/pioneer_msgs/_pioneer_msgs_s.ep.rosidl_typesupport_c.c
[15.865s] -- Up-to-date: /src/ros2_ws/install/pioneer_msgs/local/lib/python3.10/dist-packages/pioneer_msgs/_pioneer_msgs_s.ep.rosidl_typesupport_fastrtps_c.c
[15.888s] -- Up-to-date: /src/ros2_ws/install/pioneer_msgs/local/lib/python3.10/dist-packages/pioneer_msgs/_pioneer_msgs_s.ep.rosidl_typesupport_introspection_c.c
[15.914s] -- Up-to-date: /src/ros2_ws/install/pioneer_msgs/local/lib/python3.10/dist-packages/pioneer_msgs/__init__.py
[17.031s] Listing '/src/ros2_ws/install/pioneer_msgs/local/lib/python3.10/dist-packages/pioneer_msgs'...
[17.033s] Listing '/src/ros2_ws/install/pioneer_msgs/local/lib/python3.10/dist-packages/pioneer_msgs/msg'...
[17.109s] -- Up-to-date: /src/ros2_ws/install/pioneer_msgs/local/lib/python3.10/dist-packages/pioneer_msgs/pioneer_msgs_s__rosidl_typesupport_fastrtps_c.cpython-310-x86_64-linux-gnu.so
[17.286s] -- Up-to-date: /src/ros2_ws/install/pioneer_msgs/local/lib/python3.10/dist-packages/pioneer_msgs/pioneer_msgs_s__rosidl_typesupport_introspection_c.cpython-310-x86_64-linux-gnu.so
[17.437s] -- Up-to-date: /src/ros2_ws/install/pioneer_msgs/local/lib/python3.10/dist-packages/pioneer_msgs/pioneer_msgs_s__rosidl_typesupport_c.cpython-310-x86_64-linux-gnu.so
[17.551s] -- Up-to-date: /src/ros2_ws/install/pioneer_msgs/lib/libpioneer_msgs__rosidl_generator_py.so
[17.610s] -- Up-to-date: /src/ros2_ws/install/pioneer_msgs/share/pioneer_msgs/msg/MotionCommand.idl
[17.650s] -- Up-to-date: /src/ros2_ws/install/pioneer_msgs/share/pioneer_msgs/msg/Status.idl
[17.679s] -- Up-to-date: /src/ros2_ws/install/pioneer_msgs/share/pioneer_msgs/msg/AUVState.idl
[17.709s] -- Up-to-date: /src/ros2_ws/install/pioneer_msgs/share/pioneer_msgs/msg/MotionCommand.msg
[17.747s] -- Up-to-date: /src/ros2_ws/install/pioneer_msgs/share/pioneer_msgs/msg/Status.msg
[17.775s] -- Up-to-date: /src/ros2_ws/install/pioneer_msgs/share/pioneer_msgs/msg/AUVState.msg
[17.813s] -- Up-to-date: /src/ros2_ws/install/pioneer_msgs/share/ament_index/resource_index/package_run_dependencies/pioneer_msgs
[17.857s] -- Up-to-date: /src/ros2_ws/install/pioneer_msgs/share/ament_index/resource_index/parent_prefix_path/pioneer_msgs
[17.878s] -- Up-to-date: /src/ros2_ws/install/pioneer_msgs/share/pioneer_msgs/environment/ament_prefix_path.sh
[17.908s] -- Up-to-date: /src/ros2_ws/install/pioneer_msgs/share/pioneer_msgs/environment/ament_prefix_path.dsv
[17.932s] -- Up-to-date: /src/ros2_ws/install/pioneer_msgs/share/pioneer_msgs/environment/path.sh
[17.961s] -- Up-to-date: /src/ros2_ws/install/pioneer_msgs/share/pioneer_msgs/environment/path.dsv
[17.983s] -- Up-to-date: /src/ros2_ws/install/pioneer_msgs/share/pioneer_msgs/local_setup.bash
[18.006s] -- Up-to-date: /src/ros2_ws/install/pioneer_msgs/share/pioneer_msgs/local_setup.sh
[18.032s] -- Up-to-date: /src/ros2_ws/install/pioneer_msgs/share/pioneer_msgs/local_setup.zsh
[18.059s] -- Up-to-date: /src/ros2_ws/install/pioneer_msgs/share/pioneer_msgs/local_setup.dsv
[18.083s] -- Installing: /src/ros2_ws/install/pioneer_msgs/share/pioneer_msgs/package.dsv
[18.184s] -- Up-to-date: /src/ros2_ws/install/pioneer_msgs/share/ament_index/resource_index/packages/pioneer_msgs
[18.266s] -- Up-to-date: /src/ros2_ws/install/pioneer_msgs/share/pioneer_msgs/cmake/export_pioneer_msgs__rosidl_generator_cExport.cmake
[18.304s] -- Up-to-date: /src/ros2_ws/install/pioneer_msgs/share/pioneer_msgs/cmake/export_pioneer_msgs__rosidl_generator_cExport-noconfig.cmake
[18.375s] -- Up-to-date: /src/ros2_ws/install/pioneer_msgs/share/pioneer_msgs/cmake/export_pioneer_msgs__rosidl_typesupport_fastrtps_cExport.cmake
[18.410s] -- Up-to-date: /src/ros2_ws/install/pioneer_msgs/share/pioneer_msgs/cmake/export_pioneer_msgs__rosidl_typesupport_fastrtps_cExport-noconfig.cmake
[18.481s] -- Up-to-date: /src/ros2_ws/install/pioneer_msgs/share/pioneer_msgs/cmake/pioneer_msgs__rosidl_typesupport_introspection_cExport.cmake
[18.515s] -- Up-to-date: /src/ros2_ws/install/pioneer_msgs/share/pioneer_msgs/cmake/pioneer_msgs__rosidl_typesupport_introspection_cExport-noconfig.cmake
[18.585s] -- Up-to-date: /src/ros2_ws/install/pioneer_msgs/share/pioneer_msgs/cmake/pioneer_msgs__rosidl_typesupport_cExport.cmake
[18.623s] -- Up-to-date: /src/ros2_ws/install/pioneer_msgs/share/pioneer_msgs/cmake/pioneer_msgs__rosidl_typesupport_cExport-noconfig.cmake
[18.704s] -- Up-to-date: /src/ros2_ws/install/pioneer_msgs/share/pioneer_msgs/cmake/export_pioneer_msgs__rosidl_generator_cppExport.cmake
[18.791s] -- Up-to-date: /src/ros2_ws/install/pioneer_msgs/share/pioneer_msgs/cmake/export_pioneer_msgs__rosidl_typesupport_fastrtps_cppExport.cmake
[18.843s] -- Up-to-date: /src/ros2_ws/install/pioneer_msgs/share/pioneer_msgs/cmake/export_pioneer_msgs__rosidl_typesupport_fastrtps_cppExport-noconfig.cmake
[18.926s] -- Up-to-date: /src/ros2_ws/install/pioneer_msgs/share/pioneer_msgs/cmake/pioneer_msgs__rosidl_typesupport_introspection_cppExport.cmake
[18.965s] -- Up-to-date: /src/ros2_ws/install/pioneer_msgs/share/pioneer_msgs/cmake/pioneer_msgs__rosidl_typesupport_introspection_cppExport-noconfig.cmake
[19.036s] -- Up-to-date: /src/ros2_ws/install/pioneer_msgs/share/pioneer_msgs/cmake/pioneer_msgs__rosidl_typesupport_cppExport.cmake
[19.078s] -- Up-to-date: /src/ros2_ws/install/pioneer_msgs/share/pioneer_msgs/cmake/pioneer_msgs__rosidl_typesupport_cppExport-noconfig.cmake
[19.157s] -- Up-to-date: /src/ros2_ws/install/pioneer_msgs/share/pioneer_msgs/cmake/export_pioneer_msgs__rosidl_generator_pyExport.cmake
[19.210s] -- Up-to-date: /src/ros2_ws/install/pioneer_msgs/share/pioneer_msgs/cmake/export_pioneer_msgs__rosidl_generator_pyExport-noconfig.cmake
[19.239s] -- Up-to-date: /src/ros2_ws/install/pioneer_msgs/share/pioneer_msgs/cmake/rosidl_cmake-extras.cmake
[19.266s] -- Up-to-date: /src/ros2_ws/install/pioneer_msgs/share/pioneer_msgs/cmake/ament_cmake_export_dependencies-extras.cmake
[19.288s] -- Up-to-date: /src/ros2_ws/install/pioneer_msgs/share/pioneer_msgs/cmake/ament_cmake_export_include_directories-extras.cmake
[19.310s] -- Up-to-date: /src/ros2_ws/install/pioneer_msgs/share/pioneer_msgs/cmake/ament_cmake_export_libraries-extras.cmake
[19.339s] -- Up-to-date: /src/ros2_ws/install/pioneer_msgs/share/pioneer_msgs/cmake/ament_cmake_export_targets-extras.cmake
[19.368s] -- Up-to-date: /src/ros2_ws/install/pioneer_msgs/share/pioneer_msgs/cmake/rosidl_cmake_export_typesupport_targets-extras.cmake
[19.389s] -- Up-to-date: /src/ros2_ws/install/pioneer_msgs/share/pioneer_msgs/cmake/rosidl_cmake_export_typesupport_libraries-extras.cmake
[19.411s] -- Up-to-date: /src/ros2_ws/install/pioneer_msgs/share/pioneer_msgs/cmake/pioneer_msgsConfig.cmake
[19.433s] -- Up-to-date: /src/ros2_ws/install/pioneer_msgs/share/pioneer_msgs/cmake/pioneer_msgsConfig-version.cmake
[19.459s] -- Up-to-date: /src/ros2_ws/install/pioneer_msgs/share/pioneer_msgs/package.xml
[19.504s] Invoked command in '/src/ros2_ws/build/pioneer_msgs' returned '0': CMAKE_PREFIX_PATH=${CMAKE_PREFIX_PATH}:/src/ros2_ws/install/pixpubsub:/src/ros2_ws/install/imu_publisher:/opt/ros/humble /usr/bin/cmake --install /src/ros2_ws/build/pioneer_msgs
