[5.652s] Invoking command in '/src/ros2_ws/src/pixpubsub': PYTHONPATH=/src/ros2_ws/build/pixpubsub/prefix_override:/src/ros2_ws/install/pixpubsub/lib/python3.10/site-packages:${PYTHONPATH} /usr/bin/python3 setup.py egg_info --egg-base ../../build/pixpubsub build --build-base /src/ros2_ws/build/pixpubsub/build install --record /src/ros2_ws/build/pixpubsub/install.log --single-version-externally-managed
[7.727s] running egg_info
[7.734s] writing ../../build/pixpubsub/pixpubsub.egg-info/PKG-INFO
[7.743s] writing dependency_links to ../../build/pixpubsub/pixpubsub.egg-info/dependency_links.txt
[7.753s] writing entry points to ../../build/pixpubsub/pixpubsub.egg-info/entry_points.txt
[7.759s] writing requirements to ../../build/pixpubsub/pixpubsub.egg-info/requires.txt
[7.764s] writing top-level names to ../../build/pixpubsub/pixpubsub.egg-info/top_level.txt
[7.819s] reading manifest file '../../build/pixpubsub/pixpubsub.egg-info/SOURCES.txt'
[7.924s] writing manifest file '../../build/pixpubsub/pixpubsub.egg-info/SOURCES.txt'
[7.928s] running build
[7.929s] running build_py
[7.953s] copying pixpubsub/justmove_sub.py -> /src/ros2_ws/build/pixpubsub/build/lib/pixpubsub
[8.039s] running install
[8.041s] running install_lib
[8.098s] copying /src/ros2_ws/build/pixpubsub/build/lib/pixpubsub/justmove_sub.py -> /src/ros2_ws/install/pixpubsub/lib/python3.10/site-packages/pixpubsub
[8.254s] byte-compiling /src/ros2_ws/install/pixpubsub/lib/python3.10/site-packages/pixpubsub/justmove_sub.py to justmove_sub.cpython-310.pyc
[8.370s] running install_data
[8.430s] running install_egg_info
[8.459s] removing '/src/ros2_ws/install/pixpubsub/lib/python3.10/site-packages/pixpubsub-0.0.0-py3.10.egg-info' (and everything under it)
[8.549s] Copying ../../build/pixpubsub/pixpubsub.egg-info to /src/ros2_ws/install/pixpubsub/lib/python3.10/site-packages/pixpubsub-0.0.0-py3.10.egg-info
[8.878s] running install_scripts
[9.046s] Installing justmove_sub script to /src/ros2_ws/install/pixpubsub/lib/pixpubsub
[9.063s] Installing move_pub script to /src/ros2_ws/install/pixpubsub/lib/pixpubsub
[9.079s] Installing publisher script to /src/ros2_ws/install/pixpubsub/lib/pixpubsub
[9.097s] writing list of installed files to '/src/ros2_ws/build/pixpubsub/install.log'
[9.150s] Invoked command in '/src/ros2_ws/src/pixpubsub' returned '0': PYTHONPATH=/src/ros2_ws/build/pixpubsub/prefix_override:/src/ros2_ws/install/pixpubsub/lib/python3.10/site-packages:${PYTHONPATH} /usr/bin/python3 setup.py egg_info --egg-base ../../build/pixpubsub build --build-base /src/ros2_ws/build/pixpubsub/build install --record /src/ros2_ws/build/pixpubsub/install.log --single-version-externally-managed
