[5.392s] Invoking command in '/src/ros2_ws/src/pixpubsub': PYTHONPATH=/src/ros2_ws/build/pixpubsub/prefix_override:/src/ros2_ws/install/pixpubsub/lib/python3.10/site-packages:${PYTHONPATH} /usr/bin/python3 setup.py egg_info --egg-base ../../build/pixpubsub build --build-base /src/ros2_ws/build/pixpubsub/build install --record /src/ros2_ws/build/pixpubsub/install.log --single-version-externally-managed
[7.370s] running egg_info
[7.377s] writing ../../build/pixpubsub/pixpubsub.egg-info/PKG-INFO
[7.385s] writing dependency_links to ../../build/pixpubsub/pixpubsub.egg-info/dependency_links.txt
[7.393s] writing entry points to ../../build/pixpubsub/pixpubsub.egg-info/entry_points.txt
[7.423s] writing requirements to ../../build/pixpubsub/pixpubsub.egg-info/requires.txt
[7.424s] writing top-level names to ../../build/pixpubsub/pixpubsub.egg-info/top_level.txt
[7.452s] reading manifest file '../../build/pixpubsub/pixpubsub.egg-info/SOURCES.txt'
[7.549s] writing manifest file '../../build/pixpubsub/pixpubsub.egg-info/SOURCES.txt'
[7.553s] running build
[7.555s] running build_py
[7.579s] copying pixpubsub/justmove_sub.py -> /src/ros2_ws/build/pixpubsub/build/lib/pixpubsub
[7.641s] running install
[7.643s] running install_lib
[7.699s] copying /src/ros2_ws/build/pixpubsub/build/lib/pixpubsub/justmove_sub.py -> /src/ros2_ws/install/pixpubsub/lib/python3.10/site-packages/pixpubsub
[7.832s] byte-compiling /src/ros2_ws/install/pixpubsub/lib/python3.10/site-packages/pixpubsub/justmove_sub.py to justmove_sub.cpython-310.pyc
[7.915s] running install_data
[7.942s] running install_egg_info
[7.963s] removing '/src/ros2_ws/install/pixpubsub/lib/python3.10/site-packages/pixpubsub-0.0.0-py3.10.egg-info' (and everything under it)
[8.029s] Copying ../../build/pixpubsub/pixpubsub.egg-info to /src/ros2_ws/install/pixpubsub/lib/python3.10/site-packages/pixpubsub-0.0.0-py3.10.egg-info
[8.462s] running install_scripts
[8.636s] Installing justmove_sub script to /src/ros2_ws/install/pixpubsub/lib/pixpubsub
[8.653s] Installing move_pub script to /src/ros2_ws/install/pixpubsub/lib/pixpubsub
[8.668s] Installing publisher script to /src/ros2_ws/install/pixpubsub/lib/pixpubsub
[8.686s] writing list of installed files to '/src/ros2_ws/build/pixpubsub/install.log'
[8.729s] Invoked command in '/src/ros2_ws/src/pixpubsub' returned '0': PYTHONPATH=/src/ros2_ws/build/pixpubsub/prefix_override:/src/ros2_ws/install/pixpubsub/lib/python3.10/site-packages:${PYTHONPATH} /usr/bin/python3 setup.py egg_info --egg-base ../../build/pixpubsub build --build-base /src/ros2_ws/build/pixpubsub/build install --record /src/ros2_ws/build/pixpubsub/install.log --single-version-externally-managed
