[0.208s] Invoking command in '/src/ros2_ws/build/pioneer_msgs': CMAKE_PREFIX_PATH=${CMAKE_PREFIX_PATH}:/src/ros2_ws/install/test_pubsub:/src/ros2_ws/install/pixpubsub:/src/ros2_ws/install/imu_publisher:/opt/ros/humble /usr/bin/cmake --build /src/ros2_ws/build/pioneer_msgs -- -j6 -l6
[0.307s] [  5%] Built target pioneer_msgs__cpp
[0.307s] [ 12%] Built target pioneer_msgs__rosidl_generator_c
[0.324s] [ 12%] Built target ament_cmake_python_copy_pioneer_msgs
[0.370s] [ 23%] Built target pioneer_msgs__rosidl_typesupport_cpp
[0.374s] [ 43%] Built target pioneer_msgs__rosidl_typesupport_introspection_c
[0.374s] [ 43%] Built target pioneer_msgs__rosidl_typesupport_fastrtps_cpp
[0.380s] [ 53%] Built target pioneer_msgs__rosidl_typesupport_c
[0.381s] [ 64%] Built target pioneer_msgs__rosidl_typesupport_fastrtps_c
[0.390s] [ 74%] Built target pioneer_msgs__rosidl_typesupport_introspection_cpp
[0.430s] [ 74%] Built target pioneer_msgs
[0.470s] [ 76%] Built target pioneer_msgs__py
[0.498s] gmake[2]: *** No rule to make target '/usr/lib/x86_64-linux-gnu/libpython3.10.so', needed by 'rosidl_generator_py/pioneer_msgs/libpioneer_msgs__rosidl_generator_py.so'.  Stop.
[0.498s] gmake[1]: *** [CMakeFiles/Makefile2:475: CMakeFiles/pioneer_msgs__rosidl_generator_py.dir/all] Error 2
[0.498s] gmake[1]: *** Waiting for unfinished jobs....
[0.811s] running egg_info
[0.812s] writing pioneer_msgs.egg-info/PKG-INFO
[0.813s] writing dependency_links to pioneer_msgs.egg-info/dependency_links.txt
[0.814s] writing top-level names to pioneer_msgs.egg-info/top_level.txt
[0.818s] reading manifest file 'pioneer_msgs.egg-info/SOURCES.txt'
[0.819s] writing manifest file 'pioneer_msgs.egg-info/SOURCES.txt'
[0.887s] [ 76%] Built target ament_cmake_python_build_pioneer_msgs_egg
[0.889s] gmake: *** [Makefile:146: all] Error 2
[0.893s] Invoked command in '/src/ros2_ws/build/pioneer_msgs' returned '2': CMAKE_PREFIX_PATH=${CMAKE_PREFIX_PATH}:/src/ros2_ws/install/test_pubsub:/src/ros2_ws/install/pixpubsub:/src/ros2_ws/install/imu_publisher:/opt/ros/humble /usr/bin/cmake --build /src/ros2_ws/build/pioneer_msgs -- -j6 -l6
