running egg_info
creating ../../build/imu_publisher/imu_publisher.egg-info
writing ../../build/imu_publisher/imu_publisher.egg-info/PKG-INFO
writing dependency_links to ../../build/imu_publisher/imu_publisher.egg-info/dependency_links.txt
writing entry points to ../../build/imu_publisher/imu_publisher.egg-info/entry_points.txt
writing requirements to ../../build/imu_publisher/imu_publisher.egg-info/requires.txt
writing top-level names to ../../build/imu_publisher/imu_publisher.egg-info/top_level.txt
writing manifest file '../../build/imu_publisher/imu_publisher.egg-info/SOURCES.txt'
reading manifest file '../../build/imu_publisher/imu_publisher.egg-info/SOURCES.txt'
writing manifest file '../../build/imu_publisher/imu_publisher.egg-info/SOURCES.txt'
running build
running build_py
creating /src/ros2_ws/build/imu_publisher/build
creating /src/ros2_ws/build/imu_publisher/build/lib
creating /src/ros2_ws/build/imu_publisher/build/lib/imu_publisher
copying imu_publisher/__init__.py -> /src/ros2_ws/build/imu_publisher/build/lib/imu_publisher
copying imu_publisher/publisher.py -> /src/ros2_ws/build/imu_publisher/build/lib/imu_publisher
running install
/usr/lib/python3/dist-packages/setuptools/command/install.py:34: SetuptoolsDeprecationWarning: setup.py install is deprecated. Use build and pip and other standards-based tools.
  warnings.warn(
running install_lib
creating /src/ros2_ws/install/imu_publisher/lib/python3.10/site-packages/imu_publisher
copying /src/ros2_ws/build/imu_publisher/build/lib/imu_publisher/__init__.py -> /src/ros2_ws/install/imu_publisher/lib/python3.10/site-packages/imu_publisher
copying /src/ros2_ws/build/imu_publisher/build/lib/imu_publisher/publisher.py -> /src/ros2_ws/install/imu_publisher/lib/python3.10/site-packages/imu_publisher
byte-compiling /src/ros2_ws/install/imu_publisher/lib/python3.10/site-packages/imu_publisher/__init__.py to __init__.cpython-310.pyc
byte-compiling /src/ros2_ws/install/imu_publisher/lib/python3.10/site-packages/imu_publisher/publisher.py to publisher.cpython-310.pyc
running install_data
creating /src/ros2_ws/install/imu_publisher/share/ament_index
creating /src/ros2_ws/install/imu_publisher/share/ament_index/resource_index
creating /src/ros2_ws/install/imu_publisher/share/ament_index/resource_index/packages
copying resource/imu_publisher -> /src/ros2_ws/install/imu_publisher/share/ament_index/resource_index/packages
copying package.xml -> /src/ros2_ws/install/imu_publisher/share/imu_publisher
running install_egg_info
Copying ../../build/imu_publisher/imu_publisher.egg-info to /src/ros2_ws/install/imu_publisher/lib/python3.10/site-packages/imu_publisher-0.0.0-py3.10.egg-info
running install_scripts
Installing publisher script to /src/ros2_ws/install/imu_publisher/lib/imu_publisher
writing list of installed files to '/src/ros2_ws/build/imu_publisher/install.log'
