[0.425s] Invoking command in '/src/ros2_ws/src/imu_publisher': PYTHONPATH=/src/ros2_ws/build/imu_publisher/prefix_override:/src/ros2_ws/install/imu_publisher/lib/python3.10/site-packages:${PYTHONPATH} /usr/bin/python3 setup.py egg_info --egg-base ../../build/imu_publisher build --build-base /src/ros2_ws/build/imu_publisher/build install --record /src/ros2_ws/build/imu_publisher/install.log --single-version-externally-managed
[0.560s] running egg_info
[0.560s] creating ../../build/imu_publisher/imu_publisher.egg-info
[0.560s] writing ../../build/imu_publisher/imu_publisher.egg-info/PKG-INFO
[0.560s] writing dependency_links to ../../build/imu_publisher/imu_publisher.egg-info/dependency_links.txt
[0.561s] writing entry points to ../../build/imu_publisher/imu_publisher.egg-info/entry_points.txt
[0.561s] writing requirements to ../../build/imu_publisher/imu_publisher.egg-info/requires.txt
[0.561s] writing top-level names to ../../build/imu_publisher/imu_publisher.egg-info/top_level.txt
[0.561s] writing manifest file '../../build/imu_publisher/imu_publisher.egg-info/SOURCES.txt'
[0.562s] reading manifest file '../../build/imu_publisher/imu_publisher.egg-info/SOURCES.txt'
[0.563s] writing manifest file '../../build/imu_publisher/imu_publisher.egg-info/SOURCES.txt'
[0.563s] running build
[0.563s] running build_py
[0.563s] creating /src/ros2_ws/build/imu_publisher/build
[0.563s] creating /src/ros2_ws/build/imu_publisher/build/lib
[0.563s] creating /src/ros2_ws/build/imu_publisher/build/lib/imu_publisher
[0.563s] copying imu_publisher/__init__.py -> /src/ros2_ws/build/imu_publisher/build/lib/imu_publisher
[0.563s] copying imu_publisher/publisher.py -> /src/ros2_ws/build/imu_publisher/build/lib/imu_publisher
[0.564s] running install
[0.564s] /usr/lib/python3/dist-packages/setuptools/command/install.py:34: SetuptoolsDeprecationWarning: setup.py install is deprecated. Use build and pip and other standards-based tools.
[0.564s]   warnings.warn(
[0.564s] running install_lib
[0.564s] creating /src/ros2_ws/install/imu_publisher/lib/python3.10/site-packages/imu_publisher
[0.564s] copying /src/ros2_ws/build/imu_publisher/build/lib/imu_publisher/__init__.py -> /src/ros2_ws/install/imu_publisher/lib/python3.10/site-packages/imu_publisher
[0.564s] copying /src/ros2_ws/build/imu_publisher/build/lib/imu_publisher/publisher.py -> /src/ros2_ws/install/imu_publisher/lib/python3.10/site-packages/imu_publisher
[0.565s] byte-compiling /src/ros2_ws/install/imu_publisher/lib/python3.10/site-packages/imu_publisher/__init__.py to __init__.cpython-310.pyc
[0.565s] byte-compiling /src/ros2_ws/install/imu_publisher/lib/python3.10/site-packages/imu_publisher/publisher.py to publisher.cpython-310.pyc
[0.565s] running install_data
[0.566s] creating /src/ros2_ws/install/imu_publisher/share/ament_index
[0.566s] creating /src/ros2_ws/install/imu_publisher/share/ament_index/resource_index
[0.566s] creating /src/ros2_ws/install/imu_publisher/share/ament_index/resource_index/packages
[0.566s] copying resource/imu_publisher -> /src/ros2_ws/install/imu_publisher/share/ament_index/resource_index/packages
[0.566s] copying package.xml -> /src/ros2_ws/install/imu_publisher/share/imu_publisher
[0.566s] running install_egg_info
[0.567s] Copying ../../build/imu_publisher/imu_publisher.egg-info to /src/ros2_ws/install/imu_publisher/lib/python3.10/site-packages/imu_publisher-0.0.0-py3.10.egg-info
[0.568s] running install_scripts
[0.582s] Installing publisher script to /src/ros2_ws/install/imu_publisher/lib/imu_publisher
[0.582s] writing list of installed files to '/src/ros2_ws/build/imu_publisher/install.log'
[0.600s] Invoked command in '/src/ros2_ws/src/imu_publisher' returned '0': PYTHONPATH=/src/ros2_ws/build/imu_publisher/prefix_override:/src/ros2_ws/install/imu_publisher/lib/python3.10/site-packages:${PYTHONPATH} /usr/bin/python3 setup.py egg_info --egg-base ../../build/imu_publisher build --build-base /src/ros2_ws/build/imu_publisher/build install --record /src/ros2_ws/build/imu_publisher/install.log --single-version-externally-managed
