running egg_info
writing ../../build/pixpubsub/pixpubsub.egg-info/PKG-INFO
writing dependency_links to ../../build/pixpubsub/pixpubsub.egg-info/dependency_links.txt
writing entry points to ../../build/pixpubsub/pixpubsub.egg-info/entry_points.txt
writing requirements to ../../build/pixpubsub/pixpubsub.egg-info/requires.txt
writing top-level names to ../../build/pixpubsub/pixpubsub.egg-info/top_level.txt
reading manifest file '../../build/pixpubsub/pixpubsub.egg-info/SOURCES.txt'
writing manifest file '../../build/pixpubsub/pixpubsub.egg-info/SOURCES.txt'
running build
running build_py
running install
running install_lib
running install_data
running install_egg_info
removing '/src/ros2_ws/install/pixpubsub/lib/python3.10/site-packages/pixpubsub-0.0.0-py3.10.egg-info' (and everything under it)
Copying ../../build/pixpubsub/pixpubsub.egg-info to /src/ros2_ws/install/pixpubsub/lib/python3.10/site-packages/pixpubsub-0.0.0-py3.10.egg-info
running install_scripts
Installing justmove_sub script to /src/ros2_ws/install/pixpubsub/lib/pixpubsub
Installing move_pub script to /src/ros2_ws/install/pixpubsub/lib/pixpubsub
Installing publisher script to /src/ros2_ws/install/pixpubsub/lib/pixpubsub
writing list of installed files to '/src/ros2_ws/build/pixpubsub/install.log'
