[3.941s] Invoking command in '/src/ros2_ws/src/pixpubsub': PYTHONPATH=/src/ros2_ws/build/pixpubsub/prefix_override:/src/ros2_ws/install/pixpubsub/lib/python3.10/site-packages:${PYTHONPATH} /usr/bin/python3 setup.py egg_info --egg-base ../../build/pixpubsub build --build-base /src/ros2_ws/build/pixpubsub/build install --record /src/ros2_ws/build/pixpubsub/install.log --single-version-externally-managed
[5.409s] running egg_info
[5.417s] writing ../../build/pixpubsub/pixpubsub.egg-info/PKG-INFO
[5.429s] writing dependency_links to ../../build/pixpubsub/pixpubsub.egg-info/dependency_links.txt
[5.439s] writing entry points to ../../build/pixpubsub/pixpubsub.egg-info/entry_points.txt
[5.469s] writing requirements to ../../build/pixpubsub/pixpubsub.egg-info/requires.txt
[5.470s] writing top-level names to ../../build/pixpubsub/pixpubsub.egg-info/top_level.txt
[5.500s] reading manifest file '../../build/pixpubsub/pixpubsub.egg-info/SOURCES.txt'
[5.587s] writing manifest file '../../build/pixpubsub/pixpubsub.egg-info/SOURCES.txt'
[5.592s] running build
[5.594s] running build_py
[5.680s] running install
[5.710s] running install_lib
[5.919s] running install_data
[5.961s] running install_egg_info
[5.982s] removing '/src/ros2_ws/install/pixpubsub/lib/python3.10/site-packages/pixpubsub-0.0.0-py3.10.egg-info' (and everything under it)
[6.069s] Copying ../../build/pixpubsub/pixpubsub.egg-info to /src/ros2_ws/install/pixpubsub/lib/python3.10/site-packages/pixpubsub-0.0.0-py3.10.egg-info
[6.404s] running install_scripts
[6.535s] Installing justmove_sub script to /src/ros2_ws/install/pixpubsub/lib/pixpubsub
[6.549s] Installing move_pub script to /src/ros2_ws/install/pixpubsub/lib/pixpubsub
[6.563s] Installing publisher script to /src/ros2_ws/install/pixpubsub/lib/pixpubsub
[6.578s] writing list of installed files to '/src/ros2_ws/build/pixpubsub/install.log'
[6.619s] Invoked command in '/src/ros2_ws/src/pixpubsub' returned '0': PYTHONPATH=/src/ros2_ws/build/pixpubsub/prefix_override:/src/ros2_ws/install/pixpubsub/lib/python3.10/site-packages:${PYTHONPATH} /usr/bin/python3 setup.py egg_info --egg-base ../../build/pixpubsub build --build-base /src/ros2_ws/build/pixpubsub/build install --record /src/ros2_ws/build/pixpubsub/install.log --single-version-externally-managed
