[1.419s] Invoking command in '/src/ros2_ws/src/imu_publisher': PYTHONPATH=/src/ros2_ws/build/imu_publisher/prefix_override:/src/ros2_ws/install/imu_publisher/lib/python3.10/site-packages:${PYTHONPATH} /usr/bin/python3 setup.py egg_info --egg-base ../../build/imu_publisher build --build-base /src/ros2_ws/build/imu_publisher/build install --record /src/ros2_ws/build/imu_publisher/install.log --single-version-externally-managed
[1.824s] running egg_info
[1.826s] creating ../../build/imu_publisher/imu_publisher.egg-info
[1.829s] writing ../../build/imu_publisher/imu_publisher.egg-info/PKG-INFO
[1.831s] writing dependency_links to ../../build/imu_publisher/imu_publisher.egg-info/dependency_links.txt
[1.832s] writing entry points to ../../build/imu_publisher/imu_publisher.egg-info/entry_points.txt
[1.836s] writing requirements to ../../build/imu_publisher/imu_publisher.egg-info/requires.txt
[1.838s] writing top-level names to ../../build/imu_publisher/imu_publisher.egg-info/top_level.txt
[1.838s] writing manifest file '../../build/imu_publisher/imu_publisher.egg-info/SOURCES.txt'
[1.838s] reading manifest file '../../build/imu_publisher/imu_publisher.egg-info/SOURCES.txt'
[1.838s] writing manifest file '../../build/imu_publisher/imu_publisher.egg-info/SOURCES.txt'
[1.838s] running build
[1.839s] running build_py
[1.839s] creating /src/ros2_ws/build/imu_publisher/build
[1.839s] creating /src/ros2_ws/build/imu_publisher/build/lib
[1.839s] creating /src/ros2_ws/build/imu_publisher/build/lib/imu_publisher
[1.839s] copying imu_publisher/__init__.py -> /src/ros2_ws/build/imu_publisher/build/lib/imu_publisher
[1.839s] copying imu_publisher/publisher.py -> /src/ros2_ws/build/imu_publisher/build/lib/imu_publisher
[1.839s] running install
[1.840s] running install_lib
[1.846s] creating /src/ros2_ws/install/imu_publisher/lib/python3.10/site-packages/imu_publisher
[1.846s] copying /src/ros2_ws/build/imu_publisher/build/lib/imu_publisher/__init__.py -> /src/ros2_ws/install/imu_publisher/lib/python3.10/site-packages/imu_publisher
[1.846s] copying /src/ros2_ws/build/imu_publisher/build/lib/imu_publisher/publisher.py -> /src/ros2_ws/install/imu_publisher/lib/python3.10/site-packages/imu_publisher
[1.846s] byte-compiling /src/ros2_ws/install/imu_publisher/lib/python3.10/site-packages/imu_publisher/__init__.py to __init__.cpython-310.pyc
[1.846s] byte-compiling /src/ros2_ws/install/imu_publisher/lib/python3.10/site-packages/imu_publisher/publisher.py to publisher.cpython-310.pyc
[1.847s] running install_data
[1.847s] creating /src/ros2_ws/install/imu_publisher/share/ament_index
[1.847s] creating /src/ros2_ws/install/imu_publisher/share/ament_index/resource_index
[1.847s] creating /src/ros2_ws/install/imu_publisher/share/ament_index/resource_index/packages
[1.847s] copying resource/imu_publisher -> /src/ros2_ws/install/imu_publisher/share/ament_index/resource_index/packages
[1.847s] copying package.xml -> /src/ros2_ws/install/imu_publisher/share/imu_publisher
[1.848s] running install_egg_info
[1.848s] Copying ../../build/imu_publisher/imu_publisher.egg-info to /src/ros2_ws/install/imu_publisher/lib/python3.10/site-packages/imu_publisher-0.0.0-py3.10.egg-info
[1.848s] running install_scripts
[1.890s] Installing publisher script to /src/ros2_ws/install/imu_publisher/lib/imu_publisher
[1.891s] writing list of installed files to '/src/ros2_ws/build/imu_publisher/install.log'
[1.981s] Invoked command in '/src/ros2_ws/src/imu_publisher' returned '0': PYTHONPATH=/src/ros2_ws/build/imu_publisher/prefix_override:/src/ros2_ws/install/imu_publisher/lib/python3.10/site-packages:${PYTHONPATH} /usr/bin/python3 setup.py egg_info --egg-base ../../build/imu_publisher build --build-base /src/ros2_ws/build/imu_publisher/build install --record /src/ros2_ws/build/imu_publisher/install.log --single-version-externally-managed
