[4.421s] DEBUG:colcon:Command line arguments: ['/usr/bin/colcon', 'build']
[4.421s] DEBUG:colcon:Parsed command line arguments: Namespace(log_base=None, log_level=None, verb_name='build', build_base='build', install_base='install', merge_install=False, symlink_install=False, test_result_base=None, continue_on_error=False, executor='parallel', parallel_workers=16, event_handlers=None, ignore_user_meta=False, metas=['./colcon.meta'], base_paths=['.'], packages_ignore=None, packages_ignore_regex=None, paths=None, packages_up_to=None, packages_up_to_regex=None, packages_above=None, packages_above_and_dependencies=None, packages_above_depth=None, packages_select_by_dep=None, packages_skip_by_dep=None, packages_skip_up_to=None, packages_select_build_failed=False, packages_skip_build_finished=False, packages_select_test_failures=False, packages_skip_test_passed=False, packages_select=None, packages_skip=None, packages_select_regex=None, packages_skip_regex=None, packages_start=None, packages_end=None, cmake_args=None, cmake_target=None, cmake_target_skip_unavailable=False, cmake_clean_cache=False, cmake_clean_first=False, cmake_force_configure=False, ament_cmake_args=None, catkin_cmake_args=None, catkin_skip_building_tests=False, mixin_files=None, mixin=None, verb_parser=<colcon_mixin.mixin.mixin_argument.MixinArgumentDecorator object at 0x7f64824d17e0>, verb_extension=<colcon_core.verb.build.BuildVerb object at 0x7f6482483e80>, main=<bound method BuildVerb.main of <colcon_core.verb.build.BuildVerb object at 0x7f6482483e80>>, mixin_verb=('build',))
[4.629s] Level 1:colcon.colcon_core.package_discovery:discover_packages(colcon_meta) check parameters
[4.630s] INFO:colcon.colcon_metadata.package_discovery.colcon_meta:Using configuration from '/root/.colcon/metadata/default/Gazebo.meta'
[4.632s] INFO:colcon.colcon_metadata.package_discovery.colcon_meta:Using configuration from '/root/.colcon/metadata/default/fastrtps.meta'
[4.632s] Level 1:colcon.colcon_core.package_discovery:discover_packages(recursive) check parameters
[4.633s] Level 1:colcon.colcon_core.package_discovery:discover_packages(ignore) check parameters
[4.633s] Level 1:colcon.colcon_core.package_discovery:discover_packages(path) check parameters
[4.633s] Level 1:colcon.colcon_core.package_discovery:discover_packages(colcon_meta) discover
[4.634s] Level 1:colcon.colcon_core.package_discovery:discover_packages(recursive) discover
[4.634s] INFO:colcon.colcon_core.package_discovery:Crawling recursively for packages in '/src/ros2_ws'
[4.635s] Level 1:colcon.colcon_core.package_identification:_identify(.) by extensions ['ignore', 'ignore_ament_install']
[4.636s] Level 1:colcon.colcon_core.package_identification:_identify(.) by extension 'ignore'
[4.636s] Level 1:colcon.colcon_core.package_identification:_identify(.) by extension 'ignore_ament_install'
[4.637s] Level 1:colcon.colcon_core.package_identification:_identify(.) by extensions ['colcon_pkg']
[4.637s] Level 1:colcon.colcon_core.package_identification:_identify(.) by extension 'colcon_pkg'
[4.638s] Level 1:colcon.colcon_core.package_identification:_identify(.) by extensions ['colcon_meta']
[4.638s] Level 1:colcon.colcon_core.package_identification:_identify(.) by extension 'colcon_meta'
[4.639s] Level 1:colcon.colcon_core.package_identification:_identify(.) by extensions ['ros']
[4.639s] Level 1:colcon.colcon_core.package_identification:_identify(.) by extension 'ros'
[4.668s] Level 1:colcon.colcon_core.package_identification:_identify(.) by extensions ['cmake', 'python']
[4.668s] Level 1:colcon.colcon_core.package_identification:_identify(.) by extension 'cmake'
[4.669s] Level 1:colcon.colcon_core.package_identification:_identify(.) by extension 'python'
[4.670s] Level 1:colcon.colcon_core.package_identification:_identify(.) by extensions ['python_setup_py']
[4.670s] Level 1:colcon.colcon_core.package_identification:_identify(.) by extension 'python_setup_py'
[4.674s] Level 1:colcon.colcon_core.package_identification:_identify(build) by extensions ['ignore', 'ignore_ament_install']
[4.674s] Level 1:colcon.colcon_core.package_identification:_identify(build) by extension 'ignore'
[4.676s] Level 1:colcon.colcon_core.package_identification:_identify(build) ignored
[4.679s] Level 1:colcon.colcon_core.package_identification:_identify(install) by extensions ['ignore', 'ignore_ament_install']
[4.680s] Level 1:colcon.colcon_core.package_identification:_identify(install) by extension 'ignore'
[4.681s] Level 1:colcon.colcon_core.package_identification:_identify(install) ignored
[4.690s] Level 1:colcon.colcon_core.package_identification:_identify(log) by extensions ['ignore', 'ignore_ament_install']
[4.691s] Level 1:colcon.colcon_core.package_identification:_identify(log) by extension 'ignore'
[4.692s] Level 1:colcon.colcon_core.package_identification:_identify(log) ignored
[4.695s] Level 1:colcon.colcon_core.package_identification:_identify(src) by extensions ['ignore', 'ignore_ament_install']
[4.695s] Level 1:colcon.colcon_core.package_identification:_identify(src) by extension 'ignore'
[4.696s] Level 1:colcon.colcon_core.package_identification:_identify(src) by extension 'ignore_ament_install'
[4.698s] Level 1:colcon.colcon_core.package_identification:_identify(src) by extensions ['colcon_pkg']
[4.699s] Level 1:colcon.colcon_core.package_identification:_identify(src) by extension 'colcon_pkg'
[4.700s] Level 1:colcon.colcon_core.package_identification:_identify(src) by extensions ['colcon_meta']
[4.700s] Level 1:colcon.colcon_core.package_identification:_identify(src) by extension 'colcon_meta'
[4.702s] Level 1:colcon.colcon_core.package_identification:_identify(src) by extensions ['ros']
[4.702s] Level 1:colcon.colcon_core.package_identification:_identify(src) by extension 'ros'
[4.707s] Level 1:colcon.colcon_core.package_identification:_identify(src) by extensions ['cmake', 'python']
[4.707s] Level 1:colcon.colcon_core.package_identification:_identify(src) by extension 'cmake'
[4.708s] Level 1:colcon.colcon_core.package_identification:_identify(src) by extension 'python'
[4.709s] Level 1:colcon.colcon_core.package_identification:_identify(src) by extensions ['python_setup_py']
[4.709s] Level 1:colcon.colcon_core.package_identification:_identify(src) by extension 'python_setup_py'
[4.713s] Level 1:colcon.colcon_core.package_identification:_identify(src/imu_publisher) by extensions ['ignore', 'ignore_ament_install']
[4.714s] Level 1:colcon.colcon_core.package_identification:_identify(src/imu_publisher) by extension 'ignore'
[4.715s] Level 1:colcon.colcon_core.package_identification:_identify(src/imu_publisher) by extension 'ignore_ament_install'
[4.717s] Level 1:colcon.colcon_core.package_identification:_identify(src/imu_publisher) by extensions ['colcon_pkg']
[4.717s] Level 1:colcon.colcon_core.package_identification:_identify(src/imu_publisher) by extension 'colcon_pkg'
[4.719s] Level 1:colcon.colcon_core.package_identification:_identify(src/imu_publisher) by extensions ['colcon_meta']
[4.719s] Level 1:colcon.colcon_core.package_identification:_identify(src/imu_publisher) by extension 'colcon_meta'
[4.722s] Level 1:colcon.colcon_core.package_identification:_identify(src/imu_publisher) by extensions ['ros']
[4.722s] Level 1:colcon.colcon_core.package_identification:_identify(src/imu_publisher) by extension 'ros'
[4.739s] DEBUG:colcon.colcon_core.package_identification:Package 'src/imu_publisher' with type 'ros.ament_python' and name 'imu_publisher'
[4.746s] Level 1:colcon.colcon_core.package_identification:_identify(src/movement_subscriber) by extensions ['ignore', 'ignore_ament_install']
[4.746s] Level 1:colcon.colcon_core.package_identification:_identify(src/movement_subscriber) by extension 'ignore'
[4.748s] Level 1:colcon.colcon_core.package_identification:_identify(src/movement_subscriber) by extension 'ignore_ament_install'
[4.753s] Level 1:colcon.colcon_core.package_identification:_identify(src/movement_subscriber) by extensions ['colcon_pkg']
[4.755s] Level 1:colcon.colcon_core.package_identification:_identify(src/movement_subscriber) by extension 'colcon_pkg'
[4.758s] Level 1:colcon.colcon_core.package_identification:_identify(src/movement_subscriber) by extensions ['colcon_meta']
[4.758s] Level 1:colcon.colcon_core.package_identification:_identify(src/movement_subscriber) by extension 'colcon_meta'
[4.761s] Level 1:colcon.colcon_core.package_identification:_identify(src/movement_subscriber) by extensions ['ros']
[4.762s] Level 1:colcon.colcon_core.package_identification:_identify(src/movement_subscriber) by extension 'ros'
[4.772s] Level 1:colcon.colcon_core.package_identification:_identify(src/movement_subscriber) by extensions ['cmake', 'python']
[4.772s] Level 1:colcon.colcon_core.package_identification:_identify(src/movement_subscriber) by extension 'cmake'
[4.775s] Level 1:colcon.colcon_core.package_identification:_identify(src/movement_subscriber) by extension 'python'
[4.777s] Level 1:colcon.colcon_core.package_identification:_identify(src/movement_subscriber) by extensions ['python_setup_py']
[4.777s] Level 1:colcon.colcon_core.package_identification:_identify(src/movement_subscriber) by extension 'python_setup_py'
[4.798s] Level 1:colcon.colcon_core.package_identification:_identify(src/movement_subscriber/src) by extensions ['ignore', 'ignore_ament_install']
[4.800s] Level 1:colcon.colcon_core.package_identification:_identify(src/movement_subscriber/src) by extension 'ignore'
[4.806s] Level 1:colcon.colcon_core.package_identification:_identify(src/movement_subscriber/src) by extension 'ignore_ament_install'
[4.815s] Level 1:colcon.colcon_core.package_identification:_identify(src/movement_subscriber/src) by extensions ['colcon_pkg']
[4.815s] Level 1:colcon.colcon_core.package_identification:_identify(src/movement_subscriber/src) by extension 'colcon_pkg'
[4.818s] Level 1:colcon.colcon_core.package_identification:_identify(src/movement_subscriber/src) by extensions ['colcon_meta']
[4.818s] Level 1:colcon.colcon_core.package_identification:_identify(src/movement_subscriber/src) by extension 'colcon_meta'
[4.824s] Level 1:colcon.colcon_core.package_identification:_identify(src/movement_subscriber/src) by extensions ['ros']
[4.825s] Level 1:colcon.colcon_core.package_identification:_identify(src/movement_subscriber/src) by extension 'ros'
[4.837s] Level 1:colcon.colcon_core.package_identification:_identify(src/movement_subscriber/src) by extensions ['cmake', 'python']
[4.838s] Level 1:colcon.colcon_core.package_identification:_identify(src/movement_subscriber/src) by extension 'cmake'
[4.840s] Level 1:colcon.colcon_core.package_identification:_identify(src/movement_subscriber/src) by extension 'python'
[4.843s] Level 1:colcon.colcon_core.package_identification:_identify(src/movement_subscriber/src) by extensions ['python_setup_py']
[4.844s] Level 1:colcon.colcon_core.package_identification:_identify(src/movement_subscriber/src) by extension 'python_setup_py'
[4.852s] Level 1:colcon.colcon_core.package_identification:_identify(src/pioneer_msgs) by extensions ['ignore', 'ignore_ament_install']
[4.853s] Level 1:colcon.colcon_core.package_identification:_identify(src/pioneer_msgs) by extension 'ignore'
[4.855s] Level 1:colcon.colcon_core.package_identification:_identify(src/pioneer_msgs) by extension 'ignore_ament_install'
[4.859s] Level 1:colcon.colcon_core.package_identification:_identify(src/pioneer_msgs) by extensions ['colcon_pkg']
[4.859s] Level 1:colcon.colcon_core.package_identification:_identify(src/pioneer_msgs) by extension 'colcon_pkg'
[4.861s] Level 1:colcon.colcon_core.package_identification:_identify(src/pioneer_msgs) by extensions ['colcon_meta']
[4.862s] Level 1:colcon.colcon_core.package_identification:_identify(src/pioneer_msgs) by extension 'colcon_meta'
[4.864s] Level 1:colcon.colcon_core.package_identification:_identify(src/pioneer_msgs) by extensions ['ros']
[4.865s] Level 1:colcon.colcon_core.package_identification:_identify(src/pioneer_msgs) by extension 'ros'
[4.885s] DEBUG:colcon.colcon_core.package_identification:Package 'src/pioneer_msgs' with type 'ros.ament_cmake' and name 'pioneer_msgs'
[4.891s] Level 1:colcon.colcon_core.package_identification:_identify(src/pixpubsub) by extensions ['ignore', 'ignore_ament_install']
[4.891s] Level 1:colcon.colcon_core.package_identification:_identify(src/pixpubsub) by extension 'ignore'
[4.894s] Level 1:colcon.colcon_core.package_identification:_identify(src/pixpubsub) by extension 'ignore_ament_install'
[4.897s] Level 1:colcon.colcon_core.package_identification:_identify(src/pixpubsub) by extensions ['colcon_pkg']
[4.897s] Level 1:colcon.colcon_core.package_identification:_identify(src/pixpubsub) by extension 'colcon_pkg'
[4.899s] Level 1:colcon.colcon_core.package_identification:_identify(src/pixpubsub) by extensions ['colcon_meta']
[4.899s] Level 1:colcon.colcon_core.package_identification:_identify(src/pixpubsub) by extension 'colcon_meta'
[4.902s] Level 1:colcon.colcon_core.package_identification:_identify(src/pixpubsub) by extensions ['ros']
[4.902s] Level 1:colcon.colcon_core.package_identification:_identify(src/pixpubsub) by extension 'ros'
[4.921s] DEBUG:colcon.colcon_core.package_identification:Package 'src/pixpubsub' with type 'ros.ament_python' and name 'pixpubsub'
[4.922s] Level 1:colcon.colcon_core.package_discovery:discover_packages(recursive) using defaults
[4.922s] Level 1:colcon.colcon_core.package_discovery:discover_packages(ignore) discover
[4.923s] Level 1:colcon.colcon_core.package_discovery:discover_packages(ignore) using defaults
[4.923s] Level 1:colcon.colcon_core.package_discovery:discover_packages(path) discover
[4.924s] Level 1:colcon.colcon_core.package_discovery:discover_packages(path) using defaults
[5.271s] Level 5:colcon.colcon_core.verb:set package 'imu_publisher' build argument 'cmake_args' from command line to 'None'
[5.271s] Level 5:colcon.colcon_core.verb:set package 'imu_publisher' build argument 'cmake_target' from command line to 'None'
[5.271s] Level 5:colcon.colcon_core.verb:set package 'imu_publisher' build argument 'cmake_target_skip_unavailable' from command line to 'False'
[5.272s] Level 5:colcon.colcon_core.verb:set package 'imu_publisher' build argument 'cmake_clean_cache' from command line to 'False'
[5.272s] Level 5:colcon.colcon_core.verb:set package 'imu_publisher' build argument 'cmake_clean_first' from command line to 'False'
[5.272s] Level 5:colcon.colcon_core.verb:set package 'imu_publisher' build argument 'cmake_force_configure' from command line to 'False'
[5.273s] Level 5:colcon.colcon_core.verb:set package 'imu_publisher' build argument 'ament_cmake_args' from command line to 'None'
[5.273s] Level 5:colcon.colcon_core.verb:set package 'imu_publisher' build argument 'catkin_cmake_args' from command line to 'None'
[5.273s] Level 5:colcon.colcon_core.verb:set package 'imu_publisher' build argument 'catkin_skip_building_tests' from command line to 'False'
[5.274s] DEBUG:colcon.colcon_core.verb:Building package 'imu_publisher' with the following arguments: {'ament_cmake_args': None, 'build_base': '/src/ros2_ws/build/imu_publisher', 'catkin_cmake_args': None, 'catkin_skip_building_tests': False, 'cmake_args': None, 'cmake_clean_cache': False, 'cmake_clean_first': False, 'cmake_force_configure': False, 'cmake_target': None, 'cmake_target_skip_unavailable': False, 'install_base': '/src/ros2_ws/install/imu_publisher', 'merge_install': False, 'path': '/src/ros2_ws/src/imu_publisher', 'symlink_install': False, 'test_result_base': None}
[5.313s] Level 5:colcon.colcon_core.verb:set package 'pioneer_msgs' build argument 'cmake_args' from command line to 'None'
[5.314s] Level 5:colcon.colcon_core.verb:set package 'pioneer_msgs' build argument 'cmake_target' from command line to 'None'
[5.314s] Level 5:colcon.colcon_core.verb:set package 'pioneer_msgs' build argument 'cmake_target_skip_unavailable' from command line to 'False'
[5.315s] Level 5:colcon.colcon_core.verb:set package 'pioneer_msgs' build argument 'cmake_clean_cache' from command line to 'False'
[5.315s] Level 5:colcon.colcon_core.verb:set package 'pioneer_msgs' build argument 'cmake_clean_first' from command line to 'False'
[5.315s] Level 5:colcon.colcon_core.verb:set package 'pioneer_msgs' build argument 'cmake_force_configure' from command line to 'False'
[5.316s] Level 5:colcon.colcon_core.verb:set package 'pioneer_msgs' build argument 'ament_cmake_args' from command line to 'None'
[5.316s] Level 5:colcon.colcon_core.verb:set package 'pioneer_msgs' build argument 'catkin_cmake_args' from command line to 'None'
[5.316s] Level 5:colcon.colcon_core.verb:set package 'pioneer_msgs' build argument 'catkin_skip_building_tests' from command line to 'False'
[5.317s] DEBUG:colcon.colcon_core.verb:Building package 'pioneer_msgs' with the following arguments: {'ament_cmake_args': None, 'build_base': '/src/ros2_ws/build/pioneer_msgs', 'catkin_cmake_args': None, 'catkin_skip_building_tests': False, 'cmake_args': None, 'cmake_clean_cache': False, 'cmake_clean_first': False, 'cmake_force_configure': False, 'cmake_target': None, 'cmake_target_skip_unavailable': False, 'install_base': '/src/ros2_ws/install/pioneer_msgs', 'merge_install': False, 'path': '/src/ros2_ws/src/pioneer_msgs', 'symlink_install': False, 'test_result_base': None}
[5.364s] Level 5:colcon.colcon_core.verb:set package 'pixpubsub' build argument 'cmake_args' from command line to 'None'
[5.365s] Level 5:colcon.colcon_core.verb:set package 'pixpubsub' build argument 'cmake_target' from command line to 'None'
[5.366s] Level 5:colcon.colcon_core.verb:set package 'pixpubsub' build argument 'cmake_target_skip_unavailable' from command line to 'False'
[5.366s] Level 5:colcon.colcon_core.verb:set package 'pixpubsub' build argument 'cmake_clean_cache' from command line to 'False'
[5.366s] Level 5:colcon.colcon_core.verb:set package 'pixpubsub' build argument 'cmake_clean_first' from command line to 'False'
[5.367s] Level 5:colcon.colcon_core.verb:set package 'pixpubsub' build argument 'cmake_force_configure' from command line to 'False'
[5.367s] Level 5:colcon.colcon_core.verb:set package 'pixpubsub' build argument 'ament_cmake_args' from command line to 'None'
[5.367s] Level 5:colcon.colcon_core.verb:set package 'pixpubsub' build argument 'catkin_cmake_args' from command line to 'None'
[5.368s] Level 5:colcon.colcon_core.verb:set package 'pixpubsub' build argument 'catkin_skip_building_tests' from command line to 'False'
[5.370s] DEBUG:colcon.colcon_core.verb:Building package 'pixpubsub' with the following arguments: {'ament_cmake_args': None, 'build_base': '/src/ros2_ws/build/pixpubsub', 'catkin_cmake_args': None, 'catkin_skip_building_tests': False, 'cmake_args': None, 'cmake_clean_cache': False, 'cmake_clean_first': False, 'cmake_force_configure': False, 'cmake_target': None, 'cmake_target_skip_unavailable': False, 'install_base': '/src/ros2_ws/install/pixpubsub', 'merge_install': False, 'path': '/src/ros2_ws/src/pixpubsub', 'symlink_install': False, 'test_result_base': None}
[5.412s] INFO:colcon.colcon_core.executor:Executing jobs using 'parallel' executor
[5.461s] DEBUG:colcon.colcon_parallel_executor.executor.parallel:run_until_complete
[5.462s] INFO:colcon.colcon_ros.task.ament_cmake.build:Building ROS package in '/src/ros2_ws/src/pioneer_msgs' with build type 'ament_cmake'
[5.463s] INFO:colcon.colcon_cmake.task.cmake.build:Building CMake package in '/src/ros2_ws/src/pioneer_msgs'
[5.536s] INFO:colcon.colcon_core.plugin_system:Skipping extension 'colcon_core.shell.bat': Not used on non-Windows systems
[5.537s] INFO:colcon.colcon_core.shell:Skip shell extension 'powershell' for command environment: Not usable outside of PowerShell
[5.537s] DEBUG:colcon.colcon_core.shell:Skip shell extension 'dsv' for command environment
[5.810s] INFO:colcon.colcon_ros.task.ament_python.build:Building ROS package in '/src/ros2_ws/src/imu_publisher' with build type 'ament_python'
[5.811s] Level 1:colcon.colcon_core.shell:create_environment_hook('imu_publisher', 'ament_prefix_path')
[5.861s] INFO:colcon.colcon_core.shell:Creating environment hook '/src/ros2_ws/install/imu_publisher/share/imu_publisher/hook/ament_prefix_path.ps1'
[5.882s] INFO:colcon.colcon_core.shell:Creating environment descriptor '/src/ros2_ws/install/imu_publisher/share/imu_publisher/hook/ament_prefix_path.dsv'
[5.899s] INFO:colcon.colcon_core.shell:Creating environment hook '/src/ros2_ws/install/imu_publisher/share/imu_publisher/hook/ament_prefix_path.sh'
[5.963s] INFO:colcon.colcon_core.shell:Skip shell extension 'powershell' for command environment: Not usable outside of PowerShell
[5.963s] DEBUG:colcon.colcon_core.shell:Skip shell extension 'dsv' for command environment
[6.285s] DEBUG:colcon.colcon_core.event_handler.log_command:Invoking command in '/src/ros2_ws/build/pioneer_msgs': CMAKE_PREFIX_PATH=${CMAKE_PREFIX_PATH}:/src/ros2_ws/install/pixpubsub:/src/ros2_ws/install/imu_publisher:/opt/ros/humble /usr/bin/cmake --build /src/ros2_ws/build/pioneer_msgs -- -j16 -l16
[9.135s] INFO:colcon.colcon_core.task.python.build:Building Python package in '/src/ros2_ws/src/imu_publisher'
[9.177s] INFO:colcon.colcon_core.shell:Skip shell extension 'powershell' for command environment: Not usable outside of PowerShell
[9.177s] DEBUG:colcon.colcon_core.shell:Skip shell extension 'dsv' for command environment
[11.898s] DEBUG:colcon.colcon_core.event_handler.log_command:Invoked command in '/src/ros2_ws/build/pioneer_msgs' returned '0': CMAKE_PREFIX_PATH=${CMAKE_PREFIX_PATH}:/src/ros2_ws/install/pixpubsub:/src/ros2_ws/install/imu_publisher:/opt/ros/humble /usr/bin/cmake --build /src/ros2_ws/build/pioneer_msgs -- -j16 -l16
[12.419s] DEBUG:colcon.colcon_core.event_handler.log_command:Invoking command in '/src/ros2_ws/src/imu_publisher': PYTHONPATH=/src/ros2_ws/build/imu_publisher/prefix_override:/src/ros2_ws/install/imu_publisher/lib/python3.10/site-packages:${PYTHONPATH} /usr/bin/python3 setup.py egg_info --egg-base ../../build/imu_publisher build --build-base /src/ros2_ws/build/imu_publisher/build install --record /src/ros2_ws/build/imu_publisher/install.log --single-version-externally-managed
[15.675s] DEBUG:colcon.colcon_core.event_handler.log_command:Invoked command in '/src/ros2_ws/src/imu_publisher' returned '0': PYTHONPATH=/src/ros2_ws/build/imu_publisher/prefix_override:/src/ros2_ws/install/imu_publisher/lib/python3.10/site-packages:${PYTHONPATH} /usr/bin/python3 setup.py egg_info --egg-base ../../build/imu_publisher build --build-base /src/ros2_ws/build/imu_publisher/build install --record /src/ros2_ws/build/imu_publisher/install.log --single-version-externally-managed
[15.761s] Level 1:colcon.colcon_core.environment:checking '/src/ros2_ws/install/imu_publisher' for CMake module files
[15.822s] Level 1:colcon.colcon_core.environment:checking '/src/ros2_ws/install/imu_publisher' for CMake config files
[15.937s] Level 1:colcon.colcon_core.environment:checking '/src/ros2_ws/install/imu_publisher/lib'
[15.942s] Level 1:colcon.colcon_core.environment:checking '/src/ros2_ws/install/imu_publisher/bin'
[15.944s] Level 1:colcon.colcon_core.environment:checking '/src/ros2_ws/install/imu_publisher/lib/pkgconfig/imu_publisher.pc'
[15.946s] Level 1:colcon.colcon_core.environment:checking '/src/ros2_ws/install/imu_publisher/lib/python3.10/site-packages'
[15.949s] Level 1:colcon.colcon_core.shell:create_environment_hook('imu_publisher', 'pythonpath')
[16.006s] INFO:colcon.colcon_core.shell:Creating environment hook '/src/ros2_ws/install/imu_publisher/share/imu_publisher/hook/pythonpath.ps1'
[16.023s] INFO:colcon.colcon_core.shell:Creating environment descriptor '/src/ros2_ws/install/imu_publisher/share/imu_publisher/hook/pythonpath.dsv'
[16.040s] INFO:colcon.colcon_core.shell:Creating environment hook '/src/ros2_ws/install/imu_publisher/share/imu_publisher/hook/pythonpath.sh'
[16.058s] Level 1:colcon.colcon_core.environment:checking '/src/ros2_ws/install/imu_publisher/bin'
[16.060s] Level 1:colcon.colcon_core.environment:create_environment_scripts_only(imu_publisher)
[16.110s] INFO:colcon.colcon_core.shell:Creating package script '/src/ros2_ws/install/imu_publisher/share/imu_publisher/package.ps1'
[16.125s] INFO:colcon.colcon_core.shell:Creating package descriptor '/src/ros2_ws/install/imu_publisher/share/imu_publisher/package.dsv'
[16.147s] INFO:colcon.colcon_core.shell:Creating package script '/src/ros2_ws/install/imu_publisher/share/imu_publisher/package.sh'
[16.167s] INFO:colcon.colcon_core.shell:Creating package script '/src/ros2_ws/install/imu_publisher/share/imu_publisher/package.bash'
[16.187s] INFO:colcon.colcon_core.shell:Creating package script '/src/ros2_ws/install/imu_publisher/share/imu_publisher/package.zsh'
[16.224s] Level 1:colcon.colcon_core.environment:create_file_with_runtime_dependencies(/src/ros2_ws/install/imu_publisher/share/colcon-core/packages/imu_publisher)
[16.452s] DEBUG:colcon.colcon_core.event_handler.log_command:Invoking command in '/src/ros2_ws/build/pioneer_msgs': CMAKE_PREFIX_PATH=${CMAKE_PREFIX_PATH}:/src/ros2_ws/install/pixpubsub:/src/ros2_ws/install/imu_publisher:/opt/ros/humble /usr/bin/cmake --install /src/ros2_ws/build/pioneer_msgs
[24.369s] Level 1:colcon.colcon_core.environment:create_environment_scripts_only(pioneer_msgs)
[24.370s] DEBUG:colcon.colcon_core.event_handler.log_command:Invoked command in '/src/ros2_ws/build/pioneer_msgs' returned '0': CMAKE_PREFIX_PATH=${CMAKE_PREFIX_PATH}:/src/ros2_ws/install/pixpubsub:/src/ros2_ws/install/imu_publisher:/opt/ros/humble /usr/bin/cmake --install /src/ros2_ws/build/pioneer_msgs
[24.412s] Level 1:colcon.colcon_core.environment:checking '/src/ros2_ws/install/pioneer_msgs' for CMake module files
[24.717s] Level 1:colcon.colcon_core.environment:checking '/src/ros2_ws/install/pioneer_msgs' for CMake config files
[24.940s] Level 1:colcon.colcon_core.shell:create_environment_hook('pioneer_msgs', 'cmake_prefix_path')
[24.979s] INFO:colcon.colcon_core.shell:Creating environment hook '/src/ros2_ws/install/pioneer_msgs/share/pioneer_msgs/hook/cmake_prefix_path.ps1'
[24.998s] INFO:colcon.colcon_core.shell:Creating environment descriptor '/src/ros2_ws/install/pioneer_msgs/share/pioneer_msgs/hook/cmake_prefix_path.dsv'
[25.014s] INFO:colcon.colcon_core.shell:Creating environment hook '/src/ros2_ws/install/pioneer_msgs/share/pioneer_msgs/hook/cmake_prefix_path.sh'
[25.037s] Level 1:colcon.colcon_core.environment:checking '/src/ros2_ws/install/pioneer_msgs/lib'
[25.043s] Level 1:colcon.colcon_core.shell:create_environment_hook('pioneer_msgs', 'ld_library_path_lib')
[25.084s] INFO:colcon.colcon_core.shell:Creating environment hook '/src/ros2_ws/install/pioneer_msgs/share/pioneer_msgs/hook/ld_library_path_lib.ps1'
[25.105s] INFO:colcon.colcon_core.shell:Creating environment descriptor '/src/ros2_ws/install/pioneer_msgs/share/pioneer_msgs/hook/ld_library_path_lib.dsv'
[25.125s] INFO:colcon.colcon_core.shell:Creating environment hook '/src/ros2_ws/install/pioneer_msgs/share/pioneer_msgs/hook/ld_library_path_lib.sh'
[25.157s] Level 1:colcon.colcon_core.environment:checking '/src/ros2_ws/install/pioneer_msgs/bin'
[25.159s] Level 1:colcon.colcon_core.environment:checking '/src/ros2_ws/install/pioneer_msgs/lib/pkgconfig/pioneer_msgs.pc'
[25.162s] Level 1:colcon.colcon_core.environment:checking '/src/ros2_ws/install/pioneer_msgs/lib/python3.10/site-packages'
[25.165s] Level 1:colcon.colcon_core.environment:checking '/src/ros2_ws/install/pioneer_msgs/bin'
[25.210s] INFO:colcon.colcon_core.shell:Creating package script '/src/ros2_ws/install/pioneer_msgs/share/pioneer_msgs/package.ps1'
[25.229s] INFO:colcon.colcon_core.shell:Creating package descriptor '/src/ros2_ws/install/pioneer_msgs/share/pioneer_msgs/package.dsv'
[25.248s] INFO:colcon.colcon_core.shell:Creating package script '/src/ros2_ws/install/pioneer_msgs/share/pioneer_msgs/package.sh'
[25.265s] INFO:colcon.colcon_core.shell:Creating package script '/src/ros2_ws/install/pioneer_msgs/share/pioneer_msgs/package.bash'
[25.280s] INFO:colcon.colcon_core.shell:Creating package script '/src/ros2_ws/install/pioneer_msgs/share/pioneer_msgs/package.zsh'
[25.293s] Level 1:colcon.colcon_core.environment:create_file_with_runtime_dependencies(/src/ros2_ws/install/pioneer_msgs/share/colcon-core/packages/pioneer_msgs)
[29.973s] Level 1:colcon.colcon_core.environment:create_environment_scripts_only(pioneer_msgs)
[30.024s] Level 1:colcon.colcon_core.environment:checking '/src/ros2_ws/install/pioneer_msgs' for CMake module files
[30.333s] Level 1:colcon.colcon_core.environment:checking '/src/ros2_ws/install/pioneer_msgs' for CMake config files
[30.573s] Level 1:colcon.colcon_core.shell:create_environment_hook('pioneer_msgs', 'cmake_prefix_path')
[30.616s] INFO:colcon.colcon_core.shell:Creating environment hook '/src/ros2_ws/install/pioneer_msgs/share/pioneer_msgs/hook/cmake_prefix_path.ps1'
[30.635s] INFO:colcon.colcon_core.shell:Creating environment descriptor '/src/ros2_ws/install/pioneer_msgs/share/pioneer_msgs/hook/cmake_prefix_path.dsv'
[30.652s] INFO:colcon.colcon_core.shell:Creating environment hook '/src/ros2_ws/install/pioneer_msgs/share/pioneer_msgs/hook/cmake_prefix_path.sh'
[30.673s] Level 1:colcon.colcon_core.environment:checking '/src/ros2_ws/install/pioneer_msgs/lib'
[30.678s] Level 1:colcon.colcon_core.shell:create_environment_hook('pioneer_msgs', 'ld_library_path_lib')
[30.723s] INFO:colcon.colcon_core.shell:Creating environment hook '/src/ros2_ws/install/pioneer_msgs/share/pioneer_msgs/hook/ld_library_path_lib.ps1'
[30.743s] INFO:colcon.colcon_core.shell:Creating environment descriptor '/src/ros2_ws/install/pioneer_msgs/share/pioneer_msgs/hook/ld_library_path_lib.dsv'
[30.762s] INFO:colcon.colcon_core.shell:Creating environment hook '/src/ros2_ws/install/pioneer_msgs/share/pioneer_msgs/hook/ld_library_path_lib.sh'
[30.780s] Level 1:colcon.colcon_core.environment:checking '/src/ros2_ws/install/pioneer_msgs/bin'
[30.782s] Level 1:colcon.colcon_core.environment:checking '/src/ros2_ws/install/pioneer_msgs/lib/pkgconfig/pioneer_msgs.pc'
[30.785s] Level 1:colcon.colcon_core.environment:checking '/src/ros2_ws/install/pioneer_msgs/lib/python3.10/site-packages'
[30.788s] Level 1:colcon.colcon_core.environment:checking '/src/ros2_ws/install/pioneer_msgs/bin'
[30.828s] INFO:colcon.colcon_core.shell:Creating package script '/src/ros2_ws/install/pioneer_msgs/share/pioneer_msgs/package.ps1'
[30.844s] INFO:colcon.colcon_core.shell:Creating package descriptor '/src/ros2_ws/install/pioneer_msgs/share/pioneer_msgs/package.dsv'
[30.861s] INFO:colcon.colcon_core.shell:Creating package script '/src/ros2_ws/install/pioneer_msgs/share/pioneer_msgs/package.sh'
[30.876s] INFO:colcon.colcon_core.shell:Creating package script '/src/ros2_ws/install/pioneer_msgs/share/pioneer_msgs/package.bash'
[30.889s] INFO:colcon.colcon_core.shell:Creating package script '/src/ros2_ws/install/pioneer_msgs/share/pioneer_msgs/package.zsh'
[30.902s] Level 1:colcon.colcon_core.environment:create_file_with_runtime_dependencies(/src/ros2_ws/install/pioneer_msgs/share/colcon-core/packages/pioneer_msgs)
[30.918s] INFO:colcon.colcon_ros.task.ament_python.build:Building ROS package in '/src/ros2_ws/src/pixpubsub' with build type 'ament_python'
[30.919s] Level 1:colcon.colcon_core.shell:create_environment_hook('pixpubsub', 'ament_prefix_path')
[30.980s] INFO:colcon.colcon_core.shell:Creating environment hook '/src/ros2_ws/install/pixpubsub/share/pixpubsub/hook/ament_prefix_path.ps1'
[30.999s] INFO:colcon.colcon_core.shell:Creating environment descriptor '/src/ros2_ws/install/pixpubsub/share/pixpubsub/hook/ament_prefix_path.dsv'
[31.021s] INFO:colcon.colcon_core.shell:Creating environment hook '/src/ros2_ws/install/pixpubsub/share/pixpubsub/hook/ament_prefix_path.sh'
[31.088s] INFO:colcon.colcon_core.shell:Skip shell extension 'powershell' for command environment: Not usable outside of PowerShell
[31.089s] DEBUG:colcon.colcon_core.shell:Skip shell extension 'dsv' for command environment
[33.362s] INFO:colcon.colcon_core.task.python.build:Building Python package in '/src/ros2_ws/src/pixpubsub'
[33.407s] INFO:colcon.colcon_core.shell:Skip shell extension 'powershell' for command environment: Not usable outside of PowerShell
[33.408s] DEBUG:colcon.colcon_core.shell:Skip shell extension 'dsv' for command environment
[36.327s] DEBUG:colcon.colcon_core.event_handler.log_command:Invoking command in '/src/ros2_ws/src/pixpubsub': PYTHONPATH=/src/ros2_ws/build/pixpubsub/prefix_override:/src/ros2_ws/install/pixpubsub/lib/python3.10/site-packages:${PYTHONPATH} /usr/bin/python3 setup.py egg_info --egg-base ../../build/pixpubsub build --build-base /src/ros2_ws/build/pixpubsub/build install --record /src/ros2_ws/build/pixpubsub/install.log --single-version-externally-managed
[39.664s] DEBUG:colcon.colcon_core.event_handler.log_command:Invoked command in '/src/ros2_ws/src/pixpubsub' returned '0': PYTHONPATH=/src/ros2_ws/build/pixpubsub/prefix_override:/src/ros2_ws/install/pixpubsub/lib/python3.10/site-packages:${PYTHONPATH} /usr/bin/python3 setup.py egg_info --egg-base ../../build/pixpubsub build --build-base /src/ros2_ws/build/pixpubsub/build install --record /src/ros2_ws/build/pixpubsub/install.log --single-version-externally-managed
[39.710s] Level 1:colcon.colcon_core.environment:checking '/src/ros2_ws/install/pixpubsub' for CMake module files
[39.776s] Level 1:colcon.colcon_core.environment:checking '/src/ros2_ws/install/pixpubsub' for CMake config files
[39.910s] Level 1:colcon.colcon_core.environment:checking '/src/ros2_ws/install/pixpubsub/lib'
[39.914s] Level 1:colcon.colcon_core.environment:checking '/src/ros2_ws/install/pixpubsub/bin'
[39.916s] Level 1:colcon.colcon_core.environment:checking '/src/ros2_ws/install/pixpubsub/lib/pkgconfig/pixpubsub.pc'
[39.920s] Level 1:colcon.colcon_core.environment:checking '/src/ros2_ws/install/pixpubsub/lib/python3.10/site-packages'
[39.923s] Level 1:colcon.colcon_core.shell:create_environment_hook('pixpubsub', 'pythonpath')
[39.964s] INFO:colcon.colcon_core.shell:Creating environment hook '/src/ros2_ws/install/pixpubsub/share/pixpubsub/hook/pythonpath.ps1'
[39.990s] INFO:colcon.colcon_core.shell:Creating environment descriptor '/src/ros2_ws/install/pixpubsub/share/pixpubsub/hook/pythonpath.dsv'
[40.009s] INFO:colcon.colcon_core.shell:Creating environment hook '/src/ros2_ws/install/pixpubsub/share/pixpubsub/hook/pythonpath.sh'
[40.028s] Level 1:colcon.colcon_core.environment:checking '/src/ros2_ws/install/pixpubsub/bin'
[40.030s] Level 1:colcon.colcon_core.environment:create_environment_scripts_only(pixpubsub)
[40.072s] INFO:colcon.colcon_core.shell:Creating package script '/src/ros2_ws/install/pixpubsub/share/pixpubsub/package.ps1'
[40.092s] INFO:colcon.colcon_core.shell:Creating package descriptor '/src/ros2_ws/install/pixpubsub/share/pixpubsub/package.dsv'
[40.109s] INFO:colcon.colcon_core.shell:Creating package script '/src/ros2_ws/install/pixpubsub/share/pixpubsub/package.sh'
[40.126s] INFO:colcon.colcon_core.shell:Creating package script '/src/ros2_ws/install/pixpubsub/share/pixpubsub/package.bash'
[40.142s] INFO:colcon.colcon_core.shell:Creating package script '/src/ros2_ws/install/pixpubsub/share/pixpubsub/package.zsh'
[40.158s] Level 1:colcon.colcon_core.environment:create_file_with_runtime_dependencies(/src/ros2_ws/install/pixpubsub/share/colcon-core/packages/pixpubsub)
[40.171s] DEBUG:colcon.colcon_parallel_executor.executor.parallel:closing loop
[40.172s] DEBUG:colcon.colcon_parallel_executor.executor.parallel:loop closed
[40.173s] DEBUG:colcon.colcon_parallel_executor.executor.parallel:run_until_complete finished with '0'
[40.173s] DEBUG:colcon.colcon_core.event_reactor:joining thread
[40.301s] INFO:colcon.colcon_core.plugin_system:Skipping extension 'colcon_notification.desktop_notification.notify_send': Could not find 'notify-send'
[40.302s] INFO:colcon.colcon_core.plugin_system:Skipping extension 'colcon_notification.desktop_notification.terminal_notifier': Not used on non-Darwin systems
[40.303s] INFO:colcon.colcon_core.plugin_system:Skipping extension 'colcon_notification.desktop_notification.win32': Not used on non-Windows systems
[40.303s] INFO:colcon.colcon_notification.desktop_notification:Sending desktop notification using 'notify2'
[40.304s] DEBUG:colcon.colcon_notification.desktop_notification.notify2:Failed to initialize notify2: org.freedesktop.DBus.Error.InvalidFileContent: D-Bus library appears to be incorrectly set up: see the manual page for dbus-uuidgen to correct this issue. (Failed to open "/var/lib/dbus/machine-id": No such file or directory; UUID file '/etc/machine-id' should contain a hex string of length 32, not length 0, with no other text)
[40.304s] DEBUG:colcon.colcon_core.event_reactor:joined thread
[40.346s] INFO:colcon.colcon_core.shell:Creating prefix script '/src/ros2_ws/install/local_setup.ps1'
[40.359s] INFO:colcon.colcon_core.shell:Creating prefix util module '/src/ros2_ws/install/_local_setup_util_ps1.py'
[40.369s] INFO:colcon.colcon_core.shell:Creating prefix chain script '/src/ros2_ws/install/setup.ps1'
[40.474s] INFO:colcon.colcon_core.shell:Creating prefix script '/src/ros2_ws/install/local_setup.sh'
[40.481s] INFO:colcon.colcon_core.shell:Creating prefix util module '/src/ros2_ws/install/_local_setup_util_sh.py'
[40.488s] INFO:colcon.colcon_core.shell:Creating prefix chain script '/src/ros2_ws/install/setup.sh'
[40.572s] INFO:colcon.colcon_core.shell:Creating prefix script '/src/ros2_ws/install/local_setup.bash'
[40.581s] INFO:colcon.colcon_core.shell:Creating prefix chain script '/src/ros2_ws/install/setup.bash'
[40.653s] INFO:colcon.colcon_core.shell:Creating prefix script '/src/ros2_ws/install/local_setup.zsh'
[40.662s] INFO:colcon.colcon_core.shell:Creating prefix chain script '/src/ros2_ws/install/setup.zsh'
