[1.346s] Invoking command in '/src/ros2_ws/src/imu_publisher': PYTHONPATH=/src/ros2_ws/build/imu_publisher/prefix_override:/src/ros2_ws/install/imu_publisher/lib/python3.10/site-packages:${PYTHONPATH} /usr/bin/python3 setup.py egg_info --egg-base ../../build/imu_publisher build --build-base /src/ros2_ws/build/imu_publisher/build install --record /src/ros2_ws/build/imu_publisher/install.log --single-version-externally-managed
[1.763s] running egg_info
[1.763s] writing ../../build/imu_publisher/imu_publisher.egg-info/PKG-INFO
[1.764s] writing dependency_links to ../../build/imu_publisher/imu_publisher.egg-info/dependency_links.txt
[1.764s] writing entry points to ../../build/imu_publisher/imu_publisher.egg-info/entry_points.txt
[1.765s] writing requirements to ../../build/imu_publisher/imu_publisher.egg-info/requires.txt
[1.765s] writing top-level names to ../../build/imu_publisher/imu_publisher.egg-info/top_level.txt
[1.769s] reading manifest file '../../build/imu_publisher/imu_publisher.egg-info/SOURCES.txt'
[1.770s] writing manifest file '../../build/imu_publisher/imu_publisher.egg-info/SOURCES.txt'
[1.771s] running build
[1.771s] running build_py
[1.771s] running install
[1.772s] running install_lib
[1.775s] running install_data
[1.776s] running install_egg_info
[1.779s] removing '/src/ros2_ws/install/imu_publisher/lib/python3.10/site-packages/imu_publisher-0.0.0-py3.10.egg-info' (and everything under it)
[1.780s] Copying ../../build/imu_publisher/imu_publisher.egg-info to /src/ros2_ws/install/imu_publisher/lib/python3.10/site-packages/imu_publisher-0.0.0-py3.10.egg-info
[1.782s] running install_scripts
[1.824s] Installing publisher script to /src/ros2_ws/install/imu_publisher/lib/imu_publisher
[1.825s] writing list of installed files to '/src/ros2_ws/build/imu_publisher/install.log'
[1.896s] Invoked command in '/src/ros2_ws/src/imu_publisher' returned '0': PYTHONPATH=/src/ros2_ws/build/imu_publisher/prefix_override:/src/ros2_ws/install/imu_publisher/lib/python3.10/site-packages:${PYTHONPATH} /usr/bin/python3 setup.py egg_info --egg-base ../../build/imu_publisher build --build-base /src/ros2_ws/build/imu_publisher/build install --record /src/ros2_ws/build/imu_publisher/install.log --single-version-externally-managed
