[0.000000] (-) TimerEvent: {}
[0.022841] (-) JobUnselected: {'identifier': 'imu_publisher'}
[0.030454] (pixpubsub) JobQueued: {'identifier': 'pixpubsub', 'dependencies': OrderedDict()}
[0.035194] (pixpubsub) JobStarted: {'identifier': 'pixpubsub'}
[0.093510] (-) TimerEvent: {}
[0.202618] (-) TimerEvent: {}
[0.315928] (-) TimerEvent: {}
[0.419429] (-) TimerEvent: {}
[0.523915] (-) TimerEvent: {}
[0.627101] (-) TimerEvent: {}
[0.737252] (-) TimerEvent: {}
[0.840358] (-) TimerEvent: {}
[0.944054] (-) TimerEvent: {}
[1.047698] (-) TimerEvent: {}
[1.151300] (-) TimerEvent: {}
[1.254714] (-) TimerEvent: {}
[1.358071] (-) TimerEvent: {}
[1.463764] (-) TimerEvent: {}
[1.566968] (-) TimerEvent: {}
[1.670547] (-) TimerEvent: {}
[1.773404] (-) TimerEvent: {}
[1.876981] (-) TimerEvent: {}
[1.980404] (-) TimerEvent: {}
[2.083878] (-) TimerEvent: {}
[2.188269] (-) TimerEvent: {}
[2.292054] (-) TimerEvent: {}
[2.394894] (-) TimerEvent: {}
[2.497471] (-) TimerEvent: {}
[2.599909] (-) TimerEvent: {}
[2.702444] (-) TimerEvent: {}
[2.805224] (-) TimerEvent: {}
[2.907819] (-) TimerEvent: {}
[3.010419] (-) TimerEvent: {}
[3.113086] (-) TimerEvent: {}
[3.216150] (-) TimerEvent: {}
[3.319841] (-) TimerEvent: {}
[3.422421] (-) TimerEvent: {}
[3.525168] (-) TimerEvent: {}
[3.628283] (-) TimerEvent: {}
[3.731471] (-) TimerEvent: {}
[3.835842] (-) TimerEvent: {}
[3.940121] (-) TimerEvent: {}
[4.043298] (-) TimerEvent: {}
[4.146521] (-) TimerEvent: {}
[4.249538] (-) TimerEvent: {}
[4.352782] (-) TimerEvent: {}
[4.456211] (-) TimerEvent: {}
[4.558752] (-) TimerEvent: {}
[4.661832] (-) TimerEvent: {}
[4.764436] (-) TimerEvent: {}
[4.868630] (-) TimerEvent: {}
[4.971348] (-) TimerEvent: {}
[5.075046] (-) TimerEvent: {}
[5.178340] (-) TimerEvent: {}
[5.282205] (-) TimerEvent: {}
[5.385507] (-) TimerEvent: {}
[5.488658] (-) TimerEvent: {}
[5.591330] (-) TimerEvent: {}
[5.694928] (-) TimerEvent: {}
[5.746913] (pixpubsub) StderrLine: {'line': b'Traceback (most recent call last):\n  File "/usr/lib/python3/dist-packages/colcon_core/executor/__init__.py", line 91, in __call__\n    rc = await self.task(*args, **kwargs)\n  File "/usr/lib/python3/dist-packages/colcon_core/task/__init__.py", line 93, in __call__\n    return await task_method(*args, **kwargs)\n  File "/usr/lib/python3/dist-packages/colcon_ros/task/ament_python/build.py", line 51, in build\n    setup_py_data = get_setup_data(self.context.pkg, env)\n  File "/usr/lib/python3/dist-packages/colcon_core/task/python/__init__.py", line 20, in get_setup_data\n    return dict(pkg.metadata[key](env))\n  File "/usr/lib/python3/dist-packages/colcon_ros/package_augmentation/ros_ament_python.py", line 57, in getter\n    return get_setup_information(\n  File "/usr/lib/python3/dist-packages/colcon_python_setup_py/package_identification/python_setup_py.py", line 241, in get_setup_information\n    _setup_information_cache[hashable_env] = _get_setup_information(\n  File "/usr/lib/python3/dist-packages/colcon_python_setup_py/package_identification/python_setup_py.py", line 288, in _get_setup_information\n    result = subprocess.run(\n  File "/usr/lib/python3.8/subprocess.py", line 516, in run\n    raise CalledProcessError(retcode, process.args,\nsubprocess.CalledProcessError: Command \'[\'/usr/bin/python3\', \'-c\', \'import sys;from contextlib import suppress;exec("with suppress(ImportError):    from setuptools.extern.packaging.specifiers    import SpecifierSet");exec("with suppress(ImportError):    from packaging.specifiers import SpecifierSet");from distutils.core import run_setup;dist = run_setup(    \\\'setup.py\\\', script_args=(\\\'--dry-run\\\',), stop_after=\\\'config\\\');skip_keys = (\\\'cmdclass\\\', \\\'distclass\\\', \\\'ext_modules\\\', \\\'metadata\\\');data = {    key: value for key, value in dist.__dict__.items()     if (        not key.startswith(\\\'_\\\') and         not callable(value) and         key not in skip_keys and         key not in dist.display_option_names    )};data[\\\'metadata\\\'] = {    k: v for k, v in dist.metadata.__dict__.items()     if k not in (\\\'license_files\\\', \\\'provides_extras\\\')};sys.stdout.buffer.write(repr(data).encode(\\\'utf-8\\\'))\']\' returned non-zero exit status 1.\n'}
[5.768688] (pixpubsub) JobEnded: {'identifier': 'pixpubsub', 'rc': 1}
[5.795499] (-) TimerEvent: {}
[5.798481] (-) EventReactorShutdown: {}
