[0.713s] Invoking command in '/src/ros2_ws/build/pioneer_msgs': CMAKE_PREFIX_PATH=${CMAKE_PREFIX_PATH}:/src/ros2_ws/install/pixpubsub:/src/ros2_ws/install/imu_publisher:/opt/ros/humble /usr/bin/cmake --build /src/ros2_ws/build/pioneer_msgs -- -j16 -l16
[1.952s] [  2%] Built target pioneer_msgs__cpp
[2.178s] [ 12%] Built target pioneer_msgs__rosidl_generator_c
[2.786s] [ 23%] Built target pioneer_msgs__rosidl_typesupport_cpp
[2.901s] [ 36%] Built target pioneer_msgs__rosidl_typesupport_fastrtps_cpp
[2.940s] [ 44%] Built target pioneer_msgs__rosidl_typesupport_introspection_cpp
[3.036s] [ 55%] Built target pioneer_msgs__rosidl_typesupport_c
[3.129s] [ 72%] Built target pioneer_msgs__rosidl_typesupport_introspection_c
[3.141s] [ 76%] Built target pioneer_msgs__rosidl_typesupport_fastrtps_c
[3.402s] [ 76%] Built target ament_cmake_python_copy_pioneer_msgs
[3.495s] [ 76%] Built target pioneer_msgs
[3.947s] [ 78%] Built target pioneer_msgs__py
[4.525s] [ 87%] Built target pioneer_msgs__rosidl_generator_py
[4.946s] [ 91%] Built target pioneer_msgs__rosidl_typesupport_introspection_c__pyext
[4.979s] [ 95%] Built target pioneer_msgs__rosidl_typesupport_c__pyext
[5.098s] [100%] Built target pioneer_msgs__rosidl_typesupport_fastrtps_c__pyext
[5.694s] running egg_info
[5.699s] writing pioneer_msgs.egg-info/PKG-INFO
[5.706s] writing dependency_links to pioneer_msgs.egg-info/dependency_links.txt
[5.717s] writing top-level names to pioneer_msgs.egg-info/top_level.txt
[5.766s] reading manifest file 'pioneer_msgs.egg-info/SOURCES.txt'
[5.829s] writing manifest file 'pioneer_msgs.egg-info/SOURCES.txt'
[6.028s] [100%] Built target ament_cmake_python_build_pioneer_msgs_egg
[6.403s] Invoked command in '/src/ros2_ws/build/pioneer_msgs' returned '0': CMAKE_PREFIX_PATH=${CMAKE_PREFIX_PATH}:/src/ros2_ws/install/pixpubsub:/src/ros2_ws/install/imu_publisher:/opt/ros/humble /usr/bin/cmake --build /src/ros2_ws/build/pioneer_msgs -- -j16 -l16
[10.716s] Invoking command in '/src/ros2_ws/build/pioneer_msgs': CMAKE_PREFIX_PATH=${CMAKE_PREFIX_PATH}:/src/ros2_ws/install/pixpubsub:/src/ros2_ws/install/imu_publisher:/opt/ros/humble /usr/bin/cmake --install /src/ros2_ws/build/pioneer_msgs
[10.844s] -- Install configuration: ""
[10.879s] -- Up-to-date: /src/ros2_ws/install/pioneer_msgs/share/ament_index/resource_index/rosidl_interfaces/pioneer_msgs
[10.897s] -- Up-to-date: /src/ros2_ws/install/pioneer_msgs/include/pioneer_msgs/pioneer_msgs
[10.925s] -- Up-to-date: /src/ros2_ws/install/pioneer_msgs/include/pioneer_msgs/pioneer_msgs/msg
[10.966s] -- Up-to-date: /src/ros2_ws/install/pioneer_msgs/include/pioneer_msgs/pioneer_msgs/msg/auv_state.h
[10.989s] -- Up-to-date: /src/ros2_ws/install/pioneer_msgs/include/pioneer_msgs/pioneer_msgs/msg/detail
[11.032s] -- Up-to-date: /src/ros2_ws/install/pioneer_msgs/include/pioneer_msgs/pioneer_msgs/msg/detail/auv_state__functions.c
[11.066s] -- Up-to-date: /src/ros2_ws/install/pioneer_msgs/include/pioneer_msgs/pioneer_msgs/msg/detail/auv_state__functions.h
[11.098s] -- Up-to-date: /src/ros2_ws/install/pioneer_msgs/include/pioneer_msgs/pioneer_msgs/msg/detail/auv_state__struct.h
[11.140s] -- Up-to-date: /src/ros2_ws/install/pioneer_msgs/include/pioneer_msgs/pioneer_msgs/msg/detail/auv_state__type_support.h
[11.176s] -- Up-to-date: /src/ros2_ws/install/pioneer_msgs/include/pioneer_msgs/pioneer_msgs/msg/detail/motion_command__functions.c
[11.212s] -- Up-to-date: /src/ros2_ws/install/pioneer_msgs/include/pioneer_msgs/pioneer_msgs/msg/detail/motion_command__functions.h
[11.258s] -- Up-to-date: /src/ros2_ws/install/pioneer_msgs/include/pioneer_msgs/pioneer_msgs/msg/detail/motion_command__struct.h
[11.298s] -- Up-to-date: /src/ros2_ws/install/pioneer_msgs/include/pioneer_msgs/pioneer_msgs/msg/detail/motion_command__type_support.h
[11.343s] -- Up-to-date: /src/ros2_ws/install/pioneer_msgs/include/pioneer_msgs/pioneer_msgs/msg/detail/status__functions.c
[11.381s] -- Up-to-date: /src/ros2_ws/install/pioneer_msgs/include/pioneer_msgs/pioneer_msgs/msg/detail/status__functions.h
[11.411s] -- Up-to-date: /src/ros2_ws/install/pioneer_msgs/include/pioneer_msgs/pioneer_msgs/msg/detail/status__struct.h
[11.446s] -- Up-to-date: /src/ros2_ws/install/pioneer_msgs/include/pioneer_msgs/pioneer_msgs/msg/detail/status__type_support.h
[11.477s] -- Up-to-date: /src/ros2_ws/install/pioneer_msgs/include/pioneer_msgs/pioneer_msgs/msg/motion_command.h
[11.503s] -- Up-to-date: /src/ros2_ws/install/pioneer_msgs/include/pioneer_msgs/pioneer_msgs/msg/rosidl_generator_c__visibility_control.h
[11.534s] -- Up-to-date: /src/ros2_ws/install/pioneer_msgs/include/pioneer_msgs/pioneer_msgs/msg/status.h
[11.558s] -- Up-to-date: /src/ros2_ws/install/pioneer_msgs/share/pioneer_msgs/environment/library_path.sh
[11.588s] -- Up-to-date: /src/ros2_ws/install/pioneer_msgs/share/pioneer_msgs/environment/library_path.dsv
[11.637s] -- Up-to-date: /src/ros2_ws/install/pioneer_msgs/lib/libpioneer_msgs__rosidl_generator_c.so
[11.692s] -- Up-to-date: /src/ros2_ws/install/pioneer_msgs/include/pioneer_msgs/pioneer_msgs
[11.718s] -- Up-to-date: /src/ros2_ws/install/pioneer_msgs/include/pioneer_msgs/pioneer_msgs/msg
[11.754s] -- Up-to-date: /src/ros2_ws/install/pioneer_msgs/include/pioneer_msgs/pioneer_msgs/msg/detail
[11.796s] -- Up-to-date: /src/ros2_ws/install/pioneer_msgs/include/pioneer_msgs/pioneer_msgs/msg/detail/auv_state__rosidl_typesupport_fastrtps_c.h
[11.828s] -- Up-to-date: /src/ros2_ws/install/pioneer_msgs/include/pioneer_msgs/pioneer_msgs/msg/detail/motion_command__rosidl_typesupport_fastrtps_c.h
[11.859s] -- Up-to-date: /src/ros2_ws/install/pioneer_msgs/include/pioneer_msgs/pioneer_msgs/msg/detail/status__rosidl_typesupport_fastrtps_c.h
[11.886s] -- Up-to-date: /src/ros2_ws/install/pioneer_msgs/include/pioneer_msgs/pioneer_msgs/msg/rosidl_typesupport_fastrtps_c__visibility_control.h
[11.930s] -- Up-to-date: /src/ros2_ws/install/pioneer_msgs/lib/libpioneer_msgs__rosidl_typesupport_fastrtps_c.so
[11.982s] -- Up-to-date: /src/ros2_ws/install/pioneer_msgs/include/pioneer_msgs/pioneer_msgs
[12.006s] -- Up-to-date: /src/ros2_ws/install/pioneer_msgs/include/pioneer_msgs/pioneer_msgs/msg
[12.042s] -- Up-to-date: /src/ros2_ws/install/pioneer_msgs/include/pioneer_msgs/pioneer_msgs/msg/detail
[12.085s] -- Up-to-date: /src/ros2_ws/install/pioneer_msgs/include/pioneer_msgs/pioneer_msgs/msg/detail/auv_state__rosidl_typesupport_introspection_c.h
[12.118s] -- Up-to-date: /src/ros2_ws/install/pioneer_msgs/include/pioneer_msgs/pioneer_msgs/msg/detail/auv_state__type_support.c
[12.155s] -- Up-to-date: /src/ros2_ws/install/pioneer_msgs/include/pioneer_msgs/pioneer_msgs/msg/detail/motion_command__rosidl_typesupport_introspection_c.h
[12.186s] -- Up-to-date: /src/ros2_ws/install/pioneer_msgs/include/pioneer_msgs/pioneer_msgs/msg/detail/motion_command__type_support.c
[12.220s] -- Up-to-date: /src/ros2_ws/install/pioneer_msgs/include/pioneer_msgs/pioneer_msgs/msg/detail/status__rosidl_typesupport_introspection_c.h
[12.250s] -- Up-to-date: /src/ros2_ws/install/pioneer_msgs/include/pioneer_msgs/pioneer_msgs/msg/detail/status__type_support.c
[12.281s] -- Up-to-date: /src/ros2_ws/install/pioneer_msgs/include/pioneer_msgs/pioneer_msgs/msg/rosidl_typesupport_introspection_c__visibility_control.h
[12.324s] -- Up-to-date: /src/ros2_ws/install/pioneer_msgs/lib/libpioneer_msgs__rosidl_typesupport_introspection_c.so
[12.395s] -- Up-to-date: /src/ros2_ws/install/pioneer_msgs/lib/libpioneer_msgs__rosidl_typesupport_c.so
[12.458s] -- Up-to-date: /src/ros2_ws/install/pioneer_msgs/include/pioneer_msgs/pioneer_msgs
[12.486s] -- Up-to-date: /src/ros2_ws/install/pioneer_msgs/include/pioneer_msgs/pioneer_msgs/msg
[12.534s] -- Up-to-date: /src/ros2_ws/install/pioneer_msgs/include/pioneer_msgs/pioneer_msgs/msg/auv_state.hpp
[12.562s] -- Up-to-date: /src/ros2_ws/install/pioneer_msgs/include/pioneer_msgs/pioneer_msgs/msg/detail
[12.616s] -- Up-to-date: /src/ros2_ws/install/pioneer_msgs/include/pioneer_msgs/pioneer_msgs/msg/detail/auv_state__builder.hpp
[12.658s] -- Up-to-date: /src/ros2_ws/install/pioneer_msgs/include/pioneer_msgs/pioneer_msgs/msg/detail/auv_state__struct.hpp
[12.692s] -- Up-to-date: /src/ros2_ws/install/pioneer_msgs/include/pioneer_msgs/pioneer_msgs/msg/detail/auv_state__traits.hpp
[12.725s] -- Up-to-date: /src/ros2_ws/install/pioneer_msgs/include/pioneer_msgs/pioneer_msgs/msg/detail/motion_command__builder.hpp
[12.756s] -- Up-to-date: /src/ros2_ws/install/pioneer_msgs/include/pioneer_msgs/pioneer_msgs/msg/detail/motion_command__struct.hpp
[12.786s] -- Up-to-date: /src/ros2_ws/install/pioneer_msgs/include/pioneer_msgs/pioneer_msgs/msg/detail/motion_command__traits.hpp
[12.814s] -- Up-to-date: /src/ros2_ws/install/pioneer_msgs/include/pioneer_msgs/pioneer_msgs/msg/detail/status__builder.hpp
[12.853s] -- Up-to-date: /src/ros2_ws/install/pioneer_msgs/include/pioneer_msgs/pioneer_msgs/msg/detail/status__struct.hpp
[12.890s] -- Up-to-date: /src/ros2_ws/install/pioneer_msgs/include/pioneer_msgs/pioneer_msgs/msg/detail/status__traits.hpp
[12.917s] -- Up-to-date: /src/ros2_ws/install/pioneer_msgs/include/pioneer_msgs/pioneer_msgs/msg/motion_command.hpp
[12.947s] -- Up-to-date: /src/ros2_ws/install/pioneer_msgs/include/pioneer_msgs/pioneer_msgs/msg/status.hpp
[12.964s] -- Up-to-date: /src/ros2_ws/install/pioneer_msgs/include/pioneer_msgs/pioneer_msgs
[12.989s] -- Up-to-date: /src/ros2_ws/install/pioneer_msgs/include/pioneer_msgs/pioneer_msgs/msg
[13.019s] -- Up-to-date: /src/ros2_ws/install/pioneer_msgs/include/pioneer_msgs/pioneer_msgs/msg/detail
[13.063s] -- Up-to-date: /src/ros2_ws/install/pioneer_msgs/include/pioneer_msgs/pioneer_msgs/msg/detail/auv_state__rosidl_typesupport_fastrtps_cpp.hpp
[13.091s] -- Up-to-date: /src/ros2_ws/install/pioneer_msgs/include/pioneer_msgs/pioneer_msgs/msg/detail/dds_fastrtps
[13.152s] -- Up-to-date: /src/ros2_ws/install/pioneer_msgs/include/pioneer_msgs/pioneer_msgs/msg/detail/motion_command__rosidl_typesupport_fastrtps_cpp.hpp
[13.185s] -- Up-to-date: /src/ros2_ws/install/pioneer_msgs/include/pioneer_msgs/pioneer_msgs/msg/detail/status__rosidl_typesupport_fastrtps_cpp.hpp
[13.214s] -- Up-to-date: /src/ros2_ws/install/pioneer_msgs/include/pioneer_msgs/pioneer_msgs/msg/rosidl_typesupport_fastrtps_cpp__visibility_control.h
[13.269s] -- Up-to-date: /src/ros2_ws/install/pioneer_msgs/lib/libpioneer_msgs__rosidl_typesupport_fastrtps_cpp.so
[13.310s] -- Up-to-date: /src/ros2_ws/install/pioneer_msgs/include/pioneer_msgs/pioneer_msgs
[13.342s] -- Up-to-date: /src/ros2_ws/install/pioneer_msgs/include/pioneer_msgs/pioneer_msgs/msg
[13.378s] -- Up-to-date: /src/ros2_ws/install/pioneer_msgs/include/pioneer_msgs/pioneer_msgs/msg/detail
[13.430s] -- Up-to-date: /src/ros2_ws/install/pioneer_msgs/include/pioneer_msgs/pioneer_msgs/msg/detail/auv_state__rosidl_typesupport_introspection_cpp.hpp
[13.468s] -- Up-to-date: /src/ros2_ws/install/pioneer_msgs/include/pioneer_msgs/pioneer_msgs/msg/detail/auv_state__type_support.cpp
[13.512s] -- Up-to-date: /src/ros2_ws/install/pioneer_msgs/include/pioneer_msgs/pioneer_msgs/msg/detail/motion_command__rosidl_typesupport_introspection_cpp.hpp
[13.552s] -- Up-to-date: /src/ros2_ws/install/pioneer_msgs/include/pioneer_msgs/pioneer_msgs/msg/detail/motion_command__type_support.cpp
[13.584s] -- Up-to-date: /src/ros2_ws/install/pioneer_msgs/include/pioneer_msgs/pioneer_msgs/msg/detail/status__rosidl_typesupport_introspection_cpp.hpp
[13.622s] -- Up-to-date: /src/ros2_ws/install/pioneer_msgs/include/pioneer_msgs/pioneer_msgs/msg/detail/status__type_support.cpp
[13.673s] -- Up-to-date: /src/ros2_ws/install/pioneer_msgs/lib/libpioneer_msgs__rosidl_typesupport_introspection_cpp.so
[13.748s] -- Up-to-date: /src/ros2_ws/install/pioneer_msgs/lib/libpioneer_msgs__rosidl_typesupport_cpp.so
[13.801s] -- Up-to-date: /src/ros2_ws/install/pioneer_msgs/share/pioneer_msgs/environment/pythonpath.sh
[13.829s] -- Up-to-date: /src/ros2_ws/install/pioneer_msgs/share/pioneer_msgs/environment/pythonpath.dsv
[13.850s] -- Up-to-date: /src/ros2_ws/install/pioneer_msgs/local/lib/python3.10/dist-packages/pioneer_msgs-0.0.0-py3.10.egg-info
[13.894s] -- Installing: /src/ros2_ws/install/pioneer_msgs/local/lib/python3.10/dist-packages/pioneer_msgs-0.0.0-py3.10.egg-info/dependency_links.txt
[14.074s] -- Installing: /src/ros2_ws/install/pioneer_msgs/local/lib/python3.10/dist-packages/pioneer_msgs-0.0.0-py3.10.egg-info/PKG-INFO
[14.224s] -- Installing: /src/ros2_ws/install/pioneer_msgs/local/lib/python3.10/dist-packages/pioneer_msgs-0.0.0-py3.10.egg-info/SOURCES.txt
[14.345s] -- Installing: /src/ros2_ws/install/pioneer_msgs/local/lib/python3.10/dist-packages/pioneer_msgs-0.0.0-py3.10.egg-info/top_level.txt
[14.465s] -- Up-to-date: /src/ros2_ws/install/pioneer_msgs/local/lib/python3.10/dist-packages/pioneer_msgs
[14.507s] -- Up-to-date: /src/ros2_ws/install/pioneer_msgs/local/lib/python3.10/dist-packages/pioneer_msgs/libpioneer_msgs__rosidl_generator_py.so
[14.533s] -- Up-to-date: /src/ros2_ws/install/pioneer_msgs/local/lib/python3.10/dist-packages/pioneer_msgs/msg
[14.574s] -- Up-to-date: /src/ros2_ws/install/pioneer_msgs/local/lib/python3.10/dist-packages/pioneer_msgs/msg/_auv_state.py
[14.603s] -- Up-to-date: /src/ros2_ws/install/pioneer_msgs/local/lib/python3.10/dist-packages/pioneer_msgs/msg/_auv_state_s.c
[14.633s] -- Up-to-date: /src/ros2_ws/install/pioneer_msgs/local/lib/python3.10/dist-packages/pioneer_msgs/msg/_motion_command.py
[14.671s] -- Up-to-date: /src/ros2_ws/install/pioneer_msgs/local/lib/python3.10/dist-packages/pioneer_msgs/msg/_motion_command_s.c
[14.708s] -- Up-to-date: /src/ros2_ws/install/pioneer_msgs/local/lib/python3.10/dist-packages/pioneer_msgs/msg/_status.py
[14.749s] -- Up-to-date: /src/ros2_ws/install/pioneer_msgs/local/lib/python3.10/dist-packages/pioneer_msgs/msg/_status_s.c
[14.784s] -- Up-to-date: /src/ros2_ws/install/pioneer_msgs/local/lib/python3.10/dist-packages/pioneer_msgs/msg/__init__.py
[14.817s] -- Up-to-date: /src/ros2_ws/install/pioneer_msgs/local/lib/python3.10/dist-packages/pioneer_msgs/pioneer_msgs_s__rosidl_typesupport_c.cpython-310-x86_64-linux-gnu.so
[14.851s] -- Up-to-date: /src/ros2_ws/install/pioneer_msgs/local/lib/python3.10/dist-packages/pioneer_msgs/pioneer_msgs_s__rosidl_typesupport_fastrtps_c.cpython-310-x86_64-linux-gnu.so
[14.885s] -- Up-to-date: /src/ros2_ws/install/pioneer_msgs/local/lib/python3.10/dist-packages/pioneer_msgs/pioneer_msgs_s__rosidl_typesupport_introspection_c.cpython-310-x86_64-linux-gnu.so
[14.917s] -- Up-to-date: /src/ros2_ws/install/pioneer_msgs/local/lib/python3.10/dist-packages/pioneer_msgs/_pioneer_msgs_s.ep.rosidl_typesupport_c.c
[14.946s] -- Up-to-date: /src/ros2_ws/install/pioneer_msgs/local/lib/python3.10/dist-packages/pioneer_msgs/_pioneer_msgs_s.ep.rosidl_typesupport_fastrtps_c.c
[14.975s] -- Up-to-date: /src/ros2_ws/install/pioneer_msgs/local/lib/python3.10/dist-packages/pioneer_msgs/_pioneer_msgs_s.ep.rosidl_typesupport_introspection_c.c
[15.003s] -- Up-to-date: /src/ros2_ws/install/pioneer_msgs/local/lib/python3.10/dist-packages/pioneer_msgs/__init__.py
[15.960s] Listing '/src/ros2_ws/install/pioneer_msgs/local/lib/python3.10/dist-packages/pioneer_msgs'...
[15.961s] Listing '/src/ros2_ws/install/pioneer_msgs/local/lib/python3.10/dist-packages/pioneer_msgs/msg'...
[16.027s] -- Up-to-date: /src/ros2_ws/install/pioneer_msgs/local/lib/python3.10/dist-packages/pioneer_msgs/pioneer_msgs_s__rosidl_typesupport_fastrtps_c.cpython-310-x86_64-linux-gnu.so
[16.151s] -- Up-to-date: /src/ros2_ws/install/pioneer_msgs/local/lib/python3.10/dist-packages/pioneer_msgs/pioneer_msgs_s__rosidl_typesupport_introspection_c.cpython-310-x86_64-linux-gnu.so
[16.271s] -- Up-to-date: /src/ros2_ws/install/pioneer_msgs/local/lib/python3.10/dist-packages/pioneer_msgs/pioneer_msgs_s__rosidl_typesupport_c.cpython-310-x86_64-linux-gnu.so
[16.371s] -- Up-to-date: /src/ros2_ws/install/pioneer_msgs/lib/libpioneer_msgs__rosidl_generator_py.so
[16.428s] -- Up-to-date: /src/ros2_ws/install/pioneer_msgs/share/pioneer_msgs/msg/MotionCommand.idl
[16.463s] -- Up-to-date: /src/ros2_ws/install/pioneer_msgs/share/pioneer_msgs/msg/Status.idl
[16.489s] -- Up-to-date: /src/ros2_ws/install/pioneer_msgs/share/pioneer_msgs/msg/AUVState.idl
[16.517s] -- Up-to-date: /src/ros2_ws/install/pioneer_msgs/share/pioneer_msgs/msg/MotionCommand.msg
[16.551s] -- Up-to-date: /src/ros2_ws/install/pioneer_msgs/share/pioneer_msgs/msg/Status.msg
[16.585s] -- Up-to-date: /src/ros2_ws/install/pioneer_msgs/share/pioneer_msgs/msg/AUVState.msg
[16.621s] -- Up-to-date: /src/ros2_ws/install/pioneer_msgs/share/ament_index/resource_index/package_run_dependencies/pioneer_msgs
[16.662s] -- Up-to-date: /src/ros2_ws/install/pioneer_msgs/share/ament_index/resource_index/parent_prefix_path/pioneer_msgs
[16.683s] -- Up-to-date: /src/ros2_ws/install/pioneer_msgs/share/pioneer_msgs/environment/ament_prefix_path.sh
[16.704s] -- Up-to-date: /src/ros2_ws/install/pioneer_msgs/share/pioneer_msgs/environment/ament_prefix_path.dsv
[16.725s] -- Up-to-date: /src/ros2_ws/install/pioneer_msgs/share/pioneer_msgs/environment/path.sh
[16.760s] -- Up-to-date: /src/ros2_ws/install/pioneer_msgs/share/pioneer_msgs/environment/path.dsv
[16.790s] -- Up-to-date: /src/ros2_ws/install/pioneer_msgs/share/pioneer_msgs/local_setup.bash
[16.814s] -- Up-to-date: /src/ros2_ws/install/pioneer_msgs/share/pioneer_msgs/local_setup.sh
[16.836s] -- Up-to-date: /src/ros2_ws/install/pioneer_msgs/share/pioneer_msgs/local_setup.zsh
[16.859s] -- Up-to-date: /src/ros2_ws/install/pioneer_msgs/share/pioneer_msgs/local_setup.dsv
[16.887s] -- Installing: /src/ros2_ws/install/pioneer_msgs/share/pioneer_msgs/package.dsv
[17.004s] -- Up-to-date: /src/ros2_ws/install/pioneer_msgs/share/ament_index/resource_index/packages/pioneer_msgs
[17.077s] -- Up-to-date: /src/ros2_ws/install/pioneer_msgs/share/pioneer_msgs/cmake/export_pioneer_msgs__rosidl_generator_cExport.cmake
[17.119s] -- Up-to-date: /src/ros2_ws/install/pioneer_msgs/share/pioneer_msgs/cmake/export_pioneer_msgs__rosidl_generator_cExport-noconfig.cmake
[17.190s] -- Up-to-date: /src/ros2_ws/install/pioneer_msgs/share/pioneer_msgs/cmake/export_pioneer_msgs__rosidl_typesupport_fastrtps_cExport.cmake
[17.234s] -- Up-to-date: /src/ros2_ws/install/pioneer_msgs/share/pioneer_msgs/cmake/export_pioneer_msgs__rosidl_typesupport_fastrtps_cExport-noconfig.cmake
[17.296s] -- Up-to-date: /src/ros2_ws/install/pioneer_msgs/share/pioneer_msgs/cmake/pioneer_msgs__rosidl_typesupport_introspection_cExport.cmake
[17.336s] -- Up-to-date: /src/ros2_ws/install/pioneer_msgs/share/pioneer_msgs/cmake/pioneer_msgs__rosidl_typesupport_introspection_cExport-noconfig.cmake
[17.393s] -- Up-to-date: /src/ros2_ws/install/pioneer_msgs/share/pioneer_msgs/cmake/pioneer_msgs__rosidl_typesupport_cExport.cmake
[17.427s] -- Up-to-date: /src/ros2_ws/install/pioneer_msgs/share/pioneer_msgs/cmake/pioneer_msgs__rosidl_typesupport_cExport-noconfig.cmake
[17.489s] -- Up-to-date: /src/ros2_ws/install/pioneer_msgs/share/pioneer_msgs/cmake/export_pioneer_msgs__rosidl_generator_cppExport.cmake
[17.541s] -- Up-to-date: /src/ros2_ws/install/pioneer_msgs/share/pioneer_msgs/cmake/export_pioneer_msgs__rosidl_typesupport_fastrtps_cppExport.cmake
[17.579s] -- Up-to-date: /src/ros2_ws/install/pioneer_msgs/share/pioneer_msgs/cmake/export_pioneer_msgs__rosidl_typesupport_fastrtps_cppExport-noconfig.cmake
[17.631s] -- Up-to-date: /src/ros2_ws/install/pioneer_msgs/share/pioneer_msgs/cmake/pioneer_msgs__rosidl_typesupport_introspection_cppExport.cmake
[17.676s] -- Up-to-date: /src/ros2_ws/install/pioneer_msgs/share/pioneer_msgs/cmake/pioneer_msgs__rosidl_typesupport_introspection_cppExport-noconfig.cmake
[17.730s] -- Up-to-date: /src/ros2_ws/install/pioneer_msgs/share/pioneer_msgs/cmake/pioneer_msgs__rosidl_typesupport_cppExport.cmake
[17.770s] -- Up-to-date: /src/ros2_ws/install/pioneer_msgs/share/pioneer_msgs/cmake/pioneer_msgs__rosidl_typesupport_cppExport-noconfig.cmake
[17.824s] -- Up-to-date: /src/ros2_ws/install/pioneer_msgs/share/pioneer_msgs/cmake/export_pioneer_msgs__rosidl_generator_pyExport.cmake
[17.865s] -- Up-to-date: /src/ros2_ws/install/pioneer_msgs/share/pioneer_msgs/cmake/export_pioneer_msgs__rosidl_generator_pyExport-noconfig.cmake
[17.891s] -- Up-to-date: /src/ros2_ws/install/pioneer_msgs/share/pioneer_msgs/cmake/rosidl_cmake-extras.cmake
[17.915s] -- Up-to-date: /src/ros2_ws/install/pioneer_msgs/share/pioneer_msgs/cmake/ament_cmake_export_dependencies-extras.cmake
[17.947s] -- Up-to-date: /src/ros2_ws/install/pioneer_msgs/share/pioneer_msgs/cmake/ament_cmake_export_include_directories-extras.cmake
[17.979s] -- Up-to-date: /src/ros2_ws/install/pioneer_msgs/share/pioneer_msgs/cmake/ament_cmake_export_libraries-extras.cmake
[18.007s] -- Up-to-date: /src/ros2_ws/install/pioneer_msgs/share/pioneer_msgs/cmake/ament_cmake_export_targets-extras.cmake
[18.036s] -- Up-to-date: /src/ros2_ws/install/pioneer_msgs/share/pioneer_msgs/cmake/rosidl_cmake_export_typesupport_targets-extras.cmake
[18.069s] -- Up-to-date: /src/ros2_ws/install/pioneer_msgs/share/pioneer_msgs/cmake/rosidl_cmake_export_typesupport_libraries-extras.cmake
[18.098s] -- Up-to-date: /src/ros2_ws/install/pioneer_msgs/share/pioneer_msgs/cmake/pioneer_msgsConfig.cmake
[18.120s] -- Up-to-date: /src/ros2_ws/install/pioneer_msgs/share/pioneer_msgs/cmake/pioneer_msgsConfig-version.cmake
[18.155s] -- Up-to-date: /src/ros2_ws/install/pioneer_msgs/share/pioneer_msgs/package.xml
[18.178s] Invoked command in '/src/ros2_ws/build/pioneer_msgs' returned '0': CMAKE_PREFIX_PATH=${CMAKE_PREFIX_PATH}:/src/ros2_ws/install/pixpubsub:/src/ros2_ws/install/imu_publisher:/opt/ros/humble /usr/bin/cmake --install /src/ros2_ws/build/pioneer_msgs
