[7.325s] Invoking command in '/src/ros2_ws/src/imu_publisher': PYTHONPATH=/src/ros2_ws/build/imu_publisher/prefix_override:/src/ros2_ws/install/imu_publisher/lib/python3.10/site-packages:${PYTHONPATH} /usr/bin/python3 setup.py egg_info --egg-base ../../build/imu_publisher build --build-base /src/ros2_ws/build/imu_publisher/build install --record /src/ros2_ws/build/imu_publisher/install.log --single-version-externally-managed
[9.402s] running egg_info
[9.408s] writing ../../build/imu_publisher/imu_publisher.egg-info/PKG-INFO
[9.418s] writing dependency_links to ../../build/imu_publisher/imu_publisher.egg-info/dependency_links.txt
[9.426s] writing entry points to ../../build/imu_publisher/imu_publisher.egg-info/entry_points.txt
[9.433s] writing requirements to ../../build/imu_publisher/imu_publisher.egg-info/requires.txt
[9.438s] writing top-level names to ../../build/imu_publisher/imu_publisher.egg-info/top_level.txt
[9.494s] reading manifest file '../../build/imu_publisher/imu_publisher.egg-info/SOURCES.txt'
[9.596s] writing manifest file '../../build/imu_publisher/imu_publisher.egg-info/SOURCES.txt'
[9.605s] running build
[9.606s] running build_py
[9.656s] running install
[9.658s] running install_lib
[9.868s] running install_data
[9.916s] running install_egg_info
[9.945s] removing '/src/ros2_ws/install/imu_publisher/lib/python3.10/site-packages/imu_publisher-0.0.0-py3.10.egg-info' (and everything under it)
[10.044s] Copying ../../build/imu_publisher/imu_publisher.egg-info to /src/ros2_ws/install/imu_publisher/lib/python3.10/site-packages/imu_publisher-0.0.0-py3.10.egg-info
[10.393s] running install_scripts
[10.568s] Installing publisher script to /src/ros2_ws/install/imu_publisher/lib/imu_publisher
[10.589s] writing list of installed files to '/src/ros2_ws/build/imu_publisher/install.log'
[10.644s] Invoked command in '/src/ros2_ws/src/imu_publisher' returned '0': PYTHONPATH=/src/ros2_ws/build/imu_publisher/prefix_override:/src/ros2_ws/install/imu_publisher/lib/python3.10/site-packages:${PYTHONPATH} /usr/bin/python3 setup.py egg_info --egg-base ../../build/imu_publisher build --build-base /src/ros2_ws/build/imu_publisher/build install --record /src/ros2_ws/build/imu_publisher/install.log --single-version-externally-managed
