[1.541s] Invoking command in '/src/ros2_ws/src/imu_publisher': PYTHONPATH=/src/ros2_ws/build/imu_publisher/prefix_override:/src/ros2_ws/install/imu_publisher/lib/python3.8/site-packages: /usr/bin/python3 setup.py egg_info --egg-base ../../build/imu_publisher build --build-base /src/ros2_ws/build/imu_publisher/build install --record /src/ros2_ws/build/imu_publisher/install.log --single-version-externally-managed
[1.935s] running egg_info
[1.956s] writing ../../build/imu_publisher/imu_publisher.egg-info/PKG-INFO
[1.957s] writing dependency_links to ../../build/imu_publisher/imu_publisher.egg-info/dependency_links.txt
[1.957s] writing entry points to ../../build/imu_publisher/imu_publisher.egg-info/entry_points.txt
[1.958s] writing requirements to ../../build/imu_publisher/imu_publisher.egg-info/requires.txt
[1.958s] writing top-level names to ../../build/imu_publisher/imu_publisher.egg-info/top_level.txt
[1.999s] reading manifest file '../../build/imu_publisher/imu_publisher.egg-info/SOURCES.txt'
[2.001s] writing manifest file '../../build/imu_publisher/imu_publisher.egg-info/SOURCES.txt'
[2.001s] running build
[2.002s] running build_py
[2.002s] copying imu_publisher/__init__.py -> /src/ros2_ws/build/imu_publisher/build/lib/imu_publisher
[2.002s] copying imu_publisher/publisher.py -> /src/ros2_ws/build/imu_publisher/build/lib/imu_publisher
[2.003s] running install
[2.004s] /usr/local/lib/python3.8/dist-packages/setuptools/_distutils/cmd.py:66: SetuptoolsDeprecationWarning: setup.py install is deprecated.
[2.004s] !!
[2.004s] 
[2.004s]         ********************************************************************************
[2.005s]         Please avoid running ``setup.py`` directly.
[2.005s]         Instead, use pypa/build, pypa/installer or other
[2.005s]         standards-based tools.
[2.005s] 
[2.005s]         See https://blog.ganssle.io/articles/2021/10/setup-py-deprecated.html for details.
[2.005s]         ********************************************************************************
[2.005s] 
[2.006s] !!
[2.006s]   self.initialize_options()
[2.015s] running install_lib
[2.036s] creating /src/ros2_ws/install/imu_publisher/lib/python3.8/site-packages/imu_publisher
[2.036s] copying /src/ros2_ws/build/imu_publisher/build/lib/imu_publisher/__init__.py -> /src/ros2_ws/install/imu_publisher/lib/python3.8/site-packages/imu_publisher
[2.037s] copying /src/ros2_ws/build/imu_publisher/build/lib/imu_publisher/publisher.py -> /src/ros2_ws/install/imu_publisher/lib/python3.8/site-packages/imu_publisher
[2.037s] byte-compiling /src/ros2_ws/install/imu_publisher/lib/python3.8/site-packages/imu_publisher/__init__.py to __init__.cpython-38.pyc
[2.038s] byte-compiling /src/ros2_ws/install/imu_publisher/lib/python3.8/site-packages/imu_publisher/publisher.py to publisher.cpython-38.pyc
[2.039s] running install_data
[2.060s] copying resource/imu_publisher -> /src/ros2_ws/install/imu_publisher/share/ament_index/resource_index/packages
[2.060s] copying package.xml -> /src/ros2_ws/install/imu_publisher/share/imu_publisher
[2.060s] running install_egg_info
[2.081s] Copying ../../build/imu_publisher/imu_publisher.egg-info to /src/ros2_ws/install/imu_publisher/lib/python3.8/site-packages/imu_publisher-0.0.0-py3.8.egg-info
[2.084s] running install_scripts
[2.308s] Installing publisher script to /src/ros2_ws/install/imu_publisher/lib/imu_publisher
[2.308s] writing list of installed files to '/src/ros2_ws/build/imu_publisher/install.log'
[2.390s] Invoked command in '/src/ros2_ws/src/imu_publisher' returned '0': PYTHONPATH=/src/ros2_ws/build/imu_publisher/prefix_override:/src/ros2_ws/install/imu_publisher/lib/python3.8/site-packages: /usr/bin/python3 setup.py egg_info --egg-base ../../build/imu_publisher build --build-base /src/ros2_ws/build/imu_publisher/build install --record /src/ros2_ws/build/imu_publisher/install.log --single-version-externally-managed
