[0.107s] Invoking command in '/src/ros2_ws/build/pioneer_msgs': CMAKE_PREFIX_PATH=${CMAKE_PREFIX_PATH}:/src/ros2_ws/install/test_pubsub:/src/ros2_ws/install/pixpubsub:/src/ros2_ws/install/imu_publisher:/opt/ros/humble /usr/bin/cmake --build /src/ros2_ws/build/pioneer_msgs -- -j6 -l6
[0.204s] [ 12%] Built target pioneer_msgs__rosidl_generator_c
[0.204s] [ 12%] Built target pioneer_msgs__cpp
[0.228s] [ 12%] Built target ament_cmake_python_copy_pioneer_msgs
[0.283s] [ 23%] Built target pioneer_msgs__rosidl_typesupport_fastrtps_c
[0.284s] [ 33%] Built target pioneer_msgs__rosidl_typesupport_cpp
[0.284s] [ 53%] Built target pioneer_msgs__rosidl_typesupport_introspection_c
[0.284s] [ 53%] Built target pioneer_msgs__rosidl_typesupport_c
[0.285s] [ 64%] Built target pioneer_msgs__rosidl_typesupport_fastrtps_cpp
[0.292s] [ 74%] Built target pioneer_msgs__rosidl_typesupport_introspection_cpp
[0.329s] [ 74%] Built target pioneer_msgs
[0.368s] [ 76%] Built target pioneer_msgs__py
[0.394s] gmake[2]: *** No rule to make target '/usr/lib/x86_64-linux-gnu/libpython3.10.so', needed by 'rosidl_generator_py/pioneer_msgs/libpioneer_msgs__rosidl_generator_py.so'.  Stop.
[0.396s] gmake[1]: *** [CMakeFiles/Makefile2:475: CMakeFiles/pioneer_msgs__rosidl_generator_py.dir/all] Error 2
[0.396s] gmake[1]: *** Waiting for unfinished jobs....
[0.711s] running egg_info
[0.715s] writing pioneer_msgs.egg-info/PKG-INFO
[0.715s] writing dependency_links to pioneer_msgs.egg-info/dependency_links.txt
[0.715s] writing top-level names to pioneer_msgs.egg-info/top_level.txt
[0.717s] reading manifest file 'pioneer_msgs.egg-info/SOURCES.txt'
[0.718s] writing manifest file 'pioneer_msgs.egg-info/SOURCES.txt'
[0.783s] [ 76%] Built target ament_cmake_python_build_pioneer_msgs_egg
[0.785s] gmake: *** [Makefile:146: all] Error 2
[0.791s] Invoked command in '/src/ros2_ws/build/pioneer_msgs' returned '2': CMAKE_PREFIX_PATH=${CMAKE_PREFIX_PATH}:/src/ros2_ws/install/test_pubsub:/src/ros2_ws/install/pixpubsub:/src/ros2_ws/install/imu_publisher:/opt/ros/humble /usr/bin/cmake --build /src/ros2_ws/build/pioneer_msgs -- -j6 -l6
