[0.729s] Invoking command in '/src/ros2_ws/build/pioneer_msgs': CMAKE_PREFIX_PATH=${CMAKE_PREFIX_PATH}:/src/ros2_ws/install/pixpubsub:/src/ros2_ws/install/imu_publisher:/opt/ros/humble /usr/bin/cmake --build /src/ros2_ws/build/pioneer_msgs -- -j16 -l16
[1.914s] [  2%] Built target pioneer_msgs__cpp
[2.146s] [ 12%] Built target pioneer_msgs__rosidl_generator_c
[2.792s] [ 23%] Built target pioneer_msgs__rosidl_typesupport_cpp
[2.882s] [ 42%] Built target pioneer_msgs__rosidl_typesupport_introspection_cpp
[2.896s] [ 44%] Built target pioneer_msgs__rosidl_typesupport_fastrtps_cpp
[3.007s] [ 55%] Built target pioneer_msgs__rosidl_typesupport_c
[3.055s] [ 65%] Built target pioneer_msgs__rosidl_typesupport_introspection_c
[3.136s] [ 76%] Built target pioneer_msgs__rosidl_typesupport_fastrtps_c
[3.300s] [ 76%] Built target ament_cmake_python_copy_pioneer_msgs
[3.406s] [ 76%] Built target pioneer_msgs
[3.854s] [ 78%] Built target pioneer_msgs__py
[4.477s] [ 87%] Built target pioneer_msgs__rosidl_generator_py
[4.896s] [ 91%] Built target pioneer_msgs__rosidl_typesupport_c__pyext
[4.938s] [ 95%] Built target pioneer_msgs__rosidl_typesupport_fastrtps_c__pyext
[5.065s] [100%] Built target pioneer_msgs__rosidl_typesupport_introspection_c__pyext
[5.527s] running egg_info
[5.531s] writing pioneer_msgs.egg-info/PKG-INFO
[5.538s] writing dependency_links to pioneer_msgs.egg-info/dependency_links.txt
[5.547s] writing top-level names to pioneer_msgs.egg-info/top_level.txt
[5.600s] reading manifest file 'pioneer_msgs.egg-info/SOURCES.txt'
[5.650s] writing manifest file 'pioneer_msgs.egg-info/SOURCES.txt'
[5.843s] [100%] Built target ament_cmake_python_build_pioneer_msgs_egg
[6.192s] Invoked command in '/src/ros2_ws/build/pioneer_msgs' returned '0': CMAKE_PREFIX_PATH=${CMAKE_PREFIX_PATH}:/src/ros2_ws/install/pixpubsub:/src/ros2_ws/install/imu_publisher:/opt/ros/humble /usr/bin/cmake --build /src/ros2_ws/build/pioneer_msgs -- -j16 -l16
[10.881s] Invoking command in '/src/ros2_ws/build/pioneer_msgs': CMAKE_PREFIX_PATH=${CMAKE_PREFIX_PATH}:/src/ros2_ws/install/pixpubsub:/src/ros2_ws/install/imu_publisher:/opt/ros/humble /usr/bin/cmake --install /src/ros2_ws/build/pioneer_msgs
[11.014s] -- Install configuration: ""
[11.050s] -- Up-to-date: /src/ros2_ws/install/pioneer_msgs/share/ament_index/resource_index/rosidl_interfaces/pioneer_msgs
[11.070s] -- Up-to-date: /src/ros2_ws/install/pioneer_msgs/include/pioneer_msgs/pioneer_msgs
[11.097s] -- Up-to-date: /src/ros2_ws/install/pioneer_msgs/include/pioneer_msgs/pioneer_msgs/msg
[11.145s] -- Up-to-date: /src/ros2_ws/install/pioneer_msgs/include/pioneer_msgs/pioneer_msgs/msg/auv_state.h
[11.172s] -- Up-to-date: /src/ros2_ws/install/pioneer_msgs/include/pioneer_msgs/pioneer_msgs/msg/detail
[11.232s] -- Up-to-date: /src/ros2_ws/install/pioneer_msgs/include/pioneer_msgs/pioneer_msgs/msg/detail/auv_state__functions.c
[11.274s] -- Up-to-date: /src/ros2_ws/install/pioneer_msgs/include/pioneer_msgs/pioneer_msgs/msg/detail/auv_state__functions.h
[11.319s] -- Up-to-date: /src/ros2_ws/install/pioneer_msgs/include/pioneer_msgs/pioneer_msgs/msg/detail/auv_state__struct.h
[11.360s] -- Up-to-date: /src/ros2_ws/install/pioneer_msgs/include/pioneer_msgs/pioneer_msgs/msg/detail/auv_state__type_support.h
[11.400s] -- Up-to-date: /src/ros2_ws/install/pioneer_msgs/include/pioneer_msgs/pioneer_msgs/msg/detail/motion_command__functions.c
[11.442s] -- Up-to-date: /src/ros2_ws/install/pioneer_msgs/include/pioneer_msgs/pioneer_msgs/msg/detail/motion_command__functions.h
[11.478s] -- Up-to-date: /src/ros2_ws/install/pioneer_msgs/include/pioneer_msgs/pioneer_msgs/msg/detail/motion_command__struct.h
[11.515s] -- Up-to-date: /src/ros2_ws/install/pioneer_msgs/include/pioneer_msgs/pioneer_msgs/msg/detail/motion_command__type_support.h
[11.550s] -- Up-to-date: /src/ros2_ws/install/pioneer_msgs/include/pioneer_msgs/pioneer_msgs/msg/detail/status__functions.c
[11.583s] -- Up-to-date: /src/ros2_ws/install/pioneer_msgs/include/pioneer_msgs/pioneer_msgs/msg/detail/status__functions.h
[11.622s] -- Up-to-date: /src/ros2_ws/install/pioneer_msgs/include/pioneer_msgs/pioneer_msgs/msg/detail/status__struct.h
[11.657s] -- Up-to-date: /src/ros2_ws/install/pioneer_msgs/include/pioneer_msgs/pioneer_msgs/msg/detail/status__type_support.h
[11.685s] -- Up-to-date: /src/ros2_ws/install/pioneer_msgs/include/pioneer_msgs/pioneer_msgs/msg/motion_command.h
[11.724s] -- Up-to-date: /src/ros2_ws/install/pioneer_msgs/include/pioneer_msgs/pioneer_msgs/msg/rosidl_generator_c__visibility_control.h
[11.755s] -- Up-to-date: /src/ros2_ws/install/pioneer_msgs/include/pioneer_msgs/pioneer_msgs/msg/status.h
[11.777s] -- Up-to-date: /src/ros2_ws/install/pioneer_msgs/share/pioneer_msgs/environment/library_path.sh
[11.801s] -- Up-to-date: /src/ros2_ws/install/pioneer_msgs/share/pioneer_msgs/environment/library_path.dsv
[11.852s] -- Up-to-date: /src/ros2_ws/install/pioneer_msgs/lib/libpioneer_msgs__rosidl_generator_c.so
[11.900s] -- Up-to-date: /src/ros2_ws/install/pioneer_msgs/include/pioneer_msgs/pioneer_msgs
[11.933s] -- Up-to-date: /src/ros2_ws/install/pioneer_msgs/include/pioneer_msgs/pioneer_msgs/msg
[11.966s] -- Up-to-date: /src/ros2_ws/install/pioneer_msgs/include/pioneer_msgs/pioneer_msgs/msg/detail
[12.023s] -- Up-to-date: /src/ros2_ws/install/pioneer_msgs/include/pioneer_msgs/pioneer_msgs/msg/detail/auv_state__rosidl_typesupport_fastrtps_c.h
[12.057s] -- Up-to-date: /src/ros2_ws/install/pioneer_msgs/include/pioneer_msgs/pioneer_msgs/msg/detail/motion_command__rosidl_typesupport_fastrtps_c.h
[12.097s] -- Up-to-date: /src/ros2_ws/install/pioneer_msgs/include/pioneer_msgs/pioneer_msgs/msg/detail/status__rosidl_typesupport_fastrtps_c.h
[12.133s] -- Up-to-date: /src/ros2_ws/install/pioneer_msgs/include/pioneer_msgs/pioneer_msgs/msg/rosidl_typesupport_fastrtps_c__visibility_control.h
[12.184s] -- Up-to-date: /src/ros2_ws/install/pioneer_msgs/lib/libpioneer_msgs__rosidl_typesupport_fastrtps_c.so
[12.234s] -- Up-to-date: /src/ros2_ws/install/pioneer_msgs/include/pioneer_msgs/pioneer_msgs
[12.260s] -- Up-to-date: /src/ros2_ws/install/pioneer_msgs/include/pioneer_msgs/pioneer_msgs/msg
[12.292s] -- Up-to-date: /src/ros2_ws/install/pioneer_msgs/include/pioneer_msgs/pioneer_msgs/msg/detail
[12.336s] -- Up-to-date: /src/ros2_ws/install/pioneer_msgs/include/pioneer_msgs/pioneer_msgs/msg/detail/auv_state__rosidl_typesupport_introspection_c.h
[12.369s] -- Up-to-date: /src/ros2_ws/install/pioneer_msgs/include/pioneer_msgs/pioneer_msgs/msg/detail/auv_state__type_support.c
[12.413s] -- Up-to-date: /src/ros2_ws/install/pioneer_msgs/include/pioneer_msgs/pioneer_msgs/msg/detail/motion_command__rosidl_typesupport_introspection_c.h
[12.447s] -- Up-to-date: /src/ros2_ws/install/pioneer_msgs/include/pioneer_msgs/pioneer_msgs/msg/detail/motion_command__type_support.c
[12.478s] -- Up-to-date: /src/ros2_ws/install/pioneer_msgs/include/pioneer_msgs/pioneer_msgs/msg/detail/status__rosidl_typesupport_introspection_c.h
[12.515s] -- Up-to-date: /src/ros2_ws/install/pioneer_msgs/include/pioneer_msgs/pioneer_msgs/msg/detail/status__type_support.c
[12.545s] -- Up-to-date: /src/ros2_ws/install/pioneer_msgs/include/pioneer_msgs/pioneer_msgs/msg/rosidl_typesupport_introspection_c__visibility_control.h
[12.591s] -- Up-to-date: /src/ros2_ws/install/pioneer_msgs/lib/libpioneer_msgs__rosidl_typesupport_introspection_c.so
[12.673s] -- Up-to-date: /src/ros2_ws/install/pioneer_msgs/lib/libpioneer_msgs__rosidl_typesupport_c.so
[12.726s] -- Up-to-date: /src/ros2_ws/install/pioneer_msgs/include/pioneer_msgs/pioneer_msgs
[12.757s] -- Up-to-date: /src/ros2_ws/install/pioneer_msgs/include/pioneer_msgs/pioneer_msgs/msg
[12.796s] -- Up-to-date: /src/ros2_ws/install/pioneer_msgs/include/pioneer_msgs/pioneer_msgs/msg/auv_state.hpp
[12.845s] -- Up-to-date: /src/ros2_ws/install/pioneer_msgs/include/pioneer_msgs/pioneer_msgs/msg/detail
[12.890s] -- Up-to-date: /src/ros2_ws/install/pioneer_msgs/include/pioneer_msgs/pioneer_msgs/msg/detail/auv_state__builder.hpp
[12.926s] -- Up-to-date: /src/ros2_ws/install/pioneer_msgs/include/pioneer_msgs/pioneer_msgs/msg/detail/auv_state__struct.hpp
[12.963s] -- Up-to-date: /src/ros2_ws/install/pioneer_msgs/include/pioneer_msgs/pioneer_msgs/msg/detail/auv_state__traits.hpp
[12.993s] -- Up-to-date: /src/ros2_ws/install/pioneer_msgs/include/pioneer_msgs/pioneer_msgs/msg/detail/motion_command__builder.hpp
[13.028s] -- Up-to-date: /src/ros2_ws/install/pioneer_msgs/include/pioneer_msgs/pioneer_msgs/msg/detail/motion_command__struct.hpp
[13.065s] -- Up-to-date: /src/ros2_ws/install/pioneer_msgs/include/pioneer_msgs/pioneer_msgs/msg/detail/motion_command__traits.hpp
[13.096s] -- Up-to-date: /src/ros2_ws/install/pioneer_msgs/include/pioneer_msgs/pioneer_msgs/msg/detail/status__builder.hpp
[13.132s] -- Up-to-date: /src/ros2_ws/install/pioneer_msgs/include/pioneer_msgs/pioneer_msgs/msg/detail/status__struct.hpp
[13.165s] -- Up-to-date: /src/ros2_ws/install/pioneer_msgs/include/pioneer_msgs/pioneer_msgs/msg/detail/status__traits.hpp
[13.193s] -- Up-to-date: /src/ros2_ws/install/pioneer_msgs/include/pioneer_msgs/pioneer_msgs/msg/motion_command.hpp
[13.231s] -- Up-to-date: /src/ros2_ws/install/pioneer_msgs/include/pioneer_msgs/pioneer_msgs/msg/status.hpp
[13.252s] -- Up-to-date: /src/ros2_ws/install/pioneer_msgs/include/pioneer_msgs/pioneer_msgs
[13.280s] -- Up-to-date: /src/ros2_ws/install/pioneer_msgs/include/pioneer_msgs/pioneer_msgs/msg
[13.319s] -- Up-to-date: /src/ros2_ws/install/pioneer_msgs/include/pioneer_msgs/pioneer_msgs/msg/detail
[13.367s] -- Up-to-date: /src/ros2_ws/install/pioneer_msgs/include/pioneer_msgs/pioneer_msgs/msg/detail/auv_state__rosidl_typesupport_fastrtps_cpp.hpp
[13.397s] -- Up-to-date: /src/ros2_ws/install/pioneer_msgs/include/pioneer_msgs/pioneer_msgs/msg/detail/dds_fastrtps
[13.469s] -- Up-to-date: /src/ros2_ws/install/pioneer_msgs/include/pioneer_msgs/pioneer_msgs/msg/detail/motion_command__rosidl_typesupport_fastrtps_cpp.hpp
[13.534s] -- Up-to-date: /src/ros2_ws/install/pioneer_msgs/include/pioneer_msgs/pioneer_msgs/msg/detail/status__rosidl_typesupport_fastrtps_cpp.hpp
[13.572s] -- Up-to-date: /src/ros2_ws/install/pioneer_msgs/include/pioneer_msgs/pioneer_msgs/msg/rosidl_typesupport_fastrtps_cpp__visibility_control.h
[13.629s] -- Up-to-date: /src/ros2_ws/install/pioneer_msgs/lib/libpioneer_msgs__rosidl_typesupport_fastrtps_cpp.so
[13.684s] -- Up-to-date: /src/ros2_ws/install/pioneer_msgs/include/pioneer_msgs/pioneer_msgs
[13.718s] -- Up-to-date: /src/ros2_ws/install/pioneer_msgs/include/pioneer_msgs/pioneer_msgs/msg
[13.754s] -- Up-to-date: /src/ros2_ws/install/pioneer_msgs/include/pioneer_msgs/pioneer_msgs/msg/detail
[13.793s] -- Up-to-date: /src/ros2_ws/install/pioneer_msgs/include/pioneer_msgs/pioneer_msgs/msg/detail/auv_state__rosidl_typesupport_introspection_cpp.hpp
[13.825s] -- Up-to-date: /src/ros2_ws/install/pioneer_msgs/include/pioneer_msgs/pioneer_msgs/msg/detail/auv_state__type_support.cpp
[13.857s] -- Up-to-date: /src/ros2_ws/install/pioneer_msgs/include/pioneer_msgs/pioneer_msgs/msg/detail/motion_command__rosidl_typesupport_introspection_cpp.hpp
[13.885s] -- Up-to-date: /src/ros2_ws/install/pioneer_msgs/include/pioneer_msgs/pioneer_msgs/msg/detail/motion_command__type_support.cpp
[13.923s] -- Up-to-date: /src/ros2_ws/install/pioneer_msgs/include/pioneer_msgs/pioneer_msgs/msg/detail/status__rosidl_typesupport_introspection_cpp.hpp
[13.954s] -- Up-to-date: /src/ros2_ws/install/pioneer_msgs/include/pioneer_msgs/pioneer_msgs/msg/detail/status__type_support.cpp
[13.997s] -- Up-to-date: /src/ros2_ws/install/pioneer_msgs/lib/libpioneer_msgs__rosidl_typesupport_introspection_cpp.so
[14.074s] -- Up-to-date: /src/ros2_ws/install/pioneer_msgs/lib/libpioneer_msgs__rosidl_typesupport_cpp.so
[14.130s] -- Up-to-date: /src/ros2_ws/install/pioneer_msgs/share/pioneer_msgs/environment/pythonpath.sh
[14.156s] -- Up-to-date: /src/ros2_ws/install/pioneer_msgs/share/pioneer_msgs/environment/pythonpath.dsv
[14.177s] -- Up-to-date: /src/ros2_ws/install/pioneer_msgs/local/lib/python3.10/dist-packages/pioneer_msgs-0.0.0-py3.10.egg-info
[14.220s] -- Installing: /src/ros2_ws/install/pioneer_msgs/local/lib/python3.10/dist-packages/pioneer_msgs-0.0.0-py3.10.egg-info/dependency_links.txt
[14.357s] -- Installing: /src/ros2_ws/install/pioneer_msgs/local/lib/python3.10/dist-packages/pioneer_msgs-0.0.0-py3.10.egg-info/PKG-INFO
[14.476s] -- Installing: /src/ros2_ws/install/pioneer_msgs/local/lib/python3.10/dist-packages/pioneer_msgs-0.0.0-py3.10.egg-info/SOURCES.txt
[14.594s] -- Installing: /src/ros2_ws/install/pioneer_msgs/local/lib/python3.10/dist-packages/pioneer_msgs-0.0.0-py3.10.egg-info/top_level.txt
[14.697s] -- Up-to-date: /src/ros2_ws/install/pioneer_msgs/local/lib/python3.10/dist-packages/pioneer_msgs
[14.737s] -- Up-to-date: /src/ros2_ws/install/pioneer_msgs/local/lib/python3.10/dist-packages/pioneer_msgs/libpioneer_msgs__rosidl_generator_py.so
[14.767s] -- Up-to-date: /src/ros2_ws/install/pioneer_msgs/local/lib/python3.10/dist-packages/pioneer_msgs/msg
[14.815s] -- Up-to-date: /src/ros2_ws/install/pioneer_msgs/local/lib/python3.10/dist-packages/pioneer_msgs/msg/_auv_state.py
[14.848s] -- Up-to-date: /src/ros2_ws/install/pioneer_msgs/local/lib/python3.10/dist-packages/pioneer_msgs/msg/_auv_state_s.c
[14.879s] -- Up-to-date: /src/ros2_ws/install/pioneer_msgs/local/lib/python3.10/dist-packages/pioneer_msgs/msg/_motion_command.py
[14.912s] -- Up-to-date: /src/ros2_ws/install/pioneer_msgs/local/lib/python3.10/dist-packages/pioneer_msgs/msg/_motion_command_s.c
[14.945s] -- Up-to-date: /src/ros2_ws/install/pioneer_msgs/local/lib/python3.10/dist-packages/pioneer_msgs/msg/_status.py
[14.975s] -- Up-to-date: /src/ros2_ws/install/pioneer_msgs/local/lib/python3.10/dist-packages/pioneer_msgs/msg/_status_s.c
[15.007s] -- Up-to-date: /src/ros2_ws/install/pioneer_msgs/local/lib/python3.10/dist-packages/pioneer_msgs/msg/__init__.py
[15.036s] -- Up-to-date: /src/ros2_ws/install/pioneer_msgs/local/lib/python3.10/dist-packages/pioneer_msgs/pioneer_msgs_s__rosidl_typesupport_c.cpython-310-x86_64-linux-gnu.so
[15.062s] -- Up-to-date: /src/ros2_ws/install/pioneer_msgs/local/lib/python3.10/dist-packages/pioneer_msgs/pioneer_msgs_s__rosidl_typesupport_fastrtps_c.cpython-310-x86_64-linux-gnu.so
[15.092s] -- Up-to-date: /src/ros2_ws/install/pioneer_msgs/local/lib/python3.10/dist-packages/pioneer_msgs/pioneer_msgs_s__rosidl_typesupport_introspection_c.cpython-310-x86_64-linux-gnu.so
[15.120s] -- Up-to-date: /src/ros2_ws/install/pioneer_msgs/local/lib/python3.10/dist-packages/pioneer_msgs/_pioneer_msgs_s.ep.rosidl_typesupport_c.c
[15.148s] -- Up-to-date: /src/ros2_ws/install/pioneer_msgs/local/lib/python3.10/dist-packages/pioneer_msgs/_pioneer_msgs_s.ep.rosidl_typesupport_fastrtps_c.c
[15.175s] -- Up-to-date: /src/ros2_ws/install/pioneer_msgs/local/lib/python3.10/dist-packages/pioneer_msgs/_pioneer_msgs_s.ep.rosidl_typesupport_introspection_c.c
[15.203s] -- Up-to-date: /src/ros2_ws/install/pioneer_msgs/local/lib/python3.10/dist-packages/pioneer_msgs/__init__.py
[16.208s] Listing '/src/ros2_ws/install/pioneer_msgs/local/lib/python3.10/dist-packages/pioneer_msgs'...
[16.209s] Listing '/src/ros2_ws/install/pioneer_msgs/local/lib/python3.10/dist-packages/pioneer_msgs/msg'...
[16.278s] -- Up-to-date: /src/ros2_ws/install/pioneer_msgs/local/lib/python3.10/dist-packages/pioneer_msgs/pioneer_msgs_s__rosidl_typesupport_fastrtps_c.cpython-310-x86_64-linux-gnu.so
[16.412s] -- Up-to-date: /src/ros2_ws/install/pioneer_msgs/local/lib/python3.10/dist-packages/pioneer_msgs/pioneer_msgs_s__rosidl_typesupport_introspection_c.cpython-310-x86_64-linux-gnu.so
[16.552s] -- Up-to-date: /src/ros2_ws/install/pioneer_msgs/local/lib/python3.10/dist-packages/pioneer_msgs/pioneer_msgs_s__rosidl_typesupport_c.cpython-310-x86_64-linux-gnu.so
[16.652s] -- Up-to-date: /src/ros2_ws/install/pioneer_msgs/lib/libpioneer_msgs__rosidl_generator_py.so
[16.711s] -- Up-to-date: /src/ros2_ws/install/pioneer_msgs/share/pioneer_msgs/msg/MotionCommand.idl
[16.746s] -- Up-to-date: /src/ros2_ws/install/pioneer_msgs/share/pioneer_msgs/msg/Status.idl
[16.775s] -- Up-to-date: /src/ros2_ws/install/pioneer_msgs/share/pioneer_msgs/msg/AUVState.idl
[16.807s] -- Up-to-date: /src/ros2_ws/install/pioneer_msgs/share/pioneer_msgs/msg/MotionCommand.msg
[16.842s] -- Up-to-date: /src/ros2_ws/install/pioneer_msgs/share/pioneer_msgs/msg/Status.msg
[16.870s] -- Up-to-date: /src/ros2_ws/install/pioneer_msgs/share/pioneer_msgs/msg/AUVState.msg
[16.909s] -- Up-to-date: /src/ros2_ws/install/pioneer_msgs/share/ament_index/resource_index/package_run_dependencies/pioneer_msgs
[16.955s] -- Up-to-date: /src/ros2_ws/install/pioneer_msgs/share/ament_index/resource_index/parent_prefix_path/pioneer_msgs
[16.977s] -- Up-to-date: /src/ros2_ws/install/pioneer_msgs/share/pioneer_msgs/environment/ament_prefix_path.sh
[17.001s] -- Up-to-date: /src/ros2_ws/install/pioneer_msgs/share/pioneer_msgs/environment/ament_prefix_path.dsv
[17.021s] -- Up-to-date: /src/ros2_ws/install/pioneer_msgs/share/pioneer_msgs/environment/path.sh
[17.049s] -- Up-to-date: /src/ros2_ws/install/pioneer_msgs/share/pioneer_msgs/environment/path.dsv
[17.074s] -- Up-to-date: /src/ros2_ws/install/pioneer_msgs/share/pioneer_msgs/local_setup.bash
[17.095s] -- Up-to-date: /src/ros2_ws/install/pioneer_msgs/share/pioneer_msgs/local_setup.sh
[17.115s] -- Up-to-date: /src/ros2_ws/install/pioneer_msgs/share/pioneer_msgs/local_setup.zsh
[17.143s] -- Up-to-date: /src/ros2_ws/install/pioneer_msgs/share/pioneer_msgs/local_setup.dsv
[17.172s] -- Installing: /src/ros2_ws/install/pioneer_msgs/share/pioneer_msgs/package.dsv
[17.265s] -- Up-to-date: /src/ros2_ws/install/pioneer_msgs/share/ament_index/resource_index/packages/pioneer_msgs
[17.319s] -- Up-to-date: /src/ros2_ws/install/pioneer_msgs/share/pioneer_msgs/cmake/export_pioneer_msgs__rosidl_generator_cExport.cmake
[17.354s] -- Up-to-date: /src/ros2_ws/install/pioneer_msgs/share/pioneer_msgs/cmake/export_pioneer_msgs__rosidl_generator_cExport-noconfig.cmake
[17.416s] -- Up-to-date: /src/ros2_ws/install/pioneer_msgs/share/pioneer_msgs/cmake/export_pioneer_msgs__rosidl_typesupport_fastrtps_cExport.cmake
[17.457s] -- Up-to-date: /src/ros2_ws/install/pioneer_msgs/share/pioneer_msgs/cmake/export_pioneer_msgs__rosidl_typesupport_fastrtps_cExport-noconfig.cmake
[17.511s] -- Up-to-date: /src/ros2_ws/install/pioneer_msgs/share/pioneer_msgs/cmake/pioneer_msgs__rosidl_typesupport_introspection_cExport.cmake
[17.558s] -- Up-to-date: /src/ros2_ws/install/pioneer_msgs/share/pioneer_msgs/cmake/pioneer_msgs__rosidl_typesupport_introspection_cExport-noconfig.cmake
[17.606s] -- Up-to-date: /src/ros2_ws/install/pioneer_msgs/share/pioneer_msgs/cmake/pioneer_msgs__rosidl_typesupport_cExport.cmake
[17.651s] -- Up-to-date: /src/ros2_ws/install/pioneer_msgs/share/pioneer_msgs/cmake/pioneer_msgs__rosidl_typesupport_cExport-noconfig.cmake
[17.699s] -- Up-to-date: /src/ros2_ws/install/pioneer_msgs/share/pioneer_msgs/cmake/export_pioneer_msgs__rosidl_generator_cppExport.cmake
[17.766s] -- Up-to-date: /src/ros2_ws/install/pioneer_msgs/share/pioneer_msgs/cmake/export_pioneer_msgs__rosidl_typesupport_fastrtps_cppExport.cmake
[17.808s] -- Up-to-date: /src/ros2_ws/install/pioneer_msgs/share/pioneer_msgs/cmake/export_pioneer_msgs__rosidl_typesupport_fastrtps_cppExport-noconfig.cmake
[17.866s] -- Up-to-date: /src/ros2_ws/install/pioneer_msgs/share/pioneer_msgs/cmake/pioneer_msgs__rosidl_typesupport_introspection_cppExport.cmake
[17.898s] -- Up-to-date: /src/ros2_ws/install/pioneer_msgs/share/pioneer_msgs/cmake/pioneer_msgs__rosidl_typesupport_introspection_cppExport-noconfig.cmake
[17.955s] -- Up-to-date: /src/ros2_ws/install/pioneer_msgs/share/pioneer_msgs/cmake/pioneer_msgs__rosidl_typesupport_cppExport.cmake
[17.988s] -- Up-to-date: /src/ros2_ws/install/pioneer_msgs/share/pioneer_msgs/cmake/pioneer_msgs__rosidl_typesupport_cppExport-noconfig.cmake
[18.068s] -- Up-to-date: /src/ros2_ws/install/pioneer_msgs/share/pioneer_msgs/cmake/export_pioneer_msgs__rosidl_generator_pyExport.cmake
[18.109s] -- Up-to-date: /src/ros2_ws/install/pioneer_msgs/share/pioneer_msgs/cmake/export_pioneer_msgs__rosidl_generator_pyExport-noconfig.cmake
[18.137s] -- Up-to-date: /src/ros2_ws/install/pioneer_msgs/share/pioneer_msgs/cmake/rosidl_cmake-extras.cmake
[18.168s] -- Up-to-date: /src/ros2_ws/install/pioneer_msgs/share/pioneer_msgs/cmake/ament_cmake_export_dependencies-extras.cmake
[18.198s] -- Up-to-date: /src/ros2_ws/install/pioneer_msgs/share/pioneer_msgs/cmake/ament_cmake_export_include_directories-extras.cmake
[18.230s] -- Up-to-date: /src/ros2_ws/install/pioneer_msgs/share/pioneer_msgs/cmake/ament_cmake_export_libraries-extras.cmake
[18.259s] -- Up-to-date: /src/ros2_ws/install/pioneer_msgs/share/pioneer_msgs/cmake/ament_cmake_export_targets-extras.cmake
[18.287s] -- Up-to-date: /src/ros2_ws/install/pioneer_msgs/share/pioneer_msgs/cmake/rosidl_cmake_export_typesupport_targets-extras.cmake
[18.317s] -- Up-to-date: /src/ros2_ws/install/pioneer_msgs/share/pioneer_msgs/cmake/rosidl_cmake_export_typesupport_libraries-extras.cmake
[18.349s] -- Up-to-date: /src/ros2_ws/install/pioneer_msgs/share/pioneer_msgs/cmake/pioneer_msgsConfig.cmake
[18.366s] -- Up-to-date: /src/ros2_ws/install/pioneer_msgs/share/pioneer_msgs/cmake/pioneer_msgsConfig-version.cmake
[18.389s] -- Up-to-date: /src/ros2_ws/install/pioneer_msgs/share/pioneer_msgs/package.xml
[18.409s] Invoked command in '/src/ros2_ws/build/pioneer_msgs' returned '0': CMAKE_PREFIX_PATH=${CMAKE_PREFIX_PATH}:/src/ros2_ws/install/pixpubsub:/src/ros2_ws/install/imu_publisher:/opt/ros/humble /usr/bin/cmake --install /src/ros2_ws/build/pioneer_msgs
