[0.210s] Invoking command in '/src/ros2_ws/build/pioneer_msgs': CMAKE_PREFIX_PATH=${CMAKE_PREFIX_PATH}:/src/ros2_ws/install/test_pubsub:/src/ros2_ws/install/pixpubsub:/src/ros2_ws/install/imu_publisher:/opt/ros/humble /usr/bin/cmake --build /src/ros2_ws/build/pioneer_msgs -- -j6 -l6
[0.304s] [  2%] Built target pioneer_msgs__cpp
[0.306s] [ 12%] Built target pioneer_msgs__rosidl_generator_c
[0.323s] [ 12%] Built target ament_cmake_python_copy_pioneer_msgs
[0.360s] [ 33%] Built target pioneer_msgs__rosidl_typesupport_introspection_cpp
[0.360s] [ 33%] Built target pioneer_msgs__rosidl_typesupport_fastrtps_cpp
[0.376s] [ 53%] Built target pioneer_msgs__rosidl_typesupport_c
[0.377s] [ 53%] Built target pioneer_msgs__rosidl_typesupport_cpp
[0.377s] [ 64%] Built target pioneer_msgs__rosidl_typesupport_introspection_c
[0.380s] [ 74%] Built target pioneer_msgs__rosidl_typesupport_fastrtps_c
[0.419s] [ 74%] Built target pioneer_msgs
[0.457s] [ 76%] Built target pioneer_msgs__py
[0.486s] gmake[2]: *** No rule to make target '/usr/lib/x86_64-linux-gnu/libpython3.10.so', needed by 'rosidl_generator_py/pioneer_msgs/libpioneer_msgs__rosidl_generator_py.so'.  Stop.
[0.487s] gmake[1]: *** [CMakeFiles/Makefile2:475: CMakeFiles/pioneer_msgs__rosidl_generator_py.dir/all] Error 2
[0.487s] gmake[1]: *** Waiting for unfinished jobs....
[0.800s] running egg_info
[0.800s] writing pioneer_msgs.egg-info/PKG-INFO
[0.801s] writing dependency_links to pioneer_msgs.egg-info/dependency_links.txt
[0.801s] writing top-level names to pioneer_msgs.egg-info/top_level.txt
[0.805s] reading manifest file 'pioneer_msgs.egg-info/SOURCES.txt'
[0.806s] writing manifest file 'pioneer_msgs.egg-info/SOURCES.txt'
[0.872s] [ 76%] Built target ament_cmake_python_build_pioneer_msgs_egg
[0.874s] gmake: *** [Makefile:146: all] Error 2
[0.878s] Invoked command in '/src/ros2_ws/build/pioneer_msgs' returned '2': CMAKE_PREFIX_PATH=${CMAKE_PREFIX_PATH}:/src/ros2_ws/install/test_pubsub:/src/ros2_ws/install/pixpubsub:/src/ros2_ws/install/imu_publisher:/opt/ros/humble /usr/bin/cmake --build /src/ros2_ws/build/pioneer_msgs -- -j6 -l6
