[3.595s] Invoking command in '/src/ros2_ws/src/imu_publisher': PYTHONPATH=/src/ros2_ws/build/imu_publisher/prefix_override:/src/ros2_ws/install/imu_publisher/lib/python3.10/site-packages:${PYTHONPATH} /usr/bin/python3 setup.py egg_info --egg-base ../../build/imu_publisher build --build-base /src/ros2_ws/build/imu_publisher/build install --record /src/ros2_ws/build/imu_publisher/install.log --single-version-externally-managed
[4.810s] running egg_info
[4.817s] writing ../../build/imu_publisher/imu_publisher.egg-info/PKG-INFO
[4.826s] writing dependency_links to ../../build/imu_publisher/imu_publisher.egg-info/dependency_links.txt
[4.833s] writing entry points to ../../build/imu_publisher/imu_publisher.egg-info/entry_points.txt
[4.839s] writing requirements to ../../build/imu_publisher/imu_publisher.egg-info/requires.txt
[4.843s] writing top-level names to ../../build/imu_publisher/imu_publisher.egg-info/top_level.txt
[4.893s] reading manifest file '../../build/imu_publisher/imu_publisher.egg-info/SOURCES.txt'
[4.971s] writing manifest file '../../build/imu_publisher/imu_publisher.egg-info/SOURCES.txt'
[4.975s] running build
[4.977s] running build_py
[5.013s] running install
[5.014s] running install_lib
[5.115s] running install_data
[5.141s] running install_egg_info
[5.154s] removing '/src/ros2_ws/install/imu_publisher/lib/python3.10/site-packages/imu_publisher-0.0.0-py3.10.egg-info' (and everything under it)
[5.224s] Copying ../../build/imu_publisher/imu_publisher.egg-info to /src/ros2_ws/install/imu_publisher/lib/python3.10/site-packages/imu_publisher-0.0.0-py3.10.egg-info
[5.520s] running install_scripts
[5.620s] Installing publisher script to /src/ros2_ws/install/imu_publisher/lib/imu_publisher
[5.636s] writing list of installed files to '/src/ros2_ws/build/imu_publisher/install.log'
[5.683s] Invoked command in '/src/ros2_ws/src/imu_publisher' returned '0': PYTHONPATH=/src/ros2_ws/build/imu_publisher/prefix_override:/src/ros2_ws/install/imu_publisher/lib/python3.10/site-packages:${PYTHONPATH} /usr/bin/python3 setup.py egg_info --egg-base ../../build/imu_publisher build --build-base /src/ros2_ws/build/imu_publisher/build install --record /src/ros2_ws/build/imu_publisher/install.log --single-version-externally-managed
