[5.523s] Invoking command in '/src/ros2_ws/src/pixpubsub': PYTHONPATH=/src/ros2_ws/build/pixpubsub/prefix_override:/src/ros2_ws/install/pixpubsub/lib/python3.10/site-packages:${PYTHONPATH} /usr/bin/python3 setup.py egg_info --egg-base ../../build/pixpubsub build --build-base /src/ros2_ws/build/pixpubsub/build install --record /src/ros2_ws/build/pixpubsub/install.log --single-version-externally-managed
[7.552s] running egg_info
[7.558s] writing ../../build/pixpubsub/pixpubsub.egg-info/PKG-INFO
[7.573s] writing dependency_links to ../../build/pixpubsub/pixpubsub.egg-info/dependency_links.txt
[7.607s] writing entry points to ../../build/pixpubsub/pixpubsub.egg-info/entry_points.txt
[7.609s] writing requirements to ../../build/pixpubsub/pixpubsub.egg-info/requires.txt
[7.610s] writing top-level names to ../../build/pixpubsub/pixpubsub.egg-info/top_level.txt
[7.648s] reading manifest file '../../build/pixpubsub/pixpubsub.egg-info/SOURCES.txt'
[7.739s] writing manifest file '../../build/pixpubsub/pixpubsub.egg-info/SOURCES.txt'
[7.743s] running build
[7.744s] running build_py
[7.791s] copying pixpubsub/justmove_sub.py -> /src/ros2_ws/build/pixpubsub/build/lib/pixpubsub
[7.836s] running install
[7.837s] running install_lib
[7.893s] copying /src/ros2_ws/build/pixpubsub/build/lib/pixpubsub/justmove_sub.py -> /src/ros2_ws/install/pixpubsub/lib/python3.10/site-packages/pixpubsub
[8.043s] byte-compiling /src/ros2_ws/install/pixpubsub/lib/python3.10/site-packages/pixpubsub/justmove_sub.py to justmove_sub.cpython-310.pyc
[8.154s] running install_data
[8.195s] running install_egg_info
[8.217s] removing '/src/ros2_ws/install/pixpubsub/lib/python3.10/site-packages/pixpubsub-0.0.0-py3.10.egg-info' (and everything under it)
[8.288s] Copying ../../build/pixpubsub/pixpubsub.egg-info to /src/ros2_ws/install/pixpubsub/lib/python3.10/site-packages/pixpubsub-0.0.0-py3.10.egg-info
[8.634s] running install_scripts
[8.821s] Installing justmove_sub script to /src/ros2_ws/install/pixpubsub/lib/pixpubsub
[8.834s] Installing move_pub script to /src/ros2_ws/install/pixpubsub/lib/pixpubsub
[8.848s] Installing publisher script to /src/ros2_ws/install/pixpubsub/lib/pixpubsub
[8.865s] writing list of installed files to '/src/ros2_ws/build/pixpubsub/install.log'
[8.942s] Invoked command in '/src/ros2_ws/src/pixpubsub' returned '0': PYTHONPATH=/src/ros2_ws/build/pixpubsub/prefix_override:/src/ros2_ws/install/pixpubsub/lib/python3.10/site-packages:${PYTHONPATH} /usr/bin/python3 setup.py egg_info --egg-base ../../build/pixpubsub build --build-base /src/ros2_ws/build/pixpubsub/build install --record /src/ros2_ws/build/pixpubsub/install.log --single-version-externally-managed
